#
# There is insufficient memory for the Java Runtime Environment to continue.
# Native memory allocation (malloc) failed to allocate 1022576 bytes for Chunk::new
# Possible reasons:
#   The system is out of physical RAM or swap space
#   The process is running with CompressedOops enabled, and the Java Heap may be blocking the growth of the native heap
# Possible solutions:
#   Reduce memory load on the system
#   Increase physical memory or swap space
#   Check if swap backing store is full
#   Decrease Java heap size (-Xmx/-Xms)
#   Decrease number of Java threads
#   Decrease Java thread stack sizes (-Xss)
#   Set larger code cache with -XX:ReservedCodeCacheSize=
#   JVM is running with Unscaled Compressed Oops mode in which the Java heap is
#     placed in the first 4GB address space. The Java Heap base address is the
#     maximum limit for the native heap growth. Please use -XX:HeapBaseMinAddress
#     to set the Java Heap base and to place the Java Heap above 4GB virtual address.
# This output file may be truncated or incomplete.
#
#  Out of Memory Error (./src/hotspot/share/memory/arena.cpp:197), pid=15944, tid=8932
#
# JRE version: OpenJDK Runtime Environment (11.0.10) (build 11.0.10+0-b96-7249189)
# Java VM: OpenJDK 64-Bit Server VM (11.0.10+0-b96-7249189, mixed mode, tiered, compressed oops, g1 gc, windows-amd64)
# No core dump will be written. Minidumps are not enabled by default on client versions of Windows
#

---------------  S U M M A R Y ------------

Command Line: --add-opens=java.base/java.util=ALL-UNNAMED --add-opens=java.base/java.lang=ALL-UNNAMED --add-opens=java.base/java.lang.invoke=ALL-UNNAMED --add-opens=java.base/java.util=ALL-UNNAMED --add-opens=java.prefs/java.util.prefs=ALL-UNNAMED --add-opens=java.prefs/java.util.prefs=ALL-UNNAMED --add-opens=java.base/java.nio.charset=ALL-UNNAMED --add-opens=java.base/java.net=ALL-UNNAMED --add-opens=java.base/java.util.concurrent.atomic=ALL-UNNAMED -Xmx2048m -Dfile.encoding=UTF-8 -Duser.country=US -Duser.language=en -Duser.variant org.gradle.launcher.daemon.bootstrap.GradleDaemon 7.0.2

Host: Intel(R) Core(TM) i3-8100 CPU @ 3.60GHz, 2 cores, 14G,  Windows 10 , 64 bit Build 19041 (10.0.19041.1566)
Time: Fri Mar 18 23:02:23 2022 Malay Peninsula Standard Time elapsed time: 12.709145 seconds (0d 0h 0m 12s)

---------------  T H R E A D  ---------------

Current thread (0x0000020cb90b6800):  JavaThread "C2 CompilerThread0" daemon [_thread_in_native, id=8932, stack(0x000000c924700000,0x000000c924800000)]


Current CompileTask:
C2:  12709 9025       4       org.apache.xerces.dom.CoreDocumentImpl::undeferChildren (149 bytes)

Stack: [0x000000c924700000,0x000000c924800000]
Native frames: (J=compiled Java code, j=interpreted, Vv=VM code, C=native code)
V  [jvm.dll+0x5ecfaa]
V  [jvm.dll+0x722bd5]
V  [jvm.dll+0x72412d]
V  [jvm.dll+0x7247e3]
V  [jvm.dll+0x242928]
V  [jvm.dll+0xbc4fc]
V  [jvm.dll+0xbca0c]
V  [jvm.dll+0x352d7d]
V  [jvm.dll+0x320ad3]
V  [jvm.dll+0x31ffca]
V  [jvm.dll+0x1fb602]
V  [jvm.dll+0x1fa7f4]
V  [jvm.dll+0x18354c]
V  [jvm.dll+0x208ee7]
V  [jvm.dll+0x207731]
V  [jvm.dll+0x6eb1cf]
V  [jvm.dll+0x6e3d45]
V  [jvm.dll+0x5ebe96]
C  [ucrtbase.dll+0x21bb2]
C  [KERNEL32.DLL+0x17034]
C  [ntdll.dll+0x52651]


---------------  P R O C E S S  ---------------

Threads class SMR info:
_java_thread_list=0x0000020cbe08b610, length=43, elements={
0x0000020c9f13b800, 0x0000020cb9051800, 0x0000020cb9055000, 0x0000020cb90ad800,
0x0000020cb90af000, 0x0000020cb90b1800, 0x0000020cb90b6800, 0x0000020cb90be800,
0x0000020cb911d800, 0x0000020cb9214800, 0x0000020cba4a1000, 0x0000020cba937000,
0x0000020cb9f0c000, 0x0000020cba63f000, 0x0000020cba459800, 0x0000020cbafe3000,
0x0000020cbad1d000, 0x0000020cba1dc800, 0x0000020cb9f87800, 0x0000020cbaf5b800,
0x0000020cbaf5d000, 0x0000020cbaf5c800, 0x0000020cbaf59000, 0x0000020cbaf5a800,
0x0000020cbaf5f800, 0x0000020cbaf5a000, 0x0000020cbaf5e000, 0x0000020cbaf5e800,
0x0000020cbd225000, 0x0000020cbd226000, 0x0000020cbd222000, 0x0000020cbd227000,
0x0000020cbd221000, 0x0000020cbd228800, 0x0000020cbd222800, 0x0000020cbd22c800,
0x0000020cbd227800, 0x0000020cbd22d800, 0x0000020cbd22e000, 0x0000020cbd229800,
0x0000020cbd22f000, 0x0000020cbd22b000, 0x0000020cbd22b800
}

Java Threads: ( => current thread )
  0x0000020c9f13b800 JavaThread "main" [_thread_blocked, id=352, stack(0x000000c923b00000,0x000000c923c00000)]
  0x0000020cb9051800 JavaThread "Reference Handler" daemon [_thread_blocked, id=10336, stack(0x000000c924200000,0x000000c924300000)]
  0x0000020cb9055000 JavaThread "Finalizer" daemon [_thread_blocked, id=2080, stack(0x000000c924300000,0x000000c924400000)]
  0x0000020cb90ad800 JavaThread "Signal Dispatcher" daemon [_thread_blocked, id=5868, stack(0x000000c924400000,0x000000c924500000)]
  0x0000020cb90af000 JavaThread "Attach Listener" daemon [_thread_blocked, id=6580, stack(0x000000c924500000,0x000000c924600000)]
  0x0000020cb90b1800 JavaThread "Service Thread" daemon [_thread_blocked, id=8464, stack(0x000000c924600000,0x000000c924700000)]
=>0x0000020cb90b6800 JavaThread "C2 CompilerThread0" daemon [_thread_in_native, id=8932, stack(0x000000c924700000,0x000000c924800000)]
  0x0000020cb90be800 JavaThread "C1 CompilerThread0" daemon [_thread_in_native, id=15860, stack(0x000000c924800000,0x000000c924900000)]
  0x0000020cb911d800 JavaThread "Sweeper thread" daemon [_thread_blocked, id=5104, stack(0x000000c924900000,0x000000c924a00000)]
  0x0000020cb9214800 JavaThread "Common-Cleaner" daemon [_thread_blocked, id=3796, stack(0x000000c924a00000,0x000000c924b00000)]
  0x0000020cba4a1000 JavaThread "Daemon health stats" [_thread_blocked, id=12624, stack(0x000000c924d00000,0x000000c924e00000)]
  0x0000020cba937000 JavaThread "Incoming local TCP Connector on port 54779" [_thread_in_native, id=904, stack(0x000000c924e00000,0x000000c924f00000)]
  0x0000020cb9f0c000 JavaThread "Daemon periodic checks" [_thread_blocked, id=14848, stack(0x000000c924f00000,0x000000c925000000)]
  0x0000020cba63f000 JavaThread "Daemon" [_thread_blocked, id=1960, stack(0x000000c925000000,0x000000c925100000)]
  0x0000020cba459800 JavaThread "Handler for socket connection from /127.0.0.1:54779 to /127.0.0.1:54780" [_thread_in_native, id=11860, stack(0x000000c925100000,0x000000c925200000)]
  0x0000020cbafe3000 JavaThread "Cancel handler" [_thread_blocked, id=9264, stack(0x000000c925200000,0x000000c925300000)]
  0x0000020cbad1d000 JavaThread "Daemon worker" [_thread_in_vm, id=13588, stack(0x000000c925300000,0x000000c925400000)]
  0x0000020cba1dc800 JavaThread "Asynchronous log dispatcher for DefaultDaemonConnection: socket connection from /127.0.0.1:54779 to /127.0.0.1:54780" [_thread_blocked, id=4560, stack(0x000000c925400000,0x000000c925500000)]
  0x0000020cb9f87800 JavaThread "Stdin handler" [_thread_blocked, id=8372, stack(0x000000c925500000,0x000000c925600000)]
  0x0000020cbaf5b800 JavaThread "Daemon client event forwarder" [_thread_blocked, id=15832, stack(0x000000c925600000,0x000000c925700000)]
  0x0000020cbaf5d000 JavaThread "Cache worker for file hash cache (C:\Users\Jaen\.gradle\caches\7.0.2\fileHashes)" [_thread_blocked, id=1100, stack(0x000000c925700000,0x000000c925800000)]
  0x0000020cbaf5c800 JavaThread "File lock request listener" [_thread_in_native, id=15584, stack(0x000000c925800000,0x000000c925900000)]
  0x0000020cbaf59000 JavaThread "Cache worker for journal cache (C:\Users\Jaen\.gradle\caches\journal-1)" [_thread_blocked, id=6572, stack(0x000000c925900000,0x000000c925a00000)]
  0x0000020cbaf5a800 JavaThread "Cache worker for file hash cache (C:\Users\Jaen\AndroidStudioProjects\Toyoda_TurnBasedGame\.gradle\7.0.2\fileHashes)" [_thread_blocked, id=2388, stack(0x000000c925a00000,0x000000c925b00000)]
  0x0000020cbaf5f800 JavaThread "File watcher server" daemon [_thread_in_native, id=7320, stack(0x000000c925b00000,0x000000c925c00000)]
  0x0000020cbaf5a000 JavaThread "File watcher consumer" daemon [_thread_blocked, id=9260, stack(0x000000c925c00000,0x000000c925d00000)]
  0x0000020cbaf5e000 JavaThread "Cache worker for checksums cache (C:\Users\Jaen\AndroidStudioProjects\Toyoda_TurnBasedGame\.gradle\checksums)" [_thread_blocked, id=7848, stack(0x000000c925d00000,0x000000c925e00000)]
  0x0000020cbaf5e800 JavaThread "Cache worker for cache directory md-supplier (C:\Users\Jaen\.gradle\caches\7.0.2\md-supplier)" [_thread_blocked, id=288, stack(0x000000c925e00000,0x000000c925f00000)]
  0x0000020cbd225000 JavaThread "Cache worker for cache directory md-rule (C:\Users\Jaen\.gradle\caches\7.0.2\md-rule)" [_thread_blocked, id=14056, stack(0x000000c925f00000,0x000000c926000000)]
  0x0000020cbd226000 JavaThread "Cache worker for execution history cache (C:\Users\Jaen\.gradle\caches\7.0.2\executionHistory)" [_thread_blocked, id=3608, stack(0x000000c926000000,0x000000c926100000)]
  0x0000020cbd222000 JavaThread "jar transforms" [_thread_blocked, id=12964, stack(0x000000c926100000,0x000000c926200000)]
  0x0000020cbd227000 JavaThread "jar transforms Thread 2" [_thread_blocked, id=14204, stack(0x000000c926200000,0x000000c926300000)]
  0x0000020cbd221000 JavaThread "Cache worker for file content cache (C:\Users\Jaen\.gradle\caches\7.0.2\fileContent)" [_thread_blocked, id=9116, stack(0x000000c926300000,0x000000c926400000)]
  0x0000020cbd228800 JavaThread "Cache worker for dependencies-accessors (C:\Users\Jaen\AndroidStudioProjects\Toyoda_TurnBasedGame\.gradle\7.0.2\dependencies-accessors)" [_thread_blocked, id=15532, stack(0x000000c926400000,0x000000c926500000)]
  0x0000020cbd222800 JavaThread "Cache worker for Build Output Cleanup Cache (C:\Users\Jaen\AndroidStudioProjects\Toyoda_TurnBasedGame\.gradle\buildOutputCleanup)" [_thread_blocked, id=5308, stack(0x000000c926500000,0x000000c926600000)]
  0x0000020cbd22c800 JavaThread "Build operations" [_thread_blocked, id=7504, stack(0x000000c926600000,0x000000c926700000)]
  0x0000020cbd227800 JavaThread "Build operations Thread 2" [_thread_blocked, id=4020, stack(0x000000c926700000,0x000000c926800000)]
  0x0000020cbd22d800 JavaThread "Memory manager" [_thread_blocked, id=11076, stack(0x000000c926800000,0x000000c926900000)]
  0x0000020cbd22e000 JavaThread "build event listener" [_thread_blocked, id=12432, stack(0x000000c926900000,0x000000c926a00000)]
  0x0000020cbd229800 JavaThread "pool-3-thread-1" [_thread_blocked, id=10544, stack(0x000000c926a00000,0x000000c926b00000)]
  0x0000020cbd22f000 JavaThread "build event listener" [_thread_blocked, id=8516, stack(0x000000c926b00000,0x000000c926c00000)]
  0x0000020cbd22b000 JavaThread "Execution worker for ':'" [_thread_blocked, id=12488, stack(0x000000c926c00000,0x000000c926d00000)]
  0x0000020cbd22b800 JavaThread "Cache worker for execution history cache (C:\Users\Jaen\AndroidStudioProjects\Toyoda_TurnBasedGame\.gradle\7.0.2\executionHistory)" [_thread_blocked, id=9552, stack(0x000000c926d00000,0x000000c926e00000)]

Other Threads:
  0x0000020cb880c800 VMThread "VM Thread" [stack: 0x000000c924100000,0x000000c924200000] [id=13692]
  0x0000020cb923b000 WatcherThread [stack: 0x000000c924b00000,0x000000c924c00000] [id=8052]
  0x0000020c9f150800 GCTaskThread "GC Thread#0" [stack: 0x000000c923c00000,0x000000c923d00000] [id=2468]
  0x0000020cb964c000 GCTaskThread "GC Thread#1" [stack: 0x000000c924c00000,0x000000c924d00000] [id=5848]
  0x0000020c9f185000 ConcurrentGCThread "G1 Main Marker" [stack: 0x000000c923d00000,0x000000c923e00000] [id=9364]
  0x0000020c9f186800 ConcurrentGCThread "G1 Conc#0" [stack: 0x000000c923e00000,0x000000c923f00000] [id=16236]
  0x0000020c9f21e000 ConcurrentGCThread "G1 Refine#0" [stack: 0x000000c923f00000,0x000000c924000000] [id=388]
  0x0000020cb8696800 ConcurrentGCThread "G1 Young RemSet Sampling" [stack: 0x000000c924000000,0x000000c924100000] [id=15432]

Threads with active compile tasks:
C2 CompilerThread0  12741 9025       4       org.apache.xerces.dom.CoreDocumentImpl::undeferChildren (149 bytes)

VM state:not at safepoint (normal execution)

VM Mutex/Monitor currently owned by a thread: None

Heap address: 0x0000000080000000, size: 2048 MB, Compressed Oops mode: 32-bit
Narrow klass base: 0x0000000000000000, Narrow klass shift: 3
Compressed class space size: 1073741824 Address: 0x0000000100000000

Heap:
 garbage-first heap   total 280576K, used 118272K [0x0000000080000000, 0x0000000100000000)
  region size 1024K, 64 young (65536K), 21 survivors (21504K)
 Metaspace       used 83531K, capacity 85583K, committed 85796K, reserved 1124352K
  class space    used 10694K, capacity 11428K, committed 11520K, reserved 1048576K
Heap Regions: E=young(eden), S=young(survivor), O=old, HS=humongous(starts), HC=humongous(continues), CS=collection set, F=free, A=archive, TAMS=top-at-mark-start (previous, next)
|   0|0x0000000080000000, 0x0000000080100000, 0x0000000080100000|100%|HS|  |TAMS 0x0000000080100000, 0x0000000080000000| Complete 
|   1|0x0000000080100000, 0x0000000080200000, 0x0000000080200000|100%|HC|  |TAMS 0x0000000080200000, 0x0000000080100000| Complete 
|   2|0x0000000080200000, 0x0000000080300000, 0x0000000080300000|100%|HC|  |TAMS 0x0000000080300000, 0x0000000080200000| Complete 
|   3|0x0000000080300000, 0x0000000080400000, 0x0000000080400000|100%| O|  |TAMS 0x0000000080400000, 0x0000000080300000| Untracked 
|   4|0x0000000080400000, 0x0000000080500000, 0x0000000080500000|100%| O|  |TAMS 0x0000000080500000, 0x0000000080400000| Untracked 
|   5|0x0000000080500000, 0x0000000080600000, 0x0000000080600000|100%| O|  |TAMS 0x0000000080600000, 0x0000000080500000| Untracked 
|   6|0x0000000080600000, 0x0000000080700000, 0x0000000080700000|100%| O|  |TAMS 0x0000000080700000, 0x0000000080600000| Untracked 
|   7|0x0000000080700000, 0x0000000080800000, 0x0000000080800000|100%| O|  |TAMS 0x0000000080800000, 0x0000000080700000| Untracked 
|   8|0x0000000080800000, 0x0000000080900000, 0x0000000080900000|100%| O|  |TAMS 0x0000000080900000, 0x0000000080800000| Untracked 
|   9|0x0000000080900000, 0x0000000080a00000, 0x0000000080a00000|100%| O|  |TAMS 0x0000000080a00000, 0x0000000080900000| Untracked 
|  10|0x0000000080a00000, 0x0000000080b00000, 0x0000000080b00000|100%| O|  |TAMS 0x0000000080b00000, 0x0000000080a00000| Untracked 
|  11|0x0000000080b00000, 0x0000000080c00000, 0x0000000080c00000|100%| O|  |TAMS 0x0000000080c00000, 0x0000000080b00000| Untracked 
|  12|0x0000000080c00000, 0x0000000080d00000, 0x0000000080d00000|100%| O|  |TAMS 0x0000000080d00000, 0x0000000080c00000| Untracked 
|  13|0x0000000080d00000, 0x0000000080e00000, 0x0000000080e00000|100%| O|  |TAMS 0x0000000080e00000, 0x0000000080d00000| Untracked 
|  14|0x0000000080e00000, 0x0000000080f00000, 0x0000000080f00000|100%| O|  |TAMS 0x0000000080f00000, 0x0000000080e00000| Untracked 
|  15|0x0000000080f00000, 0x0000000081000000, 0x0000000081000000|100%| O|  |TAMS 0x0000000081000000, 0x0000000080f00000| Untracked 
|  16|0x0000000081000000, 0x0000000081100000, 0x0000000081100000|100%| O|  |TAMS 0x0000000081100000, 0x0000000081000000| Untracked 
|  17|0x0000000081100000, 0x0000000081200000, 0x0000000081200000|100%|HS|  |TAMS 0x0000000081200000, 0x0000000081100000| Complete 
|  18|0x0000000081200000, 0x0000000081300000, 0x0000000081300000|100%|HS|  |TAMS 0x0000000081300000, 0x0000000081200000| Complete 
|  19|0x0000000081300000, 0x0000000081400000, 0x0000000081400000|100%|HS|  |TAMS 0x0000000081400000, 0x0000000081300000| Complete 
|  20|0x0000000081400000, 0x0000000081500000, 0x0000000081500000|100%|HC|  |TAMS 0x0000000081500000, 0x0000000081400000| Complete 
|  21|0x0000000081500000, 0x0000000081600000, 0x0000000081600000|100%| O|  |TAMS 0x00000000815e7000, 0x0000000081500000| Untracked 
|  22|0x0000000081600000, 0x0000000081700000, 0x0000000081700000|100%| O|  |TAMS 0x0000000081600000, 0x0000000081600000| Untracked 
|  23|0x0000000081700000, 0x0000000081800000, 0x0000000081800000|100%| O|  |TAMS 0x0000000081700000, 0x0000000081700000| Untracked 
|  24|0x0000000081800000, 0x0000000081900000, 0x0000000081900000|100%| O|  |TAMS 0x0000000081800000, 0x0000000081800000| Untracked 
|  25|0x0000000081900000, 0x0000000081a00000, 0x0000000081a00000|100%| O|  |TAMS 0x0000000081900000, 0x0000000081900000| Untracked 
|  26|0x0000000081a00000, 0x0000000081b00000, 0x0000000081b00000|100%| O|  |TAMS 0x0000000081a00000, 0x0000000081a00000| Untracked 
|  27|0x0000000081b00000, 0x0000000081c00000, 0x0000000081c00000|100%| O|  |TAMS 0x0000000081b00000, 0x0000000081b00000| Untracked 
|  28|0x0000000081c00000, 0x0000000081d00000, 0x0000000081d00000|100%| O|  |TAMS 0x0000000081c00000, 0x0000000081c00000| Untracked 
|  29|0x0000000081d00000, 0x0000000081e00000, 0x0000000081e00000|100%| O|  |TAMS 0x0000000081d00000, 0x0000000081d00000| Untracked 
|  30|0x0000000081e00000, 0x0000000081f00000, 0x0000000081f00000|100%| O|  |TAMS 0x0000000081e00000, 0x0000000081e00000| Untracked 
|  31|0x0000000081f00000, 0x0000000082000000, 0x0000000082000000|100%| O|  |TAMS 0x0000000081f00000, 0x0000000081f00000| Untracked 
|  32|0x0000000082000000, 0x0000000082100000, 0x0000000082100000|100%| O|  |TAMS 0x0000000082000000, 0x0000000082000000| Untracked 
|  33|0x0000000082100000, 0x0000000082200000, 0x0000000082200000|100%|HS|  |TAMS 0x0000000082100000, 0x0000000082100000| Complete 
|  34|0x0000000082200000, 0x0000000082300000, 0x0000000082300000|100%|HC|  |TAMS 0x0000000082200000, 0x0000000082200000| Complete 
|  35|0x0000000082300000, 0x0000000082400000, 0x0000000082400000|100%| O|  |TAMS 0x0000000082300000, 0x0000000082300000| Untracked 
|  36|0x0000000082400000, 0x0000000082500000, 0x0000000082500000|100%| O|  |TAMS 0x0000000082400000, 0x0000000082400000| Untracked 
|  37|0x0000000082500000, 0x0000000082600000, 0x0000000082600000|100%| O|  |TAMS 0x0000000082500000, 0x0000000082500000| Untracked 
|  38|0x0000000082600000, 0x0000000082700000, 0x0000000082700000|100%| O|  |TAMS 0x0000000082600000, 0x0000000082600000| Untracked 
|  39|0x0000000082700000, 0x0000000082800000, 0x0000000082800000|100%| O|  |TAMS 0x0000000082700000, 0x0000000082700000| Untracked 
|  40|0x0000000082800000, 0x0000000082900000, 0x0000000082900000|100%| O|  |TAMS 0x0000000082800000, 0x0000000082800000| Untracked 
|  41|0x0000000082900000, 0x0000000082a00000, 0x0000000082a00000|100%| O|  |TAMS 0x0000000082900000, 0x0000000082900000| Untracked 
|  42|0x0000000082a00000, 0x0000000082b00000, 0x0000000082b00000|100%| O|  |TAMS 0x0000000082a00000, 0x0000000082a00000| Untracked 
|  43|0x0000000082b00000, 0x0000000082c00000, 0x0000000082c00000|100%| O|  |TAMS 0x0000000082b00000, 0x0000000082b00000| Untracked 
|  44|0x0000000082c00000, 0x0000000082d00000, 0x0000000082d00000|100%| O|  |TAMS 0x0000000082c00000, 0x0000000082c00000| Untracked 
|  45|0x0000000082d00000, 0x0000000082d80000, 0x0000000082e00000| 50%| O|  |TAMS 0x0000000082d00000, 0x0000000082d00000| Untracked 
|  46|0x0000000082e00000, 0x0000000082f00000, 0x0000000082f00000|100%|HS|  |TAMS 0x0000000082e00000, 0x0000000082e00000| Complete 
|  47|0x0000000082f00000, 0x0000000083000000, 0x0000000083000000|100%|HS|  |TAMS 0x0000000082f00000, 0x0000000082f00000| Complete 
|  48|0x0000000083000000, 0x0000000083100000, 0x0000000083100000|100%|HC|  |TAMS 0x0000000083000000, 0x0000000083000000| Complete 
|  49|0x0000000083100000, 0x0000000083200000, 0x0000000083200000|100%|HS|  |TAMS 0x0000000083100000, 0x0000000083100000| Complete 
|  50|0x0000000083200000, 0x0000000083300000, 0x0000000083300000|100%|HS|  |TAMS 0x0000000083200000, 0x0000000083200000| Complete 
|  51|0x0000000083300000, 0x0000000083400000, 0x0000000083400000|100%|HC|  |TAMS 0x0000000083300000, 0x0000000083300000| Complete 
|  52|0x0000000083400000, 0x0000000083500000, 0x0000000083500000|100%|HS|  |TAMS 0x0000000083400000, 0x0000000083400000| Complete 
|  53|0x0000000083500000, 0x0000000083600000, 0x0000000083600000|100%|HC|  |TAMS 0x0000000083500000, 0x0000000083500000| Complete 
|  54|0x0000000083600000, 0x0000000083600000, 0x0000000083700000|  0%| F|  |TAMS 0x0000000083600000, 0x0000000083600000| Untracked 
|  55|0x0000000083700000, 0x0000000083700000, 0x0000000083800000|  0%| F|  |TAMS 0x0000000083700000, 0x0000000083700000| Untracked 
|  56|0x0000000083800000, 0x0000000083800000, 0x0000000083900000|  0%| F|  |TAMS 0x0000000083800000, 0x0000000083800000| Untracked 
|  57|0x0000000083900000, 0x0000000083900000, 0x0000000083a00000|  0%| F|  |TAMS 0x0000000083900000, 0x0000000083900000| Untracked 
|  58|0x0000000083a00000, 0x0000000083a00000, 0x0000000083b00000|  0%| F|  |TAMS 0x0000000083a00000, 0x0000000083a00000| Untracked 
|  59|0x0000000083b00000, 0x0000000083b00000, 0x0000000083c00000|  0%| F|  |TAMS 0x0000000083b00000, 0x0000000083b00000| Untracked 
|  60|0x0000000083c00000, 0x0000000083c00000, 0x0000000083d00000|  0%| F|  |TAMS 0x0000000083c00000, 0x0000000083c00000| Untracked 
|  61|0x0000000083d00000, 0x0000000083d00000, 0x0000000083e00000|  0%| F|  |TAMS 0x0000000083d00000, 0x0000000083d00000| Untracked 
|  62|0x0000000083e00000, 0x0000000083e00000, 0x0000000083f00000|  0%| F|  |TAMS 0x0000000083e00000, 0x0000000083e00000| Untracked 
|  63|0x0000000083f00000, 0x0000000083f00000, 0x0000000084000000|  0%| F|  |TAMS 0x0000000083f00000, 0x0000000083f00000| Untracked 
|  64|0x0000000084000000, 0x0000000084000000, 0x0000000084100000|  0%| F|  |TAMS 0x0000000084000000, 0x0000000084000000| Untracked 
|  65|0x0000000084100000, 0x0000000084100000, 0x0000000084200000|  0%| F|  |TAMS 0x0000000084100000, 0x0000000084100000| Untracked 
|  66|0x0000000084200000, 0x0000000084200000, 0x0000000084300000|  0%| F|  |TAMS 0x0000000084200000, 0x0000000084200000| Untracked 
|  67|0x0000000084300000, 0x0000000084300000, 0x0000000084400000|  0%| F|  |TAMS 0x0000000084300000, 0x0000000084300000| Untracked 
|  68|0x0000000084400000, 0x0000000084400000, 0x0000000084500000|  0%| F|  |TAMS 0x0000000084400000, 0x0000000084400000| Untracked 
|  69|0x0000000084500000, 0x0000000084500000, 0x0000000084600000|  0%| F|  |TAMS 0x0000000084500000, 0x0000000084500000| Untracked 
|  70|0x0000000084600000, 0x0000000084600000, 0x0000000084700000|  0%| F|  |TAMS 0x0000000084600000, 0x0000000084600000| Untracked 
|  71|0x0000000084700000, 0x0000000084700000, 0x0000000084800000|  0%| F|  |TAMS 0x0000000084700000, 0x0000000084700000| Untracked 
|  72|0x0000000084800000, 0x0000000084800000, 0x0000000084900000|  0%| F|  |TAMS 0x0000000084800000, 0x0000000084800000| Untracked 
|  73|0x0000000084900000, 0x0000000084900000, 0x0000000084a00000|  0%| F|  |TAMS 0x0000000084900000, 0x0000000084900000| Untracked 
|  74|0x0000000084a00000, 0x0000000084a00000, 0x0000000084b00000|  0%| F|  |TAMS 0x0000000084a00000, 0x0000000084a00000| Untracked 
|  75|0x0000000084b00000, 0x0000000084b00000, 0x0000000084c00000|  0%| F|  |TAMS 0x0000000084b00000, 0x0000000084b00000| Untracked 
|  76|0x0000000084c00000, 0x0000000084c00000, 0x0000000084d00000|  0%| F|  |TAMS 0x0000000084c00000, 0x0000000084c00000| Untracked 
|  77|0x0000000084d00000, 0x0000000084d00000, 0x0000000084e00000|  0%| F|  |TAMS 0x0000000084d00000, 0x0000000084d00000| Untracked 
|  78|0x0000000084e00000, 0x0000000084e00000, 0x0000000084f00000|  0%| F|  |TAMS 0x0000000084e00000, 0x0000000084e00000| Untracked 
|  79|0x0000000084f00000, 0x0000000084f00000, 0x0000000085000000|  0%| F|  |TAMS 0x0000000084f00000, 0x0000000084f00000| Untracked 
|  80|0x0000000085000000, 0x0000000085000000, 0x0000000085100000|  0%| F|  |TAMS 0x0000000085000000, 0x0000000085000000| Untracked 
|  81|0x0000000085100000, 0x0000000085100000, 0x0000000085200000|  0%| F|  |TAMS 0x0000000085100000, 0x0000000085100000| Untracked 
|  82|0x0000000085200000, 0x0000000085200000, 0x0000000085300000|  0%| F|  |TAMS 0x0000000085200000, 0x0000000085200000| Untracked 
|  83|0x0000000085300000, 0x0000000085300000, 0x0000000085400000|  0%| F|  |TAMS 0x0000000085300000, 0x0000000085300000| Untracked 
|  84|0x0000000085400000, 0x0000000085400000, 0x0000000085500000|  0%| F|  |TAMS 0x0000000085400000, 0x0000000085400000| Untracked 
|  85|0x0000000085500000, 0x0000000085500000, 0x0000000085600000|  0%| F|  |TAMS 0x0000000085500000, 0x0000000085500000| Untracked 
|  86|0x0000000085600000, 0x0000000085600000, 0x0000000085700000|  0%| F|  |TAMS 0x0000000085600000, 0x0000000085600000| Untracked 
|  87|0x0000000085700000, 0x0000000085700000, 0x0000000085800000|  0%| F|  |TAMS 0x0000000085700000, 0x0000000085700000| Untracked 
|  88|0x0000000085800000, 0x0000000085800000, 0x0000000085900000|  0%| F|  |TAMS 0x0000000085800000, 0x0000000085800000| Untracked 
|  89|0x0000000085900000, 0x0000000085900000, 0x0000000085a00000|  0%| F|  |TAMS 0x0000000085900000, 0x0000000085900000| Untracked 
|  90|0x0000000085a00000, 0x0000000085a00000, 0x0000000085b00000|  0%| F|  |TAMS 0x0000000085a00000, 0x0000000085a00000| Untracked 
|  91|0x0000000085b00000, 0x0000000085b00000, 0x0000000085c00000|  0%| F|  |TAMS 0x0000000085b00000, 0x0000000085b00000| Untracked 
|  92|0x0000000085c00000, 0x0000000085c00000, 0x0000000085d00000|  0%| F|  |TAMS 0x0000000085c00000, 0x0000000085c00000| Untracked 
|  93|0x0000000085d00000, 0x0000000085d00000, 0x0000000085e00000|  0%| F|  |TAMS 0x0000000085d00000, 0x0000000085d00000| Untracked 
|  94|0x0000000085e00000, 0x0000000085e00000, 0x0000000085f00000|  0%| F|  |TAMS 0x0000000085e00000, 0x0000000085e00000| Untracked 
|  95|0x0000000085f00000, 0x0000000085f00000, 0x0000000086000000|  0%| F|  |TAMS 0x0000000085f00000, 0x0000000085f00000| Untracked 
|  96|0x0000000086000000, 0x0000000086000000, 0x0000000086100000|  0%| F|  |TAMS 0x0000000086000000, 0x0000000086000000| Untracked 
|  97|0x0000000086100000, 0x0000000086100000, 0x0000000086200000|  0%| F|  |TAMS 0x0000000086100000, 0x0000000086100000| Untracked 
|  98|0x0000000086200000, 0x0000000086200000, 0x0000000086300000|  0%| F|  |TAMS 0x0000000086200000, 0x0000000086200000| Untracked 
|  99|0x0000000086300000, 0x0000000086300000, 0x0000000086400000|  0%| F|  |TAMS 0x0000000086300000, 0x0000000086300000| Untracked 
| 100|0x0000000086400000, 0x0000000086400000, 0x0000000086500000|  0%| F|  |TAMS 0x0000000086400000, 0x0000000086400000| Untracked 
| 101|0x0000000086500000, 0x0000000086500000, 0x0000000086600000|  0%| F|  |TAMS 0x0000000086500000, 0x0000000086500000| Untracked 
| 102|0x0000000086600000, 0x0000000086600000, 0x0000000086700000|  0%| F|  |TAMS 0x0000000086600000, 0x0000000086600000| Untracked 
| 103|0x0000000086700000, 0x0000000086700000, 0x0000000086800000|  0%| F|  |TAMS 0x0000000086700000, 0x0000000086700000| Untracked 
| 104|0x0000000086800000, 0x0000000086800000, 0x0000000086900000|  0%| F|  |TAMS 0x0000000086800000, 0x0000000086800000| Untracked 
| 105|0x0000000086900000, 0x0000000086900000, 0x0000000086a00000|  0%| F|  |TAMS 0x0000000086900000, 0x0000000086900000| Untracked 
| 106|0x0000000086a00000, 0x0000000086a00000, 0x0000000086b00000|  0%| F|  |TAMS 0x0000000086a00000, 0x0000000086a00000| Untracked 
| 107|0x0000000086b00000, 0x0000000086b00000, 0x0000000086c00000|  0%| F|  |TAMS 0x0000000086b00000, 0x0000000086b00000| Untracked 
| 108|0x0000000086c00000, 0x0000000086d00000, 0x0000000086d00000|100%| S|CS|TAMS 0x0000000086c00000, 0x0000000086c00000| Complete 
| 109|0x0000000086d00000, 0x0000000086e00000, 0x0000000086e00000|100%| S|CS|TAMS 0x0000000086d00000, 0x0000000086d00000| Complete 
| 110|0x0000000086e00000, 0x0000000086f00000, 0x0000000086f00000|100%| S|CS|TAMS 0x0000000086e00000, 0x0000000086e00000| Complete 
| 111|0x0000000086f00000, 0x0000000087000000, 0x0000000087000000|100%| S|CS|TAMS 0x0000000086f00000, 0x0000000086f00000| Complete 
| 112|0x0000000087000000, 0x0000000087100000, 0x0000000087100000|100%| S|CS|TAMS 0x0000000087000000, 0x0000000087000000| Complete 
| 113|0x0000000087100000, 0x0000000087200000, 0x0000000087200000|100%| S|CS|TAMS 0x0000000087100000, 0x0000000087100000| Complete 
| 114|0x0000000087200000, 0x0000000087300000, 0x0000000087300000|100%| S|CS|TAMS 0x0000000087200000, 0x0000000087200000| Complete 
| 115|0x0000000087300000, 0x0000000087400000, 0x0000000087400000|100%| S|CS|TAMS 0x0000000087300000, 0x0000000087300000| Complete 
| 116|0x0000000087400000, 0x0000000087500000, 0x0000000087500000|100%| S|CS|TAMS 0x0000000087400000, 0x0000000087400000| Complete 
| 117|0x0000000087500000, 0x0000000087600000, 0x0000000087600000|100%| S|CS|TAMS 0x0000000087500000, 0x0000000087500000| Complete 
| 118|0x0000000087600000, 0x0000000087700000, 0x0000000087700000|100%| S|CS|TAMS 0x0000000087600000, 0x0000000087600000| Complete 
| 119|0x0000000087700000, 0x0000000087800000, 0x0000000087800000|100%| S|CS|TAMS 0x0000000087700000, 0x0000000087700000| Complete 
| 120|0x0000000087800000, 0x0000000087900000, 0x0000000087900000|100%| S|CS|TAMS 0x0000000087800000, 0x0000000087800000| Complete 
| 121|0x0000000087900000, 0x0000000087a00000, 0x0000000087a00000|100%| S|CS|TAMS 0x0000000087900000, 0x0000000087900000| Complete 
| 122|0x0000000087a00000, 0x0000000087b00000, 0x0000000087b00000|100%| S|CS|TAMS 0x0000000087a00000, 0x0000000087a00000| Complete 
| 123|0x0000000087b00000, 0x0000000087c00000, 0x0000000087c00000|100%| S|CS|TAMS 0x0000000087b00000, 0x0000000087b00000| Complete 
| 124|0x0000000087c00000, 0x0000000087d00000, 0x0000000087d00000|100%| S|CS|TAMS 0x0000000087c00000, 0x0000000087c00000| Complete 
| 125|0x0000000087d00000, 0x0000000087e00000, 0x0000000087e00000|100%| S|CS|TAMS 0x0000000087d00000, 0x0000000087d00000| Complete 
| 126|0x0000000087e00000, 0x0000000087f00000, 0x0000000087f00000|100%| S|CS|TAMS 0x0000000087e00000, 0x0000000087e00000| Complete 
| 127|0x0000000087f00000, 0x0000000088000000, 0x0000000088000000|100%| S|CS|TAMS 0x0000000087f00000, 0x0000000087f00000| Complete 
| 128|0x0000000088000000, 0x0000000088100000, 0x0000000088100000|100%| S|CS|TAMS 0x0000000088000000, 0x0000000088000000| Complete 
| 129|0x0000000088100000, 0x0000000088100000, 0x0000000088200000|  0%| F|  |TAMS 0x0000000088100000, 0x0000000088100000| Untracked 
| 130|0x0000000088200000, 0x0000000088200000, 0x0000000088300000|  0%| F|  |TAMS 0x0000000088200000, 0x0000000088200000| Untracked 
| 131|0x0000000088300000, 0x0000000088300000, 0x0000000088400000|  0%| F|  |TAMS 0x0000000088300000, 0x0000000088300000| Untracked 
| 132|0x0000000088400000, 0x0000000088400000, 0x0000000088500000|  0%| F|  |TAMS 0x0000000088400000, 0x0000000088400000| Untracked 
| 133|0x0000000088500000, 0x0000000088500000, 0x0000000088600000|  0%| F|  |TAMS 0x0000000088500000, 0x0000000088500000| Untracked 
| 134|0x0000000088600000, 0x0000000088600000, 0x0000000088700000|  0%| F|  |TAMS 0x0000000088600000, 0x0000000088600000| Untracked 
| 135|0x0000000088700000, 0x0000000088700000, 0x0000000088800000|  0%| F|  |TAMS 0x0000000088700000, 0x0000000088700000| Untracked 
| 136|0x0000000088800000, 0x0000000088800000, 0x0000000088900000|  0%| F|  |TAMS 0x0000000088800000, 0x0000000088800000| Untracked 
| 137|0x0000000088900000, 0x0000000088900000, 0x0000000088a00000|  0%| F|  |TAMS 0x0000000088900000, 0x0000000088900000| Untracked 
| 138|0x0000000088a00000, 0x0000000088a00000, 0x0000000088b00000|  0%| F|  |TAMS 0x0000000088a00000, 0x0000000088a00000| Untracked 
| 139|0x0000000088b00000, 0x0000000088b00000, 0x0000000088c00000|  0%| F|  |TAMS 0x0000000088b00000, 0x0000000088b00000| Untracked 
| 140|0x0000000088c00000, 0x0000000088c00000, 0x0000000088d00000|  0%| F|  |TAMS 0x0000000088c00000, 0x0000000088c00000| Untracked 
| 141|0x0000000088d00000, 0x0000000088d00000, 0x0000000088e00000|  0%| F|  |TAMS 0x0000000088d00000, 0x0000000088d00000| Untracked 
| 142|0x0000000088e00000, 0x0000000088e00000, 0x0000000088f00000|  0%| F|  |TAMS 0x0000000088e00000, 0x0000000088e00000| Untracked 
| 143|0x0000000088f00000, 0x0000000088f00000, 0x0000000089000000|  0%| F|  |TAMS 0x0000000088f00000, 0x0000000088f00000| Untracked 
| 144|0x0000000089000000, 0x0000000089000000, 0x0000000089100000|  0%| F|  |TAMS 0x0000000089000000, 0x0000000089000000| Untracked 
| 145|0x0000000089100000, 0x0000000089100000, 0x0000000089200000|  0%| F|  |TAMS 0x0000000089100000, 0x0000000089100000| Untracked 
| 146|0x0000000089200000, 0x0000000089200000, 0x0000000089300000|  0%| F|  |TAMS 0x0000000089200000, 0x0000000089200000| Untracked 
| 147|0x0000000089300000, 0x0000000089300000, 0x0000000089400000|  0%| F|  |TAMS 0x0000000089300000, 0x0000000089300000| Untracked 
| 148|0x0000000089400000, 0x0000000089400000, 0x0000000089500000|  0%| F|  |TAMS 0x0000000089400000, 0x0000000089400000| Untracked 
| 149|0x0000000089500000, 0x0000000089500000, 0x0000000089600000|  0%| F|  |TAMS 0x0000000089500000, 0x0000000089500000| Untracked 
| 150|0x0000000089600000, 0x0000000089600000, 0x0000000089700000|  0%| F|  |TAMS 0x0000000089600000, 0x0000000089600000| Untracked 
| 151|0x0000000089700000, 0x0000000089700000, 0x0000000089800000|  0%| F|  |TAMS 0x0000000089700000, 0x0000000089700000| Untracked 
| 152|0x0000000089800000, 0x0000000089800000, 0x0000000089900000|  0%| F|  |TAMS 0x0000000089800000, 0x0000000089800000| Untracked 
| 153|0x0000000089900000, 0x0000000089900000, 0x0000000089a00000|  0%| F|  |TAMS 0x0000000089900000, 0x0000000089900000| Untracked 
| 154|0x0000000089a00000, 0x0000000089a00000, 0x0000000089b00000|  0%| F|  |TAMS 0x0000000089a00000, 0x0000000089a00000| Untracked 
| 155|0x0000000089b00000, 0x0000000089b00000, 0x0000000089c00000|  0%| F|  |TAMS 0x0000000089b00000, 0x0000000089b00000| Untracked 
| 156|0x0000000089c00000, 0x0000000089c00000, 0x0000000089d00000|  0%| F|  |TAMS 0x0000000089c00000, 0x0000000089c00000| Untracked 
| 157|0x0000000089d00000, 0x0000000089d00000, 0x0000000089e00000|  0%| F|  |TAMS 0x0000000089d00000, 0x0000000089d00000| Untracked 
| 158|0x0000000089e00000, 0x0000000089e00000, 0x0000000089f00000|  0%| F|  |TAMS 0x0000000089e00000, 0x0000000089e00000| Untracked 
| 159|0x0000000089f00000, 0x0000000089f00000, 0x000000008a000000|  0%| F|  |TAMS 0x0000000089f00000, 0x0000000089f00000| Untracked 
| 160|0x000000008a000000, 0x000000008a000000, 0x000000008a100000|  0%| F|  |TAMS 0x000000008a000000, 0x000000008a000000| Untracked 
| 161|0x000000008a100000, 0x000000008a100000, 0x000000008a200000|  0%| F|  |TAMS 0x000000008a100000, 0x000000008a100000| Untracked 
| 162|0x000000008a200000, 0x000000008a200000, 0x000000008a300000|  0%| F|  |TAMS 0x000000008a200000, 0x000000008a200000| Untracked 
| 163|0x000000008a300000, 0x000000008a300000, 0x000000008a400000|  0%| F|  |TAMS 0x000000008a300000, 0x000000008a300000| Untracked 
| 164|0x000000008a400000, 0x000000008a400000, 0x000000008a500000|  0%| F|  |TAMS 0x000000008a400000, 0x000000008a400000| Untracked 
| 165|0x000000008a500000, 0x000000008a500000, 0x000000008a600000|  0%| F|  |TAMS 0x000000008a500000, 0x000000008a500000| Untracked 
| 166|0x000000008a600000, 0x000000008a600000, 0x000000008a700000|  0%| F|  |TAMS 0x000000008a600000, 0x000000008a600000| Untracked 
| 167|0x000000008a700000, 0x000000008a700000, 0x000000008a800000|  0%| F|  |TAMS 0x000000008a700000, 0x000000008a700000| Untracked 
| 168|0x000000008a800000, 0x000000008a800000, 0x000000008a900000|  0%| F|  |TAMS 0x000000008a800000, 0x000000008a800000| Untracked 
| 169|0x000000008a900000, 0x000000008a900000, 0x000000008aa00000|  0%| F|  |TAMS 0x000000008a900000, 0x000000008a900000| Untracked 
| 170|0x000000008aa00000, 0x000000008aa00000, 0x000000008ab00000|  0%| F|  |TAMS 0x000000008aa00000, 0x000000008aa00000| Untracked 
| 171|0x000000008ab00000, 0x000000008ab00000, 0x000000008ac00000|  0%| F|  |TAMS 0x000000008ab00000, 0x000000008ab00000| Untracked 
| 172|0x000000008ac00000, 0x000000008ac00000, 0x000000008ad00000|  0%| F|  |TAMS 0x000000008ac00000, 0x000000008ac00000| Untracked 
| 173|0x000000008ad00000, 0x000000008ad00000, 0x000000008ae00000|  0%| F|  |TAMS 0x000000008ad00000, 0x000000008ad00000| Untracked 
| 174|0x000000008ae00000, 0x000000008ae00000, 0x000000008af00000|  0%| F|  |TAMS 0x000000008ae00000, 0x000000008ae00000| Untracked 
| 175|0x000000008af00000, 0x000000008af00000, 0x000000008b000000|  0%| F|  |TAMS 0x000000008af00000, 0x000000008af00000| Untracked 
| 176|0x000000008b000000, 0x000000008b000000, 0x000000008b100000|  0%| F|  |TAMS 0x000000008b000000, 0x000000008b000000| Untracked 
| 177|0x000000008b100000, 0x000000008b100000, 0x000000008b200000|  0%| F|  |TAMS 0x000000008b100000, 0x000000008b100000| Untracked 
| 178|0x000000008b200000, 0x000000008b200000, 0x000000008b300000|  0%| F|  |TAMS 0x000000008b200000, 0x000000008b200000| Untracked 
| 179|0x000000008b300000, 0x000000008b300000, 0x000000008b400000|  0%| F|  |TAMS 0x000000008b300000, 0x000000008b300000| Untracked 
| 180|0x000000008b400000, 0x000000008b400000, 0x000000008b500000|  0%| F|  |TAMS 0x000000008b400000, 0x000000008b400000| Untracked 
| 181|0x000000008b500000, 0x000000008b500000, 0x000000008b600000|  0%| F|  |TAMS 0x000000008b500000, 0x000000008b500000| Untracked 
| 182|0x000000008b600000, 0x000000008b600000, 0x000000008b700000|  0%| F|  |TAMS 0x000000008b600000, 0x000000008b600000| Untracked 
| 183|0x000000008b700000, 0x000000008b700000, 0x000000008b800000|  0%| F|  |TAMS 0x000000008b700000, 0x000000008b700000| Untracked 
| 184|0x000000008b800000, 0x000000008b800000, 0x000000008b900000|  0%| F|  |TAMS 0x000000008b800000, 0x000000008b800000| Untracked 
| 185|0x000000008b900000, 0x000000008b900000, 0x000000008ba00000|  0%| F|  |TAMS 0x000000008b900000, 0x000000008b900000| Untracked 
| 186|0x000000008ba00000, 0x000000008ba00000, 0x000000008bb00000|  0%| F|  |TAMS 0x000000008ba00000, 0x000000008ba00000| Untracked 
| 187|0x000000008bb00000, 0x000000008bb00000, 0x000000008bc00000|  0%| F|  |TAMS 0x000000008bb00000, 0x000000008bb00000| Untracked 
| 188|0x000000008bc00000, 0x000000008bc00000, 0x000000008bd00000|  0%| F|  |TAMS 0x000000008bc00000, 0x000000008bc00000| Untracked 
| 189|0x000000008bd00000, 0x000000008bd00000, 0x000000008be00000|  0%| F|  |TAMS 0x000000008bd00000, 0x000000008bd00000| Untracked 
| 190|0x000000008be00000, 0x000000008be00000, 0x000000008bf00000|  0%| F|  |TAMS 0x000000008be00000, 0x000000008be00000| Untracked 
| 191|0x000000008bf00000, 0x000000008bf00000, 0x000000008c000000|  0%| F|  |TAMS 0x000000008bf00000, 0x000000008bf00000| Untracked 
| 192|0x000000008c000000, 0x000000008c000000, 0x000000008c100000|  0%| F|  |TAMS 0x000000008c000000, 0x000000008c000000| Untracked 
| 193|0x000000008c100000, 0x000000008c100000, 0x000000008c200000|  0%| F|  |TAMS 0x000000008c100000, 0x000000008c100000| Untracked 
| 194|0x000000008c200000, 0x000000008c200000, 0x000000008c300000|  0%| F|  |TAMS 0x000000008c200000, 0x000000008c200000| Untracked 
| 195|0x000000008c300000, 0x000000008c300000, 0x000000008c400000|  0%| F|  |TAMS 0x000000008c300000, 0x000000008c300000| Untracked 
| 196|0x000000008c400000, 0x000000008c400000, 0x000000008c500000|  0%| F|  |TAMS 0x000000008c400000, 0x000000008c400000| Untracked 
| 197|0x000000008c500000, 0x000000008c500000, 0x000000008c600000|  0%| F|  |TAMS 0x000000008c500000, 0x000000008c500000| Untracked 
| 198|0x000000008c600000, 0x000000008c600000, 0x000000008c700000|  0%| F|  |TAMS 0x000000008c600000, 0x000000008c600000| Untracked 
| 199|0x000000008c700000, 0x000000008c700000, 0x000000008c800000|  0%| F|  |TAMS 0x000000008c700000, 0x000000008c700000| Untracked 
| 200|0x000000008c800000, 0x000000008c800000, 0x000000008c900000|  0%| F|  |TAMS 0x000000008c800000, 0x000000008c800000| Untracked 
| 201|0x000000008c900000, 0x000000008c900000, 0x000000008ca00000|  0%| F|  |TAMS 0x000000008c900000, 0x000000008c900000| Untracked 
| 202|0x000000008ca00000, 0x000000008ca00000, 0x000000008cb00000|  0%| F|  |TAMS 0x000000008ca00000, 0x000000008ca00000| Untracked 
| 203|0x000000008cb00000, 0x000000008cb00000, 0x000000008cc00000|  0%| F|  |TAMS 0x000000008cb00000, 0x000000008cb00000| Untracked 
| 204|0x000000008cc00000, 0x000000008cc00000, 0x000000008cd00000|  0%| F|  |TAMS 0x000000008cc00000, 0x000000008cc00000| Untracked 
| 205|0x000000008cd00000, 0x000000008cd00000, 0x000000008ce00000|  0%| F|  |TAMS 0x000000008cd00000, 0x000000008cd00000| Untracked 
| 206|0x000000008ce00000, 0x000000008ce00000, 0x000000008cf00000|  0%| F|  |TAMS 0x000000008ce00000, 0x000000008ce00000| Untracked 
| 207|0x000000008cf00000, 0x000000008cf00000, 0x000000008d000000|  0%| F|  |TAMS 0x000000008cf00000, 0x000000008cf00000| Untracked 
| 208|0x000000008d000000, 0x000000008d000000, 0x000000008d100000|  0%| F|  |TAMS 0x000000008d000000, 0x000000008d000000| Untracked 
| 209|0x000000008d100000, 0x000000008d100000, 0x000000008d200000|  0%| F|  |TAMS 0x000000008d100000, 0x000000008d100000| Untracked 
| 210|0x000000008d200000, 0x000000008d200000, 0x000000008d300000|  0%| F|  |TAMS 0x000000008d200000, 0x000000008d200000| Untracked 
| 211|0x000000008d300000, 0x000000008d300000, 0x000000008d400000|  0%| F|  |TAMS 0x000000008d300000, 0x000000008d300000| Untracked 
| 212|0x000000008d400000, 0x000000008d400000, 0x000000008d500000|  0%| F|  |TAMS 0x000000008d400000, 0x000000008d400000| Untracked 
| 213|0x000000008d500000, 0x000000008d500000, 0x000000008d600000|  0%| F|  |TAMS 0x000000008d500000, 0x000000008d500000| Untracked 
| 214|0x000000008d600000, 0x000000008d600000, 0x000000008d700000|  0%| F|  |TAMS 0x000000008d600000, 0x000000008d600000| Untracked 
| 215|0x000000008d700000, 0x000000008d700000, 0x000000008d800000|  0%| F|  |TAMS 0x000000008d700000, 0x000000008d700000| Untracked 
| 216|0x000000008d800000, 0x000000008d800000, 0x000000008d900000|  0%| F|  |TAMS 0x000000008d800000, 0x000000008d800000| Untracked 
| 217|0x000000008d900000, 0x000000008d900000, 0x000000008da00000|  0%| F|  |TAMS 0x000000008d900000, 0x000000008d900000| Untracked 
| 218|0x000000008da00000, 0x000000008da00000, 0x000000008db00000|  0%| F|  |TAMS 0x000000008da00000, 0x000000008da00000| Untracked 
| 219|0x000000008db00000, 0x000000008db00000, 0x000000008dc00000|  0%| F|  |TAMS 0x000000008db00000, 0x000000008db00000| Untracked 
| 220|0x000000008dc00000, 0x000000008dc00000, 0x000000008dd00000|  0%| F|  |TAMS 0x000000008dc00000, 0x000000008dc00000| Untracked 
| 221|0x000000008dd00000, 0x000000008dd00000, 0x000000008de00000|  0%| F|  |TAMS 0x000000008dd00000, 0x000000008dd00000| Untracked 
| 222|0x000000008de00000, 0x000000008de00000, 0x000000008df00000|  0%| F|  |TAMS 0x000000008de00000, 0x000000008de00000| Untracked 
| 223|0x000000008df00000, 0x000000008df00000, 0x000000008e000000|  0%| F|  |TAMS 0x000000008df00000, 0x000000008df00000| Untracked 
| 224|0x000000008e000000, 0x000000008e000000, 0x000000008e100000|  0%| F|  |TAMS 0x000000008e000000, 0x000000008e000000| Untracked 
| 225|0x000000008e100000, 0x000000008e100000, 0x000000008e200000|  0%| F|  |TAMS 0x000000008e100000, 0x000000008e100000| Untracked 
| 226|0x000000008e200000, 0x000000008e200000, 0x000000008e300000|  0%| F|  |TAMS 0x000000008e200000, 0x000000008e200000| Untracked 
| 227|0x000000008e300000, 0x000000008e300000, 0x000000008e400000|  0%| F|  |TAMS 0x000000008e300000, 0x000000008e300000| Untracked 
| 228|0x000000008e400000, 0x000000008e400000, 0x000000008e500000|  0%| F|  |TAMS 0x000000008e400000, 0x000000008e400000| Untracked 
| 229|0x000000008e500000, 0x000000008e500000, 0x000000008e600000|  0%| F|  |TAMS 0x000000008e500000, 0x000000008e500000| Untracked 
| 230|0x000000008e600000, 0x000000008e600000, 0x000000008e700000|  0%| F|  |TAMS 0x000000008e600000, 0x000000008e600000| Untracked 
| 231|0x000000008e700000, 0x000000008e800000, 0x000000008e800000|100%| E|  |TAMS 0x000000008e700000, 0x000000008e700000| Complete 
| 232|0x000000008e800000, 0x000000008e900000, 0x000000008e900000|100%| E|CS|TAMS 0x000000008e800000, 0x000000008e800000| Complete 
| 233|0x000000008e900000, 0x000000008ea00000, 0x000000008ea00000|100%| E|CS|TAMS 0x000000008e900000, 0x000000008e900000| Complete 
| 234|0x000000008ea00000, 0x000000008eb00000, 0x000000008eb00000|100%| E|  |TAMS 0x000000008ea00000, 0x000000008ea00000| Complete 
| 235|0x000000008eb00000, 0x000000008ec00000, 0x000000008ec00000|100%| E|CS|TAMS 0x000000008eb00000, 0x000000008eb00000| Complete 
| 236|0x000000008ec00000, 0x000000008ed00000, 0x000000008ed00000|100%| E|CS|TAMS 0x000000008ec00000, 0x000000008ec00000| Complete 
| 237|0x000000008ed00000, 0x000000008ee00000, 0x000000008ee00000|100%| E|CS|TAMS 0x000000008ed00000, 0x000000008ed00000| Complete 
| 238|0x000000008ee00000, 0x000000008ef00000, 0x000000008ef00000|100%| E|CS|TAMS 0x000000008ee00000, 0x000000008ee00000| Complete 
| 239|0x000000008ef00000, 0x000000008f000000, 0x000000008f000000|100%| E|CS|TAMS 0x000000008ef00000, 0x000000008ef00000| Complete 
| 240|0x000000008f000000, 0x000000008f100000, 0x000000008f100000|100%| E|CS|TAMS 0x000000008f000000, 0x000000008f000000| Complete 
| 241|0x000000008f100000, 0x000000008f200000, 0x000000008f200000|100%| E|CS|TAMS 0x000000008f100000, 0x000000008f100000| Complete 
| 242|0x000000008f200000, 0x000000008f300000, 0x000000008f300000|100%| E|CS|TAMS 0x000000008f200000, 0x000000008f200000| Complete 
| 243|0x000000008f300000, 0x000000008f400000, 0x000000008f400000|100%| E|CS|TAMS 0x000000008f300000, 0x000000008f300000| Complete 
| 244|0x000000008f400000, 0x000000008f500000, 0x000000008f500000|100%| E|CS|TAMS 0x000000008f400000, 0x000000008f400000| Complete 
| 245|0x000000008f500000, 0x000000008f600000, 0x000000008f600000|100%| E|CS|TAMS 0x000000008f500000, 0x000000008f500000| Complete 
| 246|0x000000008f600000, 0x000000008f700000, 0x000000008f700000|100%| E|CS|TAMS 0x000000008f600000, 0x000000008f600000| Complete 
| 247|0x000000008f700000, 0x000000008f800000, 0x000000008f800000|100%| E|CS|TAMS 0x000000008f700000, 0x000000008f700000| Complete 
| 248|0x000000008f800000, 0x000000008f900000, 0x000000008f900000|100%| E|CS|TAMS 0x000000008f800000, 0x000000008f800000| Complete 
| 249|0x000000008f900000, 0x000000008fa00000, 0x000000008fa00000|100%| E|CS|TAMS 0x000000008f900000, 0x000000008f900000| Complete 
| 250|0x000000008fa00000, 0x000000008fb00000, 0x000000008fb00000|100%| E|CS|TAMS 0x000000008fa00000, 0x000000008fa00000| Complete 
| 251|0x000000008fb00000, 0x000000008fc00000, 0x000000008fc00000|100%| E|CS|TAMS 0x000000008fb00000, 0x000000008fb00000| Complete 
| 252|0x000000008fc00000, 0x000000008fd00000, 0x000000008fd00000|100%| E|CS|TAMS 0x000000008fc00000, 0x000000008fc00000| Complete 
| 253|0x000000008fd00000, 0x000000008fe00000, 0x000000008fe00000|100%| E|CS|TAMS 0x000000008fd00000, 0x000000008fd00000| Complete 
| 254|0x000000008fe00000, 0x000000008ff00000, 0x000000008ff00000|100%| E|CS|TAMS 0x000000008fe00000, 0x000000008fe00000| Complete 
| 255|0x000000008ff00000, 0x0000000090000000, 0x0000000090000000|100%| E|CS|TAMS 0x000000008ff00000, 0x000000008ff00000| Complete 
| 256|0x0000000090000000, 0x0000000090100000, 0x0000000090100000|100%| E|CS|TAMS 0x0000000090000000, 0x0000000090000000| Complete 
| 257|0x0000000090100000, 0x0000000090200000, 0x0000000090200000|100%| E|CS|TAMS 0x0000000090100000, 0x0000000090100000| Complete 
| 258|0x0000000090200000, 0x0000000090300000, 0x0000000090300000|100%| E|CS|TAMS 0x0000000090200000, 0x0000000090200000| Complete 
| 259|0x0000000090300000, 0x0000000090400000, 0x0000000090400000|100%| E|CS|TAMS 0x0000000090300000, 0x0000000090300000| Complete 
| 260|0x0000000090400000, 0x0000000090500000, 0x0000000090500000|100%| E|CS|TAMS 0x0000000090400000, 0x0000000090400000| Complete 
| 261|0x0000000090500000, 0x0000000090600000, 0x0000000090600000|100%| E|CS|TAMS 0x0000000090500000, 0x0000000090500000| Complete 
| 262|0x0000000090600000, 0x0000000090700000, 0x0000000090700000|100%| E|CS|TAMS 0x0000000090600000, 0x0000000090600000| Complete 
| 263|0x0000000090700000, 0x0000000090800000, 0x0000000090800000|100%| E|CS|TAMS 0x0000000090700000, 0x0000000090700000| Complete 
| 264|0x0000000090800000, 0x0000000090900000, 0x0000000090900000|100%| E|CS|TAMS 0x0000000090800000, 0x0000000090800000| Complete 
| 265|0x0000000090900000, 0x0000000090a00000, 0x0000000090a00000|100%| E|CS|TAMS 0x0000000090900000, 0x0000000090900000| Complete 
| 266|0x0000000090a00000, 0x0000000090b00000, 0x0000000090b00000|100%| E|CS|TAMS 0x0000000090a00000, 0x0000000090a00000| Complete 
| 267|0x0000000090b00000, 0x0000000090c00000, 0x0000000090c00000|100%| E|CS|TAMS 0x0000000090b00000, 0x0000000090b00000| Complete 
| 268|0x0000000090c00000, 0x0000000090d00000, 0x0000000090d00000|100%| E|CS|TAMS 0x0000000090c00000, 0x0000000090c00000| Complete 
| 269|0x0000000090d00000, 0x0000000090e00000, 0x0000000090e00000|100%| E|CS|TAMS 0x0000000090d00000, 0x0000000090d00000| Complete 
| 270|0x0000000090e00000, 0x0000000090f00000, 0x0000000090f00000|100%| E|CS|TAMS 0x0000000090e00000, 0x0000000090e00000| Complete 
| 271|0x0000000090f00000, 0x0000000091000000, 0x0000000091000000|100%| E|CS|TAMS 0x0000000090f00000, 0x0000000090f00000| Complete 
| 272|0x0000000091000000, 0x0000000091100000, 0x0000000091100000|100%| E|CS|TAMS 0x0000000091000000, 0x0000000091000000| Complete 
| 273|0x0000000091100000, 0x0000000091200000, 0x0000000091200000|100%| E|CS|TAMS 0x0000000091100000, 0x0000000091100000| Complete 

Card table byte_map: [0x0000020cb1c30000,0x0000020cb2030000] _byte_map_base: 0x0000020cb1830000

Marking Bits (Prev, Next): (CMBitMap*) 0x0000020c9f17c350, (CMBitMap*) 0x0000020c9f17c318
 Prev Bits: [0x0000020cb4430000, 0x0000020cb6430000)
 Next Bits: [0x0000020cb2430000, 0x0000020cb4430000)

Polling page: 0x0000020c9cf20000

Metaspace:

Usage:
  Non-class:     72.42 MB capacity,    71.14 MB ( 98%) used,     1.06 MB (  1%) free+waste,   225.81 KB ( <1%) overhead. 
      Class:     11.16 MB capacity,    10.44 MB ( 94%) used,   631.19 KB (  6%) free+waste,   102.25 KB ( <1%) overhead. 
       Both:     83.58 MB capacity,    81.58 MB ( 98%) used,     1.68 MB (  2%) free+waste,   328.06 KB ( <1%) overhead. 

Virtual space:
  Non-class space:       74.00 MB reserved,      72.54 MB ( 98%) committed 
      Class space:        1.00 GB reserved,      11.25 MB (  1%) committed 
             Both:        1.07 GB reserved,      83.79 MB (  8%) committed 

Chunk freelists:
   Non-Class:  57.00 KB
       Class:  28.00 KB
        Both:  85.00 KB

MaxMetaspaceSize: 17179869184.00 GB
CompressedClassSpaceSize: 1.00 GB

CodeHeap 'non-profiled nmethods': size=120064Kb used=4412Kb max_used=4412Kb free=115651Kb
 bounds [0x0000020caa6f0000, 0x0000020caab40000, 0x0000020cb1c30000]
CodeHeap 'profiled nmethods': size=120000Kb used=19373Kb max_used=19373Kb free=100626Kb
 bounds [0x0000020ca31c0000, 0x0000020ca44b0000, 0x0000020caa6f0000]
CodeHeap 'non-nmethods': size=5696Kb used=2275Kb max_used=2319Kb free=3420Kb
 bounds [0x0000020ca2c30000, 0x0000020ca2ea0000, 0x0000020ca31c0000]
 total_blobs=9902 nmethods=9027 adapters=786
 compilation: enabled
              stopped_count=0, restarted_count=0
 full_count=0

Compilation events (20 events):
Event: 12.689 Thread 0x0000020cb90be800 nmethod 9048 0x0000020ca448a790 code [0x0000020ca448a960, 0x0000020ca448ab48]
Event: 12.691 Thread 0x0000020cb90be800 9049 %     3       java.lang.StringUTF16::inflate @ 10 (42 bytes)
Event: 12.691 Thread 0x0000020cb90be800 nmethod 9049% 0x0000020ca448ad10 code [0x0000020ca448aee0, 0x0000020ca448b288]
Event: 12.691 Thread 0x0000020cb90be800 9050       3       java.lang.StringUTF16::inflate (42 bytes)
Event: 12.691 Thread 0x0000020cb90be800 nmethod 9050 0x0000020ca448b490 code [0x0000020ca448b660, 0x0000020ca448b968]
Event: 12.692 Thread 0x0000020cb90be800 9051       2       java.lang.StringUTF16::putCharSB (12 bytes)
Event: 12.692 Thread 0x0000020cb90be800 nmethod 9051 0x0000020ca448bb90 code [0x0000020ca448bd40, 0x0000020ca448be68]
Event: 12.692 Thread 0x0000020cb90be800 9052       2       java.lang.AbstractStringBuilder::inflate (42 bytes)
Event: 12.692 Thread 0x0000020cb90be800 nmethod 9052 0x0000020ca448bf90 code [0x0000020ca448c160, 0x0000020ca448c358]
Event: 12.692 Thread 0x0000020cb90be800 9053 %     3       com.android.utils.XmlUtils::toXmlTextValue @ 7 (65 bytes)
Event: 12.693 Thread 0x0000020cb90be800 nmethod 9053% 0x0000020ca448c490 code [0x0000020ca448c780, 0x0000020ca448d7d8]
Event: 12.693 Thread 0x0000020cb90be800 9054       3       com.android.utils.XmlUtils::toXmlTextValue (65 bytes)
Event: 12.694 Thread 0x0000020cb90be800 nmethod 9054 0x0000020ca448df10 code [0x0000020ca448e200, 0x0000020ca448f1b8]
Event: 12.697 Thread 0x0000020cb90be800 9055 %     3       com.google.common.base.CharMatcher::countIn @ 4 (39 bytes)
Event: 12.697 Thread 0x0000020cb90be800 nmethod 9055% 0x0000020ca448f890 code [0x0000020ca448fa80, 0x0000020ca448ff68]
Event: 12.697 Thread 0x0000020cb90be800 9056       3       com.google.common.base.CharMatcher::countIn (39 bytes)
Event: 12.697 Thread 0x0000020cb90be800 nmethod 9056 0x0000020ca4490110 code [0x0000020ca4490300, 0x0000020ca4490768]
Event: 12.704 Thread 0x0000020cb90be800 9059 %     3       com.android.utils.XmlUtils::append @ 378 (647 bytes)
Event: 12.707 Thread 0x0000020cb90be800 nmethod 9059% 0x0000020ca4490890 code [0x0000020ca4491100, 0x0000020ca44959a8]
Event: 12.707 Thread 0x0000020cb90be800 9060       3       com.android.utils.XmlUtils::append (647 bytes)

GC Heap History (20 events):
Event: 1.643 GC heap before
{Heap before GC invocations=4 (full 0):
 garbage-first heap   total 233472K, used 34560K [0x0000000080000000, 0x0000000100000000)
  region size 1024K, 25 young (25600K), 1 survivors (1024K)
 Metaspace       used 11063K, capacity 11351K, committed 11520K, reserved 1058816K
  class space    used 1179K, capacity 1278K, committed 1280K, reserved 1048576K
}
Event: 1.646 GC heap after
{Heap after GC invocations=5 (full 0):
 garbage-first heap   total 233472K, used 13964K [0x0000000080000000, 0x0000000100000000)
  region size 1024K, 4 young (4096K), 4 survivors (4096K)
 Metaspace       used 11063K, capacity 11351K, committed 11520K, reserved 1058816K
  class space    used 1179K, capacity 1278K, committed 1280K, reserved 1048576K
}
Event: 2.564 GC heap before
{Heap before GC invocations=5 (full 0):
 garbage-first heap   total 233472K, used 44684K [0x0000000080000000, 0x0000000100000000)
  region size 1024K, 34 young (34816K), 4 survivors (4096K)
 Metaspace       used 18190K, capacity 18607K, committed 18688K, reserved 1064960K
  class space    used 2157K, capacity 2302K, committed 2304K, reserved 1048576K
}
Event: 2.572 GC heap after
{Heap after GC invocations=6 (full 0):
 garbage-first heap   total 233472K, used 16812K [0x0000000080000000, 0x0000000100000000)
  region size 1024K, 3 young (3072K), 3 survivors (3072K)
 Metaspace       used 18190K, capacity 18607K, committed 18688K, reserved 1064960K
  class space    used 2157K, capacity 2302K, committed 2304K, reserved 1048576K
}
Event: 2.832 GC heap before
{Heap before GC invocations=6 (full 0):
 garbage-first heap   total 233472K, used 36268K [0x0000000080000000, 0x0000000100000000)
  region size 1024K, 23 young (23552K), 3 survivors (3072K)
 Metaspace       used 20663K, capacity 21154K, committed 21296K, reserved 1069056K
  class space    used 2512K, capacity 2688K, committed 2688K, reserved 1048576K
}
Event: 2.837 GC heap after
{Heap after GC invocations=7 (full 0):
 garbage-first heap   total 233472K, used 17230K [0x0000000080000000, 0x0000000100000000)
  region size 1024K, 3 young (3072K), 3 survivors (3072K)
 Metaspace       used 20663K, capacity 21154K, committed 21296K, reserved 1069056K
  class space    used 2512K, capacity 2688K, committed 2688K, reserved 1048576K
}
Event: 3.315 GC heap before
{Heap before GC invocations=8 (full 0):
 garbage-first heap   total 233472K, used 58190K [0x0000000080000000, 0x0000000100000000)
  region size 1024K, 44 young (45056K), 3 survivors (3072K)
 Metaspace       used 25006K, capacity 25511K, committed 25648K, reserved 1071104K
  class space    used 3225K, capacity 3421K, committed 3456K, reserved 1048576K
}
Event: 3.322 GC heap after
{Heap after GC invocations=9 (full 0):
 garbage-first heap   total 233472K, used 18791K [0x0000000080000000, 0x0000000100000000)
  region size 1024K, 5 young (5120K), 5 survivors (5120K)
 Metaspace       used 25006K, capacity 25511K, committed 25648K, reserved 1071104K
  class space    used 3225K, capacity 3421K, committed 3456K, reserved 1048576K
}
Event: 4.240 GC heap before
{Heap before GC invocations=9 (full 0):
 garbage-first heap   total 233472K, used 79207K [0x0000000080000000, 0x0000000100000000)
  region size 1024K, 64 young (65536K), 5 survivors (5120K)
 Metaspace       used 33932K, capacity 34756K, committed 34864K, reserved 1079296K
  class space    used 4395K, capacity 4675K, committed 4736K, reserved 1048576K
}
Event: 4.251 GC heap after
{Heap after GC invocations=10 (full 0):
 garbage-first heap   total 233472K, used 21908K [0x0000000080000000, 0x0000000100000000)
  region size 1024K, 6 young (6144K), 6 survivors (6144K)
 Metaspace       used 33932K, capacity 34756K, committed 34864K, reserved 1079296K
  class space    used 4395K, capacity 4675K, committed 4736K, reserved 1048576K
}
Event: 4.438 GC heap before
{Heap before GC invocations=10 (full 0):
 garbage-first heap   total 233472K, used 26004K [0x0000000080000000, 0x0000000100000000)
  region size 1024K, 11 young (11264K), 6 survivors (6144K)
 Metaspace       used 34809K, capacity 35610K, committed 35708K, reserved 1081344K
  class space    used 4524K, capacity 4832K, committed 4864K, reserved 1048576K
}
Event: 4.445 GC heap after
{Heap after GC invocations=11 (full 0):
 garbage-first heap   total 280576K, used 22508K [0x0000000080000000, 0x0000000100000000)
  region size 1024K, 6 young (6144K), 6 survivors (6144K)
 Metaspace       used 34809K, capacity 35610K, committed 35708K, reserved 1081344K
  class space    used 4524K, capacity 4832K, committed 4864K, reserved 1048576K
}
Event: 5.883 GC heap before
{Heap before GC invocations=12 (full 0):
 garbage-first heap   total 280576K, used 141292K [0x0000000080000000, 0x0000000100000000)
  region size 1024K, 119 young (121856K), 6 survivors (6144K)
 Metaspace       used 44251K, capacity 45296K, committed 45308K, reserved 1089536K
  class space    used 5657K, capacity 6004K, committed 6016K, reserved 1048576K
}
Event: 5.901 GC heap after
{Heap after GC invocations=13 (full 0):
 garbage-first heap   total 280576K, used 28640K [0x0000000080000000, 0x0000000100000000)
  region size 1024K, 12 young (12288K), 12 survivors (12288K)
 Metaspace       used 44251K, capacity 45296K, committed 45308K, reserved 1089536K
  class space    used 5657K, capacity 6004K, committed 6016K, reserved 1048576K
}
Event: 7.776 GC heap before
{Heap before GC invocations=13 (full 0):
 garbage-first heap   total 280576K, used 166880K [0x0000000080000000, 0x0000000100000000)
  region size 1024K, 145 young (148480K), 12 survivors (12288K)
 Metaspace       used 58472K, capacity 59839K, committed 59940K, reserved 1101824K
  class space    used 7343K, capacity 7863K, committed 7936K, reserved 1048576K
}
Event: 7.805 GC heap after
{Heap after GC invocations=14 (full 0):
 garbage-first heap   total 280576K, used 43420K [0x0000000080000000, 0x0000000100000000)
  region size 1024K, 21 young (21504K), 21 survivors (21504K)
 Metaspace       used 58472K, capacity 59839K, committed 59940K, reserved 1101824K
  class space    used 7343K, capacity 7863K, committed 7936K, reserved 1048576K
}
Event: 9.605 GC heap before
{Heap before GC invocations=15 (full 0):
 garbage-first heap   total 280576K, used 189852K [0x0000000080000000, 0x0000000100000000)
  region size 1024K, 164 young (167936K), 21 survivors (21504K)
 Metaspace       used 71936K, capacity 73581K, committed 73764K, reserved 1114112K
  class space    used 9262K, capacity 9860K, committed 9984K, reserved 1048576K
}
Event: 9.650 GC heap after
{Heap after GC invocations=16 (full 0):
 garbage-first heap   total 280576K, used 53668K [0x0000000080000000, 0x0000000100000000)
  region size 1024K, 21 young (21504K), 21 survivors (21504K)
 Metaspace       used 71936K, capacity 73581K, committed 73764K, reserved 1114112K
  class space    used 9262K, capacity 9860K, committed 9984K, reserved 1048576K
}
Event: 11.978 GC heap before
{Heap before GC invocations=16 (full 0):
 garbage-first heap   total 280576K, used 201124K [0x0000000080000000, 0x0000000100000000)
  region size 1024K, 164 young (167936K), 21 survivors (21504K)
 Metaspace       used 82225K, capacity 84297K, committed 84516K, reserved 1122304K
  class space    used 10553K, capacity 11255K, committed 11264K, reserved 1048576K
}
Event: 12.015 GC heap after
{Heap after GC invocations=17 (full 0):
 garbage-first heap   total 280576K, used 68096K [0x0000000080000000, 0x0000000100000000)
  region size 1024K, 21 young (21504K), 21 survivors (21504K)
 Metaspace       used 82225K, capacity 84297K, committed 84516K, reserved 1122304K
  class space    used 10553K, capacity 11255K, committed 11264K, reserved 1048576K
}

Deoptimization events (20 events):
Event: 12.360 Thread 0x0000020cbad1d000 Uncommon trap: trap_request=0xffffffde fr.pc=0x0000020caaa1f884 relative=0x00000000000003a4
Event: 12.360 Thread 0x0000020cbad1d000 Uncommon trap: reason=class_check action=maybe_recompile pc=0x0000020caaa1f884 method=java.util.Spliterators$IteratorSpliterator.tryAdvance(Ljava/util/function/Consumer;)Z @ 68 c2
Event: 12.360 Thread 0x0000020cbad1d000 DEOPT PACKING pc=0x0000020caaa1f884 sp=0x000000c9253f70e0
Event: 12.360 Thread 0x0000020cbad1d000 DEOPT UNPACKING pc=0x0000020ca2c578af sp=0x000000c9253f7078 mode 2
Event: 12.370 Thread 0x0000020cbaf5a000 DEOPT PACKING pc=0x0000020ca3fe55c4 sp=0x000000c925cfecd0
Event: 12.370 Thread 0x0000020cbaf5a000 DEOPT UNPACKING pc=0x0000020ca2c576ce sp=0x000000c925cfe270 mode 0
Event: 12.389 Thread 0x0000020cbaf5a000 DEOPT PACKING pc=0x0000020ca3fe55c4 sp=0x000000c925cfecd0
Event: 12.389 Thread 0x0000020cbaf5a000 DEOPT UNPACKING pc=0x0000020ca2c576ce sp=0x000000c925cfe270 mode 0
Event: 12.648 Thread 0x0000020cbad1d000 DEOPT PACKING pc=0x0000020ca43d75e3 sp=0x000000c9253f7040
Event: 12.648 Thread 0x0000020cbad1d000 DEOPT UNPACKING pc=0x0000020ca2c576ce sp=0x000000c9253f64e8 mode 0
Event: 12.654 Thread 0x0000020cbad1d000 DEOPT PACKING pc=0x0000020ca43d7e5a sp=0x000000c9253f7200
Event: 12.654 Thread 0x0000020cbad1d000 DEOPT UNPACKING pc=0x0000020ca2c576ce sp=0x000000c9253f66a8 mode 0
Event: 12.657 Thread 0x0000020cbad1d000 DEOPT PACKING pc=0x0000020ca43d0956 sp=0x000000c9253f71f0
Event: 12.657 Thread 0x0000020cbad1d000 DEOPT UNPACKING pc=0x0000020ca2c576ce sp=0x000000c9253f6698 mode 0
Event: 12.687 Thread 0x0000020cbad1d000 DEOPT PACKING pc=0x0000020ca447a498 sp=0x000000c9253f6eb0
Event: 12.687 Thread 0x0000020cbad1d000 DEOPT UNPACKING pc=0x0000020ca2c576ce sp=0x000000c9253f63e0 mode 0
Event: 12.694 Thread 0x0000020cbad1d000 DEOPT PACKING pc=0x0000020ca447fc78 sp=0x000000c9253f6d00
Event: 12.694 Thread 0x0000020cbad1d000 DEOPT UNPACKING pc=0x0000020ca2c576ce sp=0x000000c9253f6230 mode 0
Event: 12.697 Thread 0x0000020cbad1d000 DEOPT PACKING pc=0x0000020ca447f444 sp=0x000000c9253f6ce0
Event: 12.697 Thread 0x0000020cbad1d000 DEOPT UNPACKING pc=0x0000020ca2c576ce sp=0x000000c9253f6178 mode 0

Classes redefined (0 events):
No events

Internal exceptions (20 events):
Event: 9.908 Thread 0x0000020cbad1d000 Exception <a 'sun/nio/fs/WindowsException'{0x000000008fe3d8f8}> (0x000000008fe3d8f8) thrown at [./src/hotspot/share/prims/jni.cpp, line 615]
Event: 9.908 Thread 0x0000020cbad1d000 Exception <a 'sun/nio/fs/WindowsException'{0x000000008fe3ea18}> (0x000000008fe3ea18) thrown at [./src/hotspot/share/prims/jni.cpp, line 615]
Event: 10.178 Thread 0x0000020cbad1d000 Exception <a 'java/lang/NoSuchMethodError'{0x000000008e7b0c78}: 'java.lang.Object java.lang.invoke.Invokers$Holder.linkToTargetMethod(java.lang.Object, int, int, java.lang.Object)'> (0x000000008e7b0c78) thrown at [./src/hotspot/share/interpreter/linkResolver.cpp, line 773]
Event: 10.552 Thread 0x0000020cbad1d000 Exception <a 'java/lang/NoSuchMethodError'{0x000000008d2c27e8}: <clinit>> (0x000000008d2c27e8) thrown at [./src/hotspot/share/prims/jni.cpp, line 1362]
Event: 10.556 Thread 0x0000020cbad1d000 Exception <a 'java/lang/NoSuchMethodError'{0x000000008d2f8d38}: <clinit>> (0x000000008d2f8d38) thrown at [./src/hotspot/share/prims/jni.cpp, line 1362]
Event: 10.588 Thread 0x0000020cbad1d000 Exception <a 'sun/nio/fs/WindowsException'{0x000000008cf030d0}> (0x000000008cf030d0) thrown at [./src/hotspot/share/prims/jni.cpp, line 615]
Event: 10.629 Thread 0x0000020cbaf5b800 Exception <a 'java/lang/NoSuchMethodError'{0x000000009110a640}: <clinit>> (0x000000009110a640) thrown at [./src/hotspot/share/prims/jni.cpp, line 1362]
Event: 10.629 Thread 0x0000020cbaf5b800 Exception <a 'java/lang/NoSuchMethodError'{0x000000008cb029b0}: <clinit>> (0x000000008cb029b0) thrown at [./src/hotspot/share/prims/jni.cpp, line 1362]
Event: 10.645 Thread 0x0000020cbaf5b800 Exception <a 'java/lang/NoSuchMethodError'{0x000000008cb0cd40}: <clinit>> (0x000000008cb0cd40) thrown at [./src/hotspot/share/prims/jni.cpp, line 1362]
Event: 10.646 Thread 0x0000020cbaf5b800 Exception <a 'java/lang/NoSuchMethodError'{0x000000008c95fc10}: <clinit>> (0x000000008c95fc10) thrown at [./src/hotspot/share/prims/jni.cpp, line 1362]
Event: 10.646 Thread 0x0000020cbaf5b800 Exception <a 'java/lang/NoSuchMethodError'{0x000000008c961170}: <clinit>> (0x000000008c961170) thrown at [./src/hotspot/share/prims/jni.cpp, line 1362]
Event: 10.649 Thread 0x0000020cbd22e000 Exception <a 'java/lang/NoSuchMethodError'{0x000000008c9767d0}: <clinit>> (0x000000008c9767d0) thrown at [./src/hotspot/share/prims/jni.cpp, line 1362]
Event: 10.651 Thread 0x0000020cbd22e000 Exception <a 'java/lang/NoSuchMethodError'{0x000000008c98aba0}: <clinit>> (0x000000008c98aba0) thrown at [./src/hotspot/share/prims/jni.cpp, line 1362]
Event: 10.652 Thread 0x0000020cbd22e000 Exception <a 'java/lang/NoSuchMethodError'{0x000000008c9a3e28}: <clinit>> (0x000000008c9a3e28) thrown at [./src/hotspot/share/prims/jni.cpp, line 1362]
Event: 10.699 Thread 0x0000020cbaf5b800 Exception <a 'java/lang/NoSuchMethodError'{0x000000008c96d900}: <clinit>> (0x000000008c96d900) thrown at [./src/hotspot/share/prims/jni.cpp, line 1362]
Event: 10.718 Thread 0x0000020cbad1d000 Exception <a 'java/lang/NoSuchMethodError'{0x000000008c5c4c88}: 'java.lang.Object java.lang.invoke.Invokers$Holder.linkToTargetMethod(java.lang.Object, java.lang.Object, java.lang.Object, int, java.lang.Object, java.lang.Object)'> (0x000000008c5c4c88) thrown at [./src/hotspot/share/interpreter/linkResolver.cpp, line 773]
Event: 10.729 Thread 0x0000020cbad1d000 Exception <a 'java/lang/IncompatibleClassChangeError'{0x000000008c42ffc8}: Found class java.lang.Object, but interface was expected> (0x000000008c42ffc8) thrown at [./src/hotspot/share/interpreter/linkResolver.cpp, line 839]
Event: 10.744 Thread 0x0000020cbad1d000 Exception <a 'java/lang/NoSuchMethodError'{0x000000008c24a8a8}: 'int java.lang.invoke.DirectMethodHandle$Holder.invokeStaticInit(java.lang.Object, java.lang.Object, java.lang.Object, java.lang.Object, java.lang.Object)'> (0x000000008c24a8a8) thrown at [./src/hotspot/share/interpreter/linkResolver.cpp, line 773]
Event: 11.009 Thread 0x0000020cbd22c800 Exception <a 'java/lang/NoSuchMethodError'{0x000000008b798878}: 'java.lang.Object java.lang.invoke.DirectMethodHandle$Holder.invokeSpecialIFC(java.lang.Object, java.lang.Object, java.lang.Object)'> (0x000000008b798878) thrown at [./src/hotspot/share/interpreter/linkResolver.cpp, line 773]
Event: 11.372 Thread 0x0000020cbd22c800 Exception <a 'java/lang/NoSuchMethodError'{0x000000008a71e060}: 'void java.lang.invoke.DirectMethodHandle$Holder.invokeVirtual(java.lang.Object, java.lang.Object)'> (0x000000008a71e060) thrown at [./src/hotspot/share/interpreter/linkResolver.cpp, line 773]

Events (20 events):
Event: 12.624 loading class org/apache/xerces/dom/DOMImplementationImpl
Event: 12.624 loading class org/apache/xerces/dom/DOMImplementationImpl done
Event: 12.624 loading class org/w3c/dom/DOMImplementation
Event: 12.624 loading class org/w3c/dom/DOMImplementation done
Event: 12.624 loading class org/apache/xerces/dom/CoreDOMImplementationImpl
Event: 12.624 loading class org/apache/xerces/dom/CoreDOMImplementationImpl done
Event: 12.625 loading class org/w3c/dom/ls/DOMImplementationLS
Event: 12.625 loading class org/w3c/dom/ls/DOMImplementationLS done
Event: 12.625 loading class org/w3c/dom/ls/LSParser
Event: 12.625 loading class org/w3c/dom/ls/LSParser done
Event: 12.625 loading class org/w3c/dom/ls/LSInput
Event: 12.625 loading class org/w3c/dom/ls/LSInput done
Event: 12.625 loading class org/w3c/dom/ls/LSOutput
Event: 12.625 loading class org/w3c/dom/ls/LSOutput done
Event: 12.625 loading class org/w3c/dom/ls/LSSerializer
Event: 12.625 loading class org/w3c/dom/ls/LSSerializer done
Event: 12.626 loading class org/apache/xerces/dom/DeferredDOMImplementationImpl
Event: 12.626 loading class org/apache/xerces/dom/DeferredDOMImplementationImpl done
Event: 12.668 loading class com/android/utils/XmlUtils$PositionAwareStringBuilder
Event: 12.668 loading class com/android/utils/XmlUtils$PositionAwareStringBuilder done


Dynamic libraries:
0x00007ff6d3b70000 - 0x00007ff6d3b7a000 	E:\Android Studio\jre\bin\java.exe
0x00007ffdfe610000 - 0x00007ffdfe805000 	C:\WINDOWS\SYSTEM32\ntdll.dll
0x00007ffdfd050000 - 0x00007ffdfd10e000 	C:\WINDOWS\System32\KERNEL32.DLL
0x00007ffdfbfb0000 - 0x00007ffdfc278000 	C:\WINDOWS\System32\KERNELBASE.dll
0x00007ffdfbd80000 - 0x00007ffdfbe80000 	C:\WINDOWS\System32\ucrtbase.dll
0x00007ffdf1830000 - 0x00007ffdf1847000 	E:\Android Studio\jre\bin\VCRUNTIME140.dll
0x00007ffdec540000 - 0x00007ffdec559000 	E:\Android Studio\jre\bin\jli.dll
0x00007ffdfe300000 - 0x00007ffdfe4a0000 	C:\WINDOWS\System32\USER32.dll
0x00007ffdfc610000 - 0x00007ffdfc632000 	C:\WINDOWS\System32\win32u.dll
0x00007ffdfd020000 - 0x00007ffdfd04b000 	C:\WINDOWS\System32\GDI32.dll
0x00007ffdefb00000 - 0x00007ffdefd9a000 	C:\WINDOWS\WinSxS\amd64_microsoft.windows.common-controls_6595b64144ccf1df_6.0.19041.1110_none_60b5254171f9507e\COMCTL32.dll
0x00007ffdfc280000 - 0x00007ffdfc38b000 	C:\WINDOWS\System32\gdi32full.dll
0x00007ffdfbe80000 - 0x00007ffdfbf1d000 	C:\WINDOWS\System32\msvcp_win.dll
0x00007ffdfcb90000 - 0x00007ffdfcc2e000 	C:\WINDOWS\System32\msvcrt.dll
0x00007ffdfce00000 - 0x00007ffdfce30000 	C:\WINDOWS\System32\IMM32.DLL
0x00007ffdd67b0000 - 0x00007ffdd684d000 	E:\Android Studio\jre\bin\msvcp140.dll
0x00007ffd78ca0000 - 0x00007ffd7976f000 	E:\Android Studio\jre\bin\server\jvm.dll
0x00007ffdfd230000 - 0x00007ffdfd2de000 	C:\WINDOWS\System32\ADVAPI32.dll
0x00007ffdfce30000 - 0x00007ffdfcecc000 	C:\WINDOWS\System32\sechost.dll
0x00007ffdfe4a0000 - 0x00007ffdfe5c5000 	C:\WINDOWS\System32\RPCRT4.dll
0x00007ffdfd470000 - 0x00007ffdfd478000 	C:\WINDOWS\System32\PSAPI.DLL
0x00007ffdf6ef0000 - 0x00007ffdf6ef9000 	C:\WINDOWS\SYSTEM32\WSOCK32.dll
0x00007ffdfcfb0000 - 0x00007ffdfd01b000 	C:\WINDOWS\System32\WS2_32.dll
0x00007ffde4800000 - 0x00007ffde4827000 	C:\WINDOWS\SYSTEM32\WINMM.dll
0x00007ffdf4770000 - 0x00007ffdf477a000 	C:\WINDOWS\SYSTEM32\VERSION.dll
0x00007ffdf9b80000 - 0x00007ffdf9b92000 	C:\WINDOWS\SYSTEM32\kernel.appcore.dll
0x00007ffdecba0000 - 0x00007ffdecbb1000 	E:\Android Studio\jre\bin\verify.dll
0x00007ffdf3520000 - 0x00007ffdf3704000 	C:\WINDOWS\SYSTEM32\DBGHELP.DLL
0x00007ffdf3780000 - 0x00007ffdf37ac000 	C:\WINDOWS\SYSTEM32\dbgcore.DLL
0x00007ffdfbf20000 - 0x00007ffdfbfa2000 	C:\WINDOWS\System32\bcryptPrimitives.dll
0x00007ffdeae50000 - 0x00007ffdeae79000 	E:\Android Studio\jre\bin\java.dll
0x00007ffdf6ee0000 - 0x00007ffdf6eeb000 	E:\Android Studio\jre\bin\jimage.dll
0x00007ffde8540000 - 0x00007ffde8558000 	E:\Android Studio\jre\bin\zip.dll
0x00007ffdfd5c0000 - 0x00007ffdfdd04000 	C:\WINDOWS\System32\SHELL32.dll
0x00007ffdf9e60000 - 0x00007ffdfa5f4000 	C:\WINDOWS\SYSTEM32\windows.storage.dll
0x00007ffdfdd90000 - 0x00007ffdfe0e4000 	C:\WINDOWS\System32\combase.dll
0x00007ffdfb6c0000 - 0x00007ffdfb6ec000 	C:\WINDOWS\SYSTEM32\Wldp.dll
0x00007ffdfc670000 - 0x00007ffdfc71d000 	C:\WINDOWS\System32\SHCORE.dll
0x00007ffdfcf50000 - 0x00007ffdfcfa5000 	C:\WINDOWS\System32\shlwapi.dll
0x00007ffdfbc70000 - 0x00007ffdfbc8f000 	C:\WINDOWS\SYSTEM32\profapi.dll
0x00007ffde8520000 - 0x00007ffde853a000 	E:\Android Studio\jre\bin\net.dll
0x00007ffdf1870000 - 0x00007ffdf1979000 	C:\WINDOWS\SYSTEM32\WINHTTP.dll
0x00007ffdfb420000 - 0x00007ffdfb48a000 	C:\WINDOWS\system32\mswsock.dll
0x00007ffde80f0000 - 0x00007ffde8104000 	E:\Android Studio\jre\bin\nio.dll
0x00007ffde8400000 - 0x00007ffde8427000 	C:\Users\Jaen\.gradle\native\8bec1ad78214c89d9ad589b4d07fe93259594b29d510b10fafb7a158f7737e5d\windows-amd64\native-platform.dll
0x00007ffdd5fb0000 - 0x00007ffdd60ed000 	C:\Users\Jaen\.gradle\native\53dbd7edfb1c66fb8903c78663c9afc45aea4f116125fa6feffd364cf09443e8\windows-amd64\native-platform-file-events.dll
0x00007ffdee400000 - 0x00007ffdee40a000 	E:\Android Studio\jre\bin\management.dll
0x00007ffded4f0000 - 0x00007ffded4fc000 	E:\Android Studio\jre\bin\management_ext.dll
0x00007ffdfb610000 - 0x00007ffdfb628000 	C:\WINDOWS\SYSTEM32\CRYPTSP.dll
0x00007ffdfada0000 - 0x00007ffdfadd4000 	C:\WINDOWS\system32\rsaenh.dll
0x00007ffdfc640000 - 0x00007ffdfc667000 	C:\WINDOWS\System32\bcrypt.dll
0x00007ffdfbc30000 - 0x00007ffdfbc5e000 	C:\WINDOWS\SYSTEM32\USERENV.dll
0x00007ffdfb630000 - 0x00007ffdfb63c000 	C:\WINDOWS\SYSTEM32\CRYPTBASE.dll
0x00007ffdfb110000 - 0x00007ffdfb14b000 	C:\WINDOWS\SYSTEM32\IPHLPAPI.DLL
0x00007ffdfd5b0000 - 0x00007ffdfd5b8000 	C:\WINDOWS\System32\NSI.dll
0x00007ffdf49c0000 - 0x00007ffdf49d7000 	C:\WINDOWS\SYSTEM32\dhcpcsvc6.DLL
0x00007ffdf4940000 - 0x00007ffdf495d000 	C:\WINDOWS\SYSTEM32\dhcpcsvc.DLL
0x00007ffdfb150000 - 0x00007ffdfb21a000 	C:\WINDOWS\SYSTEM32\DNSAPI.dll

dbghelp: loaded successfully - version: 4.0.5 - missing functions: none
symbol engine: initialized successfully - sym options: 0x614 - pdb path: .;E:\Android Studio\jre\bin;C:\WINDOWS\SYSTEM32;C:\WINDOWS\WinSxS\amd64_microsoft.windows.common-controls_6595b64144ccf1df_6.0.19041.1110_none_60b5254171f9507e;E:\Android Studio\jre\bin\server;C:\Users\Jaen\.gradle\native\8bec1ad78214c89d9ad589b4d07fe93259594b29d510b10fafb7a158f7737e5d\windows-amd64;C:\Users\Jaen\.gradle\native\53dbd7edfb1c66fb8903c78663c9afc45aea4f116125fa6feffd364cf09443e8\windows-amd64

VM Arguments:
jvm_args: --add-opens=java.base/java.util=ALL-UNNAMED --add-opens=java.base/java.lang=ALL-UNNAMED --add-opens=java.base/java.lang.invoke=ALL-UNNAMED --add-opens=java.base/java.util=ALL-UNNAMED --add-opens=java.prefs/java.util.prefs=ALL-UNNAMED --add-opens=java.prefs/java.util.prefs=ALL-UNNAMED --add-opens=java.base/java.nio.charset=ALL-UNNAMED --add-opens=java.base/java.net=ALL-UNNAMED --add-opens=java.base/java.util.concurrent.atomic=ALL-UNNAMED -Xmx2048m -Dfile.encoding=UTF-8 -Duser.country=US -Duser.language=en -Duser.variant 
java_command: org.gradle.launcher.daemon.bootstrap.GradleDaemon 7.0.2
java_class_path (initial): C:\Users\Jaen\.gradle\wrapper\dists\gradle-7.0.2-bin\857tjihv64xamwrf0h14cai3r\gradle-7.0.2\lib\gradle-launcher-7.0.2.jar
Launcher Type: SUN_STANDARD

[Global flags]
     intx CICompilerCount                          = 2                                         {product} {ergonomic}
     uint ConcGCThreads                            = 1                                         {product} {ergonomic}
     uint G1ConcRefinementThreads                  = 2                                         {product} {ergonomic}
   size_t G1HeapRegionSize                         = 1048576                                   {product} {ergonomic}
    uintx GCDrainStackTargetSize                   = 64                                        {product} {ergonomic}
   size_t InitialHeapSize                          = 239075328                                 {product} {ergonomic}
   size_t MarkStackSize                            = 4194304                                   {product} {ergonomic}
   size_t MaxHeapSize                              = 2147483648                                {product} {command line}
   size_t MaxNewSize                               = 1287651328                                {product} {ergonomic}
   size_t MinHeapDeltaBytes                        = 1048576                                   {product} {ergonomic}
    uintx NonNMethodCodeHeapSize                   = 5825164                                {pd product} {ergonomic}
    uintx NonProfiledCodeHeapSize                  = 122916538                              {pd product} {ergonomic}
    uintx ProfiledCodeHeapSize                     = 122916538                              {pd product} {ergonomic}
    uintx ReservedCodeCacheSize                    = 251658240                              {pd product} {ergonomic}
     bool SegmentedCodeCache                       = true                                      {product} {ergonomic}
     bool UseCompressedClassPointers               = true                                 {lp64_product} {ergonomic}
     bool UseCompressedOops                        = true                                 {lp64_product} {ergonomic}
     bool UseG1GC                                  = true                                      {product} {ergonomic}
     bool UseLargePagesIndividualAllocation        = false                                  {pd product} {ergonomic}

Logging:
Log output configuration:
 #0: stdout all=warning uptime,level,tags
 #1: stderr all=off uptime,level,tags

Environment Variables:
PATH=C:\ProgramData\Oracle\Java\javapath;C:\Program Files\Common Files\Oracle\Java\javapath;C:\Program Files (x86)\Common Files\Oracle\Java\javapath;C:\Windows\system32;C:\Windows;C:\Windows\System32\Wbem;C:\Windows\System32\WindowsPowerShell\v1.0\;C:\Program Files (x86)\NVIDIA Corporation\PhysX\Common;C:\WINDOWS\system32;C:\WINDOWS;C:\WINDOWS\System32\Wbem;C:\WINDOWS\System32\WindowsPowerShell\v1.0\;C:\WINDOWS\System32\OpenSSH\;C:\ffmpeg\bin;E:\ffmpeg-20210804-65fdc0e589-win64-static;C:\Program Files\Git\cmd;E:\Program Files\NVIDIA Corporation\NVIDIA NvDLISR;C:\Users\Jaen\AppData\Local\Programs\Python\Python38-32\Scripts\;C:\Users\Jaen\AppData\Local\Programs\Python\Python38-32\;C:\Users\Jaen\AppData\Local\Microsoft\WindowsApps;
USERNAME=Jaen
OS=Windows_NT
PROCESSOR_IDENTIFIER=Intel64 Family 6 Model 158 Stepping 11, GenuineIntel



---------------  S Y S T E M  ---------------

OS: Windows 10 , 64 bit Build 19041 (10.0.19041.1566)
OS uptime: 8 days 13:23 hours

CPU:total 2 (initial active 2) (4 cores per cpu, 1 threads per core) family 6 model 158 stepping 11 microcode 0xb4, cmov, cx8, fxsr, mmx, sse, sse2, sse3, ssse3, sse4.1, sse4.2, popcnt, avx, avx2, aes, clmul, erms, 3dnowpref, lzcnt, tsc, tscinvbit, bmi1, bmi2, adx, fma

Memory: 4k page, system-wide physical 14540M (1772M free)
TotalPageFile size 14540M (AvailPageFile size 11M)
current process WorkingSet (physical memory assigned to process): 462M, peak: 462M
current process commit charge ("private bytes"): 523M, peak: 524M

vm_info: OpenJDK 64-Bit Server VM (11.0.10+0-b96-7249189) for windows-amd64 JRE (11.0.10+0-b96-7249189), built on Mar 31 2021 21:44:00 by "builder" with MS VC++ 14.0 (VS2015)

END.
