#
# There is insufficient memory for the Java Runtime Environment to continue.
# Native memory allocation (malloc) failed to allocate 131088 bytes for Chunk::new
# Possible reasons:
#   The system is out of physical RAM or swap space
#   The process is running with CompressedOops enabled, and the Java Heap may be blocking the growth of the native heap
# Possible solutions:
#   Reduce memory load on the system
#   Increase physical memory or swap space
#   Check if swap backing store is full
#   Decrease Java heap size (-Xmx/-Xms)
#   Decrease number of Java threads
#   Decrease Java thread stack sizes (-Xss)
#   Set larger code cache with -XX:ReservedCodeCacheSize=
#   JVM is running with Unscaled Compressed Oops mode in which the Java heap is
#     placed in the first 4GB address space. The Java Heap base address is the
#     maximum limit for the native heap growth. Please use -XX:HeapBaseMinAddress
#     to set the Java Heap base and to place the Java Heap above 4GB virtual address.
# This output file may be truncated or incomplete.
#
#  Out of Memory Error (./src/hotspot/share/memory/arena.cpp:197), pid=1048, tid=11204
#
# JRE version: OpenJDK Runtime Environment (11.0.10) (build 11.0.10+0-b96-7249189)
# Java VM: OpenJDK 64-Bit Server VM (11.0.10+0-b96-7249189, mixed mode, tiered, compressed oops, g1 gc, windows-amd64)
# No core dump will be written. Minidumps are not enabled by default on client versions of Windows
#

---------------  S U M M A R Y ------------

Command Line: --add-opens=java.base/java.util=ALL-UNNAMED --add-opens=java.base/java.lang=ALL-UNNAMED --add-opens=java.base/java.lang.invoke=ALL-UNNAMED --add-opens=java.base/java.util=ALL-UNNAMED --add-opens=java.prefs/java.util.prefs=ALL-UNNAMED --add-opens=java.prefs/java.util.prefs=ALL-UNNAMED --add-opens=java.base/java.nio.charset=ALL-UNNAMED --add-opens=java.base/java.net=ALL-UNNAMED --add-opens=java.base/java.util.concurrent.atomic=ALL-UNNAMED -Xmx2048m -Dfile.encoding=UTF-8 -Duser.country=US -Duser.language=en -Duser.variant org.gradle.launcher.daemon.bootstrap.GradleDaemon 7.0.2

Host: Intel(R) Core(TM) i3-8100 CPU @ 3.60GHz, 2 cores, 14G,  Windows 10 , 64 bit Build 19041 (10.0.19041.1566)
Time: Fri Mar 18 23:04:19 2022 Malay Peninsula Standard Time elapsed time: 2.844971 seconds (0d 0h 0m 2s)

---------------  T H R E A D  ---------------

Current thread (0x000001895c6ee000):  JavaThread "C2 CompilerThread0" daemon [_thread_in_native, id=11204, stack(0x0000000a42b00000,0x0000000a42c00000)]


Current CompileTask:
C2:   2845 2154   !   4       java.net.URLClassLoader$1::run (63 bytes)

Stack: [0x0000000a42b00000,0x0000000a42c00000]
Native frames: (J=compiled Java code, j=interpreted, Vv=VM code, C=native code)
V  [jvm.dll+0x5ecfaa]
V  [jvm.dll+0x722bd5]
V  [jvm.dll+0x72412d]
V  [jvm.dll+0x7247e3]
V  [jvm.dll+0x242928]
V  [jvm.dll+0xbc4fc]
V  [jvm.dll+0xbca0c]
V  [jvm.dll+0xbc608]
V  [jvm.dll+0x5cc470]
V  [jvm.dll+0x61767c]
V  [jvm.dll+0x1fc81f]
V  [jvm.dll+0x1fa77f]
V  [jvm.dll+0x18354c]
V  [jvm.dll+0x208ee7]
V  [jvm.dll+0x207731]
V  [jvm.dll+0x6eb1cf]
V  [jvm.dll+0x6e3d45]
V  [jvm.dll+0x5ebe96]
C  [ucrtbase.dll+0x21bb2]
C  [KERNEL32.DLL+0x17034]
C  [ntdll.dll+0x52651]


---------------  P R O C E S S  ---------------

Threads class SMR info:
_java_thread_list=0x000001895efb4440, length=24, elements={
0x0000018941ef6800, 0x000001895be7e800, 0x000001895be81800, 0x000001895c6e5800,
0x000001895c6e7800, 0x000001895c6eb000, 0x000001895c6ee000, 0x000001895c745000,
0x000001895c747800, 0x000001895c855000, 0x000001895e9ec000, 0x000001895dd1d000,
0x000001895da92800, 0x000001895e215800, 0x000001895d617800, 0x000001895e125800,
0x000001895dbf0800, 0x000001895e84a000, 0x000001895d5d0000, 0x000001895e241000,
0x000001895e240000, 0x000001895e23f800, 0x000001895e241800, 0x000001895e242800
}

Java Threads: ( => current thread )
  0x0000018941ef6800 JavaThread "main" [_thread_blocked, id=2340, stack(0x0000000a41e00000,0x0000000a41f00000)]
  0x000001895be7e800 JavaThread "Reference Handler" daemon [_thread_blocked, id=4604, stack(0x0000000a42600000,0x0000000a42700000)]
  0x000001895be81800 JavaThread "Finalizer" daemon [_thread_blocked, id=5116, stack(0x0000000a42700000,0x0000000a42800000)]
  0x000001895c6e5800 JavaThread "Signal Dispatcher" daemon [_thread_blocked, id=12904, stack(0x0000000a42800000,0x0000000a42900000)]
  0x000001895c6e7800 JavaThread "Attach Listener" daemon [_thread_blocked, id=8904, stack(0x0000000a42900000,0x0000000a42a00000)]
  0x000001895c6eb000 JavaThread "Service Thread" daemon [_thread_blocked, id=8996, stack(0x0000000a42a00000,0x0000000a42b00000)]
=>0x000001895c6ee000 JavaThread "C2 CompilerThread0" daemon [_thread_in_native, id=11204, stack(0x0000000a42b00000,0x0000000a42c00000)]
  0x000001895c745000 JavaThread "C1 CompilerThread0" daemon [_thread_blocked, id=9348, stack(0x0000000a42c00000,0x0000000a42d00000)]
  0x000001895c747800 JavaThread "Sweeper thread" daemon [_thread_blocked, id=9204, stack(0x0000000a42d00000,0x0000000a42e00000)]
  0x000001895c855000 JavaThread "Common-Cleaner" daemon [_thread_blocked, id=13824, stack(0x0000000a42e00000,0x0000000a42f00000)]
  0x000001895e9ec000 JavaThread "Daemon health stats" [_thread_blocked, id=13964, stack(0x0000000a43100000,0x0000000a43200000)]
  0x000001895dd1d000 JavaThread "Incoming local TCP Connector on port 54894" [_thread_in_native, id=16252, stack(0x0000000a43200000,0x0000000a43300000)]
  0x000001895da92800 JavaThread "Daemon periodic checks" [_thread_blocked, id=6612, stack(0x0000000a43300000,0x0000000a43400000)]
  0x000001895e215800 JavaThread "Daemon" [_thread_blocked, id=9512, stack(0x0000000a43400000,0x0000000a43500000)]
  0x000001895d617800 JavaThread "Handler for socket connection from /127.0.0.1:54894 to /127.0.0.1:54895" [_thread_in_native, id=3120, stack(0x0000000a43500000,0x0000000a43600000)]
  0x000001895e125800 JavaThread "Cancel handler" [_thread_blocked, id=4128, stack(0x0000000a43600000,0x0000000a43700000)]
  0x000001895dbf0800 JavaThread "Daemon worker" [_thread_blocked, id=9164, stack(0x0000000a43700000,0x0000000a43800000)]
  0x000001895e84a000 JavaThread "Asynchronous log dispatcher for DefaultDaemonConnection: socket connection from /127.0.0.1:54894 to /127.0.0.1:54895" [_thread_blocked, id=6188, stack(0x0000000a43800000,0x0000000a43900000)]
  0x000001895d5d0000 JavaThread "Stdin handler" [_thread_blocked, id=3704, stack(0x0000000a43900000,0x0000000a43a00000)]
  0x000001895e241000 JavaThread "Daemon client event forwarder" [_thread_blocked, id=16184, stack(0x0000000a43a00000,0x0000000a43b00000)]
  0x000001895e240000 JavaThread "Cache worker for file hash cache (C:\Users\Jaen\.gradle\caches\7.0.2\fileHashes)" [_thread_blocked, id=17168, stack(0x0000000a43b00000,0x0000000a43c00000)]
  0x000001895e23f800 JavaThread "File lock request listener" [_thread_in_native, id=6252, stack(0x0000000a43c00000,0x0000000a43d00000)]
  0x000001895e241800 JavaThread "Cache worker for journal cache (C:\Users\Jaen\.gradle\caches\journal-1)" [_thread_blocked, id=6900, stack(0x0000000a43d00000,0x0000000a43e00000)]
  0x000001895e242800 JavaThread "Cache worker for file hash cache (C:\Users\Jaen\AndroidStudioProjects\Toyoda_TurnBasedGame\.gradle\7.0.2\fileHashes)" [_thread_blocked, id=12644, stack(0x0000000a43e00000,0x0000000a43f00000)]

Other Threads:
  0x000001895c693000 VMThread "VM Thread" [stack: 0x0000000a42500000,0x0000000a42600000] [id=8732]
  0x000001895c85b800 WatcherThread [stack: 0x0000000a42f00000,0x0000000a43000000] [id=7356]
  0x0000018941f10000 GCTaskThread "GC Thread#0" [stack: 0x0000000a42000000,0x0000000a42100000] [id=868]
  0x000001895cc93800 GCTaskThread "GC Thread#1" [stack: 0x0000000a43000000,0x0000000a43100000] [id=16924]
  0x0000018941f42000 ConcurrentGCThread "G1 Main Marker" [stack: 0x0000000a42100000,0x0000000a42200000] [id=16676]
  0x0000018941f44800 ConcurrentGCThread "G1 Conc#0" [stack: 0x0000000a42200000,0x0000000a42300000] [id=15160]
  0x0000018941fde000 ConcurrentGCThread "G1 Refine#0" [stack: 0x0000000a42300000,0x0000000a42400000] [id=11072]
  0x000001895bcd0800 ConcurrentGCThread "G1 Young RemSet Sampling" [stack: 0x0000000a42400000,0x0000000a42500000] [id=13524]

Threads with active compile tasks:
C2 CompilerThread0   2873 2154   !   4       java.net.URLClassLoader$1::run (63 bytes)

VM state:at safepoint (normal execution)

VM Mutex/Monitor currently owned by a thread:  ([mutex/lock_event])
[0x0000018941ef4d20] Threads_lock - owner thread: 0x000001895c693000
[0x0000018941ef3f10] Heap_lock - owner thread: 0x000001895dbf0800

Heap address: 0x0000000080000000, size: 2048 MB, Compressed Oops mode: 32-bit
Narrow klass base: 0x0000000000000000, Narrow klass shift: 3
Compressed class space size: 1073741824 Address: 0x0000000100000000

Heap:
 garbage-first heap   total 233472K, used 60944K [0x0000000080000000, 0x0000000100000000)
  region size 1024K, 45 young (46080K), 2 survivors (2048K)
 Metaspace       used 25064K, capacity 25575K, committed 25648K, reserved 1077248K
  class space    used 3239K, capacity 3421K, committed 3456K, reserved 1048576K
Heap Regions: E=young(eden), S=young(survivor), O=old, HS=humongous(starts), HC=humongous(continues), CS=collection set, F=free, A=archive, TAMS=top-at-mark-start (previous, next)
|   0|0x0000000080000000, 0x0000000080100000, 0x0000000080100000|100%|HS|  |TAMS 0x0000000080100000, 0x0000000080100000| Complete 
|   1|0x0000000080100000, 0x0000000080200000, 0x0000000080200000|100%|HC|  |TAMS 0x0000000080200000, 0x0000000080200000| Complete 
|   2|0x0000000080200000, 0x0000000080300000, 0x0000000080300000|100%|HC|  |TAMS 0x0000000080300000, 0x0000000080300000| Complete 
|   3|0x0000000080300000, 0x0000000080400000, 0x0000000080400000|100%| O|  |TAMS 0x0000000080400000, 0x0000000080400000| Untracked 
|   4|0x0000000080400000, 0x0000000080500000, 0x0000000080500000|100%| O|  |TAMS 0x0000000080500000, 0x0000000080500000| Untracked 
|   5|0x0000000080500000, 0x0000000080600000, 0x0000000080600000|100%| O|  |TAMS 0x0000000080600000, 0x0000000080600000| Untracked 
|   6|0x0000000080600000, 0x0000000080700000, 0x0000000080700000|100%| O|  |TAMS 0x0000000080700000, 0x0000000080700000| Untracked 
|   7|0x0000000080700000, 0x0000000080800000, 0x0000000080800000|100%| O|  |TAMS 0x0000000080800000, 0x0000000080800000| Untracked 
|   8|0x0000000080800000, 0x0000000080900000, 0x0000000080900000|100%| O|  |TAMS 0x00000000808c4e00, 0x0000000080900000| Untracked 
|   9|0x0000000080900000, 0x0000000080a00000, 0x0000000080a00000|100%| O|  |TAMS 0x0000000080900000, 0x0000000080a00000| Untracked 
|  10|0x0000000080a00000, 0x0000000080b00000, 0x0000000080b00000|100%| O|  |TAMS 0x0000000080a00000, 0x0000000080b00000| Untracked 
|  11|0x0000000080b00000, 0x0000000080c00000, 0x0000000080c00000|100%| O|  |TAMS 0x0000000080b00000, 0x0000000080c00000| Untracked 
|  12|0x0000000080c00000, 0x0000000080d00000, 0x0000000080d00000|100%| O|  |TAMS 0x0000000080c00000, 0x0000000080d00000| Untracked 
|  13|0x0000000080d00000, 0x0000000080e00000, 0x0000000080e00000|100%| O|  |TAMS 0x0000000080d00000, 0x0000000080e00000| Untracked 
|  14|0x0000000080e00000, 0x0000000080ef2140, 0x0000000080f00000| 94%| O|  |TAMS 0x0000000080e00000, 0x0000000080f00000| Untracked 
|  15|0x0000000080f00000, 0x0000000080f00000, 0x0000000081000000|  0%| F|  |TAMS 0x0000000080f00000, 0x0000000080f00000| Untracked 
|  16|0x0000000081000000, 0x0000000081000000, 0x0000000081100000|  0%| F|  |TAMS 0x0000000081000000, 0x0000000081000000| Untracked 
|  17|0x0000000081100000, 0x0000000081100000, 0x0000000081200000|  0%| F|  |TAMS 0x0000000081100000, 0x0000000081100000| Untracked 
|  18|0x0000000081200000, 0x0000000081200000, 0x0000000081300000|  0%| F|  |TAMS 0x0000000081200000, 0x0000000081200000| Untracked 
|  19|0x0000000081300000, 0x0000000081300000, 0x0000000081400000|  0%| F|  |TAMS 0x0000000081300000, 0x0000000081300000| Untracked 
|  20|0x0000000081400000, 0x0000000081400000, 0x0000000081500000|  0%| F|  |TAMS 0x0000000081400000, 0x0000000081400000| Untracked 
|  21|0x0000000081500000, 0x0000000081500000, 0x0000000081600000|  0%| F|  |TAMS 0x0000000081500000, 0x0000000081500000| Untracked 
|  22|0x0000000081600000, 0x0000000081600000, 0x0000000081700000|  0%| F|  |TAMS 0x0000000081600000, 0x0000000081600000| Untracked 
|  23|0x0000000081700000, 0x0000000081700000, 0x0000000081800000|  0%| F|  |TAMS 0x0000000081700000, 0x0000000081700000| Untracked 
|  24|0x0000000081800000, 0x0000000081800000, 0x0000000081900000|  0%| F|  |TAMS 0x0000000081800000, 0x0000000081800000| Untracked 
|  25|0x0000000081900000, 0x0000000081900000, 0x0000000081a00000|  0%| F|  |TAMS 0x0000000081900000, 0x0000000081900000| Untracked 
|  26|0x0000000081a00000, 0x0000000081a00000, 0x0000000081b00000|  0%| F|  |TAMS 0x0000000081a00000, 0x0000000081a00000| Untracked 
|  27|0x0000000081b00000, 0x0000000081b00000, 0x0000000081c00000|  0%| F|  |TAMS 0x0000000081b00000, 0x0000000081b00000| Untracked 
|  28|0x0000000081c00000, 0x0000000081c00000, 0x0000000081d00000|  0%| F|  |TAMS 0x0000000081c00000, 0x0000000081c00000| Untracked 
|  29|0x0000000081d00000, 0x0000000081d00000, 0x0000000081e00000|  0%| F|  |TAMS 0x0000000081d00000, 0x0000000081d00000| Untracked 
|  30|0x0000000081e00000, 0x0000000081e00000, 0x0000000081f00000|  0%| F|  |TAMS 0x0000000081e00000, 0x0000000081e00000| Untracked 
|  31|0x0000000081f00000, 0x0000000081f00000, 0x0000000082000000|  0%| F|  |TAMS 0x0000000081f00000, 0x0000000081f00000| Untracked 
|  32|0x0000000082000000, 0x0000000082000000, 0x0000000082100000|  0%| F|  |TAMS 0x0000000082000000, 0x0000000082000000| Untracked 
|  33|0x0000000082100000, 0x0000000082100000, 0x0000000082200000|  0%| F|  |TAMS 0x0000000082100000, 0x0000000082100000| Untracked 
|  34|0x0000000082200000, 0x0000000082200000, 0x0000000082300000|  0%| F|  |TAMS 0x0000000082200000, 0x0000000082200000| Untracked 
|  35|0x0000000082300000, 0x0000000082300000, 0x0000000082400000|  0%| F|  |TAMS 0x0000000082300000, 0x0000000082300000| Untracked 
|  36|0x0000000082400000, 0x0000000082400000, 0x0000000082500000|  0%| F|  |TAMS 0x0000000082400000, 0x0000000082400000| Untracked 
|  37|0x0000000082500000, 0x0000000082500000, 0x0000000082600000|  0%| F|  |TAMS 0x0000000082500000, 0x0000000082500000| Untracked 
|  38|0x0000000082600000, 0x0000000082600000, 0x0000000082700000|  0%| F|  |TAMS 0x0000000082600000, 0x0000000082600000| Untracked 
|  39|0x0000000082700000, 0x0000000082700000, 0x0000000082800000|  0%| F|  |TAMS 0x0000000082700000, 0x0000000082700000| Untracked 
|  40|0x0000000082800000, 0x0000000082800000, 0x0000000082900000|  0%| F|  |TAMS 0x0000000082800000, 0x0000000082800000| Untracked 
|  41|0x0000000082900000, 0x0000000082900000, 0x0000000082a00000|  0%| F|  |TAMS 0x0000000082900000, 0x0000000082900000| Untracked 
|  42|0x0000000082a00000, 0x0000000082a00000, 0x0000000082b00000|  0%| F|  |TAMS 0x0000000082a00000, 0x0000000082a00000| Untracked 
|  43|0x0000000082b00000, 0x0000000082b00000, 0x0000000082c00000|  0%| F|  |TAMS 0x0000000082b00000, 0x0000000082b00000| Untracked 
|  44|0x0000000082c00000, 0x0000000082c00000, 0x0000000082d00000|  0%| F|  |TAMS 0x0000000082c00000, 0x0000000082c00000| Untracked 
|  45|0x0000000082d00000, 0x0000000082d00000, 0x0000000082e00000|  0%| F|  |TAMS 0x0000000082d00000, 0x0000000082d00000| Untracked 
|  46|0x0000000082e00000, 0x0000000082e00000, 0x0000000082f00000|  0%| F|  |TAMS 0x0000000082e00000, 0x0000000082e00000| Untracked 
|  47|0x0000000082f00000, 0x0000000082f00000, 0x0000000083000000|  0%| F|  |TAMS 0x0000000082f00000, 0x0000000082f00000| Untracked 
|  48|0x0000000083000000, 0x0000000083000000, 0x0000000083100000|  0%| F|  |TAMS 0x0000000083000000, 0x0000000083000000| Untracked 
|  49|0x0000000083100000, 0x0000000083100000, 0x0000000083200000|  0%| F|  |TAMS 0x0000000083100000, 0x0000000083100000| Untracked 
|  50|0x0000000083200000, 0x0000000083200000, 0x0000000083300000|  0%| F|  |TAMS 0x0000000083200000, 0x0000000083200000| Untracked 
|  51|0x0000000083300000, 0x0000000083300000, 0x0000000083400000|  0%| F|  |TAMS 0x0000000083300000, 0x0000000083300000| Untracked 
|  52|0x0000000083400000, 0x0000000083400000, 0x0000000083500000|  0%| F|  |TAMS 0x0000000083400000, 0x0000000083400000| Untracked 
|  53|0x0000000083500000, 0x0000000083500000, 0x0000000083600000|  0%| F|  |TAMS 0x0000000083500000, 0x0000000083500000| Untracked 
|  54|0x0000000083600000, 0x0000000083600000, 0x0000000083700000|  0%| F|  |TAMS 0x0000000083600000, 0x0000000083600000| Untracked 
|  55|0x0000000083700000, 0x0000000083700000, 0x0000000083800000|  0%| F|  |TAMS 0x0000000083700000, 0x0000000083700000| Untracked 
|  56|0x0000000083800000, 0x0000000083800000, 0x0000000083900000|  0%| F|  |TAMS 0x0000000083800000, 0x0000000083800000| Untracked 
|  57|0x0000000083900000, 0x0000000083900000, 0x0000000083a00000|  0%| F|  |TAMS 0x0000000083900000, 0x0000000083900000| Untracked 
|  58|0x0000000083a00000, 0x0000000083a00000, 0x0000000083b00000|  0%| F|  |TAMS 0x0000000083a00000, 0x0000000083a00000| Untracked 
|  59|0x0000000083b00000, 0x0000000083b00000, 0x0000000083c00000|  0%| F|  |TAMS 0x0000000083b00000, 0x0000000083b00000| Untracked 
|  60|0x0000000083c00000, 0x0000000083c00000, 0x0000000083d00000|  0%| F|  |TAMS 0x0000000083c00000, 0x0000000083c00000| Untracked 
|  61|0x0000000083d00000, 0x0000000083d00000, 0x0000000083e00000|  0%| F|  |TAMS 0x0000000083d00000, 0x0000000083d00000| Untracked 
|  62|0x0000000083e00000, 0x0000000083e00000, 0x0000000083f00000|  0%| F|  |TAMS 0x0000000083e00000, 0x0000000083e00000| Untracked 
|  63|0x0000000083f00000, 0x0000000083f00000, 0x0000000084000000|  0%| F|  |TAMS 0x0000000083f00000, 0x0000000083f00000| Untracked 
|  64|0x0000000084000000, 0x0000000084000000, 0x0000000084100000|  0%| F|  |TAMS 0x0000000084000000, 0x0000000084000000| Untracked 
|  65|0x0000000084100000, 0x0000000084100000, 0x0000000084200000|  0%| F|  |TAMS 0x0000000084100000, 0x0000000084100000| Untracked 
|  66|0x0000000084200000, 0x0000000084200000, 0x0000000084300000|  0%| F|  |TAMS 0x0000000084200000, 0x0000000084200000| Untracked 
|  67|0x0000000084300000, 0x0000000084300000, 0x0000000084400000|  0%| F|  |TAMS 0x0000000084300000, 0x0000000084300000| Untracked 
|  68|0x0000000084400000, 0x0000000084400000, 0x0000000084500000|  0%| F|  |TAMS 0x0000000084400000, 0x0000000084400000| Untracked 
|  69|0x0000000084500000, 0x0000000084500000, 0x0000000084600000|  0%| F|  |TAMS 0x0000000084500000, 0x0000000084500000| Untracked 
|  70|0x0000000084600000, 0x0000000084600000, 0x0000000084700000|  0%| F|  |TAMS 0x0000000084600000, 0x0000000084600000| Untracked 
|  71|0x0000000084700000, 0x0000000084700000, 0x0000000084800000|  0%| F|  |TAMS 0x0000000084700000, 0x0000000084700000| Untracked 
|  72|0x0000000084800000, 0x0000000084800000, 0x0000000084900000|  0%| F|  |TAMS 0x0000000084800000, 0x0000000084800000| Untracked 
|  73|0x0000000084900000, 0x0000000084900000, 0x0000000084a00000|  0%| F|  |TAMS 0x0000000084900000, 0x0000000084900000| Untracked 
|  74|0x0000000084a00000, 0x0000000084a00000, 0x0000000084b00000|  0%| F|  |TAMS 0x0000000084a00000, 0x0000000084a00000| Untracked 
|  75|0x0000000084b00000, 0x0000000084b00000, 0x0000000084c00000|  0%| F|  |TAMS 0x0000000084b00000, 0x0000000084b00000| Untracked 
|  76|0x0000000084c00000, 0x0000000084c00000, 0x0000000084d00000|  0%| F|  |TAMS 0x0000000084c00000, 0x0000000084c00000| Untracked 
|  77|0x0000000084d00000, 0x0000000084d00000, 0x0000000084e00000|  0%| F|  |TAMS 0x0000000084d00000, 0x0000000084d00000| Untracked 
|  78|0x0000000084e00000, 0x0000000084e00000, 0x0000000084f00000|  0%| F|  |TAMS 0x0000000084e00000, 0x0000000084e00000| Untracked 
|  79|0x0000000084f00000, 0x0000000084f00000, 0x0000000085000000|  0%| F|  |TAMS 0x0000000084f00000, 0x0000000084f00000| Untracked 
|  80|0x0000000085000000, 0x0000000085000000, 0x0000000085100000|  0%| F|  |TAMS 0x0000000085000000, 0x0000000085000000| Untracked 
|  81|0x0000000085100000, 0x0000000085100000, 0x0000000085200000|  0%| F|  |TAMS 0x0000000085100000, 0x0000000085100000| Untracked 
|  82|0x0000000085200000, 0x0000000085200000, 0x0000000085300000|  0%| F|  |TAMS 0x0000000085200000, 0x0000000085200000| Untracked 
|  83|0x0000000085300000, 0x0000000085300000, 0x0000000085400000|  0%| F|  |TAMS 0x0000000085300000, 0x0000000085300000| Untracked 
|  84|0x0000000085400000, 0x0000000085400000, 0x0000000085500000|  0%| F|  |TAMS 0x0000000085400000, 0x0000000085400000| Untracked 
|  85|0x0000000085500000, 0x0000000085500000, 0x0000000085600000|  0%| F|  |TAMS 0x0000000085500000, 0x0000000085500000| Untracked 
|  86|0x0000000085600000, 0x0000000085600000, 0x0000000085700000|  0%| F|  |TAMS 0x0000000085600000, 0x0000000085600000| Untracked 
|  87|0x0000000085700000, 0x0000000085700000, 0x0000000085800000|  0%| F|  |TAMS 0x0000000085700000, 0x0000000085700000| Untracked 
|  88|0x0000000085800000, 0x0000000085800000, 0x0000000085900000|  0%| F|  |TAMS 0x0000000085800000, 0x0000000085800000| Untracked 
|  89|0x0000000085900000, 0x0000000085900000, 0x0000000085a00000|  0%| F|  |TAMS 0x0000000085900000, 0x0000000085900000| Untracked 
|  90|0x0000000085a00000, 0x0000000085a00000, 0x0000000085b00000|  0%| F|  |TAMS 0x0000000085a00000, 0x0000000085a00000| Untracked 
|  91|0x0000000085b00000, 0x0000000085b00000, 0x0000000085c00000|  0%| F|  |TAMS 0x0000000085b00000, 0x0000000085b00000| Untracked 
|  92|0x0000000085c00000, 0x0000000085c00000, 0x0000000085d00000|  0%| F|  |TAMS 0x0000000085c00000, 0x0000000085c00000| Untracked 
|  93|0x0000000085d00000, 0x0000000085d00000, 0x0000000085e00000|  0%| F|  |TAMS 0x0000000085d00000, 0x0000000085d00000| Untracked 
|  94|0x0000000085e00000, 0x0000000085e00000, 0x0000000085f00000|  0%| F|  |TAMS 0x0000000085e00000, 0x0000000085e00000| Untracked 
|  95|0x0000000085f00000, 0x0000000085f00000, 0x0000000086000000|  0%| F|  |TAMS 0x0000000085f00000, 0x0000000085f00000| Untracked 
|  96|0x0000000086000000, 0x0000000086000000, 0x0000000086100000|  0%| F|  |TAMS 0x0000000086000000, 0x0000000086000000| Untracked 
|  97|0x0000000086100000, 0x0000000086100000, 0x0000000086200000|  0%| F|  |TAMS 0x0000000086100000, 0x0000000086100000| Untracked 
|  98|0x0000000086200000, 0x0000000086200000, 0x0000000086300000|  0%| F|  |TAMS 0x0000000086200000, 0x0000000086200000| Untracked 
|  99|0x0000000086300000, 0x0000000086300000, 0x0000000086400000|  0%| F|  |TAMS 0x0000000086300000, 0x0000000086300000| Untracked 
| 100|0x0000000086400000, 0x0000000086400000, 0x0000000086500000|  0%| F|  |TAMS 0x0000000086400000, 0x0000000086400000| Untracked 
| 101|0x0000000086500000, 0x0000000086500000, 0x0000000086600000|  0%| F|  |TAMS 0x0000000086500000, 0x0000000086500000| Untracked 
| 102|0x0000000086600000, 0x0000000086600000, 0x0000000086700000|  0%| F|  |TAMS 0x0000000086600000, 0x0000000086600000| Untracked 
| 103|0x0000000086700000, 0x0000000086700000, 0x0000000086800000|  0%| F|  |TAMS 0x0000000086700000, 0x0000000086700000| Untracked 
| 104|0x0000000086800000, 0x0000000086800000, 0x0000000086900000|  0%| F|  |TAMS 0x0000000086800000, 0x0000000086800000| Untracked 
| 105|0x0000000086900000, 0x0000000086900000, 0x0000000086a00000|  0%| F|  |TAMS 0x0000000086900000, 0x0000000086900000| Untracked 
| 106|0x0000000086a00000, 0x0000000086a00000, 0x0000000086b00000|  0%| F|  |TAMS 0x0000000086a00000, 0x0000000086a00000| Untracked 
| 107|0x0000000086b00000, 0x0000000086b00000, 0x0000000086c00000|  0%| F|  |TAMS 0x0000000086b00000, 0x0000000086b00000| Untracked 
| 108|0x0000000086c00000, 0x0000000086c00000, 0x0000000086d00000|  0%| F|  |TAMS 0x0000000086c00000, 0x0000000086c00000| Untracked 
| 109|0x0000000086d00000, 0x0000000086d00000, 0x0000000086e00000|  0%| F|  |TAMS 0x0000000086d00000, 0x0000000086d00000| Untracked 
| 110|0x0000000086e00000, 0x0000000086e00000, 0x0000000086f00000|  0%| F|  |TAMS 0x0000000086e00000, 0x0000000086e00000| Untracked 
| 111|0x0000000086f00000, 0x0000000086f00000, 0x0000000087000000|  0%| F|  |TAMS 0x0000000086f00000, 0x0000000086f00000| Untracked 
| 112|0x0000000087000000, 0x0000000087000000, 0x0000000087100000|  0%| F|  |TAMS 0x0000000087000000, 0x0000000087000000| Untracked 
| 113|0x0000000087100000, 0x0000000087100000, 0x0000000087200000|  0%| F|  |TAMS 0x0000000087100000, 0x0000000087100000| Untracked 
| 114|0x0000000087200000, 0x0000000087200000, 0x0000000087300000|  0%| F|  |TAMS 0x0000000087200000, 0x0000000087200000| Untracked 
| 115|0x0000000087300000, 0x0000000087300000, 0x0000000087400000|  0%| F|  |TAMS 0x0000000087300000, 0x0000000087300000| Untracked 
| 116|0x0000000087400000, 0x0000000087400000, 0x0000000087500000|  0%| F|  |TAMS 0x0000000087400000, 0x0000000087400000| Untracked 
| 117|0x0000000087500000, 0x0000000087500000, 0x0000000087600000|  0%| F|  |TAMS 0x0000000087500000, 0x0000000087500000| Untracked 
| 118|0x0000000087600000, 0x0000000087600000, 0x0000000087700000|  0%| F|  |TAMS 0x0000000087600000, 0x0000000087600000| Untracked 
| 119|0x0000000087700000, 0x0000000087700000, 0x0000000087800000|  0%| F|  |TAMS 0x0000000087700000, 0x0000000087700000| Untracked 
| 120|0x0000000087800000, 0x0000000087800000, 0x0000000087900000|  0%| F|  |TAMS 0x0000000087800000, 0x0000000087800000| Untracked 
| 121|0x0000000087900000, 0x0000000087900000, 0x0000000087a00000|  0%| F|  |TAMS 0x0000000087900000, 0x0000000087900000| Untracked 
| 122|0x0000000087a00000, 0x0000000087a00000, 0x0000000087b00000|  0%| F|  |TAMS 0x0000000087a00000, 0x0000000087a00000| Untracked 
| 123|0x0000000087b00000, 0x0000000087b00000, 0x0000000087c00000|  0%| F|  |TAMS 0x0000000087b00000, 0x0000000087b00000| Untracked 
| 124|0x0000000087c00000, 0x0000000087c00000, 0x0000000087d00000|  0%| F|  |TAMS 0x0000000087c00000, 0x0000000087c00000| Untracked 
| 125|0x0000000087d00000, 0x0000000087d00000, 0x0000000087e00000|  0%| F|  |TAMS 0x0000000087d00000, 0x0000000087d00000| Untracked 
| 126|0x0000000087e00000, 0x0000000087e00000, 0x0000000087f00000|  0%| F|  |TAMS 0x0000000087e00000, 0x0000000087e00000| Untracked 
| 127|0x0000000087f00000, 0x0000000087f00000, 0x0000000088000000|  0%| F|  |TAMS 0x0000000087f00000, 0x0000000087f00000| Untracked 
| 128|0x0000000088000000, 0x0000000088000000, 0x0000000088100000|  0%| F|  |TAMS 0x0000000088000000, 0x0000000088000000| Untracked 
| 129|0x0000000088100000, 0x0000000088100000, 0x0000000088200000|  0%| F|  |TAMS 0x0000000088100000, 0x0000000088100000| Untracked 
| 130|0x0000000088200000, 0x0000000088200000, 0x0000000088300000|  0%| F|  |TAMS 0x0000000088200000, 0x0000000088200000| Untracked 
| 131|0x0000000088300000, 0x0000000088300000, 0x0000000088400000|  0%| F|  |TAMS 0x0000000088300000, 0x0000000088300000| Untracked 
| 132|0x0000000088400000, 0x0000000088400000, 0x0000000088500000|  0%| F|  |TAMS 0x0000000088400000, 0x0000000088400000| Untracked 
| 133|0x0000000088500000, 0x0000000088500000, 0x0000000088600000|  0%| F|  |TAMS 0x0000000088500000, 0x0000000088500000| Untracked 
| 134|0x0000000088600000, 0x0000000088600000, 0x0000000088700000|  0%| F|  |TAMS 0x0000000088600000, 0x0000000088600000| Untracked 
| 135|0x0000000088700000, 0x0000000088700000, 0x0000000088800000|  0%| F|  |TAMS 0x0000000088700000, 0x0000000088700000| Untracked 
| 136|0x0000000088800000, 0x0000000088800000, 0x0000000088900000|  0%| F|  |TAMS 0x0000000088800000, 0x0000000088800000| Untracked 
| 137|0x0000000088900000, 0x0000000088900000, 0x0000000088a00000|  0%| F|  |TAMS 0x0000000088900000, 0x0000000088900000| Untracked 
| 138|0x0000000088a00000, 0x0000000088a00000, 0x0000000088b00000|  0%| F|  |TAMS 0x0000000088a00000, 0x0000000088a00000| Untracked 
| 139|0x0000000088b00000, 0x0000000088b00000, 0x0000000088c00000|  0%| F|  |TAMS 0x0000000088b00000, 0x0000000088b00000| Untracked 
| 140|0x0000000088c00000, 0x0000000088c00000, 0x0000000088d00000|  0%| F|  |TAMS 0x0000000088c00000, 0x0000000088c00000| Untracked 
| 141|0x0000000088d00000, 0x0000000088d00000, 0x0000000088e00000|  0%| F|  |TAMS 0x0000000088d00000, 0x0000000088d00000| Untracked 
| 142|0x0000000088e00000, 0x0000000088e00000, 0x0000000088f00000|  0%| F|  |TAMS 0x0000000088e00000, 0x0000000088e00000| Untracked 
| 143|0x0000000088f00000, 0x0000000088f00000, 0x0000000089000000|  0%| F|  |TAMS 0x0000000088f00000, 0x0000000088f00000| Untracked 
| 144|0x0000000089000000, 0x00000000890e8f80, 0x0000000089100000| 91%| E|CS|TAMS 0x0000000089000000, 0x00000000890e8f80| Complete 
| 145|0x0000000089100000, 0x0000000089200000, 0x0000000089200000|100%| E|CS|TAMS 0x0000000089100000, 0x0000000089200000| Complete 
| 146|0x0000000089200000, 0x0000000089300000, 0x0000000089300000|100%| E|CS|TAMS 0x0000000089200000, 0x0000000089300000| Complete 
| 147|0x0000000089300000, 0x0000000089400000, 0x0000000089400000|100%| E|CS|TAMS 0x0000000089300000, 0x0000000089400000| Complete 
| 148|0x0000000089400000, 0x0000000089500000, 0x0000000089500000|100%| E|CS|TAMS 0x0000000089400000, 0x0000000089500000| Complete 
| 149|0x0000000089500000, 0x0000000089600000, 0x0000000089600000|100%| E|CS|TAMS 0x0000000089500000, 0x0000000089600000| Complete 
| 150|0x0000000089600000, 0x0000000089700000, 0x0000000089700000|100%| E|CS|TAMS 0x0000000089600000, 0x0000000089700000| Complete 
| 151|0x0000000089700000, 0x0000000089800000, 0x0000000089800000|100%| E|CS|TAMS 0x0000000089700000, 0x0000000089800000| Complete 
| 152|0x0000000089800000, 0x0000000089800000, 0x0000000089900000|  0%| F|  |TAMS 0x0000000089800000, 0x0000000089800000| Untracked 
| 153|0x0000000089900000, 0x0000000089900000, 0x0000000089a00000|  0%| F|  |TAMS 0x0000000089900000, 0x0000000089900000| Untracked 
| 154|0x0000000089a00000, 0x0000000089a00000, 0x0000000089b00000|  0%| F|  |TAMS 0x0000000089a00000, 0x0000000089a00000| Untracked 
| 155|0x0000000089b00000, 0x0000000089b00000, 0x0000000089c00000|  0%| F|  |TAMS 0x0000000089b00000, 0x0000000089b00000| Untracked 
| 156|0x0000000089c00000, 0x0000000089c00000, 0x0000000089d00000|  0%| F|  |TAMS 0x0000000089c00000, 0x0000000089c00000| Untracked 
| 157|0x0000000089d00000, 0x0000000089d00000, 0x0000000089e00000|  0%| F|  |TAMS 0x0000000089d00000, 0x0000000089d00000| Untracked 
| 158|0x0000000089e00000, 0x0000000089e00000, 0x0000000089f00000|  0%| F|  |TAMS 0x0000000089e00000, 0x0000000089e00000| Untracked 
| 159|0x0000000089f00000, 0x0000000089f00000, 0x000000008a000000|  0%| F|  |TAMS 0x0000000089f00000, 0x0000000089f00000| Untracked 
| 160|0x000000008a000000, 0x000000008a000000, 0x000000008a100000|  0%| F|  |TAMS 0x000000008a000000, 0x000000008a000000| Untracked 
| 161|0x000000008a100000, 0x000000008a100000, 0x000000008a200000|  0%| F|  |TAMS 0x000000008a100000, 0x000000008a100000| Untracked 
| 162|0x000000008a200000, 0x000000008a200000, 0x000000008a300000|  0%| F|  |TAMS 0x000000008a200000, 0x000000008a200000| Untracked 
| 163|0x000000008a300000, 0x000000008a300000, 0x000000008a400000|  0%| F|  |TAMS 0x000000008a300000, 0x000000008a300000| Untracked 
| 164|0x000000008a400000, 0x000000008a400000, 0x000000008a500000|  0%| F|  |TAMS 0x000000008a400000, 0x000000008a400000| Untracked 
| 165|0x000000008a500000, 0x000000008a500000, 0x000000008a600000|  0%| F|  |TAMS 0x000000008a500000, 0x000000008a500000| Untracked 
| 166|0x000000008a600000, 0x000000008a600000, 0x000000008a700000|  0%| F|  |TAMS 0x000000008a600000, 0x000000008a600000| Untracked 
| 167|0x000000008a700000, 0x000000008a700000, 0x000000008a800000|  0%| F|  |TAMS 0x000000008a700000, 0x000000008a700000| Untracked 
| 168|0x000000008a800000, 0x000000008a800000, 0x000000008a900000|  0%| F|  |TAMS 0x000000008a800000, 0x000000008a800000| Untracked 
| 169|0x000000008a900000, 0x000000008a900000, 0x000000008aa00000|  0%| F|  |TAMS 0x000000008a900000, 0x000000008a900000| Untracked 
| 170|0x000000008aa00000, 0x000000008aa00000, 0x000000008ab00000|  0%| F|  |TAMS 0x000000008aa00000, 0x000000008aa00000| Untracked 
| 171|0x000000008ab00000, 0x000000008ab00000, 0x000000008ac00000|  0%| F|  |TAMS 0x000000008ab00000, 0x000000008ab00000| Untracked 
| 172|0x000000008ac00000, 0x000000008ac00000, 0x000000008ad00000|  0%| F|  |TAMS 0x000000008ac00000, 0x000000008ac00000| Untracked 
| 173|0x000000008ad00000, 0x000000008ad00000, 0x000000008ae00000|  0%| F|  |TAMS 0x000000008ad00000, 0x000000008ad00000| Untracked 
| 174|0x000000008ae00000, 0x000000008ae00000, 0x000000008af00000|  0%| F|  |TAMS 0x000000008ae00000, 0x000000008ae00000| Untracked 
| 175|0x000000008af00000, 0x000000008af00000, 0x000000008b000000|  0%| F|  |TAMS 0x000000008af00000, 0x000000008af00000| Untracked 
| 176|0x000000008b000000, 0x000000008b000000, 0x000000008b100000|  0%| F|  |TAMS 0x000000008b000000, 0x000000008b000000| Untracked 
| 177|0x000000008b100000, 0x000000008b100000, 0x000000008b200000|  0%| F|  |TAMS 0x000000008b100000, 0x000000008b100000| Untracked 
| 178|0x000000008b200000, 0x000000008b200000, 0x000000008b300000|  0%| F|  |TAMS 0x000000008b200000, 0x000000008b200000| Untracked 
| 179|0x000000008b300000, 0x000000008b300000, 0x000000008b400000|  0%| F|  |TAMS 0x000000008b300000, 0x000000008b300000| Untracked 
| 180|0x000000008b400000, 0x000000008b400000, 0x000000008b500000|  0%| F|  |TAMS 0x000000008b400000, 0x000000008b400000| Untracked 
| 181|0x000000008b500000, 0x000000008b500000, 0x000000008b600000|  0%| F|  |TAMS 0x000000008b500000, 0x000000008b500000| Untracked 
| 182|0x000000008b600000, 0x000000008b600000, 0x000000008b700000|  0%| F|  |TAMS 0x000000008b600000, 0x000000008b600000| Untracked 
| 183|0x000000008b700000, 0x000000008b7af730, 0x000000008b800000| 68%| S|  |TAMS 0x000000008b700000, 0x000000008b700000| Complete 
| 184|0x000000008b800000, 0x000000008b900000, 0x000000008b900000|100%| S|  |TAMS 0x000000008b800000, 0x000000008b800000| Complete 
| 185|0x000000008b900000, 0x000000008b9d6668, 0x000000008ba00000| 83%| E|CS|TAMS 0x000000008b900000, 0x000000008b9d6668| Complete 
| 186|0x000000008ba00000, 0x000000008bb00000, 0x000000008bb00000|100%| E|CS|TAMS 0x000000008ba00000, 0x000000008bb00000| Complete 
| 187|0x000000008bb00000, 0x000000008bc00000, 0x000000008bc00000|100%| E|CS|TAMS 0x000000008bb00000, 0x000000008bc00000| Complete 
| 188|0x000000008bc00000, 0x000000008bd00000, 0x000000008bd00000|100%| E|CS|TAMS 0x000000008bc00000, 0x000000008bd00000| Complete 
| 189|0x000000008bd00000, 0x000000008be00000, 0x000000008be00000|100%| E|CS|TAMS 0x000000008bd00000, 0x000000008be00000| Complete 
| 190|0x000000008be00000, 0x000000008bf00000, 0x000000008bf00000|100%| E|CS|TAMS 0x000000008be00000, 0x000000008bf00000| Complete 
| 191|0x000000008bf00000, 0x000000008c000000, 0x000000008c000000|100%| E|CS|TAMS 0x000000008bf00000, 0x000000008c000000| Complete 
| 192|0x000000008c000000, 0x000000008c100000, 0x000000008c100000|100%| E|CS|TAMS 0x000000008c000000, 0x000000008c100000| Complete 
| 193|0x000000008c100000, 0x000000008c200000, 0x000000008c200000|100%| E|CS|TAMS 0x000000008c100000, 0x000000008c200000| Complete 
| 194|0x000000008c200000, 0x000000008c300000, 0x000000008c300000|100%| E|CS|TAMS 0x000000008c200000, 0x000000008c300000| Complete 
| 195|0x000000008c300000, 0x000000008c400000, 0x000000008c400000|100%| E|CS|TAMS 0x000000008c300000, 0x000000008c400000| Complete 
| 196|0x000000008c400000, 0x000000008c500000, 0x000000008c500000|100%| E|CS|TAMS 0x000000008c400000, 0x000000008c500000| Complete 
| 197|0x000000008c500000, 0x000000008c600000, 0x000000008c600000|100%| E|CS|TAMS 0x000000008c500000, 0x000000008c600000| Complete 
| 198|0x000000008c600000, 0x000000008c700000, 0x000000008c700000|100%| E|CS|TAMS 0x000000008c600000, 0x000000008c700000| Complete 
| 199|0x000000008c700000, 0x000000008c800000, 0x000000008c800000|100%| E|CS|TAMS 0x000000008c700000, 0x000000008c800000| Complete 
| 200|0x000000008c800000, 0x000000008c900000, 0x000000008c900000|100%| E|CS|TAMS 0x000000008c800000, 0x000000008c900000| Complete 
| 201|0x000000008c900000, 0x000000008ca00000, 0x000000008ca00000|100%| E|CS|TAMS 0x000000008c900000, 0x000000008ca00000| Complete 
| 202|0x000000008ca00000, 0x000000008cb00000, 0x000000008cb00000|100%| E|CS|TAMS 0x000000008ca00000, 0x000000008cb00000| Complete 
| 203|0x000000008cb00000, 0x000000008cc00000, 0x000000008cc00000|100%| E|CS|TAMS 0x000000008cb00000, 0x000000008cc00000| Complete 
| 204|0x000000008cc00000, 0x000000008cd00000, 0x000000008cd00000|100%| E|CS|TAMS 0x000000008cc00000, 0x000000008cd00000| Complete 
| 205|0x000000008cd00000, 0x000000008ce00000, 0x000000008ce00000|100%| E|CS|TAMS 0x000000008cd00000, 0x000000008ce00000| Complete 
| 206|0x000000008ce00000, 0x000000008cf00000, 0x000000008cf00000|100%| E|CS|TAMS 0x000000008ce00000, 0x000000008cf00000| Complete 
| 207|0x000000008cf00000, 0x000000008d000000, 0x000000008d000000|100%| E|CS|TAMS 0x000000008cf00000, 0x000000008d000000| Complete 
| 208|0x000000008d000000, 0x000000008d100000, 0x000000008d100000|100%| E|CS|TAMS 0x000000008d000000, 0x000000008d100000| Complete 
| 209|0x000000008d100000, 0x000000008d200000, 0x000000008d200000|100%| E|CS|TAMS 0x000000008d100000, 0x000000008d200000| Complete 
| 210|0x000000008d200000, 0x000000008d300000, 0x000000008d300000|100%| E|CS|TAMS 0x000000008d200000, 0x000000008d300000| Complete 
| 211|0x000000008d300000, 0x000000008d400000, 0x000000008d400000|100%| E|CS|TAMS 0x000000008d300000, 0x000000008d400000| Complete 
| 212|0x000000008d400000, 0x000000008d500000, 0x000000008d500000|100%| E|CS|TAMS 0x000000008d400000, 0x000000008d500000| Complete 
| 213|0x000000008d500000, 0x000000008d600000, 0x000000008d600000|100%| E|CS|TAMS 0x000000008d500000, 0x000000008d600000| Complete 
| 214|0x000000008d600000, 0x000000008d700000, 0x000000008d700000|100%| E|CS|TAMS 0x000000008d600000, 0x000000008d700000| Complete 
| 215|0x000000008d700000, 0x000000008d800000, 0x000000008d800000|100%| E|CS|TAMS 0x000000008d700000, 0x000000008d800000| Complete 
| 216|0x000000008d800000, 0x000000008d900000, 0x000000008d900000|100%| E|CS|TAMS 0x000000008d800000, 0x000000008d900000| Complete 
| 217|0x000000008d900000, 0x000000008da00000, 0x000000008da00000|100%| E|CS|TAMS 0x000000008d900000, 0x000000008da00000| Complete 
| 218|0x000000008da00000, 0x000000008db00000, 0x000000008db00000|100%| E|CS|TAMS 0x000000008da00000, 0x000000008db00000| Complete 
| 219|0x000000008db00000, 0x000000008dc00000, 0x000000008dc00000|100%| E|CS|TAMS 0x000000008db00000, 0x000000008dc00000| Complete 
| 220|0x000000008dc00000, 0x000000008dd00000, 0x000000008dd00000|100%| E|CS|TAMS 0x000000008dc00000, 0x000000008dd00000| Complete 
| 221|0x000000008dd00000, 0x000000008de00000, 0x000000008de00000|100%| E|CS|TAMS 0x000000008dd00000, 0x000000008de00000| Complete 
| 222|0x000000008de00000, 0x000000008df00000, 0x000000008df00000|100%| E|CS|TAMS 0x000000008de00000, 0x000000008df00000| Complete 
| 223|0x000000008df00000, 0x000000008e000000, 0x000000008e000000|100%| E|CS|TAMS 0x000000008df00000, 0x000000008e000000| Complete 
| 224|0x000000008e000000, 0x000000008e100000, 0x000000008e100000|100%| E|CS|TAMS 0x000000008e000000, 0x000000008e100000| Complete 
| 225|0x000000008e100000, 0x000000008e200000, 0x000000008e200000|100%| E|CS|TAMS 0x000000008e100000, 0x000000008e200000| Complete 
| 226|0x000000008e200000, 0x000000008e300000, 0x000000008e300000|100%| E|CS|TAMS 0x000000008e200000, 0x000000008e300000| Complete 
| 227|0x000000008e300000, 0x000000008e400000, 0x000000008e400000|100%| E|CS|TAMS 0x000000008e300000, 0x000000008e400000| Complete 

Card table byte_map: [0x0000018955220000,0x0000018955620000] _byte_map_base: 0x0000018954e20000

Marking Bits (Prev, Next): (CMBitMap*) 0x0000018941f396b0, (CMBitMap*) 0x0000018941f39678
 Prev Bits: [0x0000018957a20000, 0x0000018959a20000)
 Next Bits: [0x0000018955a20000, 0x0000018957a20000)

Polling page: 0x00000189459f0000

Metaspace:

Usage:
  Non-class:     21.63 MB capacity,    21.31 MB ( 99%) used,   281.65 KB (  1%) free+waste,    47.38 KB ( <1%) overhead. 
      Class:      3.34 MB capacity,     3.16 MB ( 95%) used,   157.47 KB (  5%) free+waste,    23.88 KB ( <1%) overhead. 
       Both:     24.98 MB capacity,    24.48 MB ( 98%) used,   439.12 KB (  2%) free+waste,    71.25 KB ( <1%) overhead. 

Virtual space:
  Non-class space:       28.00 MB reserved,      21.67 MB ( 77%) committed 
      Class space:        1.00 GB reserved,       3.38 MB ( <1%) committed 
             Both:        1.03 GB reserved,      25.05 MB (  2%) committed 

Chunk freelists:
   Non-Class:  38.00 KB
       Class:  3.00 KB
        Both:  41.00 KB

MaxMetaspaceSize: 17179869184.00 GB
CompressedClassSpaceSize: 1.00 GB

CodeHeap 'non-profiled nmethods': size=120064Kb used=936Kb max_used=936Kb free=119127Kb
 bounds [0x000001894d4d0000, 0x000001894d740000, 0x0000018954a10000]
CodeHeap 'profiled nmethods': size=120000Kb used=4873Kb max_used=4873Kb free=115126Kb
 bounds [0x0000018945fa0000, 0x0000018946470000, 0x000001894d4d0000]
CodeHeap 'non-nmethods': size=5696Kb used=1153Kb max_used=1180Kb free=4542Kb
 bounds [0x0000018945a10000, 0x0000018945c80000, 0x0000018945fa0000]
 total_blobs=2683 nmethods=2189 adapters=405
 compilation: enabled
              stopped_count=0, restarted_count=0
 full_count=0

Compilation events (20 events):
Event: 2.835 Thread 0x000001895c745000 nmethod 2165 0x0000018946452010 code [0x00000189464521e0, 0x00000189464523e8]
Event: 2.839 Thread 0x000001895c745000 2166       3       java.nio.HeapByteBuffer::getShort (25 bytes)
Event: 2.839 Thread 0x000001895c745000 nmethod 2166 0x0000018946452490 code [0x0000018946452680, 0x0000018946452b48]
Event: 2.839 Thread 0x000001895c745000 2167       3       jdk.internal.misc.Unsafe::getShortUnaligned (33 bytes)
Event: 2.839 Thread 0x000001895c745000 nmethod 2167 0x0000018946452d10 code [0x0000018946452ee0, 0x0000018946453278]
Event: 2.839 Thread 0x000001895c745000 2168       3       java.lang.System$2::getConstantPool (5 bytes)
Event: 2.839 Thread 0x000001895c745000 nmethod 2168 0x0000018946453410 code [0x00000189464535c0, 0x00000189464536e8]
Event: 2.840 Thread 0x000001895c745000 2169       3       sun.reflect.generics.parser.SignatureParser::parseFieldTypeSignature (73 bytes)
Event: 2.840 Thread 0x000001895c745000 nmethod 2169 0x0000018946453790 code [0x00000189464539e0, 0x0000018946453e98]
Event: 2.840 Thread 0x000001895c745000 2170       2       java.nio.Buffer::nextGetIndex (30 bytes)
Event: 2.840 Thread 0x000001895c745000 nmethod 2170 0x0000018946454090 code [0x0000018946454240, 0x00000189464543a8]
Event: 2.840 Thread 0x000001895c745000 2171       3       java.lang.reflect.ProxyGenerator::getParameterDescriptors (47 bytes)
Event: 2.841 Thread 0x000001895c745000 nmethod 2171 0x0000018946454490 code [0x0000018946454720, 0x00000189464550e8]
Event: 2.841 Thread 0x000001895c745000 2172       3       java.lang.PublicMethods$MethodList::<init> (10 bytes)
Event: 2.841 Thread 0x000001895c745000 nmethod 2172 0x0000018946455490 code [0x0000018946455640, 0x00000189464557f8]
Event: 2.841 Thread 0x000001895c745000 2173       3       java.util.concurrent.locks.AbstractQueuedSynchronizer::<init> (5 bytes)
Event: 2.842 Thread 0x000001895c745000 nmethod 2173 0x0000018946455890 code [0x0000018946455a40, 0x0000018946455bf8]
Event: 2.842 Thread 0x000001895c745000 2174       3       jdk.internal.loader.ClassLoaders::platformClassLoader (4 bytes)
Event: 2.842 Thread 0x000001895c745000 nmethod 2174 0x0000018946455d10 code [0x0000018946455ec0, 0x0000018946455fb8]
Event: 2.844 Thread 0x000001895c745000 2175       3       java.io.WinNTFileSystem::resolve (275 bytes)

GC Heap History (10 events):
Event: 0.452 GC heap before
{Heap before GC invocations=0 (full 0):
 garbage-first heap   total 233472K, used 13312K [0x0000000080000000, 0x0000000100000000)
  region size 1024K, 11 young (11264K), 0 survivors (0K)
 Metaspace       used 6667K, capacity 6763K, committed 7040K, reserved 1056768K
  class space    used 577K, capacity 616K, committed 640K, reserved 1048576K
}
Event: 0.458 GC heap after
{Heap after GC invocations=1 (full 0):
 garbage-first heap   total 233472K, used 2787K [0x0000000080000000, 0x0000000100000000)
  region size 1024K, 2 young (2048K), 2 survivors (2048K)
 Metaspace       used 6667K, capacity 6763K, committed 7040K, reserved 1056768K
  class space    used 577K, capacity 616K, committed 640K, reserved 1048576K
}
Event: 0.690 GC heap before
{Heap before GC invocations=1 (full 0):
 garbage-first heap   total 233472K, used 14051K [0x0000000080000000, 0x0000000100000000)
  region size 1024K, 11 young (11264K), 2 survivors (2048K)
 Metaspace       used 9390K, capacity 9633K, committed 9728K, reserved 1058816K
  class space    used 943K, capacity 1004K, committed 1024K, reserved 1048576K
}
Event: 0.693 GC heap after
{Heap after GC invocations=2 (full 0):
 garbage-first heap   total 233472K, used 9168K [0x0000000080000000, 0x0000000100000000)
  region size 1024K, 2 young (2048K), 2 survivors (2048K)
 Metaspace       used 9390K, capacity 9633K, committed 9728K, reserved 1058816K
  class space    used 943K, capacity 1004K, committed 1024K, reserved 1048576K
}
Event: 0.848 GC heap before
{Heap before GC invocations=2 (full 0):
 garbage-first heap   total 233472K, used 18384K [0x0000000080000000, 0x0000000100000000)
  region size 1024K, 11 young (11264K), 2 survivors (2048K)
 Metaspace       used 10299K, capacity 10470K, committed 10624K, reserved 1058816K
  class space    used 1072K, capacity 1134K, committed 1152K, reserved 1048576K
}
Event: 0.850 GC heap after
{Heap after GC invocations=3 (full 0):
 garbage-first heap   total 233472K, used 9400K [0x0000000080000000, 0x0000000100000000)
  region size 1024K, 1 young (1024K), 1 survivors (1024K)
 Metaspace       used 10299K, capacity 10470K, committed 10624K, reserved 1058816K
  class space    used 1072K, capacity 1134K, committed 1152K, reserved 1048576K
}
Event: 1.030 GC heap before
{Heap before GC invocations=3 (full 0):
 garbage-first heap   total 233472K, used 22712K [0x0000000080000000, 0x0000000100000000)
  region size 1024K, 15 young (15360K), 1 survivors (1024K)
 Metaspace       used 10769K, capacity 10943K, committed 11264K, reserved 1058816K
  class space    used 1123K, capacity 1206K, committed 1280K, reserved 1048576K
}
Event: 1.032 GC heap after
{Heap after GC invocations=4 (full 0):
 garbage-first heap   total 233472K, used 9739K [0x0000000080000000, 0x0000000100000000)
  region size 1024K, 1 young (1024K), 1 survivors (1024K)
 Metaspace       used 10769K, capacity 10943K, committed 11264K, reserved 1058816K
  class space    used 1123K, capacity 1206K, committed 1280K, reserved 1048576K
}
Event: 2.359 GC heap before
{Heap before GC invocations=4 (full 0):
 garbage-first heap   total 233472K, used 85515K [0x0000000080000000, 0x0000000100000000)
  region size 1024K, 76 young (77824K), 1 survivors (1024K)
 Metaspace       used 20637K, capacity 21154K, committed 21296K, reserved 1069056K
  class space    used 2511K, capacity 2688K, committed 2688K, reserved 1048576K
}
Event: 2.367 GC heap after
{Heap after GC invocations=5 (full 0):
 garbage-first heap   total 233472K, used 17079K [0x0000000080000000, 0x0000000100000000)
  region size 1024K, 8 young (8192K), 8 survivors (8192K)
 Metaspace       used 20637K, capacity 21154K, committed 21296K, reserved 1069056K
  class space    used 2511K, capacity 2688K, committed 2688K, reserved 1048576K
}

Deoptimization events (20 events):
Event: 2.438 Thread 0x000001895dbf0800 Uncommon trap: trap_request=0xffffff4d fr.pc=0x000001894d52e0bc relative=0x0000000000000b9c
Event: 2.438 Thread 0x000001895dbf0800 Uncommon trap: reason=unstable_if action=reinterpret pc=0x000001894d52e0bc method=java.util.Properties$LineReader.readLine()I @ 249 c2
Event: 2.438 Thread 0x000001895dbf0800 DEOPT PACKING pc=0x000001894d52e0bc sp=0x0000000a437fbc40
Event: 2.438 Thread 0x000001895dbf0800 DEOPT UNPACKING pc=0x0000018945a378af sp=0x0000000a437fbbe0 mode 2
Event: 2.638 Thread 0x000001895dbf0800 Uncommon trap: trap_request=0xffffff4d fr.pc=0x000001894d59f368 relative=0x00000000000001a8
Event: 2.638 Thread 0x000001895dbf0800 Uncommon trap: reason=unstable_if action=reinterpret pc=0x000001894d59f368 method=java.util.HashMap.getNode(ILjava/lang/Object;)Ljava/util/HashMap$Node; @ 129 c2
Event: 2.638 Thread 0x000001895dbf0800 DEOPT PACKING pc=0x000001894d59f368 sp=0x0000000a437fca90
Event: 2.638 Thread 0x000001895dbf0800 DEOPT UNPACKING pc=0x0000018945a378af sp=0x0000000a437fc9a0 mode 2
Event: 2.638 Thread 0x000001895dbf0800 Uncommon trap: trap_request=0xffffffc6 fr.pc=0x000001894d587974 relative=0x00000000000007d4
Event: 2.638 Thread 0x000001895dbf0800 Uncommon trap: reason=bimorphic_or_optimized_type_check action=maybe_recompile pc=0x000001894d587974 method=java.util.HashMap.putVal(ILjava/lang/Object;Ljava/lang/Object;ZZ)Ljava/lang/Object; @ 203 c2
Event: 2.638 Thread 0x000001895dbf0800 DEOPT PACKING pc=0x000001894d587974 sp=0x0000000a437fca40
Event: 2.638 Thread 0x000001895dbf0800 DEOPT UNPACKING pc=0x0000018945a378af sp=0x0000000a437fc968 mode 2
Event: 2.651 Thread 0x000001895dbf0800 Uncommon trap: trap_request=0xffffff4d fr.pc=0x000001894d52d1d4 relative=0x0000000000000094
Event: 2.651 Thread 0x000001895dbf0800 Uncommon trap: reason=unstable_if action=reinterpret pc=0x000001894d52d1d4 method=java.util.LinkedHashMap.afterNodeInsertion(Z)V @ 1 c2
Event: 2.651 Thread 0x000001895dbf0800 DEOPT PACKING pc=0x000001894d52d1d4 sp=0x0000000a437fc6f0
Event: 2.651 Thread 0x000001895dbf0800 DEOPT UNPACKING pc=0x0000018945a378af sp=0x0000000a437fc670 mode 2
Event: 2.653 Thread 0x000001895dbf0800 Uncommon trap: trap_request=0xffffff4d fr.pc=0x000001894d518700 relative=0x0000000000000240
Event: 2.653 Thread 0x000001895dbf0800 Uncommon trap: reason=unstable_if action=reinterpret pc=0x000001894d518700 method=java.util.concurrent.ConcurrentHashMap.get(Ljava/lang/Object;)Ljava/lang/Object; @ 76 c2
Event: 2.653 Thread 0x000001895dbf0800 DEOPT PACKING pc=0x000001894d518700 sp=0x0000000a437fa810
Event: 2.653 Thread 0x000001895dbf0800 DEOPT UNPACKING pc=0x0000018945a378af sp=0x0000000a437fa778 mode 2

Classes redefined (0 events):
No events

Internal exceptions (20 events):
Event: 2.034 Thread 0x000001895dbf0800 Exception <a 'java/lang/NoSuchMethodError'{0x000000008b4f4da0}: 'void java.lang.invoke.DelegatingMethodHandle$Holder.reinvoke_L(java.lang.Object, java.lang.Object, java.lang.Object, java.lang.Object, java.lang.Object, java.lang.Object, java.lang.Object)'> (0x000000008b4f4da0) thrown at [./src/hotspot/share/interpreter/linkResolver.cpp, line 773]
Event: 2.215 Thread 0x000001895dbf0800 Exception <a 'java/lang/NoSuchMethodError'{0x000000008a30c668}: 'java.lang.Object java.lang.invoke.DirectMethodHandle$Holder.invokeVirtual(java.lang.Object, java.lang.Object, java.lang.Object)'> (0x000000008a30c668) thrown at [./src/hotspot/share/interpreter/linkResolver.cpp, line 773]
Event: 2.248 Thread 0x000001895dbf0800 Exception <a 'java/lang/NoSuchMethodError'{0x000000008a0afbd0}: 'void java.lang.invoke.DirectMethodHandle$Holder.invokeInterface(java.lang.Object, java.lang.Object)'> (0x000000008a0afbd0) thrown at [./src/hotspot/share/interpreter/linkResolver.cpp, line 773]
Event: 2.249 Thread 0x000001895dbf0800 Exception <a 'java/lang/IncompatibleClassChangeError'{0x000000008a0b2d80}: Found class java.lang.Object, but interface was expected> (0x000000008a0b2d80) thrown at [./src/hotspot/share/interpreter/linkResolver.cpp, line 839]
Event: 2.262 Thread 0x000001895dbf0800 Exception <a 'java/lang/NoSuchMethodError'{0x0000000089e28000}: 'void java.lang.invoke.DirectMethodHandle$Holder.invokeStaticInit(java.lang.Object)'> (0x0000000089e28000) thrown at [./src/hotspot/share/interpreter/linkResolver.cpp, line 773]
Event: 2.300 Thread 0x000001895dbf0800 Exception <a 'java/lang/NoSuchMethodError'{0x0000000089c94488}: 'java.lang.Object java.lang.invoke.DirectMethodHandle$Holder.invokeStatic(java.lang.Object, java.lang.Object, java.lang.Object, int)'> (0x0000000089c94488) thrown at [./src/hotspot/share/interpreter/linkResolver.cpp, line 773]
Event: 2.300 Thread 0x000001895dbf0800 Exception <a 'java/lang/NoSuchMethodError'{0x0000000089c98650}: 'java.lang.Object java.lang.invoke.DirectMethodHandle$Holder.invokeSpecial(java.lang.Object, java.lang.Object, java.lang.Object, java.lang.Object, int)'> (0x0000000089c98650) thrown at [./src/hotspot/share/interpreter/linkResolver.cpp, line 773]
Event: 2.300 Thread 0x000001895dbf0800 Exception <a 'java/lang/NoSuchMethodError'{0x0000000089c9c038}: 'java.lang.Object java.lang.invoke.Invokers$Holder.linkToTargetMethod(java.lang.Object, java.lang.Object, int, java.lang.Object)'> (0x0000000089c9c038) thrown at [./src/hotspot/share/interpreter/linkResolver.cpp, line 773]
Event: 2.384 Thread 0x000001895dbf0800 Exception <a 'java/lang/NoSuchMethodError'{0x000000008e360568}: 'int java.lang.invoke.DirectMethodHandle$Holder.invokeSpecialIFC(java.lang.Object, java.lang.Object, java.lang.Object, java.lang.Object)'> (0x000000008e360568) thrown at [./src/hotspot/share/interpreter/linkResolver.cpp, line 773]
Event: 2.386 Thread 0x000001895dbf0800 Exception <a 'java/lang/NoSuchMethodError'{0x000000008e36e578}: 'java.lang.Object java.lang.invoke.DirectMethodHandle$Holder.invokeInterface(java.lang.Object, java.lang.Object, java.lang.Object)'> (0x000000008e36e578) thrown at [./src/hotspot/share/interpreter/linkResolver.cpp, line 773]
Event: 2.386 Thread 0x000001895dbf0800 Exception <a 'java/lang/IncompatibleClassChangeError'{0x000000008e371a50}: Found class java.lang.Object, but interface was expected> (0x000000008e371a50) thrown at [./src/hotspot/share/interpreter/linkResolver.cpp, line 839]
Event: 2.397 Thread 0x000001895dbf0800 Exception <a 'java/lang/NoSuchMethodError'{0x000000008e2714c8}: 'void java.lang.invoke.DirectMethodHandle$Holder.invokeStatic(java.lang.Object, java.lang.Object, java.lang.Object, java.lang.Object, java.lang.Object)'> (0x000000008e2714c8) thrown at [./src/hotspot/share/interpreter/linkResolver.cpp, line 773]
Event: 2.464 Thread 0x000001895dbf0800 Exception <a 'java/lang/NoSuchMethodError'{0x000000008dd1c4e0}: 'void java.lang.invoke.DirectMethodHandle$Holder.invokeSpecial(java.lang.Object, java.lang.Object)'> (0x000000008dd1c4e0) thrown at [./src/hotspot/share/interpreter/linkResolver.cpp, line 773]
Event: 2.495 Thread 0x000001895dbf0800 Exception <a 'java/lang/NoSuchMethodError'{0x000000008db7a198}: 'java.lang.Object java.lang.invoke.DirectMethodHandle$Holder.invokeSpecial(java.lang.Object, java.lang.Object, java.lang.Object, java.lang.Object, java.lang.Object, java.lang.Object, java.lang.Object, java.lang.Object, java.lang.Object)'> (0x000000008db7a198) thrown at [./src/hotspot/share/interpreter/linkResolver.cpp, line 773]
Event: 2.559 Thread 0x000001895dbf0800 Exception <a 'java/lang/NoSuchMethodError'{0x000000008d2f2d68}: 'java.lang.Object java.lang.invoke.DirectMethodHandle$Holder.invokeVirtual(java.lang.Object, java.lang.Object, java.lang.Object, java.lang.Object)'> (0x000000008d2f2d68) thrown at [./src/hotspot/share/interpreter/linkResolver.cpp, line 773]
Event: 2.622 Thread 0x000001895dbf0800 Exception <a 'java/lang/NoSuchMethodError'{0x000000008cfbc648}: 'java.lang.Object java.lang.invoke.Invokers$Holder.invoker(java.lang.Object, java.lang.Object, java.lang.Object, java.lang.Object, java.lang.Object)'> (0x000000008cfbc648) thrown at [./src/hotspot/share/interpreter/linkResolver.cpp, line 773]
Event: 2.680 Thread 0x000001895dbf0800 Exception <a 'java/lang/NoSuchMethodError'{0x000000008ca0a2f0}: 'void java.lang.invoke.DirectMethodHandle$Holder.invokeSpecial(java.lang.Object, java.lang.Object, java.lang.Object, java.lang.Object, java.lang.Object, java.lang.Object)'> (0x000000008ca0a2f0) thrown at [./src/hotspot/share/interpreter/linkResolver.cpp, line 773]
Event: 2.687 Thread 0x000001895dbf0800 Exception <a 'java/lang/NoSuchMethodError'{0x000000008ca6fac0}: 'void java.lang.invoke.DirectMethodHandle$Holder.invokeSpecial(java.lang.Object, java.lang.Object, java.lang.Object, java.lang.Object, java.lang.Object, java.lang.Object, java.lang.Object)'> (0x000000008ca6fac0) thrown at [./src/hotspot/share/interpreter/linkResolver.cpp, line 773]
Event: 2.687 Thread 0x000001895dbf0800 Exception <a 'java/lang/NoSuchMethodError'{0x000000008ca77d08}: 'java.lang.Object java.lang.invoke.Invokers$Holder.linkToTargetMethod(java.lang.Object, java.lang.Object, java.lang.Object, java.lang.Object, java.lang.Object, java.lang.Object)'> (0x000000008ca77d08) thrown at [./src/hotspot/share/interpreter/linkResolver.cpp, line 773]
Event: 2.797 Thread 0x000001895dbf0800 Exception <a 'java/lang/NoSuchMethodError'{0x000000008bdaa4e0}: 'void java.lang.invoke.DirectMethodHandle$Holder.invokeStaticInit(java.lang.Object, java.lang.Object)'> (0x000000008bdaa4e0) thrown at [./src/hotspot/share/interpreter/linkResolver.cpp, line 773]

Events (20 events):
Event: 2.836 loading class org/gradle/execution/DefaultBuildWorkExecutor
Event: 2.836 loading class org/gradle/execution/DefaultBuildWorkExecutor done
Event: 2.836 loading class org/gradle/execution/BuildExecutionAction
Event: 2.836 loading class org/gradle/execution/BuildExecutionAction done
Event: 2.836 loading class org/gradle/execution/DryRunBuildExecutionAction
Event: 2.836 loading class org/gradle/execution/DryRunBuildExecutionAction done
Event: 2.837 loading class org/gradle/execution/SelectedTaskExecutionAction
Event: 2.837 loading class org/gradle/execution/SelectedTaskExecutionAction done
Event: 2.837 loading class org/gradle/configurationcache/ConfigurationCacheHost$DefaultVintageGradleBuild
Event: 2.837 loading class org/gradle/configurationcache/ConfigurationCacheHost$DefaultVintageGradleBuild done
Event: 2.837 loading class org/gradle/configurationcache/VintageGradleBuild
Event: 2.837 loading class org/gradle/configurationcache/VintageGradleBuild done
Event: 2.838 loading class org/gradle/configurationcache/UndeclaredBuildInputListener
Event: 2.838 loading class org/gradle/configurationcache/UndeclaredBuildInputListener done
Event: 2.838 loading class kotlin/Metadata
Event: 2.838 loading class kotlin/Metadata done
Event: 2.839 loading class kotlin/annotation/Retention
Event: 2.839 loading class kotlin/annotation/Retention done
Event: 2.839 loading class kotlin/annotation/Target
Event: 2.839 loading class kotlin/annotation/Target done


Dynamic libraries:
0x00007ff6d3b70000 - 0x00007ff6d3b7a000 	E:\Android Studio\jre\bin\java.exe
0x00007ffdfe610000 - 0x00007ffdfe805000 	C:\WINDOWS\SYSTEM32\ntdll.dll
0x00007ffdfd050000 - 0x00007ffdfd10e000 	C:\WINDOWS\System32\KERNEL32.DLL
0x00007ffdfbfb0000 - 0x00007ffdfc278000 	C:\WINDOWS\System32\KERNELBASE.dll
0x00007ffdfbd80000 - 0x00007ffdfbe80000 	C:\WINDOWS\System32\ucrtbase.dll
0x00007ffdf6e90000 - 0x00007ffdf6ea9000 	E:\Android Studio\jre\bin\jli.dll
0x00007ffdfe300000 - 0x00007ffdfe4a0000 	C:\WINDOWS\System32\USER32.dll
0x00007ffdfc610000 - 0x00007ffdfc632000 	C:\WINDOWS\System32\win32u.dll
0x00007ffdfd020000 - 0x00007ffdfd04b000 	C:\WINDOWS\System32\GDI32.dll
0x00007ffdfc280000 - 0x00007ffdfc38b000 	C:\WINDOWS\System32\gdi32full.dll
0x00007ffdfbe80000 - 0x00007ffdfbf1d000 	C:\WINDOWS\System32\msvcp_win.dll
0x00007ffdf1830000 - 0x00007ffdf1847000 	E:\Android Studio\jre\bin\VCRUNTIME140.dll
0x00007ffdefb00000 - 0x00007ffdefd9a000 	C:\WINDOWS\WinSxS\amd64_microsoft.windows.common-controls_6595b64144ccf1df_6.0.19041.1110_none_60b5254171f9507e\COMCTL32.dll
0x00007ffdfcb90000 - 0x00007ffdfcc2e000 	C:\WINDOWS\System32\msvcrt.dll
0x00007ffdfce00000 - 0x00007ffdfce30000 	C:\WINDOWS\System32\IMM32.DLL
0x00007ffdcf140000 - 0x00007ffdcf1dd000 	E:\Android Studio\jre\bin\msvcp140.dll
0x00007ffd78ca0000 - 0x00007ffd7976f000 	E:\Android Studio\jre\bin\server\jvm.dll
0x00007ffdfd230000 - 0x00007ffdfd2de000 	C:\WINDOWS\System32\ADVAPI32.dll
0x00007ffdfce30000 - 0x00007ffdfcecc000 	C:\WINDOWS\System32\sechost.dll
0x00007ffdfe4a0000 - 0x00007ffdfe5c5000 	C:\WINDOWS\System32\RPCRT4.dll
0x00007ffdfd470000 - 0x00007ffdfd478000 	C:\WINDOWS\System32\PSAPI.DLL
0x00007ffdf6ef0000 - 0x00007ffdf6ef9000 	C:\WINDOWS\SYSTEM32\WSOCK32.dll
0x00007ffdfcfb0000 - 0x00007ffdfd01b000 	C:\WINDOWS\System32\WS2_32.dll
0x00007ffde4800000 - 0x00007ffde4827000 	C:\WINDOWS\SYSTEM32\WINMM.dll
0x00007ffdf4770000 - 0x00007ffdf477a000 	C:\WINDOWS\SYSTEM32\VERSION.dll
0x00007ffdf9b80000 - 0x00007ffdf9b92000 	C:\WINDOWS\SYSTEM32\kernel.appcore.dll
0x00007ffdecba0000 - 0x00007ffdecbb1000 	E:\Android Studio\jre\bin\verify.dll
0x00007ffdf3520000 - 0x00007ffdf3704000 	C:\WINDOWS\SYSTEM32\DBGHELP.DLL
0x00007ffdf3780000 - 0x00007ffdf37ac000 	C:\WINDOWS\SYSTEM32\dbgcore.DLL
0x00007ffdfbf20000 - 0x00007ffdfbfa2000 	C:\WINDOWS\System32\bcryptPrimitives.dll
0x00007ffdeae50000 - 0x00007ffdeae79000 	E:\Android Studio\jre\bin\java.dll
0x00007ffdf6ee0000 - 0x00007ffdf6eeb000 	E:\Android Studio\jre\bin\jimage.dll
0x00007ffde8540000 - 0x00007ffde8558000 	E:\Android Studio\jre\bin\zip.dll
0x00007ffdfd5c0000 - 0x00007ffdfdd04000 	C:\WINDOWS\System32\SHELL32.dll
0x00007ffdf9e60000 - 0x00007ffdfa5f4000 	C:\WINDOWS\SYSTEM32\windows.storage.dll
0x00007ffdfdd90000 - 0x00007ffdfe0e4000 	C:\WINDOWS\System32\combase.dll
0x00007ffdfb6c0000 - 0x00007ffdfb6ec000 	C:\WINDOWS\SYSTEM32\Wldp.dll
0x00007ffdfc670000 - 0x00007ffdfc71d000 	C:\WINDOWS\System32\SHCORE.dll
0x00007ffdfcf50000 - 0x00007ffdfcfa5000 	C:\WINDOWS\System32\shlwapi.dll
0x00007ffdfbc70000 - 0x00007ffdfbc8f000 	C:\WINDOWS\SYSTEM32\profapi.dll
0x00007ffde8520000 - 0x00007ffde853a000 	E:\Android Studio\jre\bin\net.dll
0x00007ffdf1870000 - 0x00007ffdf1979000 	C:\WINDOWS\SYSTEM32\WINHTTP.dll
0x00007ffdfb420000 - 0x00007ffdfb48a000 	C:\WINDOWS\system32\mswsock.dll
0x00007ffde80f0000 - 0x00007ffde8104000 	E:\Android Studio\jre\bin\nio.dll
0x00007ffde8400000 - 0x00007ffde8427000 	C:\Users\Jaen\.gradle\native\8bec1ad78214c89d9ad589b4d07fe93259594b29d510b10fafb7a158f7737e5d\windows-amd64\native-platform.dll
0x00007ffdd5fb0000 - 0x00007ffdd60ed000 	C:\Users\Jaen\.gradle\native\53dbd7edfb1c66fb8903c78663c9afc45aea4f116125fa6feffd364cf09443e8\windows-amd64\native-platform-file-events.dll
0x00007ffdee400000 - 0x00007ffdee40a000 	E:\Android Studio\jre\bin\management.dll
0x00007ffded4f0000 - 0x00007ffded4fc000 	E:\Android Studio\jre\bin\management_ext.dll
0x00007ffdfb610000 - 0x00007ffdfb628000 	C:\WINDOWS\SYSTEM32\CRYPTSP.dll
0x00007ffdfada0000 - 0x00007ffdfadd4000 	C:\WINDOWS\system32\rsaenh.dll
0x00007ffdfc640000 - 0x00007ffdfc667000 	C:\WINDOWS\System32\bcrypt.dll
0x00007ffdfbc30000 - 0x00007ffdfbc5e000 	C:\WINDOWS\SYSTEM32\USERENV.dll
0x00007ffdfb630000 - 0x00007ffdfb63c000 	C:\WINDOWS\SYSTEM32\CRYPTBASE.dll
0x00007ffdfb110000 - 0x00007ffdfb14b000 	C:\WINDOWS\SYSTEM32\IPHLPAPI.DLL
0x00007ffdfd5b0000 - 0x00007ffdfd5b8000 	C:\WINDOWS\System32\NSI.dll
0x00007ffdf49c0000 - 0x00007ffdf49d7000 	C:\WINDOWS\SYSTEM32\dhcpcsvc6.DLL
0x00007ffdf4940000 - 0x00007ffdf495d000 	C:\WINDOWS\SYSTEM32\dhcpcsvc.DLL
0x00007ffdfb150000 - 0x00007ffdfb21a000 	C:\WINDOWS\SYSTEM32\DNSAPI.dll

dbghelp: loaded successfully - version: 4.0.5 - missing functions: none
symbol engine: initialized successfully - sym options: 0x614 - pdb path: .;E:\Android Studio\jre\bin;C:\WINDOWS\SYSTEM32;C:\WINDOWS\WinSxS\amd64_microsoft.windows.common-controls_6595b64144ccf1df_6.0.19041.1110_none_60b5254171f9507e;E:\Android Studio\jre\bin\server;C:\Users\Jaen\.gradle\native\8bec1ad78214c89d9ad589b4d07fe93259594b29d510b10fafb7a158f7737e5d\windows-amd64;C:\Users\Jaen\.gradle\native\53dbd7edfb1c66fb8903c78663c9afc45aea4f116125fa6feffd364cf09443e8\windows-amd64

VM Arguments:
jvm_args: --add-opens=java.base/java.util=ALL-UNNAMED --add-opens=java.base/java.lang=ALL-UNNAMED --add-opens=java.base/java.lang.invoke=ALL-UNNAMED --add-opens=java.base/java.util=ALL-UNNAMED --add-opens=java.prefs/java.util.prefs=ALL-UNNAMED --add-opens=java.prefs/java.util.prefs=ALL-UNNAMED --add-opens=java.base/java.nio.charset=ALL-UNNAMED --add-opens=java.base/java.net=ALL-UNNAMED --add-opens=java.base/java.util.concurrent.atomic=ALL-UNNAMED -Xmx2048m -Dfile.encoding=UTF-8 -Duser.country=US -Duser.language=en -Duser.variant 
java_command: org.gradle.launcher.daemon.bootstrap.GradleDaemon 7.0.2
java_class_path (initial): C:\Users\Jaen\.gradle\wrapper\dists\gradle-7.0.2-bin\857tjihv64xamwrf0h14cai3r\gradle-7.0.2\lib\gradle-launcher-7.0.2.jar
Launcher Type: SUN_STANDARD

[Global flags]
     intx CICompilerCount                          = 2                                         {product} {ergonomic}
     uint ConcGCThreads                            = 1                                         {product} {ergonomic}
     uint G1ConcRefinementThreads                  = 2                                         {product} {ergonomic}
   size_t G1HeapRegionSize                         = 1048576                                   {product} {ergonomic}
    uintx GCDrainStackTargetSize                   = 64                                        {product} {ergonomic}
   size_t InitialHeapSize                          = 239075328                                 {product} {ergonomic}
   size_t MarkStackSize                            = 4194304                                   {product} {ergonomic}
   size_t MaxHeapSize                              = 2147483648                                {product} {command line}
   size_t MaxNewSize                               = 1287651328                                {product} {ergonomic}
   size_t MinHeapDeltaBytes                        = 1048576                                   {product} {ergonomic}
    uintx NonNMethodCodeHeapSize                   = 5825164                                {pd product} {ergonomic}
    uintx NonProfiledCodeHeapSize                  = 122916538                              {pd product} {ergonomic}
    uintx ProfiledCodeHeapSize                     = 122916538                              {pd product} {ergonomic}
    uintx ReservedCodeCacheSize                    = 251658240                              {pd product} {ergonomic}
     bool SegmentedCodeCache                       = true                                      {product} {ergonomic}
     bool UseCompressedClassPointers               = true                                 {lp64_product} {ergonomic}
     bool UseCompressedOops                        = true                                 {lp64_product} {ergonomic}
     bool UseG1GC                                  = true                                      {product} {ergonomic}
     bool UseLargePagesIndividualAllocation        = false                                  {pd product} {ergonomic}

Logging:
Log output configuration:
 #0: stdout all=warning uptime,level,tags
 #1: stderr all=off uptime,level,tags

Environment Variables:
PATH=C:\ProgramData\Oracle\Java\javapath;C:\Program Files\Common Files\Oracle\Java\javapath;C:\Program Files (x86)\Common Files\Oracle\Java\javapath;C:\Windows\system32;C:\Windows;C:\Windows\System32\Wbem;C:\Windows\System32\WindowsPowerShell\v1.0\;C:\Program Files (x86)\NVIDIA Corporation\PhysX\Common;C:\WINDOWS\system32;C:\WINDOWS;C:\WINDOWS\System32\Wbem;C:\WINDOWS\System32\WindowsPowerShell\v1.0\;C:\WINDOWS\System32\OpenSSH\;C:\ffmpeg\bin;E:\ffmpeg-20210804-65fdc0e589-win64-static;C:\Program Files\Git\cmd;E:\Program Files\NVIDIA Corporation\NVIDIA NvDLISR;C:\Users\Jaen\AppData\Local\Programs\Python\Python38-32\Scripts\;C:\Users\Jaen\AppData\Local\Programs\Python\Python38-32\;C:\Users\Jaen\AppData\Local\Microsoft\WindowsApps;
USERNAME=Jaen
OS=Windows_NT
PROCESSOR_IDENTIFIER=Intel64 Family 6 Model 158 Stepping 11, GenuineIntel



---------------  S Y S T E M  ---------------

OS: Windows 10 , 64 bit Build 19041 (10.0.19041.1566)
OS uptime: 8 days 13:25 hours

CPU:total 2 (initial active 2) (4 cores per cpu, 1 threads per core) family 6 model 158 stepping 11 microcode 0xb4, cmov, cx8, fxsr, mmx, sse, sse2, sse3, ssse3, sse4.1, sse4.2, popcnt, avx, avx2, aes, clmul, erms, 3dnowpref, lzcnt, tsc, tscinvbit, bmi1, bmi2, adx, fma

Memory: 4k page, system-wide physical 14540M (1969M free)
TotalPageFile size 14540M (AvailPageFile size 3M)
current process WorkingSet (physical memory assigned to process): 202M, peak: 202M
current process commit charge ("private bytes"): 359M, peak: 359M

vm_info: OpenJDK 64-Bit Server VM (11.0.10+0-b96-7249189) for windows-amd64 JRE (11.0.10+0-b96-7249189), built on Mar 31 2021 21:44:00 by "builder" with MS VC++ 14.0 (VS2015)

END.
