#
# There is insufficient memory for the Java Runtime Environment to continue.
# Native memory allocation (malloc) failed to allocate 2608496 bytes for Chunk::new
# Possible reasons:
#   The system is out of physical RAM or swap space
#   The process is running with CompressedOops enabled, and the Java Heap may be blocking the growth of the native heap
# Possible solutions:
#   Reduce memory load on the system
#   Increase physical memory or swap space
#   Check if swap backing store is full
#   Decrease Java heap size (-Xmx/-Xms)
#   Decrease number of Java threads
#   Decrease Java thread stack sizes (-Xss)
#   Set larger code cache with -XX:ReservedCodeCacheSize=
#   JVM is running with Unscaled Compressed Oops mode in which the Java heap is
#     placed in the first 4GB address space. The Java Heap base address is the
#     maximum limit for the native heap growth. Please use -XX:HeapBaseMinAddress
#     to set the Java Heap base and to place the Java Heap above 4GB virtual address.
# This output file may be truncated or incomplete.
#
#  Out of Memory Error (./src/hotspot/share/memory/arena.cpp:197), pid=8220, tid=5060
#
# JRE version: OpenJDK Runtime Environment (11.0.10) (build 11.0.10+0-b96-7249189)
# Java VM: OpenJDK 64-Bit Server VM (11.0.10+0-b96-7249189, mixed mode, tiered, compressed oops, g1 gc, windows-amd64)
# No core dump will be written. Minidumps are not enabled by default on client versions of Windows
#

---------------  S U M M A R Y ------------

Command Line: --add-opens=java.base/java.util=ALL-UNNAMED --add-opens=java.base/java.lang=ALL-UNNAMED --add-opens=java.base/java.lang.invoke=ALL-UNNAMED --add-opens=java.base/java.util=ALL-UNNAMED --add-opens=java.prefs/java.util.prefs=ALL-UNNAMED --add-opens=java.prefs/java.util.prefs=ALL-UNNAMED --add-opens=java.base/java.nio.charset=ALL-UNNAMED --add-opens=java.base/java.net=ALL-UNNAMED --add-opens=java.base/java.util.concurrent.atomic=ALL-UNNAMED -Xmx2048m -Dfile.encoding=UTF-8 -Duser.country=US -Duser.language=en -Duser.variant org.gradle.launcher.daemon.bootstrap.GradleDaemon 7.0.2

Host: Intel(R) Core(TM) i3-8100 CPU @ 3.60GHz, 2 cores, 14G,  Windows 10 , 64 bit Build 19041 (10.0.19041.1566)
Time: Fri Mar 18 23:02:45 2022 Malay Peninsula Standard Time elapsed time: 12.790079 seconds (0d 0h 0m 12s)

---------------  T H R E A D  ---------------

Current thread (0x0000015739da0800):  JavaThread "C2 CompilerThread0" daemon [_thread_in_native, id=5060, stack(0x000000244d200000,0x000000244d300000)]


Current CompileTask:
C2:  12790 9247       4       org.apache.xerces.impl.XMLNSDocumentScannerImpl::scanAttribute (586 bytes)

Stack: [0x000000244d200000,0x000000244d300000]
Native frames: (J=compiled Java code, j=interpreted, Vv=VM code, C=native code)
V  [jvm.dll+0x5ecfaa]
V  [jvm.dll+0x722bd5]
V  [jvm.dll+0x72412d]
V  [jvm.dll+0x7247e3]
V  [jvm.dll+0x242928]
V  [jvm.dll+0xbc4fc]
V  [jvm.dll+0xbca0c]
V  [jvm.dll+0x352d3b]
V  [jvm.dll+0x320ad3]
V  [jvm.dll+0x31ffca]
V  [jvm.dll+0x1fb602]
V  [jvm.dll+0x1fa7f4]
V  [jvm.dll+0x18354c]
V  [jvm.dll+0x208ee7]
V  [jvm.dll+0x207731]
V  [jvm.dll+0x6eb1cf]
V  [jvm.dll+0x6e3d45]
V  [jvm.dll+0x5ebe96]
C  [ucrtbase.dll+0x21bb2]
C  [KERNEL32.DLL+0x17034]
C  [ntdll.dll+0x52651]


---------------  P R O C E S S  ---------------

Threads class SMR info:
_java_thread_list=0x00000157425ffca0, length=43, elements={
0x000001571f5d6000, 0x000001573952c800, 0x000001573952f800, 0x0000015739d99800,
0x0000015739d9b800, 0x0000015739d9d000, 0x0000015739da0800, 0x0000015739da8000,
0x0000015739db4000, 0x0000015739f04800, 0x000001573be84800, 0x000001573ab7f800,
0x000001573ad92000, 0x000001573ab0f000, 0x000001573be1e800, 0x000001573b544800,
0x000001573b545800, 0x000001573b8cb000, 0x000001573bc94000, 0x000001573c0bf000,
0x000001573c0c4000, 0x000001573c0c1800, 0x000001573c0c0000, 0x000001573c0c2000,
0x000001573c0be000, 0x000001573c0c3000, 0x000001573c0c4800, 0x000001573c0c0800,
0x000001573c53e000, 0x000001573c541000, 0x000001573c542000, 0x000001573c53c800,
0x000001573c540800, 0x000001573c543000, 0x000001573c53d000, 0x000001573c547800,
0x000001573c546000, 0x000001573c547000, 0x000001573c543800, 0x000001573c548800,
0x000001573c54a000, 0x000001573c544800, 0x000001573c54b000
}

Java Threads: ( => current thread )
  0x000001571f5d6000 JavaThread "main" [_thread_blocked, id=15552, stack(0x000000244c600000,0x000000244c700000)]
  0x000001573952c800 JavaThread "Reference Handler" daemon [_thread_blocked, id=7572, stack(0x000000244cd00000,0x000000244ce00000)]
  0x000001573952f800 JavaThread "Finalizer" daemon [_thread_blocked, id=15612, stack(0x000000244ce00000,0x000000244cf00000)]
  0x0000015739d99800 JavaThread "Signal Dispatcher" daemon [_thread_blocked, id=6712, stack(0x000000244cf00000,0x000000244d000000)]
  0x0000015739d9b800 JavaThread "Attach Listener" daemon [_thread_blocked, id=6416, stack(0x000000244d000000,0x000000244d100000)]
  0x0000015739d9d000 JavaThread "Service Thread" daemon [_thread_blocked, id=12768, stack(0x000000244d100000,0x000000244d200000)]
=>0x0000015739da0800 JavaThread "C2 CompilerThread0" daemon [_thread_in_native, id=5060, stack(0x000000244d200000,0x000000244d300000)]
  0x0000015739da8000 JavaThread "C1 CompilerThread0" daemon [_thread_blocked, id=11788, stack(0x000000244d300000,0x000000244d400000)]
  0x0000015739db4000 JavaThread "Sweeper thread" daemon [_thread_blocked, id=15140, stack(0x000000244d400000,0x000000244d500000)]
  0x0000015739f04800 JavaThread "Common-Cleaner" daemon [_thread_blocked, id=16840, stack(0x000000244d500000,0x000000244d600000)]
  0x000001573be84800 JavaThread "Daemon health stats" [_thread_blocked, id=13048, stack(0x000000244d800000,0x000000244d900000)]
  0x000001573ab7f800 JavaThread "Incoming local TCP Connector on port 54804" [_thread_in_native, id=11384, stack(0x000000244d900000,0x000000244da00000)]
  0x000001573ad92000 JavaThread "Daemon periodic checks" [_thread_blocked, id=320, stack(0x000000244da00000,0x000000244db00000)]
  0x000001573ab0f000 JavaThread "Daemon" [_thread_blocked, id=12120, stack(0x000000244db00000,0x000000244dc00000)]
  0x000001573be1e800 JavaThread "Handler for socket connection from /127.0.0.1:54804 to /127.0.0.1:54805" [_thread_in_native, id=7336, stack(0x000000244dc00000,0x000000244dd00000)]
  0x000001573b544800 JavaThread "Cancel handler" [_thread_blocked, id=15652, stack(0x000000244dd00000,0x000000244de00000)]
  0x000001573b545800 JavaThread "Daemon worker" [_thread_blocked, id=16424, stack(0x000000244de00000,0x000000244df00000)]
  0x000001573b8cb000 JavaThread "Asynchronous log dispatcher for DefaultDaemonConnection: socket connection from /127.0.0.1:54804 to /127.0.0.1:54805" [_thread_blocked, id=6436, stack(0x000000244df00000,0x000000244e000000)]
  0x000001573bc94000 JavaThread "Stdin handler" [_thread_blocked, id=10440, stack(0x000000244e000000,0x000000244e100000)]
  0x000001573c0bf000 JavaThread "Daemon client event forwarder" [_thread_blocked, id=8280, stack(0x000000244e100000,0x000000244e200000)]
  0x000001573c0c4000 JavaThread "Cache worker for file hash cache (C:\Users\Jaen\.gradle\caches\7.0.2\fileHashes)" [_thread_blocked, id=15544, stack(0x000000244e200000,0x000000244e300000)]
  0x000001573c0c1800 JavaThread "File lock request listener" [_thread_in_native, id=2792, stack(0x000000244e300000,0x000000244e400000)]
  0x000001573c0c0000 JavaThread "Cache worker for journal cache (C:\Users\Jaen\.gradle\caches\journal-1)" [_thread_blocked, id=15592, stack(0x000000244e400000,0x000000244e500000)]
  0x000001573c0c2000 JavaThread "Cache worker for file hash cache (C:\Users\Jaen\AndroidStudioProjects\Toyoda_TurnBasedGame\.gradle\7.0.2\fileHashes)" [_thread_blocked, id=924, stack(0x000000244e500000,0x000000244e600000)]
  0x000001573c0be000 JavaThread "File watcher server" daemon [_thread_in_native, id=13340, stack(0x000000244e600000,0x000000244e700000)]
  0x000001573c0c3000 JavaThread "File watcher consumer" daemon [_thread_blocked, id=756, stack(0x000000244e700000,0x000000244e800000)]
  0x000001573c0c4800 JavaThread "Cache worker for checksums cache (C:\Users\Jaen\AndroidStudioProjects\Toyoda_TurnBasedGame\.gradle\checksums)" [_thread_blocked, id=7512, stack(0x000000244e800000,0x000000244e900000)]
  0x000001573c0c0800 JavaThread "Cache worker for cache directory md-supplier (C:\Users\Jaen\.gradle\caches\7.0.2\md-supplier)" [_thread_blocked, id=3432, stack(0x000000244e900000,0x000000244ea00000)]
  0x000001573c53e000 JavaThread "Cache worker for cache directory md-rule (C:\Users\Jaen\.gradle\caches\7.0.2\md-rule)" [_thread_blocked, id=5368, stack(0x000000244ea00000,0x000000244eb00000)]
  0x000001573c541000 JavaThread "Cache worker for execution history cache (C:\Users\Jaen\.gradle\caches\7.0.2\executionHistory)" [_thread_blocked, id=2908, stack(0x000000244eb00000,0x000000244ec00000)]
  0x000001573c542000 JavaThread "jar transforms" [_thread_blocked, id=14576, stack(0x000000244ec00000,0x000000244ed00000)]
  0x000001573c53c800 JavaThread "jar transforms Thread 2" [_thread_blocked, id=7744, stack(0x000000244ed00000,0x000000244ee00000)]
  0x000001573c540800 JavaThread "Cache worker for file content cache (C:\Users\Jaen\.gradle\caches\7.0.2\fileContent)" [_thread_blocked, id=15920, stack(0x000000244ee00000,0x000000244ef00000)]
  0x000001573c543000 JavaThread "Cache worker for dependencies-accessors (C:\Users\Jaen\AndroidStudioProjects\Toyoda_TurnBasedGame\.gradle\7.0.2\dependencies-accessors)" [_thread_blocked, id=12064, stack(0x000000244ef00000,0x000000244f000000)]
  0x000001573c53d000 JavaThread "Cache worker for Build Output Cleanup Cache (C:\Users\Jaen\AndroidStudioProjects\Toyoda_TurnBasedGame\.gradle\buildOutputCleanup)" [_thread_blocked, id=11020, stack(0x000000244f000000,0x000000244f100000)]
  0x000001573c547800 JavaThread "Build operations" [_thread_blocked, id=808, stack(0x000000244f100000,0x000000244f200000)]
  0x000001573c546000 JavaThread "Build operations Thread 2" [_thread_blocked, id=14980, stack(0x000000244f200000,0x000000244f300000)]
  0x000001573c547000 JavaThread "Memory manager" [_thread_blocked, id=14752, stack(0x000000244f300000,0x000000244f400000)]
  0x000001573c543800 JavaThread "build event listener" [_thread_blocked, id=1924, stack(0x000000244f400000,0x000000244f500000)]
  0x000001573c548800 JavaThread "pool-3-thread-1" [_thread_blocked, id=4308, stack(0x000000244f500000,0x000000244f600000)]
  0x000001573c54a000 JavaThread "build event listener" [_thread_blocked, id=2004, stack(0x000000244f600000,0x000000244f700000)]
  0x000001573c544800 JavaThread "Execution worker for ':'" [_thread_blocked, id=10920, stack(0x000000244f700000,0x000000244f800000)]
  0x000001573c54b000 JavaThread "Cache worker for execution history cache (C:\Users\Jaen\AndroidStudioProjects\Toyoda_TurnBasedGame\.gradle\7.0.2\executionHistory)" [_thread_blocked, id=11808, stack(0x000000244f800000,0x000000244f900000)]

Other Threads:
  0x0000015739503800 VMThread "VM Thread" [stack: 0x000000244cc00000,0x000000244cd00000] [id=9000]
  0x0000015739f1a000 WatcherThread [stack: 0x000000244d600000,0x000000244d700000] [id=968]
  0x000001571f5f0000 GCTaskThread "GC Thread#0" [stack: 0x000000244c700000,0x000000244c800000] [id=11292]
  0x000001573a3d7000 GCTaskThread "GC Thread#1" [stack: 0x000000244d700000,0x000000244d800000] [id=13712]
  0x000001571f622800 ConcurrentGCThread "G1 Main Marker" [stack: 0x000000244c800000,0x000000244c900000] [id=2176]
  0x000001571f624800 ConcurrentGCThread "G1 Conc#0" [stack: 0x000000244c900000,0x000000244ca00000] [id=3032]
  0x000001573937e800 ConcurrentGCThread "G1 Refine#0" [stack: 0x000000244ca00000,0x000000244cb00000] [id=6992]
  0x000001573937f800 ConcurrentGCThread "G1 Young RemSet Sampling" [stack: 0x000000244cb00000,0x000000244cc00000] [id=14368]

Threads with active compile tasks:
C2 CompilerThread0  12806 9247       4       org.apache.xerces.impl.XMLNSDocumentScannerImpl::scanAttribute (586 bytes)

VM state:not at safepoint (normal execution)

VM Mutex/Monitor currently owned by a thread: None

Heap address: 0x0000000080000000, size: 2048 MB, Compressed Oops mode: 32-bit
Narrow klass base: 0x0000000000000000, Narrow klass shift: 3
Compressed class space size: 1073741824 Address: 0x0000000100000000

Heap:
 garbage-first heap   total 233472K, used 81920K [0x0000000080000000, 0x0000000100000000)
  region size 1024K, 16 young (16384K), 16 survivors (16384K)
 Metaspace       used 83347K, capacity 85444K, committed 85796K, reserved 1130496K
  class space    used 10644K, capacity 11400K, committed 11520K, reserved 1048576K
Heap Regions: E=young(eden), S=young(survivor), O=old, HS=humongous(starts), HC=humongous(continues), CS=collection set, F=free, A=archive, TAMS=top-at-mark-start (previous, next)
|   0|0x0000000080000000, 0x0000000080100000, 0x0000000080100000|100%|HS|  |TAMS 0x0000000080100000, 0x0000000080000000| Complete 
|   1|0x0000000080100000, 0x0000000080200000, 0x0000000080200000|100%|HC|  |TAMS 0x0000000080200000, 0x0000000080100000| Complete 
|   2|0x0000000080200000, 0x0000000080300000, 0x0000000080300000|100%|HC|  |TAMS 0x0000000080300000, 0x0000000080200000| Complete 
|   3|0x0000000080300000, 0x0000000080400000, 0x0000000080400000|100%| O|  |TAMS 0x0000000080400000, 0x0000000080300000| Updating 
|   4|0x0000000080400000, 0x0000000080500000, 0x0000000080500000|100%| O|  |TAMS 0x0000000080500000, 0x0000000080400000| Updating 
|   5|0x0000000080500000, 0x0000000080600000, 0x0000000080600000|100%| O|  |TAMS 0x0000000080600000, 0x0000000080500000| Updating 
|   6|0x0000000080600000, 0x0000000080700000, 0x0000000080700000|100%| O|  |TAMS 0x0000000080700000, 0x0000000080600000| Updating 
|   7|0x0000000080700000, 0x0000000080800000, 0x0000000080800000|100%| O|  |TAMS 0x0000000080800000, 0x0000000080700000| Updating 
|   8|0x0000000080800000, 0x0000000080900000, 0x0000000080900000|100%| O|  |TAMS 0x0000000080900000, 0x0000000080800000| Updating 
|   9|0x0000000080900000, 0x0000000080a00000, 0x0000000080a00000|100%| O|  |TAMS 0x0000000080a00000, 0x0000000080900000| Updating 
|  10|0x0000000080a00000, 0x0000000080b00000, 0x0000000080b00000|100%| O|  |TAMS 0x0000000080b00000, 0x0000000080a00000| Updating 
|  11|0x0000000080b00000, 0x0000000080c00000, 0x0000000080c00000|100%| O|  |TAMS 0x0000000080c00000, 0x0000000080b00000| Updating 
|  12|0x0000000080c00000, 0x0000000080d00000, 0x0000000080d00000|100%| O|  |TAMS 0x0000000080d00000, 0x0000000080c00000| Updating 
|  13|0x0000000080d00000, 0x0000000080e00000, 0x0000000080e00000|100%| O|  |TAMS 0x0000000080e00000, 0x0000000080d00000| Updating 
|  14|0x0000000080e00000, 0x0000000080f00000, 0x0000000080f00000|100%| O|  |TAMS 0x0000000080f00000, 0x0000000080e00000| Updating 
|  15|0x0000000080f00000, 0x0000000081000000, 0x0000000081000000|100%| O|  |TAMS 0x0000000081000000, 0x0000000080f00000| Updating 
|  16|0x0000000081000000, 0x0000000081100000, 0x0000000081100000|100%| O|  |TAMS 0x0000000081100000, 0x0000000081000000| Updating 
|  17|0x0000000081100000, 0x0000000081200000, 0x0000000081200000|100%|HS|  |TAMS 0x0000000081200000, 0x0000000081100000| Complete 
|  18|0x0000000081200000, 0x0000000081300000, 0x0000000081300000|100%|HS|  |TAMS 0x0000000081300000, 0x0000000081200000| Complete 
|  19|0x0000000081300000, 0x0000000081400000, 0x0000000081400000|100%|HS|  |TAMS 0x0000000081400000, 0x0000000081300000| Complete 
|  20|0x0000000081400000, 0x0000000081500000, 0x0000000081500000|100%|HC|  |TAMS 0x0000000081500000, 0x0000000081400000| Complete 
|  21|0x0000000081500000, 0x0000000081600000, 0x0000000081600000|100%| O|  |TAMS 0x0000000081600000, 0x0000000081500000| Updating 
|  22|0x0000000081600000, 0x0000000081700000, 0x0000000081700000|100%| O|  |TAMS 0x0000000081700000, 0x0000000081600000| Updating 
|  23|0x0000000081700000, 0x0000000081800000, 0x0000000081800000|100%| O|  |TAMS 0x0000000081800000, 0x0000000081700000| Updating 
|  24|0x0000000081800000, 0x0000000081900000, 0x0000000081900000|100%| O|  |TAMS 0x0000000081900000, 0x0000000081800000| Updating 
|  25|0x0000000081900000, 0x0000000081a00000, 0x0000000081a00000|100%| O|  |TAMS 0x0000000081a00000, 0x0000000081900000| Updating 
|  26|0x0000000081a00000, 0x0000000081b00000, 0x0000000081b00000|100%| O|  |TAMS 0x0000000081b00000, 0x0000000081a00000| Updating 
|  27|0x0000000081b00000, 0x0000000081c00000, 0x0000000081c00000|100%| O|  |TAMS 0x0000000081c00000, 0x0000000081b00000| Updating 
|  28|0x0000000081c00000, 0x0000000081d00000, 0x0000000081d00000|100%| O|  |TAMS 0x0000000081d00000, 0x0000000081c00000| Updating 
|  29|0x0000000081d00000, 0x0000000081e00000, 0x0000000081e00000|100%| O|  |TAMS 0x0000000081e00000, 0x0000000081d00000| Updating 
|  30|0x0000000081e00000, 0x0000000081f00000, 0x0000000081f00000|100%| O|  |TAMS 0x0000000081f00000, 0x0000000081e00000| Updating 
|  31|0x0000000081f00000, 0x0000000082000000, 0x0000000082000000|100%| O|  |TAMS 0x0000000082000000, 0x0000000081f00000| Updating 
|  32|0x0000000082000000, 0x0000000082100000, 0x0000000082100000|100%| O|  |TAMS 0x0000000082100000, 0x0000000082000000| Updating 
|  33|0x0000000082100000, 0x0000000082200000, 0x0000000082200000|100%| O|  |TAMS 0x0000000082200000, 0x0000000082100000| Updating 
|  34|0x0000000082200000, 0x0000000082300000, 0x0000000082300000|100%| O|  |TAMS 0x0000000082300000, 0x0000000082200000| Updating 
|  35|0x0000000082300000, 0x0000000082400000, 0x0000000082400000|100%| O|  |TAMS 0x0000000082400000, 0x0000000082300000| Updating 
|  36|0x0000000082400000, 0x0000000082500000, 0x0000000082500000|100%| O|  |TAMS 0x0000000082500000, 0x0000000082400000| Updating 
|  37|0x0000000082500000, 0x0000000082600000, 0x0000000082600000|100%| O|  |TAMS 0x0000000082600000, 0x0000000082500000| Updating 
|  38|0x0000000082600000, 0x0000000082700000, 0x0000000082700000|100%| O|  |TAMS 0x0000000082700000, 0x0000000082600000| Updating 
|  39|0x0000000082700000, 0x0000000082800000, 0x0000000082800000|100%| O|  |TAMS 0x0000000082800000, 0x0000000082700000| Updating 
|  40|0x0000000082800000, 0x0000000082900000, 0x0000000082900000|100%| O|  |TAMS 0x0000000082900000, 0x0000000082800000| Updating 
|  41|0x0000000082900000, 0x0000000082a00000, 0x0000000082a00000|100%| O|  |TAMS 0x0000000082a00000, 0x0000000082900000| Updating 
|  42|0x0000000082a00000, 0x0000000082b00000, 0x0000000082b00000|100%| O|  |TAMS 0x0000000082b00000, 0x0000000082a00000| Updating 
|  43|0x0000000082b00000, 0x0000000082c00000, 0x0000000082c00000|100%| O|  |TAMS 0x0000000082c00000, 0x0000000082b00000| Updating 
|  44|0x0000000082c00000, 0x0000000082d00000, 0x0000000082d00000|100%| O|  |TAMS 0x0000000082d00000, 0x0000000082c00000| Updating 
|  45|0x0000000082d00000, 0x0000000082e00000, 0x0000000082e00000|100%| O|  |TAMS 0x0000000082e00000, 0x0000000082d00000| Updating 
|  46|0x0000000082e00000, 0x0000000082f00000, 0x0000000082f00000|100%| O|  |TAMS 0x0000000082f00000, 0x0000000082e00000| Updating 
|  47|0x0000000082f00000, 0x0000000083000000, 0x0000000083000000|100%| O|  |TAMS 0x0000000083000000, 0x0000000082f00000| Updating 
|  48|0x0000000083000000, 0x0000000083100000, 0x0000000083100000|100%| O|  |TAMS 0x0000000083100000, 0x0000000083000000| Updating 
|  49|0x0000000083100000, 0x0000000083200000, 0x0000000083200000|100%| O|  |TAMS 0x0000000083200000, 0x0000000083100000| Updating 
|  50|0x0000000083200000, 0x0000000083300000, 0x0000000083300000|100%| O|  |TAMS 0x0000000083300000, 0x0000000083200000| Updating 
|  51|0x0000000083300000, 0x0000000083400000, 0x0000000083400000|100%| O|  |TAMS 0x0000000083400000, 0x0000000083300000| Updating 
|  52|0x0000000083400000, 0x0000000083400000, 0x0000000083500000|  0%| F|  |TAMS 0x0000000083400000, 0x0000000083400000| Untracked 
|  53|0x0000000083500000, 0x0000000083500000, 0x0000000083600000|  0%| F|  |TAMS 0x0000000083500000, 0x0000000083500000| Untracked 
|  54|0x0000000083600000, 0x0000000083700000, 0x0000000083700000|100%|HS|  |TAMS 0x0000000083700000, 0x0000000083600000| Complete 
|  55|0x0000000083700000, 0x0000000083800000, 0x0000000083800000|100%| O|  |TAMS 0x0000000083800000, 0x0000000083700000| Updating 
|  56|0x0000000083800000, 0x0000000083900000, 0x0000000083900000|100%| O|  |TAMS 0x0000000083900000, 0x0000000083800000| Updating 
|  57|0x0000000083900000, 0x0000000083a00000, 0x0000000083a00000|100%| O|  |TAMS 0x0000000083a00000, 0x0000000083900000| Updating 
|  58|0x0000000083a00000, 0x0000000083b00000, 0x0000000083b00000|100%| O|  |TAMS 0x0000000083b00000, 0x0000000083a00000| Updating 
|  59|0x0000000083b00000, 0x0000000083c00000, 0x0000000083c00000|100%| O|  |TAMS 0x0000000083c00000, 0x0000000083b00000| Updating 
|  60|0x0000000083c00000, 0x0000000083d00000, 0x0000000083d00000|100%| O|  |TAMS 0x0000000083d00000, 0x0000000083c00000| Updating 
|  61|0x0000000083d00000, 0x0000000083e00000, 0x0000000083e00000|100%| O|  |TAMS 0x0000000083e00000, 0x0000000083d00000| Updating 
|  62|0x0000000083e00000, 0x0000000083f00000, 0x0000000083f00000|100%| O|  |TAMS 0x0000000083f00000, 0x0000000083e00000| Updating 
|  63|0x0000000083f00000, 0x0000000084000000, 0x0000000084000000|100%| O|  |TAMS 0x0000000084000000, 0x0000000083f00000| Updating 
|  64|0x0000000084000000, 0x0000000084100000, 0x0000000084100000|100%| O|  |TAMS 0x0000000084100000, 0x0000000084000000| Updating 
|  65|0x0000000084100000, 0x0000000084200000, 0x0000000084200000|100%| O|  |TAMS 0x0000000084200000, 0x0000000084100000| Updating 
|  66|0x0000000084200000, 0x0000000084200000, 0x0000000084300000|  0%| F|  |TAMS 0x0000000084200000, 0x0000000084200000| Untracked 
|  67|0x0000000084300000, 0x0000000084300000, 0x0000000084400000|  0%| F|  |TAMS 0x0000000084300000, 0x0000000084300000| Untracked 
|  68|0x0000000084400000, 0x0000000084400000, 0x0000000084500000|  0%| F|  |TAMS 0x0000000084400000, 0x0000000084400000| Untracked 
|  69|0x0000000084500000, 0x0000000084500000, 0x0000000084600000|  0%| F|  |TAMS 0x0000000084500000, 0x0000000084500000| Untracked 
|  70|0x0000000084600000, 0x0000000084600000, 0x0000000084700000|  0%| F|  |TAMS 0x0000000084600000, 0x0000000084600000| Untracked 
|  71|0x0000000084700000, 0x0000000084700000, 0x0000000084800000|  0%| F|  |TAMS 0x0000000084700000, 0x0000000084700000| Untracked 
|  72|0x0000000084800000, 0x0000000084800000, 0x0000000084900000|  0%| F|  |TAMS 0x0000000084800000, 0x0000000084800000| Untracked 
|  73|0x0000000084900000, 0x0000000084900000, 0x0000000084a00000|  0%| F|  |TAMS 0x0000000084900000, 0x0000000084900000| Untracked 
|  74|0x0000000084a00000, 0x0000000084a00000, 0x0000000084b00000|  0%| F|  |TAMS 0x0000000084a00000, 0x0000000084a00000| Untracked 
|  75|0x0000000084b00000, 0x0000000084b00000, 0x0000000084c00000|  0%| F|  |TAMS 0x0000000084b00000, 0x0000000084b00000| Untracked 
|  76|0x0000000084c00000, 0x0000000084c00000, 0x0000000084d00000|  0%| F|  |TAMS 0x0000000084c00000, 0x0000000084c00000| Untracked 
|  77|0x0000000084d00000, 0x0000000084d00000, 0x0000000084e00000|  0%| F|  |TAMS 0x0000000084d00000, 0x0000000084d00000| Untracked 
|  78|0x0000000084e00000, 0x0000000084e00000, 0x0000000084f00000|  0%| F|  |TAMS 0x0000000084e00000, 0x0000000084e00000| Untracked 
|  79|0x0000000084f00000, 0x0000000084f00000, 0x0000000085000000|  0%| F|  |TAMS 0x0000000084f00000, 0x0000000084f00000| Untracked 
|  80|0x0000000085000000, 0x0000000085000000, 0x0000000085100000|  0%| F|  |TAMS 0x0000000085000000, 0x0000000085000000| Untracked 
|  81|0x0000000085100000, 0x0000000085100000, 0x0000000085200000|  0%| F|  |TAMS 0x0000000085100000, 0x0000000085100000| Untracked 
|  82|0x0000000085200000, 0x0000000085200000, 0x0000000085300000|  0%| F|  |TAMS 0x0000000085200000, 0x0000000085200000| Untracked 
|  83|0x0000000085300000, 0x0000000085300000, 0x0000000085400000|  0%| F|  |TAMS 0x0000000085300000, 0x0000000085300000| Untracked 
|  84|0x0000000085400000, 0x0000000085400000, 0x0000000085500000|  0%| F|  |TAMS 0x0000000085400000, 0x0000000085400000| Untracked 
|  85|0x0000000085500000, 0x0000000085500000, 0x0000000085600000|  0%| F|  |TAMS 0x0000000085500000, 0x0000000085500000| Untracked 
|  86|0x0000000085600000, 0x0000000085600000, 0x0000000085700000|  0%| F|  |TAMS 0x0000000085600000, 0x0000000085600000| Untracked 
|  87|0x0000000085700000, 0x0000000085700000, 0x0000000085800000|  0%| F|  |TAMS 0x0000000085700000, 0x0000000085700000| Untracked 
|  88|0x0000000085800000, 0x0000000085800000, 0x0000000085900000|  0%| F|  |TAMS 0x0000000085800000, 0x0000000085800000| Untracked 
|  89|0x0000000085900000, 0x0000000085900000, 0x0000000085a00000|  0%| F|  |TAMS 0x0000000085900000, 0x0000000085900000| Untracked 
|  90|0x0000000085a00000, 0x0000000085a00000, 0x0000000085b00000|  0%| F|  |TAMS 0x0000000085a00000, 0x0000000085a00000| Untracked 
|  91|0x0000000085b00000, 0x0000000085b00000, 0x0000000085c00000|  0%| F|  |TAMS 0x0000000085b00000, 0x0000000085b00000| Untracked 
|  92|0x0000000085c00000, 0x0000000085c00000, 0x0000000085d00000|  0%| F|  |TAMS 0x0000000085c00000, 0x0000000085c00000| Untracked 
|  93|0x0000000085d00000, 0x0000000085d00000, 0x0000000085e00000|  0%| F|  |TAMS 0x0000000085d00000, 0x0000000085d00000| Untracked 
|  94|0x0000000085e00000, 0x0000000085e00000, 0x0000000085f00000|  0%| F|  |TAMS 0x0000000085e00000, 0x0000000085e00000| Untracked 
|  95|0x0000000085f00000, 0x0000000085f00000, 0x0000000086000000|  0%| F|  |TAMS 0x0000000085f00000, 0x0000000085f00000| Untracked 
|  96|0x0000000086000000, 0x0000000086000000, 0x0000000086100000|  0%| F|  |TAMS 0x0000000086000000, 0x0000000086000000| Untracked 
|  97|0x0000000086100000, 0x0000000086100000, 0x0000000086200000|  0%| F|  |TAMS 0x0000000086100000, 0x0000000086100000| Untracked 
|  98|0x0000000086200000, 0x0000000086200000, 0x0000000086300000|  0%| F|  |TAMS 0x0000000086200000, 0x0000000086200000| Untracked 
|  99|0x0000000086300000, 0x0000000086300000, 0x0000000086400000|  0%| F|  |TAMS 0x0000000086300000, 0x0000000086300000| Untracked 
| 100|0x0000000086400000, 0x0000000086400000, 0x0000000086500000|  0%| F|  |TAMS 0x0000000086400000, 0x0000000086400000| Untracked 
| 101|0x0000000086500000, 0x0000000086500000, 0x0000000086600000|  0%| F|  |TAMS 0x0000000086500000, 0x0000000086500000| Untracked 
| 102|0x0000000086600000, 0x0000000086600000, 0x0000000086700000|  0%| F|  |TAMS 0x0000000086600000, 0x0000000086600000| Untracked 
| 103|0x0000000086700000, 0x0000000086700000, 0x0000000086800000|  0%| F|  |TAMS 0x0000000086700000, 0x0000000086700000| Untracked 
| 104|0x0000000086800000, 0x0000000086800000, 0x0000000086900000|  0%| F|  |TAMS 0x0000000086800000, 0x0000000086800000| Untracked 
| 105|0x0000000086900000, 0x0000000086900000, 0x0000000086a00000|  0%| F|  |TAMS 0x0000000086900000, 0x0000000086900000| Untracked 
| 106|0x0000000086a00000, 0x0000000086a00000, 0x0000000086b00000|  0%| F|  |TAMS 0x0000000086a00000, 0x0000000086a00000| Untracked 
| 107|0x0000000086b00000, 0x0000000086b00000, 0x0000000086c00000|  0%| F|  |TAMS 0x0000000086b00000, 0x0000000086b00000| Untracked 
| 108|0x0000000086c00000, 0x0000000086c00000, 0x0000000086d00000|  0%| F|  |TAMS 0x0000000086c00000, 0x0000000086c00000| Untracked 
| 109|0x0000000086d00000, 0x0000000086d00000, 0x0000000086e00000|  0%| F|  |TAMS 0x0000000086d00000, 0x0000000086d00000| Untracked 
| 110|0x0000000086e00000, 0x0000000086e00000, 0x0000000086f00000|  0%| F|  |TAMS 0x0000000086e00000, 0x0000000086e00000| Untracked 
| 111|0x0000000086f00000, 0x0000000086f00000, 0x0000000087000000|  0%| F|  |TAMS 0x0000000086f00000, 0x0000000086f00000| Untracked 
| 112|0x0000000087000000, 0x0000000087000000, 0x0000000087100000|  0%| F|  |TAMS 0x0000000087000000, 0x0000000087000000| Untracked 
| 113|0x0000000087100000, 0x0000000087100000, 0x0000000087200000|  0%| F|  |TAMS 0x0000000087100000, 0x0000000087100000| Untracked 
| 114|0x0000000087200000, 0x0000000087200000, 0x0000000087300000|  0%| F|  |TAMS 0x0000000087200000, 0x0000000087200000| Untracked 
| 115|0x0000000087300000, 0x0000000087300000, 0x0000000087400000|  0%| F|  |TAMS 0x0000000087300000, 0x0000000087300000| Untracked 
| 116|0x0000000087400000, 0x0000000087400000, 0x0000000087500000|  0%| F|  |TAMS 0x0000000087400000, 0x0000000087400000| Untracked 
| 117|0x0000000087500000, 0x0000000087500000, 0x0000000087600000|  0%| F|  |TAMS 0x0000000087500000, 0x0000000087500000| Untracked 
| 118|0x0000000087600000, 0x0000000087600000, 0x0000000087700000|  0%| F|  |TAMS 0x0000000087600000, 0x0000000087600000| Untracked 
| 119|0x0000000087700000, 0x0000000087700000, 0x0000000087800000|  0%| F|  |TAMS 0x0000000087700000, 0x0000000087700000| Untracked 
| 120|0x0000000087800000, 0x0000000087800000, 0x0000000087900000|  0%| F|  |TAMS 0x0000000087800000, 0x0000000087800000| Untracked 
| 121|0x0000000087900000, 0x0000000087900000, 0x0000000087a00000|  0%| F|  |TAMS 0x0000000087900000, 0x0000000087900000| Untracked 
| 122|0x0000000087a00000, 0x0000000087a00000, 0x0000000087b00000|  0%| F|  |TAMS 0x0000000087a00000, 0x0000000087a00000| Untracked 
| 123|0x0000000087b00000, 0x0000000087c00000, 0x0000000087c00000|100%| S|CS|TAMS 0x0000000087b00000, 0x0000000087b00000| Complete 
| 124|0x0000000087c00000, 0x0000000087d00000, 0x0000000087d00000|100%| S|CS|TAMS 0x0000000087c00000, 0x0000000087c00000| Complete 
| 125|0x0000000087d00000, 0x0000000087e00000, 0x0000000087e00000|100%| S|CS|TAMS 0x0000000087d00000, 0x0000000087d00000| Complete 
| 126|0x0000000087e00000, 0x0000000087f00000, 0x0000000087f00000|100%| S|CS|TAMS 0x0000000087e00000, 0x0000000087e00000| Complete 
| 127|0x0000000087f00000, 0x0000000088000000, 0x0000000088000000|100%| S|CS|TAMS 0x0000000087f00000, 0x0000000087f00000| Complete 
| 128|0x0000000088000000, 0x0000000088100000, 0x0000000088100000|100%| S|CS|TAMS 0x0000000088000000, 0x0000000088000000| Complete 
| 129|0x0000000088100000, 0x0000000088200000, 0x0000000088200000|100%| S|CS|TAMS 0x0000000088100000, 0x0000000088100000| Complete 
| 130|0x0000000088200000, 0x0000000088300000, 0x0000000088300000|100%| S|CS|TAMS 0x0000000088200000, 0x0000000088200000| Complete 
| 131|0x0000000088300000, 0x0000000088400000, 0x0000000088400000|100%| S|CS|TAMS 0x0000000088300000, 0x0000000088300000| Complete 
| 132|0x0000000088400000, 0x0000000088500000, 0x0000000088500000|100%| S|CS|TAMS 0x0000000088400000, 0x0000000088400000| Complete 
| 133|0x0000000088500000, 0x0000000088600000, 0x0000000088600000|100%| S|CS|TAMS 0x0000000088500000, 0x0000000088500000| Complete 
| 134|0x0000000088600000, 0x0000000088700000, 0x0000000088700000|100%| S|CS|TAMS 0x0000000088600000, 0x0000000088600000| Complete 
| 135|0x0000000088700000, 0x0000000088800000, 0x0000000088800000|100%| S|CS|TAMS 0x0000000088700000, 0x0000000088700000| Complete 
| 136|0x0000000088800000, 0x0000000088900000, 0x0000000088900000|100%| S|CS|TAMS 0x0000000088800000, 0x0000000088800000| Complete 
| 137|0x0000000088900000, 0x0000000088a00000, 0x0000000088a00000|100%| S|CS|TAMS 0x0000000088900000, 0x0000000088900000| Complete 
| 138|0x0000000088a00000, 0x0000000088b00000, 0x0000000088b00000|100%| S|CS|TAMS 0x0000000088a00000, 0x0000000088a00000| Complete 
| 139|0x0000000088b00000, 0x0000000088b00000, 0x0000000088c00000|  0%| F|  |TAMS 0x0000000088b00000, 0x0000000088b00000| Untracked 
| 140|0x0000000088c00000, 0x0000000088c00000, 0x0000000088d00000|  0%| F|  |TAMS 0x0000000088c00000, 0x0000000088c00000| Untracked 
| 141|0x0000000088d00000, 0x0000000088d00000, 0x0000000088e00000|  0%| F|  |TAMS 0x0000000088d00000, 0x0000000088d00000| Untracked 
| 142|0x0000000088e00000, 0x0000000088e00000, 0x0000000088f00000|  0%| F|  |TAMS 0x0000000088e00000, 0x0000000088e00000| Untracked 
| 143|0x0000000088f00000, 0x0000000088f00000, 0x0000000089000000|  0%| F|  |TAMS 0x0000000088f00000, 0x0000000088f00000| Untracked 
| 144|0x0000000089000000, 0x0000000089000000, 0x0000000089100000|  0%| F|  |TAMS 0x0000000089000000, 0x0000000089000000| Untracked 
| 145|0x0000000089100000, 0x0000000089100000, 0x0000000089200000|  0%| F|  |TAMS 0x0000000089100000, 0x0000000089100000| Untracked 
| 146|0x0000000089200000, 0x0000000089200000, 0x0000000089300000|  0%| F|  |TAMS 0x0000000089200000, 0x0000000089200000| Untracked 
| 147|0x0000000089300000, 0x0000000089300000, 0x0000000089400000|  0%| F|  |TAMS 0x0000000089300000, 0x0000000089300000| Untracked 
| 148|0x0000000089400000, 0x0000000089400000, 0x0000000089500000|  0%| F|  |TAMS 0x0000000089400000, 0x0000000089400000| Untracked 
| 149|0x0000000089500000, 0x0000000089500000, 0x0000000089600000|  0%| F|  |TAMS 0x0000000089500000, 0x0000000089500000| Untracked 
| 150|0x0000000089600000, 0x0000000089600000, 0x0000000089700000|  0%| F|  |TAMS 0x0000000089600000, 0x0000000089600000| Untracked 
| 151|0x0000000089700000, 0x0000000089700000, 0x0000000089800000|  0%| F|  |TAMS 0x0000000089700000, 0x0000000089700000| Untracked 
| 152|0x0000000089800000, 0x0000000089800000, 0x0000000089900000|  0%| F|  |TAMS 0x0000000089800000, 0x0000000089800000| Untracked 
| 153|0x0000000089900000, 0x0000000089900000, 0x0000000089a00000|  0%| F|  |TAMS 0x0000000089900000, 0x0000000089900000| Untracked 
| 154|0x0000000089a00000, 0x0000000089a00000, 0x0000000089b00000|  0%| F|  |TAMS 0x0000000089a00000, 0x0000000089a00000| Untracked 
| 155|0x0000000089b00000, 0x0000000089b00000, 0x0000000089c00000|  0%| F|  |TAMS 0x0000000089b00000, 0x0000000089b00000| Untracked 
| 156|0x0000000089c00000, 0x0000000089c00000, 0x0000000089d00000|  0%| F|  |TAMS 0x0000000089c00000, 0x0000000089c00000| Untracked 
| 157|0x0000000089d00000, 0x0000000089d00000, 0x0000000089e00000|  0%| F|  |TAMS 0x0000000089d00000, 0x0000000089d00000| Untracked 
| 158|0x0000000089e00000, 0x0000000089e00000, 0x0000000089f00000|  0%| F|  |TAMS 0x0000000089e00000, 0x0000000089e00000| Untracked 
| 159|0x0000000089f00000, 0x0000000089f00000, 0x000000008a000000|  0%| F|  |TAMS 0x0000000089f00000, 0x0000000089f00000| Untracked 
| 160|0x000000008a000000, 0x000000008a000000, 0x000000008a100000|  0%| F|  |TAMS 0x000000008a000000, 0x000000008a000000| Untracked 
| 161|0x000000008a100000, 0x000000008a100000, 0x000000008a200000|  0%| F|  |TAMS 0x000000008a100000, 0x000000008a100000| Untracked 
| 162|0x000000008a200000, 0x000000008a200000, 0x000000008a300000|  0%| F|  |TAMS 0x000000008a200000, 0x000000008a200000| Untracked 
| 163|0x000000008a300000, 0x000000008a300000, 0x000000008a400000|  0%| F|  |TAMS 0x000000008a300000, 0x000000008a300000| Untracked 
| 164|0x000000008a400000, 0x000000008a400000, 0x000000008a500000|  0%| F|  |TAMS 0x000000008a400000, 0x000000008a400000| Untracked 
| 165|0x000000008a500000, 0x000000008a500000, 0x000000008a600000|  0%| F|  |TAMS 0x000000008a500000, 0x000000008a500000| Untracked 
| 166|0x000000008a600000, 0x000000008a600000, 0x000000008a700000|  0%| F|  |TAMS 0x000000008a600000, 0x000000008a600000| Untracked 
| 167|0x000000008a700000, 0x000000008a700000, 0x000000008a800000|  0%| F|  |TAMS 0x000000008a700000, 0x000000008a700000| Untracked 
| 168|0x000000008a800000, 0x000000008a800000, 0x000000008a900000|  0%| F|  |TAMS 0x000000008a800000, 0x000000008a800000| Untracked 
| 169|0x000000008a900000, 0x000000008a900000, 0x000000008aa00000|  0%| F|  |TAMS 0x000000008a900000, 0x000000008a900000| Untracked 
| 170|0x000000008aa00000, 0x000000008aa00000, 0x000000008ab00000|  0%| F|  |TAMS 0x000000008aa00000, 0x000000008aa00000| Untracked 
| 171|0x000000008ab00000, 0x000000008ab00000, 0x000000008ac00000|  0%| F|  |TAMS 0x000000008ab00000, 0x000000008ab00000| Untracked 
| 172|0x000000008ac00000, 0x000000008ac00000, 0x000000008ad00000|  0%| F|  |TAMS 0x000000008ac00000, 0x000000008ac00000| Untracked 
| 173|0x000000008ad00000, 0x000000008ad00000, 0x000000008ae00000|  0%| F|  |TAMS 0x000000008ad00000, 0x000000008ad00000| Untracked 
| 174|0x000000008ae00000, 0x000000008ae00000, 0x000000008af00000|  0%| F|  |TAMS 0x000000008ae00000, 0x000000008ae00000| Untracked 
| 175|0x000000008af00000, 0x000000008af00000, 0x000000008b000000|  0%| F|  |TAMS 0x000000008af00000, 0x000000008af00000| Untracked 
| 176|0x000000008b000000, 0x000000008b000000, 0x000000008b100000|  0%| F|  |TAMS 0x000000008b000000, 0x000000008b000000| Untracked 
| 177|0x000000008b100000, 0x000000008b100000, 0x000000008b200000|  0%| F|  |TAMS 0x000000008b100000, 0x000000008b100000| Untracked 
| 178|0x000000008b200000, 0x000000008b200000, 0x000000008b300000|  0%| F|  |TAMS 0x000000008b200000, 0x000000008b200000| Untracked 
| 179|0x000000008b300000, 0x000000008b300000, 0x000000008b400000|  0%| F|  |TAMS 0x000000008b300000, 0x000000008b300000| Untracked 
| 180|0x000000008b400000, 0x000000008b400000, 0x000000008b500000|  0%| F|  |TAMS 0x000000008b400000, 0x000000008b400000| Untracked 
| 181|0x000000008b500000, 0x000000008b500000, 0x000000008b600000|  0%| F|  |TAMS 0x000000008b500000, 0x000000008b500000| Untracked 
| 182|0x000000008b600000, 0x000000008b600000, 0x000000008b700000|  0%| F|  |TAMS 0x000000008b600000, 0x000000008b600000| Untracked 
| 183|0x000000008b700000, 0x000000008b700000, 0x000000008b800000|  0%| F|  |TAMS 0x000000008b700000, 0x000000008b700000| Untracked 
| 184|0x000000008b800000, 0x000000008b800000, 0x000000008b900000|  0%| F|  |TAMS 0x000000008b800000, 0x000000008b800000| Untracked 
| 185|0x000000008b900000, 0x000000008b900000, 0x000000008ba00000|  0%| F|  |TAMS 0x000000008b900000, 0x000000008b900000| Untracked 
| 186|0x000000008ba00000, 0x000000008ba00000, 0x000000008bb00000|  0%| F|  |TAMS 0x000000008ba00000, 0x000000008ba00000| Untracked 
| 187|0x000000008bb00000, 0x000000008bb00000, 0x000000008bc00000|  0%| F|  |TAMS 0x000000008bb00000, 0x000000008bb00000| Untracked 
| 188|0x000000008bc00000, 0x000000008bc00000, 0x000000008bd00000|  0%| F|  |TAMS 0x000000008bc00000, 0x000000008bc00000| Untracked 
| 189|0x000000008bd00000, 0x000000008bd00000, 0x000000008be00000|  0%| F|  |TAMS 0x000000008bd00000, 0x000000008bd00000| Untracked 
| 190|0x000000008be00000, 0x000000008be00000, 0x000000008bf00000|  0%| F|  |TAMS 0x000000008be00000, 0x000000008be00000| Untracked 
| 191|0x000000008bf00000, 0x000000008bf00000, 0x000000008c000000|  0%| F|  |TAMS 0x000000008bf00000, 0x000000008bf00000| Untracked 
| 192|0x000000008c000000, 0x000000008c000000, 0x000000008c100000|  0%| F|  |TAMS 0x000000008c000000, 0x000000008c000000| Untracked 
| 193|0x000000008c100000, 0x000000008c100000, 0x000000008c200000|  0%| F|  |TAMS 0x000000008c100000, 0x000000008c100000| Untracked 
| 194|0x000000008c200000, 0x000000008c200000, 0x000000008c300000|  0%| F|  |TAMS 0x000000008c200000, 0x000000008c200000| Untracked 
| 195|0x000000008c300000, 0x000000008c300000, 0x000000008c400000|  0%| F|  |TAMS 0x000000008c300000, 0x000000008c300000| Untracked 
| 196|0x000000008c400000, 0x000000008c400000, 0x000000008c500000|  0%| F|  |TAMS 0x000000008c400000, 0x000000008c400000| Untracked 
| 197|0x000000008c500000, 0x000000008c500000, 0x000000008c600000|  0%| F|  |TAMS 0x000000008c500000, 0x000000008c500000| Untracked 
| 198|0x000000008c600000, 0x000000008c600000, 0x000000008c700000|  0%| F|  |TAMS 0x000000008c600000, 0x000000008c600000| Untracked 
| 199|0x000000008c700000, 0x000000008c700000, 0x000000008c800000|  0%| F|  |TAMS 0x000000008c700000, 0x000000008c700000| Untracked 
| 200|0x000000008c800000, 0x000000008c800000, 0x000000008c900000|  0%| F|  |TAMS 0x000000008c800000, 0x000000008c800000| Untracked 
| 201|0x000000008c900000, 0x000000008c900000, 0x000000008ca00000|  0%| F|  |TAMS 0x000000008c900000, 0x000000008c900000| Untracked 
| 202|0x000000008ca00000, 0x000000008ca00000, 0x000000008cb00000|  0%| F|  |TAMS 0x000000008ca00000, 0x000000008ca00000| Untracked 
| 203|0x000000008cb00000, 0x000000008cb00000, 0x000000008cc00000|  0%| F|  |TAMS 0x000000008cb00000, 0x000000008cb00000| Untracked 
| 204|0x000000008cc00000, 0x000000008cc00000, 0x000000008cd00000|  0%| F|  |TAMS 0x000000008cc00000, 0x000000008cc00000| Untracked 
| 205|0x000000008cd00000, 0x000000008cd00000, 0x000000008ce00000|  0%| F|  |TAMS 0x000000008cd00000, 0x000000008cd00000| Untracked 
| 206|0x000000008ce00000, 0x000000008ce00000, 0x000000008cf00000|  0%| F|  |TAMS 0x000000008ce00000, 0x000000008ce00000| Untracked 
| 207|0x000000008cf00000, 0x000000008cf00000, 0x000000008d000000|  0%| F|  |TAMS 0x000000008cf00000, 0x000000008cf00000| Untracked 
| 208|0x000000008d000000, 0x000000008d000000, 0x000000008d100000|  0%| F|  |TAMS 0x000000008d000000, 0x000000008d000000| Untracked 
| 209|0x000000008d100000, 0x000000008d100000, 0x000000008d200000|  0%| F|  |TAMS 0x000000008d100000, 0x000000008d100000| Untracked 
| 210|0x000000008d200000, 0x000000008d200000, 0x000000008d300000|  0%| F|  |TAMS 0x000000008d200000, 0x000000008d200000| Untracked 
| 211|0x000000008d300000, 0x000000008d300000, 0x000000008d400000|  0%| F|  |TAMS 0x000000008d300000, 0x000000008d300000| Untracked 
| 212|0x000000008d400000, 0x000000008d400000, 0x000000008d500000|  0%| F|  |TAMS 0x000000008d400000, 0x000000008d400000| Untracked 
| 213|0x000000008d500000, 0x000000008d500000, 0x000000008d600000|  0%| F|  |TAMS 0x000000008d500000, 0x000000008d500000| Untracked 
| 214|0x000000008d600000, 0x000000008d600000, 0x000000008d700000|  0%| F|  |TAMS 0x000000008d600000, 0x000000008d600000| Untracked 
| 215|0x000000008d700000, 0x000000008d700000, 0x000000008d800000|  0%| F|  |TAMS 0x000000008d700000, 0x000000008d700000| Untracked 
| 216|0x000000008d800000, 0x000000008d800000, 0x000000008d900000|  0%| F|  |TAMS 0x000000008d800000, 0x000000008d800000| Untracked 
| 217|0x000000008d900000, 0x000000008d900000, 0x000000008da00000|  0%| F|  |TAMS 0x000000008d900000, 0x000000008d900000| Untracked 
| 218|0x000000008da00000, 0x000000008da00000, 0x000000008db00000|  0%| F|  |TAMS 0x000000008da00000, 0x000000008da00000| Untracked 
| 219|0x000000008db00000, 0x000000008db00000, 0x000000008dc00000|  0%| F|  |TAMS 0x000000008db00000, 0x000000008db00000| Untracked 
| 220|0x000000008dc00000, 0x000000008dc00000, 0x000000008dd00000|  0%| F|  |TAMS 0x000000008dc00000, 0x000000008dc00000| Untracked 
| 221|0x000000008dd00000, 0x000000008dd00000, 0x000000008de00000|  0%| F|  |TAMS 0x000000008dd00000, 0x000000008dd00000| Untracked 
| 222|0x000000008de00000, 0x000000008de00000, 0x000000008df00000|  0%| F|  |TAMS 0x000000008de00000, 0x000000008de00000| Untracked 
| 223|0x000000008df00000, 0x000000008df00000, 0x000000008e000000|  0%| F|  |TAMS 0x000000008df00000, 0x000000008df00000| Untracked 
| 224|0x000000008e000000, 0x000000008e000000, 0x000000008e100000|  0%| F|  |TAMS 0x000000008e000000, 0x000000008e000000| Untracked 
| 225|0x000000008e100000, 0x000000008e100000, 0x000000008e200000|  0%| F|  |TAMS 0x000000008e100000, 0x000000008e100000| Untracked 
| 226|0x000000008e200000, 0x000000008e200000, 0x000000008e300000|  0%| F|  |TAMS 0x000000008e200000, 0x000000008e200000| Untracked 
| 227|0x000000008e300000, 0x000000008e300000, 0x000000008e400000|  0%| F|  |TAMS 0x000000008e300000, 0x000000008e300000| Untracked 

Card table byte_map: [0x00000157328d0000,0x0000015732cd0000] _byte_map_base: 0x00000157324d0000

Marking Bits (Prev, Next): (CMBitMap*) 0x000001571f6188e8, (CMBitMap*) 0x000001571f618920
 Prev Bits: [0x00000157330d0000, 0x00000157350d0000)
 Next Bits: [0x00000157350d0000, 0x00000157370d0000)

Polling page: 0x000001571dc10000

Metaspace:

Usage:
  Non-class:     72.31 MB capacity,    71.00 MB ( 98%) used,     1.09 MB (  2%) free+waste,   226.19 KB ( <1%) overhead. 
      Class:     11.13 MB capacity,    10.39 MB ( 93%) used,   653.23 KB (  6%) free+waste,   102.44 KB ( <1%) overhead. 
       Both:     83.44 MB capacity,    81.39 MB ( 98%) used,     1.73 MB (  2%) free+waste,   328.63 KB ( <1%) overhead. 

Virtual space:
  Non-class space:       80.00 MB reserved,      72.54 MB ( 91%) committed 
      Class space:        1.00 GB reserved,      11.25 MB (  1%) committed 
             Both:        1.08 GB reserved,      83.79 MB (  8%) committed 

Chunk freelists:
   Non-Class:  40.00 KB
       Class:  24.00 KB
        Both:  64.00 KB

MaxMetaspaceSize: 17179869184.00 GB
CompressedClassSpaceSize: 1.00 GB

CodeHeap 'non-profiled nmethods': size=120064Kb used=4352Kb max_used=4352Kb free=115711Kb
 bounds [0x000001572ab90000, 0x000001572afe0000, 0x00000157320d0000]
CodeHeap 'profiled nmethods': size=120000Kb used=18615Kb max_used=18615Kb free=101384Kb
 bounds [0x0000015723660000, 0x0000015724890000, 0x000001572ab90000]
CodeHeap 'non-nmethods': size=5696Kb used=2272Kb max_used=2322Kb free=3423Kb
 bounds [0x00000157230d0000, 0x0000015723340000, 0x0000015723660000]
 total_blobs=10152 nmethods=9281 adapters=782
 compilation: enabled
              stopped_count=0, restarted_count=0
 full_count=0

Compilation events (20 events):
Event: 12.628 Thread 0x0000015739da8000 9318       2       org.xml.sax.helpers.DefaultHandler::startDocument (1 bytes)
Event: 12.628 Thread 0x0000015739da8000 nmethod 9318 0x000001572488d610 code [0x000001572488d7c0, 0x000001572488d8b8]
Event: 12.628 Thread 0x0000015739da8000 9319       2       org.apache.xerces.impl.XMLDocumentFragmentScannerImpl::scanDocument (40 bytes)
Event: 12.680 Thread 0x0000015739da8000 nmethod 9319 0x000001572488d990 code [0x000001572488db60, 0x000001572488de38]
Event: 12.684 Thread 0x0000015739da0800 nmethod 9248 0x000001572afc7010 code [0x000001572afc7480, 0x000001572afcabb8]
Event: 12.685 Thread 0x0000015739da0800 9257       4       org.apache.xerces.dom.ParentNode::nodeListItem (243 bytes)
Event: 12.691 Thread 0x0000015739da0800 nmethod 9257 0x000001572afcce10 code [0x000001572afccfc0, 0x000001572afcd648]
Event: 12.692 Thread 0x0000015739da0800 9266       4       org.apache.xerces.dom.ParentNode::item (6 bytes)
Event: 12.698 Thread 0x0000015739da0800 nmethod 9266 0x000001572afcd910 code [0x000001572afcdac0, 0x000001572afce148]
Event: 12.698 Thread 0x0000015739da0800 9231       4       java.lang.Math::min (46 bytes)
Event: 12.698 Thread 0x0000015739da0800 nmethod 9231 0x000001572afce410 code [0x000001572afce5c0, 0x000001572afce6b8]
Event: 12.698 Thread 0x0000015739da0800 9255       4       java.util.Hashtable::<init> (114 bytes)
Event: 12.701 Thread 0x0000015739da0800 nmethod 9255 0x000001572afce790 code [0x000001572afce960, 0x000001572afcecf8]
Event: 12.701 Thread 0x0000015739da0800 9252       4       org.apache.xerces.util.AugmentationsImpl$SmallContainer::clear (41 bytes)
Event: 12.701 Thread 0x0000015739da0800 nmethod 9252 0x000001572afcee90 code [0x000001572afcf020, 0x000001572afcf098]
Event: 12.701 Thread 0x0000015739da0800 9253       4       org.apache.xerces.util.XMLAttributesImpl::getQName (38 bytes)
Event: 12.702 Thread 0x0000015739da0800 nmethod 9253 0x000001572afcf110 code [0x000001572afcf2a0, 0x000001572afcf398]
Event: 12.702 Thread 0x0000015739da0800 9246       4       org.apache.xerces.util.XMLAttributesImpl::addAttributeNS (169 bytes)
Event: 12.708 Thread 0x0000015739da0800 nmethod 9246 0x000001572afcf510 code [0x000001572afcf6c0, 0x000001572afcfe18]
Event: 12.708 Thread 0x0000015739da0800 9247       4       org.apache.xerces.impl.XMLNSDocumentScannerImpl::scanAttribute (586 bytes)

GC Heap History (20 events):
Event: 3.064 GC heap before
{Heap before GC invocations=5 (full 0):
 garbage-first heap   total 233472K, used 45776K [0x0000000080000000, 0x0000000100000000)
  region size 1024K, 35 young (35840K), 4 survivors (4096K)
 Metaspace       used 18889K, capacity 19293K, committed 19328K, reserved 1067008K
  class space    used 2257K, capacity 2403K, committed 2432K, reserved 1048576K
}
Event: 3.070 GC heap after
{Heap after GC invocations=6 (full 0):
 garbage-first heap   total 233472K, used 16723K [0x0000000080000000, 0x0000000100000000)
  region size 1024K, 3 young (3072K), 3 survivors (3072K)
 Metaspace       used 18889K, capacity 19293K, committed 19328K, reserved 1067008K
  class space    used 2257K, capacity 2403K, committed 2432K, reserved 1048576K
}
Event: 3.201 GC heap before
{Heap before GC invocations=6 (full 0):
 garbage-first heap   total 233472K, used 31059K [0x0000000080000000, 0x0000000100000000)
  region size 1024K, 18 young (18432K), 3 survivors (3072K)
 Metaspace       used 20656K, capacity 21154K, committed 21296K, reserved 1069056K
  class space    used 2512K, capacity 2688K, committed 2688K, reserved 1048576K
}
Event: 3.205 GC heap after
{Heap after GC invocations=7 (full 0):
 garbage-first heap   total 233472K, used 17265K [0x0000000080000000, 0x0000000100000000)
  region size 1024K, 3 young (3072K), 3 survivors (3072K)
 Metaspace       used 20656K, capacity 21154K, committed 21296K, reserved 1069056K
  class space    used 2512K, capacity 2688K, committed 2688K, reserved 1048576K
}
Event: 3.662 GC heap before
{Heap before GC invocations=8 (full 0):
 garbage-first heap   total 233472K, used 58225K [0x0000000080000000, 0x0000000100000000)
  region size 1024K, 43 young (44032K), 3 survivors (3072K)
 Metaspace       used 25005K, capacity 25575K, committed 25648K, reserved 1071104K
  class space    used 3226K, capacity 3421K, committed 3456K, reserved 1048576K
}
Event: 3.668 GC heap after
{Heap after GC invocations=9 (full 0):
 garbage-first heap   total 233472K, used 18810K [0x0000000080000000, 0x0000000100000000)
  region size 1024K, 5 young (5120K), 5 survivors (5120K)
 Metaspace       used 25005K, capacity 25575K, committed 25648K, reserved 1071104K
  class space    used 3226K, capacity 3421K, committed 3456K, reserved 1048576K
}
Event: 4.373 GC heap before
{Heap before GC invocations=9 (full 0):
 garbage-first heap   total 233472K, used 77178K [0x0000000080000000, 0x0000000100000000)
  region size 1024K, 62 young (63488K), 5 survivors (5120K)
 Metaspace       used 33799K, capacity 34622K, committed 34864K, reserved 1079296K
  class space    used 4375K, capacity 4672K, committed 4736K, reserved 1048576K
}
Event: 4.384 GC heap after
{Heap after GC invocations=10 (full 0):
 garbage-first heap   total 233472K, used 21956K [0x0000000080000000, 0x0000000100000000)
  region size 1024K, 6 young (6144K), 6 survivors (6144K)
 Metaspace       used 33799K, capacity 34622K, committed 34864K, reserved 1079296K
  class space    used 4375K, capacity 4672K, committed 4736K, reserved 1048576K
}
Event: 4.464 GC heap before
{Heap before GC invocations=10 (full 0):
 garbage-first heap   total 233472K, used 27076K [0x0000000080000000, 0x0000000100000000)
  region size 1024K, 12 young (12288K), 6 survivors (6144K)
 Metaspace       used 34811K, capacity 35610K, committed 35708K, reserved 1081344K
  class space    used 4524K, capacity 4832K, committed 4864K, reserved 1048576K
}
Event: 4.470 GC heap after
{Heap after GC invocations=11 (full 0):
 garbage-first heap   total 233472K, used 22522K [0x0000000080000000, 0x0000000100000000)
  region size 1024K, 6 young (6144K), 6 survivors (6144K)
 Metaspace       used 34811K, capacity 35610K, committed 35708K, reserved 1081344K
  class space    used 4524K, capacity 4832K, committed 4864K, reserved 1048576K
}
Event: 5.954 GC heap before
{Heap before GC invocations=12 (full 0):
 garbage-first heap   total 233472K, used 158714K [0x0000000080000000, 0x0000000100000000)
  region size 1024K, 136 young (139264K), 6 survivors (6144K)
 Metaspace       used 45946K, capacity 47145K, committed 47484K, reserved 1091584K
  class space    used 5873K, capacity 6300K, committed 6400K, reserved 1048576K
}
Event: 5.973 GC heap after
{Heap after GC invocations=13 (full 0):
 garbage-first heap   total 233472K, used 30232K [0x0000000080000000, 0x0000000100000000)
  region size 1024K, 14 young (14336K), 14 survivors (14336K)
 Metaspace       used 45946K, capacity 47145K, committed 47484K, reserved 1091584K
  class space    used 5873K, capacity 6300K, committed 6400K, reserved 1048576K
}
Event: 7.578 GC heap before
{Heap before GC invocations=13 (full 0):
 garbage-first heap   total 233472K, used 144920K [0x0000000080000000, 0x0000000100000000)
  region size 1024K, 123 young (125952K), 14 survivors (14336K)
 Metaspace       used 58375K, capacity 59757K, committed 59940K, reserved 1101824K
  class space    used 7328K, capacity 7856K, committed 7936K, reserved 1048576K
}
Event: 7.602 GC heap after
{Heap after GC invocations=14 (full 0):
 garbage-first heap   total 233472K, used 42882K [0x0000000080000000, 0x0000000100000000)
  region size 1024K, 17 young (17408K), 17 survivors (17408K)
 Metaspace       used 58375K, capacity 59757K, committed 59940K, reserved 1101824K
  class space    used 7328K, capacity 7856K, committed 7936K, reserved 1048576K
}
Event: 9.021 GC heap before
{Heap before GC invocations=15 (full 0):
 garbage-first heap   total 233472K, used 164738K [0x0000000080000000, 0x0000000100000000)
  region size 1024K, 136 young (139264K), 17 survivors (17408K)
 Metaspace       used 69877K, capacity 71504K, committed 71588K, reserved 1112064K
  class space    used 8952K, capacity 9555K, committed 9600K, reserved 1048576K
}
Event: 9.053 GC heap after
{Heap after GC invocations=16 (full 0):
 garbage-first heap   total 233472K, used 52736K [0x0000000080000000, 0x0000000100000000)
  region size 1024K, 10 young (10240K), 10 survivors (10240K)
 Metaspace       used 69877K, capacity 71504K, committed 71588K, reserved 1112064K
  class space    used 8952K, capacity 9555K, committed 9600K, reserved 1048576K
}
Event: 10.909 GC heap before
{Heap before GC invocations=16 (full 0):
 garbage-first heap   total 233472K, used 176640K [0x0000000080000000, 0x0000000100000000)
  region size 1024K, 131 young (134144K), 10 survivors (10240K)
 Metaspace       used 81501K, capacity 83451K, committed 83748K, reserved 1122304K
  class space    used 10465K, capacity 11151K, committed 11264K, reserved 1048576K
}
Event: 10.937 GC heap after
{Heap after GC invocations=17 (full 0):
 garbage-first heap   total 233472K, used 62976K [0x0000000080000000, 0x0000000100000000)
  region size 1024K, 10 young (10240K), 10 survivors (10240K)
 Metaspace       used 81501K, capacity 83451K, committed 83748K, reserved 1122304K
  class space    used 10465K, capacity 11151K, committed 11264K, reserved 1048576K
}
Event: 12.628 GC heap before
{Heap before GC invocations=17 (full 0):
 garbage-first heap   total 233472K, used 155136K [0x0000000080000000, 0x0000000100000000)
  region size 1024K, 99 young (101376K), 10 survivors (10240K)
 Metaspace       used 83346K, capacity 85380K, committed 85540K, reserved 1130496K
  class space    used 10644K, capacity 11400K, committed 11520K, reserved 1048576K
}
Event: 12.680 GC heap after
{Heap after GC invocations=18 (full 0):
 garbage-first heap   total 233472K, used 81920K [0x0000000080000000, 0x0000000100000000)
  region size 1024K, 16 young (16384K), 16 survivors (16384K)
 Metaspace       used 83346K, capacity 85380K, committed 85540K, reserved 1130496K
  class space    used 10644K, capacity 11400K, committed 11520K, reserved 1048576K
}

Deoptimization events (20 events):
Event: 12.321 Thread 0x000001573c544800 DEOPT PACKING pc=0x00000157247de51b sp=0x000000244f7f9c20
Event: 12.321 Thread 0x000001573c544800 DEOPT UNPACKING pc=0x00000157230f76ce sp=0x000000244f7f9090 mode 0
Event: 12.322 Thread 0x000001573c544800 DEOPT PACKING pc=0x00000157247d8913 sp=0x000000244f7f9880
Event: 12.322 Thread 0x000001573c544800 DEOPT UNPACKING pc=0x00000157230f76ce sp=0x000000244f7f8d58 mode 0
Event: 12.354 Thread 0x000001573c544800 DEOPT PACKING pc=0x00000157247de51b sp=0x000000244f7f9c20
Event: 12.354 Thread 0x000001573c544800 DEOPT UNPACKING pc=0x00000157230f76ce sp=0x000000244f7f9090 mode 0
Event: 12.368 Thread 0x000001573c544800 DEOPT PACKING pc=0x00000157247de51b sp=0x000000244f7f9c20
Event: 12.368 Thread 0x000001573c544800 DEOPT UNPACKING pc=0x00000157230f76ce sp=0x000000244f7f9090 mode 0
Event: 12.497 Thread 0x000001573c544800 Uncommon trap: trap_request=0xffffff4d fr.pc=0x000001572adeff00 relative=0x00000000000005a0
Event: 12.497 Thread 0x000001573c544800 Uncommon trap: reason=unstable_if action=reinterpret pc=0x000001572adeff00 method=org.apache.xerces.impl.XMLEntityScanner.scanLiteral(ILorg/apache/xerces/xni/XMLString;)I @ 43 c2
Event: 12.497 Thread 0x000001573c544800 DEOPT PACKING pc=0x000001572adeff00 sp=0x000000244f7f9b30
Event: 12.497 Thread 0x000001573c544800 DEOPT UNPACKING pc=0x00000157230f78af sp=0x000000244f7f9ab0 mode 2
Event: 12.612 Thread 0x000001573c544800 Uncommon trap: trap_request=0xffffff4d fr.pc=0x000001572afb2f84 relative=0x0000000000000f04
Event: 12.612 Thread 0x000001573c544800 Uncommon trap: reason=unstable_if action=reinterpret pc=0x000001572afb2f84 method=java.lang.Character.isSurrogate(C)Z @ 3 c2
Event: 12.612 Thread 0x000001573c544800 DEOPT PACKING pc=0x000001572afb2f84 sp=0x000000244f7fa290
Event: 12.612 Thread 0x000001573c544800 DEOPT UNPACKING pc=0x00000157230f78af sp=0x000000244f7fa1c0 mode 2
Event: 12.612 Thread 0x000001573c544800 Uncommon trap: trap_request=0xffffff4d fr.pc=0x000001572af90654 relative=0x0000000000000034
Event: 12.612 Thread 0x000001573c544800 Uncommon trap: reason=unstable_if action=reinterpret pc=0x000001572af90654 method=java.lang.Character.isSurrogate(C)Z @ 3 c2
Event: 12.612 Thread 0x000001573c544800 DEOPT PACKING pc=0x000001572af90654 sp=0x000000244f7fa220
Event: 12.612 Thread 0x000001573c544800 DEOPT UNPACKING pc=0x00000157230f78af sp=0x000000244f7fa1b8 mode 2

Classes redefined (0 events):
No events

Internal exceptions (20 events):
Event: 9.600 Thread 0x000001573b545800 Exception <a 'sun/nio/fs/WindowsException'{0x000000008bb43a00}> (0x000000008bb43a00) thrown at [./src/hotspot/share/prims/jni.cpp, line 615]
Event: 9.600 Thread 0x000001573b545800 Exception <a 'sun/nio/fs/WindowsException'{0x000000008bb44b20}> (0x000000008bb44b20) thrown at [./src/hotspot/share/prims/jni.cpp, line 615]
Event: 9.873 Thread 0x000001573b545800 Exception <a 'java/lang/NoSuchMethodError'{0x000000008a5df2a8}: 'java.lang.Object java.lang.invoke.Invokers$Holder.linkToTargetMethod(java.lang.Object, int, int, java.lang.Object)'> (0x000000008a5df2a8) thrown at [./src/hotspot/share/interpreter/linkResolver.cpp, line 773]
Event: 10.135 Thread 0x000001573b545800 Exception <a 'java/lang/NoSuchMethodError'{0x00000000890fc0a0}: <clinit>> (0x00000000890fc0a0) thrown at [./src/hotspot/share/prims/jni.cpp, line 1362]
Event: 10.139 Thread 0x000001573b545800 Exception <a 'java/lang/NoSuchMethodError'{0x0000000088f32460}: <clinit>> (0x0000000088f32460) thrown at [./src/hotspot/share/prims/jni.cpp, line 1362]
Event: 10.187 Thread 0x000001573b545800 Exception <a 'sun/nio/fs/WindowsException'{0x0000000088d38ea8}> (0x0000000088d38ea8) thrown at [./src/hotspot/share/prims/jni.cpp, line 615]
Event: 10.231 Thread 0x000001573c0bf000 Exception <a 'java/lang/NoSuchMethodError'{0x000000008de8a3c0}: <clinit>> (0x000000008de8a3c0) thrown at [./src/hotspot/share/prims/jni.cpp, line 1362]
Event: 10.231 Thread 0x000001573c0bf000 Exception <a 'java/lang/NoSuchMethodError'{0x0000000088ac59e8}: <clinit>> (0x0000000088ac59e8) thrown at [./src/hotspot/share/prims/jni.cpp, line 1362]
Event: 10.325 Thread 0x000001573c543800 Exception <a 'java/lang/NoSuchMethodError'{0x0000000089775640}: <clinit>> (0x0000000089775640) thrown at [./src/hotspot/share/prims/jni.cpp, line 1362]
Event: 10.327 Thread 0x000001573c0bf000 Exception <a 'java/lang/NoSuchMethodError'{0x0000000088acfdb8}: <clinit>> (0x0000000088acfdb8) thrown at [./src/hotspot/share/prims/jni.cpp, line 1362]
Event: 10.328 Thread 0x000001573c0bf000 Exception <a 'java/lang/NoSuchMethodError'{0x0000000088708020}: <clinit>> (0x0000000088708020) thrown at [./src/hotspot/share/prims/jni.cpp, line 1362]
Event: 10.328 Thread 0x000001573c0bf000 Exception <a 'java/lang/NoSuchMethodError'{0x00000000887092f8}: <clinit>> (0x00000000887092f8) thrown at [./src/hotspot/share/prims/jni.cpp, line 1362]
Event: 10.328 Thread 0x000001573c543800 Exception <a 'java/lang/NoSuchMethodError'{0x0000000089789a10}: <clinit>> (0x0000000089789a10) thrown at [./src/hotspot/share/prims/jni.cpp, line 1362]
Event: 10.330 Thread 0x000001573c543800 Exception <a 'java/lang/NoSuchMethodError'{0x00000000897a2c98}: <clinit>> (0x00000000897a2c98) thrown at [./src/hotspot/share/prims/jni.cpp, line 1362]
Event: 10.374 Thread 0x000001573c0bf000 Exception <a 'java/lang/NoSuchMethodError'{0x0000000088547e88}: <clinit>> (0x0000000088547e88) thrown at [./src/hotspot/share/prims/jni.cpp, line 1362]
Event: 10.408 Thread 0x000001573c544800 Exception <a 'java/lang/NoSuchMethodError'{0x0000000088433998}: 'java.lang.Object java.lang.invoke.Invokers$Holder.linkToTargetMethod(java.lang.Object, java.lang.Object, java.lang.Object, int, java.lang.Object, java.lang.Object)'> (0x0000000088433998) thrown at [./src/hotspot/share/interpreter/linkResolver.cpp, line 773]
Event: 10.415 Thread 0x000001573c544800 Exception <a 'java/lang/IncompatibleClassChangeError'{0x00000000884914c0}: Found class java.lang.Object, but interface was expected> (0x00000000884914c0) thrown at [./src/hotspot/share/interpreter/linkResolver.cpp, line 839]
Event: 10.432 Thread 0x000001573c544800 Exception <a 'java/lang/NoSuchMethodError'{0x000000008825fe68}: 'int java.lang.invoke.DirectMethodHandle$Holder.invokeStaticInit(java.lang.Object, java.lang.Object, java.lang.Object, java.lang.Object, java.lang.Object)'> (0x000000008825fe68) thrown at [./src/hotspot/share/interpreter/linkResolver.cpp, line 773]
Event: 10.678 Thread 0x000001573c546000 Exception <a 'java/lang/NoSuchMethodError'{0x0000000087625e40}: 'java.lang.Object java.lang.invoke.DirectMethodHandle$Holder.invokeSpecialIFC(java.lang.Object, java.lang.Object, java.lang.Object)'> (0x0000000087625e40) thrown at [./src/hotspot/share/interpreter/linkResolver.cpp, line 773]
Event: 11.435 Thread 0x000001573c544800 Exception <a 'java/lang/NoSuchMethodError'{0x000000008c096f90}: 'void java.lang.invoke.DirectMethodHandle$Holder.invokeVirtual(java.lang.Object, java.lang.Object)'> (0x000000008c096f90) thrown at [./src/hotspot/share/interpreter/linkResolver.cpp, line 773]

Events (20 events):
Event: 11.976 loading class com/android/resources/UiMode done
Event: 11.977 loading class com/android/resources/NightMode
Event: 11.977 loading class com/android/resources/NightMode done
Event: 11.977 loading class com/android/resources/TouchScreen
Event: 11.977 loading class com/android/resources/TouchScreen done
Event: 11.977 loading class com/android/resources/KeyboardState
Event: 11.977 loading class com/android/resources/KeyboardState done
Event: 11.977 loading class com/android/resources/Keyboard
Event: 11.977 loading class com/android/resources/Keyboard done
Event: 11.979 loading class com/android/resources/NavigationState
Event: 11.979 loading class com/android/resources/NavigationState done
Event: 11.979 loading class com/android/resources/Navigation
Event: 11.979 loading class com/android/resources/Navigation done
Event: 12.198 Loaded shared library E:\Android Studio\jre\bin\java.dll
Event: 12.461 Executing VM operation: ICBufferFull
Event: 12.461 Executing VM operation: ICBufferFull done
Event: 12.628 Executing VM operation: CollectForMetadataAllocation
Event: 12.680 Executing VM operation: CollectForMetadataAllocation done
Event: 12.768 Executing VM operation: CGC_Operation
Event: 12.784 Executing VM operation: CGC_Operation done


Dynamic libraries:
0x00007ff6d3b70000 - 0x00007ff6d3b7a000 	E:\Android Studio\jre\bin\java.exe
0x00007ffdfe610000 - 0x00007ffdfe805000 	C:\WINDOWS\SYSTEM32\ntdll.dll
0x00007ffdfd050000 - 0x00007ffdfd10e000 	C:\WINDOWS\System32\KERNEL32.DLL
0x00007ffdfbfb0000 - 0x00007ffdfc278000 	C:\WINDOWS\System32\KERNELBASE.dll
0x00007ffdfbd80000 - 0x00007ffdfbe80000 	C:\WINDOWS\System32\ucrtbase.dll
0x00007ffdf1830000 - 0x00007ffdf1849000 	E:\Android Studio\jre\bin\jli.dll
0x00007ffdfe300000 - 0x00007ffdfe4a0000 	C:\WINDOWS\System32\USER32.dll
0x00007ffdfc610000 - 0x00007ffdfc632000 	C:\WINDOWS\System32\win32u.dll
0x00007ffdfd020000 - 0x00007ffdfd04b000 	C:\WINDOWS\System32\GDI32.dll
0x00007ffdfc280000 - 0x00007ffdfc38b000 	C:\WINDOWS\System32\gdi32full.dll
0x00007ffdfbe80000 - 0x00007ffdfbf1d000 	C:\WINDOWS\System32\msvcp_win.dll
0x00007ffdec540000 - 0x00007ffdec557000 	E:\Android Studio\jre\bin\VCRUNTIME140.dll
0x00007ffdefb00000 - 0x00007ffdefd9a000 	C:\WINDOWS\WinSxS\amd64_microsoft.windows.common-controls_6595b64144ccf1df_6.0.19041.1110_none_60b5254171f9507e\COMCTL32.dll
0x00007ffdfcb90000 - 0x00007ffdfcc2e000 	C:\WINDOWS\System32\msvcrt.dll
0x00007ffdfce00000 - 0x00007ffdfce30000 	C:\WINDOWS\System32\IMM32.DLL
0x00007ffdd67b0000 - 0x00007ffdd684d000 	E:\Android Studio\jre\bin\msvcp140.dll
0x00007ffd78ca0000 - 0x00007ffd7976f000 	E:\Android Studio\jre\bin\server\jvm.dll
0x00007ffdfd230000 - 0x00007ffdfd2de000 	C:\WINDOWS\System32\ADVAPI32.dll
0x00007ffdfce30000 - 0x00007ffdfcecc000 	C:\WINDOWS\System32\sechost.dll
0x00007ffdfe4a0000 - 0x00007ffdfe5c5000 	C:\WINDOWS\System32\RPCRT4.dll
0x00007ffdfd470000 - 0x00007ffdfd478000 	C:\WINDOWS\System32\PSAPI.DLL
0x00007ffdf6ef0000 - 0x00007ffdf6ef9000 	C:\WINDOWS\SYSTEM32\WSOCK32.dll
0x00007ffdfcfb0000 - 0x00007ffdfd01b000 	C:\WINDOWS\System32\WS2_32.dll
0x00007ffde4800000 - 0x00007ffde4827000 	C:\WINDOWS\SYSTEM32\WINMM.dll
0x00007ffdf4770000 - 0x00007ffdf477a000 	C:\WINDOWS\SYSTEM32\VERSION.dll
0x00007ffdf9b80000 - 0x00007ffdf9b92000 	C:\WINDOWS\SYSTEM32\kernel.appcore.dll
0x00007ffdecba0000 - 0x00007ffdecbb1000 	E:\Android Studio\jre\bin\verify.dll
0x00007ffdf3520000 - 0x00007ffdf3704000 	C:\WINDOWS\SYSTEM32\DBGHELP.DLL
0x00007ffdf3780000 - 0x00007ffdf37ac000 	C:\WINDOWS\SYSTEM32\dbgcore.DLL
0x00007ffdfbf20000 - 0x00007ffdfbfa2000 	C:\WINDOWS\System32\bcryptPrimitives.dll
0x00007ffdeae50000 - 0x00007ffdeae79000 	E:\Android Studio\jre\bin\java.dll
0x00007ffdf6ee0000 - 0x00007ffdf6eeb000 	E:\Android Studio\jre\bin\jimage.dll
0x00007ffde8540000 - 0x00007ffde8558000 	E:\Android Studio\jre\bin\zip.dll
0x00007ffdfd5c0000 - 0x00007ffdfdd04000 	C:\WINDOWS\System32\SHELL32.dll
0x00007ffdf9e60000 - 0x00007ffdfa5f4000 	C:\WINDOWS\SYSTEM32\windows.storage.dll
0x00007ffdfdd90000 - 0x00007ffdfe0e4000 	C:\WINDOWS\System32\combase.dll
0x00007ffdfb6c0000 - 0x00007ffdfb6ec000 	C:\WINDOWS\SYSTEM32\Wldp.dll
0x00007ffdfc670000 - 0x00007ffdfc71d000 	C:\WINDOWS\System32\SHCORE.dll
0x00007ffdfcf50000 - 0x00007ffdfcfa5000 	C:\WINDOWS\System32\shlwapi.dll
0x00007ffdfbc70000 - 0x00007ffdfbc8f000 	C:\WINDOWS\SYSTEM32\profapi.dll
0x00007ffde8520000 - 0x00007ffde853a000 	E:\Android Studio\jre\bin\net.dll
0x00007ffdf1870000 - 0x00007ffdf1979000 	C:\WINDOWS\SYSTEM32\WINHTTP.dll
0x00007ffdfb420000 - 0x00007ffdfb48a000 	C:\WINDOWS\system32\mswsock.dll
0x00007ffde80f0000 - 0x00007ffde8104000 	E:\Android Studio\jre\bin\nio.dll
0x00007ffde8400000 - 0x00007ffde8427000 	C:\Users\Jaen\.gradle\native\8bec1ad78214c89d9ad589b4d07fe93259594b29d510b10fafb7a158f7737e5d\windows-amd64\native-platform.dll
0x00007ffdd5fb0000 - 0x00007ffdd60ed000 	C:\Users\Jaen\.gradle\native\53dbd7edfb1c66fb8903c78663c9afc45aea4f116125fa6feffd364cf09443e8\windows-amd64\native-platform-file-events.dll
0x00007ffdee400000 - 0x00007ffdee40a000 	E:\Android Studio\jre\bin\management.dll
0x00007ffded4f0000 - 0x00007ffded4fc000 	E:\Android Studio\jre\bin\management_ext.dll
0x00007ffdfb610000 - 0x00007ffdfb628000 	C:\WINDOWS\SYSTEM32\CRYPTSP.dll
0x00007ffdfada0000 - 0x00007ffdfadd4000 	C:\WINDOWS\system32\rsaenh.dll
0x00007ffdfc640000 - 0x00007ffdfc667000 	C:\WINDOWS\System32\bcrypt.dll
0x00007ffdfbc30000 - 0x00007ffdfbc5e000 	C:\WINDOWS\SYSTEM32\USERENV.dll
0x00007ffdfb630000 - 0x00007ffdfb63c000 	C:\WINDOWS\SYSTEM32\CRYPTBASE.dll
0x00007ffdfb110000 - 0x00007ffdfb14b000 	C:\WINDOWS\SYSTEM32\IPHLPAPI.DLL
0x00007ffdfd5b0000 - 0x00007ffdfd5b8000 	C:\WINDOWS\System32\NSI.dll
0x00007ffdf49c0000 - 0x00007ffdf49d7000 	C:\WINDOWS\SYSTEM32\dhcpcsvc6.DLL
0x00007ffdf4940000 - 0x00007ffdf495d000 	C:\WINDOWS\SYSTEM32\dhcpcsvc.DLL
0x00007ffdfb150000 - 0x00007ffdfb21a000 	C:\WINDOWS\SYSTEM32\DNSAPI.dll

dbghelp: loaded successfully - version: 4.0.5 - missing functions: none
symbol engine: initialized successfully - sym options: 0x614 - pdb path: .;E:\Android Studio\jre\bin;C:\WINDOWS\SYSTEM32;C:\WINDOWS\WinSxS\amd64_microsoft.windows.common-controls_6595b64144ccf1df_6.0.19041.1110_none_60b5254171f9507e;E:\Android Studio\jre\bin\server;C:\Users\Jaen\.gradle\native\8bec1ad78214c89d9ad589b4d07fe93259594b29d510b10fafb7a158f7737e5d\windows-amd64;C:\Users\Jaen\.gradle\native\53dbd7edfb1c66fb8903c78663c9afc45aea4f116125fa6feffd364cf09443e8\windows-amd64

VM Arguments:
jvm_args: --add-opens=java.base/java.util=ALL-UNNAMED --add-opens=java.base/java.lang=ALL-UNNAMED --add-opens=java.base/java.lang.invoke=ALL-UNNAMED --add-opens=java.base/java.util=ALL-UNNAMED --add-opens=java.prefs/java.util.prefs=ALL-UNNAMED --add-opens=java.prefs/java.util.prefs=ALL-UNNAMED --add-opens=java.base/java.nio.charset=ALL-UNNAMED --add-opens=java.base/java.net=ALL-UNNAMED --add-opens=java.base/java.util.concurrent.atomic=ALL-UNNAMED -Xmx2048m -Dfile.encoding=UTF-8 -Duser.country=US -Duser.language=en -Duser.variant 
java_command: org.gradle.launcher.daemon.bootstrap.GradleDaemon 7.0.2
java_class_path (initial): C:\Users\Jaen\.gradle\wrapper\dists\gradle-7.0.2-bin\857tjihv64xamwrf0h14cai3r\gradle-7.0.2\lib\gradle-launcher-7.0.2.jar
Launcher Type: SUN_STANDARD

[Global flags]
     intx CICompilerCount                          = 2                                         {product} {ergonomic}
     uint ConcGCThreads                            = 1                                         {product} {ergonomic}
     uint G1ConcRefinementThreads                  = 2                                         {product} {ergonomic}
   size_t G1HeapRegionSize                         = 1048576                                   {product} {ergonomic}
    uintx GCDrainStackTargetSize                   = 64                                        {product} {ergonomic}
   size_t InitialHeapSize                          = 239075328                                 {product} {ergonomic}
   size_t MarkStackSize                            = 4194304                                   {product} {ergonomic}
   size_t MaxHeapSize                              = 2147483648                                {product} {command line}
   size_t MaxNewSize                               = 1287651328                                {product} {ergonomic}
   size_t MinHeapDeltaBytes                        = 1048576                                   {product} {ergonomic}
    uintx NonNMethodCodeHeapSize                   = 5825164                                {pd product} {ergonomic}
    uintx NonProfiledCodeHeapSize                  = 122916538                              {pd product} {ergonomic}
    uintx ProfiledCodeHeapSize                     = 122916538                              {pd product} {ergonomic}
    uintx ReservedCodeCacheSize                    = 251658240                              {pd product} {ergonomic}
     bool SegmentedCodeCache                       = true                                      {product} {ergonomic}
     bool UseCompressedClassPointers               = true                                 {lp64_product} {ergonomic}
     bool UseCompressedOops                        = true                                 {lp64_product} {ergonomic}
     bool UseG1GC                                  = true                                      {product} {ergonomic}
     bool UseLargePagesIndividualAllocation        = false                                  {pd product} {ergonomic}

Logging:
Log output configuration:
 #0: stdout all=warning uptime,level,tags
 #1: stderr all=off uptime,level,tags

Environment Variables:
PATH=C:\ProgramData\Oracle\Java\javapath;C:\Program Files\Common Files\Oracle\Java\javapath;C:\Program Files (x86)\Common Files\Oracle\Java\javapath;C:\Windows\system32;C:\Windows;C:\Windows\System32\Wbem;C:\Windows\System32\WindowsPowerShell\v1.0\;C:\Program Files (x86)\NVIDIA Corporation\PhysX\Common;C:\WINDOWS\system32;C:\WINDOWS;C:\WINDOWS\System32\Wbem;C:\WINDOWS\System32\WindowsPowerShell\v1.0\;C:\WINDOWS\System32\OpenSSH\;C:\ffmpeg\bin;E:\ffmpeg-20210804-65fdc0e589-win64-static;C:\Program Files\Git\cmd;E:\Program Files\NVIDIA Corporation\NVIDIA NvDLISR;C:\Users\Jaen\AppData\Local\Programs\Python\Python38-32\Scripts\;C:\Users\Jaen\AppData\Local\Programs\Python\Python38-32\;C:\Users\Jaen\AppData\Local\Microsoft\WindowsApps;
USERNAME=Jaen
OS=Windows_NT
PROCESSOR_IDENTIFIER=Intel64 Family 6 Model 158 Stepping 11, GenuineIntel



---------------  S Y S T E M  ---------------

OS: Windows 10 , 64 bit Build 19041 (10.0.19041.1566)
OS uptime: 8 days 13:23 hours

CPU:total 2 (initial active 2) (4 cores per cpu, 1 threads per core) family 6 model 158 stepping 11 microcode 0xb4, cmov, cx8, fxsr, mmx, sse, sse2, sse3, ssse3, sse4.1, sse4.2, popcnt, avx, avx2, aes, clmul, erms, 3dnowpref, lzcnt, tsc, tscinvbit, bmi1, bmi2, adx, fma

Memory: 4k page, system-wide physical 14540M (1764M free)
TotalPageFile size 14540M (AvailPageFile size 5M)
current process WorkingSet (physical memory assigned to process): 440M, peak: 440M
current process commit charge ("private bytes"): 479M, peak: 481M

vm_info: OpenJDK 64-Bit Server VM (11.0.10+0-b96-7249189) for windows-amd64 JRE (11.0.10+0-b96-7249189), built on Mar 31 2021 21:44:00 by "builder" with MS VC++ 14.0 (VS2015)

END.
