#
# There is insufficient memory for the Java Runtime Environment to continue.
# Native memory allocation (malloc) failed to allocate 1172816 bytes for Chunk::new
# Possible reasons:
#   The system is out of physical RAM or swap space
#   The process is running with CompressedOops enabled, and the Java Heap may be blocking the growth of the native heap
# Possible solutions:
#   Reduce memory load on the system
#   Increase physical memory or swap space
#   Check if swap backing store is full
#   Decrease Java heap size (-Xmx/-Xms)
#   Decrease number of Java threads
#   Decrease Java thread stack sizes (-Xss)
#   Set larger code cache with -XX:ReservedCodeCacheSize=
#   JVM is running with Unscaled Compressed Oops mode in which the Java heap is
#     placed in the first 4GB address space. The Java Heap base address is the
#     maximum limit for the native heap growth. Please use -XX:HeapBaseMinAddress
#     to set the Java Heap base and to place the Java Heap above 4GB virtual address.
# This output file may be truncated or incomplete.
#
#  Out of Memory Error (./src/hotspot/share/memory/arena.cpp:197), pid=13984, tid=7772
#
# JRE version: OpenJDK Runtime Environment (11.0.10) (build 11.0.10+0-b96-7249189)
# Java VM: OpenJDK 64-Bit Server VM (11.0.10+0-b96-7249189, mixed mode, tiered, compressed oops, g1 gc, windows-amd64)
# No core dump will be written. Minidumps are not enabled by default on client versions of Windows
#

---------------  S U M M A R Y ------------

Command Line: --add-opens=java.base/java.util=ALL-UNNAMED --add-opens=java.base/java.lang=ALL-UNNAMED --add-opens=java.base/java.lang.invoke=ALL-UNNAMED --add-opens=java.base/java.util=ALL-UNNAMED --add-opens=java.prefs/java.util.prefs=ALL-UNNAMED --add-opens=java.prefs/java.util.prefs=ALL-UNNAMED --add-opens=java.base/java.nio.charset=ALL-UNNAMED --add-opens=java.base/java.net=ALL-UNNAMED --add-opens=java.base/java.util.concurrent.atomic=ALL-UNNAMED -Xmx2048m -Dfile.encoding=UTF-8 -Duser.country=US -Duser.language=en -Duser.variant org.gradle.launcher.daemon.bootstrap.GradleDaemon 7.0.2

Host: Intel(R) Core(TM) i3-8100 CPU @ 3.60GHz, 2 cores, 14G,  Windows 10 , 64 bit Build 19041 (10.0.19041.1566)
Time: Fri Mar 18 23:03:15 2022 Malay Peninsula Standard Time elapsed time: 6.819496 seconds (0d 0h 0m 6s)

---------------  T H R E A D  ---------------

Current thread (0x00000169da8df800):  JavaThread "C2 CompilerThread0" daemon [_thread_in_native, id=7772, stack(0x0000002501b00000,0x0000002501c00000)]


Current CompileTask:
C2:   6819 4920       4       org.codehaus.groovy.runtime.metaclass.MetaMethodIndex::isMatchingMethod (61 bytes)

Stack: [0x0000002501b00000,0x0000002501c00000]
Native frames: (J=compiled Java code, j=interpreted, Vv=VM code, C=native code)
V  [jvm.dll+0x5ecfaa]
V  [jvm.dll+0x722bd5]
V  [jvm.dll+0x72412d]
V  [jvm.dll+0x7247e3]
V  [jvm.dll+0x242928]
V  [jvm.dll+0xbc4fc]
V  [jvm.dll+0xbca0c]
V  [jvm.dll+0x352d7d]
V  [jvm.dll+0x320ad3]
V  [jvm.dll+0x31ffca]
V  [jvm.dll+0x1fb602]
V  [jvm.dll+0x1fa7f4]
V  [jvm.dll+0x18354c]
V  [jvm.dll+0x208ee7]
V  [jvm.dll+0x207731]
V  [jvm.dll+0x6eb1cf]
V  [jvm.dll+0x6e3d45]
V  [jvm.dll+0x5ebe96]
C  [ucrtbase.dll+0x21bb2]
C  [KERNEL32.DLL+0x17034]
C  [ntdll.dll+0x52651]


---------------  P R O C E S S  ---------------

Threads class SMR info:
_java_thread_list=0x00000169dc418370, length=37, elements={
0x00000169c078d800, 0x00000169da880800, 0x00000169da88b000, 0x00000169da079800,
0x00000169da07c000, 0x00000169da07e000, 0x00000169da8df800, 0x00000169da93e000,
0x00000169da950000, 0x00000169daa49000, 0x00000169dad77000, 0x00000169dc1cd800,
0x00000169dc283800, 0x00000169db5ee000, 0x00000169dbe9d000, 0x00000169db9a3000,
0x00000169dbddc000, 0x00000169dbc35800, 0x00000169dbf30800, 0x00000169dcb1c800,
0x00000169dcb1d800, 0x00000169dcb17800, 0x00000169dcb1e000, 0x00000169dcb18800,
0x00000169dcb19000, 0x00000169dcb1a000, 0x00000169dcb1b000, 0x00000169dcb1b800,
0x00000169decce000, 0x00000169deccd800, 0x00000169deccf000, 0x00000169decd2800,
0x00000169decd0000, 0x00000169decd3000, 0x00000169decd5000, 0x00000169decd7000,
0x00000169decd6800
}

Java Threads: ( => current thread )
  0x00000169c078d800 JavaThread "main" [_thread_blocked, id=7036, stack(0x0000002500f00000,0x0000002501000000)]
  0x00000169da880800 JavaThread "Reference Handler" daemon [_thread_blocked, id=11040, stack(0x0000002501600000,0x0000002501700000)]
  0x00000169da88b000 JavaThread "Finalizer" daemon [_thread_blocked, id=15644, stack(0x0000002501700000,0x0000002501800000)]
  0x00000169da079800 JavaThread "Signal Dispatcher" daemon [_thread_blocked, id=8760, stack(0x0000002501800000,0x0000002501900000)]
  0x00000169da07c000 JavaThread "Attach Listener" daemon [_thread_blocked, id=3776, stack(0x0000002501900000,0x0000002501a00000)]
  0x00000169da07e000 JavaThread "Service Thread" daemon [_thread_blocked, id=11260, stack(0x0000002501a00000,0x0000002501b00000)]
=>0x00000169da8df800 JavaThread "C2 CompilerThread0" daemon [_thread_in_native, id=7772, stack(0x0000002501b00000,0x0000002501c00000)]
  0x00000169da93e000 JavaThread "C1 CompilerThread0" daemon [_thread_blocked, id=14244, stack(0x0000002501c00000,0x0000002501d00000)]
  0x00000169da950000 JavaThread "Sweeper thread" daemon [_thread_blocked, id=9096, stack(0x0000002501d00000,0x0000002501e00000)]
  0x00000169daa49000 JavaThread "Common-Cleaner" daemon [_thread_blocked, id=4436, stack(0x0000002501e00000,0x0000002501f00000)]
  0x00000169dad77000 JavaThread "Daemon health stats" [_thread_blocked, id=9484, stack(0x0000002502100000,0x0000002502200000)]
  0x00000169dc1cd800 JavaThread "Incoming local TCP Connector on port 54833" [_thread_in_native, id=15308, stack(0x0000002502200000,0x0000002502300000)]
  0x00000169dc283800 JavaThread "Daemon" [_thread_blocked, id=13348, stack(0x0000002502300000,0x0000002502400000)]
  0x00000169db5ee000 JavaThread "Daemon periodic checks" [_thread_blocked, id=4432, stack(0x0000002502400000,0x0000002502500000)]
  0x00000169dbe9d000 JavaThread "Handler for socket connection from /127.0.0.1:54833 to /127.0.0.1:54834" [_thread_in_native, id=9456, stack(0x0000002502500000,0x0000002502600000)]
  0x00000169db9a3000 JavaThread "Cancel handler" [_thread_blocked, id=6128, stack(0x0000002502600000,0x0000002502700000)]
  0x00000169dbddc000 JavaThread "Daemon worker" [_thread_in_native, id=1036, stack(0x0000002502700000,0x0000002502800000)]
  0x00000169dbc35800 JavaThread "Asynchronous log dispatcher for DefaultDaemonConnection: socket connection from /127.0.0.1:54833 to /127.0.0.1:54834" [_thread_blocked, id=3676, stack(0x0000002502800000,0x0000002502900000)]
  0x00000169dbf30800 JavaThread "Stdin handler" [_thread_blocked, id=2700, stack(0x0000002502900000,0x0000002502a00000)]
  0x00000169dcb1c800 JavaThread "Daemon client event forwarder" [_thread_blocked, id=1916, stack(0x0000002502a00000,0x0000002502b00000)]
  0x00000169dcb1d800 JavaThread "Cache worker for file hash cache (C:\Users\Jaen\.gradle\caches\7.0.2\fileHashes)" [_thread_blocked, id=12760, stack(0x0000002502b00000,0x0000002502c00000)]
  0x00000169dcb17800 JavaThread "File lock request listener" [_thread_in_native, id=2524, stack(0x0000002502c00000,0x0000002502d00000)]
  0x00000169dcb1e000 JavaThread "Cache worker for journal cache (C:\Users\Jaen\.gradle\caches\journal-1)" [_thread_blocked, id=7952, stack(0x0000002502d00000,0x0000002502e00000)]
  0x00000169dcb18800 JavaThread "Cache worker for file hash cache (C:\Users\Jaen\AndroidStudioProjects\Toyoda_TurnBasedGame\.gradle\7.0.2\fileHashes)" [_thread_blocked, id=12404, stack(0x0000002502e00000,0x0000002502f00000)]
  0x00000169dcb19000 JavaThread "File watcher server" daemon [_thread_in_native, id=13448, stack(0x0000002502f00000,0x0000002503000000)]
  0x00000169dcb1a000 JavaThread "File watcher consumer" daemon [_thread_blocked, id=15340, stack(0x0000002503000000,0x0000002503100000)]
  0x00000169dcb1b000 JavaThread "Cache worker for checksums cache (C:\Users\Jaen\AndroidStudioProjects\Toyoda_TurnBasedGame\.gradle\checksums)" [_thread_blocked, id=14896, stack(0x0000002503100000,0x0000002503200000)]
  0x00000169dcb1b800 JavaThread "Cache worker for cache directory md-supplier (C:\Users\Jaen\.gradle\caches\7.0.2\md-supplier)" [_thread_blocked, id=7440, stack(0x0000002503200000,0x0000002503300000)]
  0x00000169decce000 JavaThread "Cache worker for cache directory md-rule (C:\Users\Jaen\.gradle\caches\7.0.2\md-rule)" [_thread_blocked, id=10116, stack(0x0000002503300000,0x0000002503400000)]
  0x00000169deccd800 JavaThread "Cache worker for execution history cache (C:\Users\Jaen\.gradle\caches\7.0.2\executionHistory)" [_thread_blocked, id=5640, stack(0x0000002503400000,0x0000002503500000)]
  0x00000169deccf000 JavaThread "jar transforms" [_thread_blocked, id=13836, stack(0x0000002503500000,0x0000002503600000)]
  0x00000169decd2800 JavaThread "jar transforms Thread 2" [_thread_blocked, id=3084, stack(0x0000002503600000,0x0000002503700000)]
  0x00000169decd0000 JavaThread "Cache worker for file content cache (C:\Users\Jaen\.gradle\caches\7.0.2\fileContent)" [_thread_blocked, id=2424, stack(0x0000002503700000,0x0000002503800000)]
  0x00000169decd3000 JavaThread "Cache worker for dependencies-accessors (C:\Users\Jaen\AndroidStudioProjects\Toyoda_TurnBasedGame\.gradle\7.0.2\dependencies-accessors)" [_thread_blocked, id=12916, stack(0x0000002503800000,0x0000002503900000)]
  0x00000169decd5000 JavaThread "Cache worker for Build Output Cleanup Cache (C:\Users\Jaen\AndroidStudioProjects\Toyoda_TurnBasedGame\.gradle\buildOutputCleanup)" [_thread_blocked, id=12384, stack(0x0000002503900000,0x0000002503a00000)]
  0x00000169decd7000 JavaThread "Build operations" [_thread_blocked, id=7616, stack(0x0000002503a00000,0x0000002503b00000)]
  0x00000169decd6800 JavaThread "Build operations Thread 2" [_thread_blocked, id=1068, stack(0x0000002503b00000,0x0000002503c00000)]

Other Threads:
  0x00000169da074800 VMThread "VM Thread" [stack: 0x0000002501500000,0x0000002501600000] [id=2884]
  0x00000169daa7e800 WatcherThread [stack: 0x0000002501f00000,0x0000002502000000] [id=16048]
  0x00000169c07a0800 GCTaskThread "GC Thread#0" [stack: 0x0000002501000000,0x0000002501100000] [id=8716]
  0x00000169dae6d000 GCTaskThread "GC Thread#1" [stack: 0x0000002502000000,0x0000002502100000] [id=11784]
  0x00000169c07d2800 ConcurrentGCThread "G1 Main Marker" [stack: 0x0000002501100000,0x0000002501200000] [id=6344]
  0x00000169c07d6800 ConcurrentGCThread "G1 Conc#0" [stack: 0x0000002501200000,0x0000002501300000] [id=16736]
  0x00000169c086d800 ConcurrentGCThread "G1 Refine#0" [stack: 0x0000002501300000,0x0000002501400000] [id=15708]
  0x00000169d9ec6800 ConcurrentGCThread "G1 Young RemSet Sampling" [stack: 0x0000002501400000,0x0000002501500000] [id=7776]

Threads with active compile tasks:
C2 CompilerThread0   6836 4920       4       org.codehaus.groovy.runtime.metaclass.MetaMethodIndex::isMatchingMethod (61 bytes)

VM state:not at safepoint (normal execution)

VM Mutex/Monitor currently owned by a thread: None

Heap address: 0x0000000080000000, size: 2048 MB, Compressed Oops mode: 32-bit
Narrow klass base: 0x0000000000000000, Narrow klass shift: 3
Compressed class space size: 1073741824 Address: 0x0000000100000000

Heap:
 garbage-first heap   total 280576K, used 76979K [0x0000000080000000, 0x0000000100000000)
  region size 1024K, 59 young (60416K), 13 survivors (13312K)
 Metaspace       used 47221K, capacity 48417K, committed 48636K, reserved 1091584K
  class space    used 5996K, capacity 6416K, committed 6528K, reserved 1048576K
Heap Regions: E=young(eden), S=young(survivor), O=old, HS=humongous(starts), HC=humongous(continues), CS=collection set, F=free, A=archive, TAMS=top-at-mark-start (previous, next)
|   0|0x0000000080000000, 0x0000000080100000, 0x0000000080100000|100%|HS|  |TAMS 0x0000000080100000, 0x0000000080000000| Complete 
|   1|0x0000000080100000, 0x0000000080200000, 0x0000000080200000|100%|HC|  |TAMS 0x0000000080200000, 0x0000000080100000| Complete 
|   2|0x0000000080200000, 0x0000000080300000, 0x0000000080300000|100%|HC|  |TAMS 0x0000000080300000, 0x0000000080200000| Complete 
|   3|0x0000000080300000, 0x0000000080400000, 0x0000000080400000|100%| O|  |TAMS 0x0000000080400000, 0x0000000080300000| Untracked 
|   4|0x0000000080400000, 0x0000000080500000, 0x0000000080500000|100%| O|  |TAMS 0x0000000080500000, 0x0000000080400000| Untracked 
|   5|0x0000000080500000, 0x0000000080600000, 0x0000000080600000|100%| O|  |TAMS 0x0000000080600000, 0x0000000080500000| Untracked 
|   6|0x0000000080600000, 0x0000000080700000, 0x0000000080700000|100%| O|  |TAMS 0x0000000080700000, 0x0000000080600000| Untracked 
|   7|0x0000000080700000, 0x0000000080800000, 0x0000000080800000|100%| O|  |TAMS 0x0000000080800000, 0x0000000080700000| Untracked 
|   8|0x0000000080800000, 0x0000000080900000, 0x0000000080900000|100%| O|  |TAMS 0x0000000080900000, 0x0000000080800000| Untracked 
|   9|0x0000000080900000, 0x0000000080a00000, 0x0000000080a00000|100%| O|  |TAMS 0x0000000080a00000, 0x0000000080900000| Untracked 
|  10|0x0000000080a00000, 0x0000000080b00000, 0x0000000080b00000|100%| O|  |TAMS 0x0000000080b00000, 0x0000000080a00000| Untracked 
|  11|0x0000000080b00000, 0x0000000080c00000, 0x0000000080c00000|100%| O|  |TAMS 0x0000000080c00000, 0x0000000080b00000| Untracked 
|  12|0x0000000080c00000, 0x0000000080d00000, 0x0000000080d00000|100%| O|  |TAMS 0x0000000080d00000, 0x0000000080c00000| Untracked 
|  13|0x0000000080d00000, 0x0000000080e00000, 0x0000000080e00000|100%| O|  |TAMS 0x0000000080e00000, 0x0000000080d00000| Untracked 
|  14|0x0000000080e00000, 0x0000000080f00000, 0x0000000080f00000|100%| O|  |TAMS 0x0000000080f00000, 0x0000000080e00000| Untracked 
|  15|0x0000000080f00000, 0x0000000080fb8000, 0x0000000081000000| 71%| O|  |TAMS 0x0000000080fb8000, 0x0000000080f00000| Untracked 
|  16|0x0000000081000000, 0x0000000081100000, 0x0000000081100000|100%|HS|  |TAMS 0x0000000081000000, 0x0000000081000000| Complete 
|  17|0x0000000081100000, 0x0000000081200000, 0x0000000081200000|100%|HS|  |TAMS 0x0000000081100000, 0x0000000081100000| Complete 
|  18|0x0000000081200000, 0x0000000081200000, 0x0000000081300000|  0%| F|  |TAMS 0x0000000081200000, 0x0000000081200000| Untracked 
|  19|0x0000000081300000, 0x0000000081300000, 0x0000000081400000|  0%| F|  |TAMS 0x0000000081300000, 0x0000000081300000| Untracked 
|  20|0x0000000081400000, 0x0000000081400000, 0x0000000081500000|  0%| F|  |TAMS 0x0000000081400000, 0x0000000081400000| Untracked 
|  21|0x0000000081500000, 0x0000000081500000, 0x0000000081600000|  0%| F|  |TAMS 0x0000000081500000, 0x0000000081500000| Untracked 
|  22|0x0000000081600000, 0x0000000081600000, 0x0000000081700000|  0%| F|  |TAMS 0x0000000081600000, 0x0000000081600000| Untracked 
|  23|0x0000000081700000, 0x0000000081700000, 0x0000000081800000|  0%| F|  |TAMS 0x0000000081700000, 0x0000000081700000| Untracked 
|  24|0x0000000081800000, 0x0000000081800000, 0x0000000081900000|  0%| F|  |TAMS 0x0000000081800000, 0x0000000081800000| Untracked 
|  25|0x0000000081900000, 0x0000000081900000, 0x0000000081a00000|  0%| F|  |TAMS 0x0000000081900000, 0x0000000081900000| Untracked 
|  26|0x0000000081a00000, 0x0000000081a00000, 0x0000000081b00000|  0%| F|  |TAMS 0x0000000081a00000, 0x0000000081a00000| Untracked 
|  27|0x0000000081b00000, 0x0000000081b00000, 0x0000000081c00000|  0%| F|  |TAMS 0x0000000081b00000, 0x0000000081b00000| Untracked 
|  28|0x0000000081c00000, 0x0000000081c00000, 0x0000000081d00000|  0%| F|  |TAMS 0x0000000081c00000, 0x0000000081c00000| Untracked 
|  29|0x0000000081d00000, 0x0000000081d00000, 0x0000000081e00000|  0%| F|  |TAMS 0x0000000081d00000, 0x0000000081d00000| Untracked 
|  30|0x0000000081e00000, 0x0000000081e00000, 0x0000000081f00000|  0%| F|  |TAMS 0x0000000081e00000, 0x0000000081e00000| Untracked 
|  31|0x0000000081f00000, 0x0000000081f00000, 0x0000000082000000|  0%| F|  |TAMS 0x0000000081f00000, 0x0000000081f00000| Untracked 
|  32|0x0000000082000000, 0x0000000082000000, 0x0000000082100000|  0%| F|  |TAMS 0x0000000082000000, 0x0000000082000000| Untracked 
|  33|0x0000000082100000, 0x0000000082100000, 0x0000000082200000|  0%| F|  |TAMS 0x0000000082100000, 0x0000000082100000| Untracked 
|  34|0x0000000082200000, 0x0000000082200000, 0x0000000082300000|  0%| F|  |TAMS 0x0000000082200000, 0x0000000082200000| Untracked 
|  35|0x0000000082300000, 0x0000000082300000, 0x0000000082400000|  0%| F|  |TAMS 0x0000000082300000, 0x0000000082300000| Untracked 
|  36|0x0000000082400000, 0x0000000082400000, 0x0000000082500000|  0%| F|  |TAMS 0x0000000082400000, 0x0000000082400000| Untracked 
|  37|0x0000000082500000, 0x0000000082500000, 0x0000000082600000|  0%| F|  |TAMS 0x0000000082500000, 0x0000000082500000| Untracked 
|  38|0x0000000082600000, 0x0000000082600000, 0x0000000082700000|  0%| F|  |TAMS 0x0000000082600000, 0x0000000082600000| Untracked 
|  39|0x0000000082700000, 0x0000000082700000, 0x0000000082800000|  0%| F|  |TAMS 0x0000000082700000, 0x0000000082700000| Untracked 
|  40|0x0000000082800000, 0x0000000082800000, 0x0000000082900000|  0%| F|  |TAMS 0x0000000082800000, 0x0000000082800000| Untracked 
|  41|0x0000000082900000, 0x0000000082900000, 0x0000000082a00000|  0%| F|  |TAMS 0x0000000082900000, 0x0000000082900000| Untracked 
|  42|0x0000000082a00000, 0x0000000082a00000, 0x0000000082b00000|  0%| F|  |TAMS 0x0000000082a00000, 0x0000000082a00000| Untracked 
|  43|0x0000000082b00000, 0x0000000082b00000, 0x0000000082c00000|  0%| F|  |TAMS 0x0000000082b00000, 0x0000000082b00000| Untracked 
|  44|0x0000000082c00000, 0x0000000082c00000, 0x0000000082d00000|  0%| F|  |TAMS 0x0000000082c00000, 0x0000000082c00000| Untracked 
|  45|0x0000000082d00000, 0x0000000082d00000, 0x0000000082e00000|  0%| F|  |TAMS 0x0000000082d00000, 0x0000000082d00000| Untracked 
|  46|0x0000000082e00000, 0x0000000082e00000, 0x0000000082f00000|  0%| F|  |TAMS 0x0000000082e00000, 0x0000000082e00000| Untracked 
|  47|0x0000000082f00000, 0x0000000082f00000, 0x0000000083000000|  0%| F|  |TAMS 0x0000000082f00000, 0x0000000082f00000| Untracked 
|  48|0x0000000083000000, 0x0000000083000000, 0x0000000083100000|  0%| F|  |TAMS 0x0000000083000000, 0x0000000083000000| Untracked 
|  49|0x0000000083100000, 0x0000000083100000, 0x0000000083200000|  0%| F|  |TAMS 0x0000000083100000, 0x0000000083100000| Untracked 
|  50|0x0000000083200000, 0x0000000083200000, 0x0000000083300000|  0%| F|  |TAMS 0x0000000083200000, 0x0000000083200000| Untracked 
|  51|0x0000000083300000, 0x0000000083300000, 0x0000000083400000|  0%| F|  |TAMS 0x0000000083300000, 0x0000000083300000| Untracked 
|  52|0x0000000083400000, 0x0000000083400000, 0x0000000083500000|  0%| F|  |TAMS 0x0000000083400000, 0x0000000083400000| Untracked 
|  53|0x0000000083500000, 0x0000000083500000, 0x0000000083600000|  0%| F|  |TAMS 0x0000000083500000, 0x0000000083500000| Untracked 
|  54|0x0000000083600000, 0x0000000083600000, 0x0000000083700000|  0%| F|  |TAMS 0x0000000083600000, 0x0000000083600000| Untracked 
|  55|0x0000000083700000, 0x0000000083700000, 0x0000000083800000|  0%| F|  |TAMS 0x0000000083700000, 0x0000000083700000| Untracked 
|  56|0x0000000083800000, 0x0000000083800000, 0x0000000083900000|  0%| F|  |TAMS 0x0000000083800000, 0x0000000083800000| Untracked 
|  57|0x0000000083900000, 0x0000000083900000, 0x0000000083a00000|  0%| F|  |TAMS 0x0000000083900000, 0x0000000083900000| Untracked 
|  58|0x0000000083a00000, 0x0000000083a00000, 0x0000000083b00000|  0%| F|  |TAMS 0x0000000083a00000, 0x0000000083a00000| Untracked 
|  59|0x0000000083b00000, 0x0000000083b00000, 0x0000000083c00000|  0%| F|  |TAMS 0x0000000083b00000, 0x0000000083b00000| Untracked 
|  60|0x0000000083c00000, 0x0000000083c00000, 0x0000000083d00000|  0%| F|  |TAMS 0x0000000083c00000, 0x0000000083c00000| Untracked 
|  61|0x0000000083d00000, 0x0000000083d00000, 0x0000000083e00000|  0%| F|  |TAMS 0x0000000083d00000, 0x0000000083d00000| Untracked 
|  62|0x0000000083e00000, 0x0000000083e00000, 0x0000000083f00000|  0%| F|  |TAMS 0x0000000083e00000, 0x0000000083e00000| Untracked 
|  63|0x0000000083f00000, 0x0000000083f00000, 0x0000000084000000|  0%| F|  |TAMS 0x0000000083f00000, 0x0000000083f00000| Untracked 
|  64|0x0000000084000000, 0x0000000084000000, 0x0000000084100000|  0%| F|  |TAMS 0x0000000084000000, 0x0000000084000000| Untracked 
|  65|0x0000000084100000, 0x0000000084100000, 0x0000000084200000|  0%| F|  |TAMS 0x0000000084100000, 0x0000000084100000| Untracked 
|  66|0x0000000084200000, 0x0000000084200000, 0x0000000084300000|  0%| F|  |TAMS 0x0000000084200000, 0x0000000084200000| Untracked 
|  67|0x0000000084300000, 0x0000000084300000, 0x0000000084400000|  0%| F|  |TAMS 0x0000000084300000, 0x0000000084300000| Untracked 
|  68|0x0000000084400000, 0x0000000084400000, 0x0000000084500000|  0%| F|  |TAMS 0x0000000084400000, 0x0000000084400000| Untracked 
|  69|0x0000000084500000, 0x0000000084500000, 0x0000000084600000|  0%| F|  |TAMS 0x0000000084500000, 0x0000000084500000| Untracked 
|  70|0x0000000084600000, 0x0000000084600000, 0x0000000084700000|  0%| F|  |TAMS 0x0000000084600000, 0x0000000084600000| Untracked 
|  71|0x0000000084700000, 0x0000000084700000, 0x0000000084800000|  0%| F|  |TAMS 0x0000000084700000, 0x0000000084700000| Untracked 
|  72|0x0000000084800000, 0x0000000084800000, 0x0000000084900000|  0%| F|  |TAMS 0x0000000084800000, 0x0000000084800000| Untracked 
|  73|0x0000000084900000, 0x0000000084900000, 0x0000000084a00000|  0%| F|  |TAMS 0x0000000084900000, 0x0000000084900000| Untracked 
|  74|0x0000000084a00000, 0x0000000084a00000, 0x0000000084b00000|  0%| F|  |TAMS 0x0000000084a00000, 0x0000000084a00000| Untracked 
|  75|0x0000000084b00000, 0x0000000084b00000, 0x0000000084c00000|  0%| F|  |TAMS 0x0000000084b00000, 0x0000000084b00000| Untracked 
|  76|0x0000000084c00000, 0x0000000084c00000, 0x0000000084d00000|  0%| F|  |TAMS 0x0000000084c00000, 0x0000000084c00000| Untracked 
|  77|0x0000000084d00000, 0x0000000084d00000, 0x0000000084e00000|  0%| F|  |TAMS 0x0000000084d00000, 0x0000000084d00000| Untracked 
|  78|0x0000000084e00000, 0x0000000084e00000, 0x0000000084f00000|  0%| F|  |TAMS 0x0000000084e00000, 0x0000000084e00000| Untracked 
|  79|0x0000000084f00000, 0x0000000084f00000, 0x0000000085000000|  0%| F|  |TAMS 0x0000000084f00000, 0x0000000084f00000| Untracked 
|  80|0x0000000085000000, 0x0000000085000000, 0x0000000085100000|  0%| F|  |TAMS 0x0000000085000000, 0x0000000085000000| Untracked 
|  81|0x0000000085100000, 0x0000000085100000, 0x0000000085200000|  0%| F|  |TAMS 0x0000000085100000, 0x0000000085100000| Untracked 
|  82|0x0000000085200000, 0x0000000085200000, 0x0000000085300000|  0%| F|  |TAMS 0x0000000085200000, 0x0000000085200000| Untracked 
|  83|0x0000000085300000, 0x0000000085300000, 0x0000000085400000|  0%| F|  |TAMS 0x0000000085300000, 0x0000000085300000| Untracked 
|  84|0x0000000085400000, 0x0000000085400000, 0x0000000085500000|  0%| F|  |TAMS 0x0000000085400000, 0x0000000085400000| Untracked 
|  85|0x0000000085500000, 0x0000000085500000, 0x0000000085600000|  0%| F|  |TAMS 0x0000000085500000, 0x0000000085500000| Untracked 
|  86|0x0000000085600000, 0x0000000085600000, 0x0000000085700000|  0%| F|  |TAMS 0x0000000085600000, 0x0000000085600000| Untracked 
|  87|0x0000000085700000, 0x0000000085700000, 0x0000000085800000|  0%| F|  |TAMS 0x0000000085700000, 0x0000000085700000| Untracked 
|  88|0x0000000085800000, 0x0000000085800000, 0x0000000085900000|  0%| F|  |TAMS 0x0000000085800000, 0x0000000085800000| Untracked 
|  89|0x0000000085900000, 0x0000000085900000, 0x0000000085a00000|  0%| F|  |TAMS 0x0000000085900000, 0x0000000085900000| Untracked 
|  90|0x0000000085a00000, 0x0000000085a00000, 0x0000000085b00000|  0%| F|  |TAMS 0x0000000085a00000, 0x0000000085a00000| Untracked 
|  91|0x0000000085b00000, 0x0000000085b74c88, 0x0000000085c00000| 45%| S|CS|TAMS 0x0000000085b00000, 0x0000000085b00000| Complete 
|  92|0x0000000085c00000, 0x0000000085d00000, 0x0000000085d00000|100%| S|CS|TAMS 0x0000000085c00000, 0x0000000085c00000| Complete 
|  93|0x0000000085d00000, 0x0000000085e00000, 0x0000000085e00000|100%| S|CS|TAMS 0x0000000085d00000, 0x0000000085d00000| Complete 
|  94|0x0000000085e00000, 0x0000000085f00000, 0x0000000085f00000|100%| S|CS|TAMS 0x0000000085e00000, 0x0000000085e00000| Complete 
|  95|0x0000000085f00000, 0x0000000086000000, 0x0000000086000000|100%| S|CS|TAMS 0x0000000085f00000, 0x0000000085f00000| Complete 
|  96|0x0000000086000000, 0x0000000086100000, 0x0000000086100000|100%| S|CS|TAMS 0x0000000086000000, 0x0000000086000000| Complete 
|  97|0x0000000086100000, 0x0000000086200000, 0x0000000086200000|100%| S|CS|TAMS 0x0000000086100000, 0x0000000086100000| Complete 
|  98|0x0000000086200000, 0x0000000086300000, 0x0000000086300000|100%| S|CS|TAMS 0x0000000086200000, 0x0000000086200000| Complete 
|  99|0x0000000086300000, 0x0000000086400000, 0x0000000086400000|100%| S|CS|TAMS 0x0000000086300000, 0x0000000086300000| Complete 
| 100|0x0000000086400000, 0x0000000086500000, 0x0000000086500000|100%| S|CS|TAMS 0x0000000086400000, 0x0000000086400000| Complete 
| 101|0x0000000086500000, 0x0000000086600000, 0x0000000086600000|100%| S|CS|TAMS 0x0000000086500000, 0x0000000086500000| Complete 
| 102|0x0000000086600000, 0x0000000086700000, 0x0000000086700000|100%| S|CS|TAMS 0x0000000086600000, 0x0000000086600000| Complete 
| 103|0x0000000086700000, 0x0000000086800000, 0x0000000086800000|100%| S|CS|TAMS 0x0000000086700000, 0x0000000086700000| Complete 
| 104|0x0000000086800000, 0x0000000086800000, 0x0000000086900000|  0%| F|  |TAMS 0x0000000086800000, 0x0000000086800000| Untracked 
| 105|0x0000000086900000, 0x0000000086900000, 0x0000000086a00000|  0%| F|  |TAMS 0x0000000086900000, 0x0000000086900000| Untracked 
| 106|0x0000000086a00000, 0x0000000086a00000, 0x0000000086b00000|  0%| F|  |TAMS 0x0000000086a00000, 0x0000000086a00000| Untracked 
| 107|0x0000000086b00000, 0x0000000086b00000, 0x0000000086c00000|  0%| F|  |TAMS 0x0000000086b00000, 0x0000000086b00000| Untracked 
| 108|0x0000000086c00000, 0x0000000086c00000, 0x0000000086d00000|  0%| F|  |TAMS 0x0000000086c00000, 0x0000000086c00000| Untracked 
| 109|0x0000000086d00000, 0x0000000086d00000, 0x0000000086e00000|  0%| F|  |TAMS 0x0000000086d00000, 0x0000000086d00000| Untracked 
| 110|0x0000000086e00000, 0x0000000086e00000, 0x0000000086f00000|  0%| F|  |TAMS 0x0000000086e00000, 0x0000000086e00000| Untracked 
| 111|0x0000000086f00000, 0x0000000086f00000, 0x0000000087000000|  0%| F|  |TAMS 0x0000000086f00000, 0x0000000086f00000| Untracked 
| 112|0x0000000087000000, 0x0000000087000000, 0x0000000087100000|  0%| F|  |TAMS 0x0000000087000000, 0x0000000087000000| Untracked 
| 113|0x0000000087100000, 0x0000000087100000, 0x0000000087200000|  0%| F|  |TAMS 0x0000000087100000, 0x0000000087100000| Untracked 
| 114|0x0000000087200000, 0x0000000087200000, 0x0000000087300000|  0%| F|  |TAMS 0x0000000087200000, 0x0000000087200000| Untracked 
| 115|0x0000000087300000, 0x0000000087300000, 0x0000000087400000|  0%| F|  |TAMS 0x0000000087300000, 0x0000000087300000| Untracked 
| 116|0x0000000087400000, 0x0000000087400000, 0x0000000087500000|  0%| F|  |TAMS 0x0000000087400000, 0x0000000087400000| Untracked 
| 117|0x0000000087500000, 0x0000000087500000, 0x0000000087600000|  0%| F|  |TAMS 0x0000000087500000, 0x0000000087500000| Untracked 
| 118|0x0000000087600000, 0x0000000087600000, 0x0000000087700000|  0%| F|  |TAMS 0x0000000087600000, 0x0000000087600000| Untracked 
| 119|0x0000000087700000, 0x0000000087700000, 0x0000000087800000|  0%| F|  |TAMS 0x0000000087700000, 0x0000000087700000| Untracked 
| 120|0x0000000087800000, 0x0000000087800000, 0x0000000087900000|  0%| F|  |TAMS 0x0000000087800000, 0x0000000087800000| Untracked 
| 121|0x0000000087900000, 0x0000000087900000, 0x0000000087a00000|  0%| F|  |TAMS 0x0000000087900000, 0x0000000087900000| Untracked 
| 122|0x0000000087a00000, 0x0000000087a00000, 0x0000000087b00000|  0%| F|  |TAMS 0x0000000087a00000, 0x0000000087a00000| Untracked 
| 123|0x0000000087b00000, 0x0000000087b00000, 0x0000000087c00000|  0%| F|  |TAMS 0x0000000087b00000, 0x0000000087b00000| Untracked 
| 124|0x0000000087c00000, 0x0000000087c00000, 0x0000000087d00000|  0%| F|  |TAMS 0x0000000087c00000, 0x0000000087c00000| Untracked 
| 125|0x0000000087d00000, 0x0000000087d00000, 0x0000000087e00000|  0%| F|  |TAMS 0x0000000087d00000, 0x0000000087d00000| Untracked 
| 126|0x0000000087e00000, 0x0000000087e00000, 0x0000000087f00000|  0%| F|  |TAMS 0x0000000087e00000, 0x0000000087e00000| Untracked 
| 127|0x0000000087f00000, 0x0000000087f00000, 0x0000000088000000|  0%| F|  |TAMS 0x0000000087f00000, 0x0000000087f00000| Untracked 
| 128|0x0000000088000000, 0x0000000088000000, 0x0000000088100000|  0%| F|  |TAMS 0x0000000088000000, 0x0000000088000000| Untracked 
| 129|0x0000000088100000, 0x0000000088100000, 0x0000000088200000|  0%| F|  |TAMS 0x0000000088100000, 0x0000000088100000| Untracked 
| 130|0x0000000088200000, 0x0000000088200000, 0x0000000088300000|  0%| F|  |TAMS 0x0000000088200000, 0x0000000088200000| Untracked 
| 131|0x0000000088300000, 0x0000000088300000, 0x0000000088400000|  0%| F|  |TAMS 0x0000000088300000, 0x0000000088300000| Untracked 
| 132|0x0000000088400000, 0x0000000088400000, 0x0000000088500000|  0%| F|  |TAMS 0x0000000088400000, 0x0000000088400000| Untracked 
| 133|0x0000000088500000, 0x0000000088500000, 0x0000000088600000|  0%| F|  |TAMS 0x0000000088500000, 0x0000000088500000| Untracked 
| 134|0x0000000088600000, 0x0000000088600000, 0x0000000088700000|  0%| F|  |TAMS 0x0000000088600000, 0x0000000088600000| Untracked 
| 135|0x0000000088700000, 0x0000000088700000, 0x0000000088800000|  0%| F|  |TAMS 0x0000000088700000, 0x0000000088700000| Untracked 
| 136|0x0000000088800000, 0x0000000088800000, 0x0000000088900000|  0%| F|  |TAMS 0x0000000088800000, 0x0000000088800000| Untracked 
| 137|0x0000000088900000, 0x0000000088900000, 0x0000000088a00000|  0%| F|  |TAMS 0x0000000088900000, 0x0000000088900000| Untracked 
| 138|0x0000000088a00000, 0x0000000088a00000, 0x0000000088b00000|  0%| F|  |TAMS 0x0000000088a00000, 0x0000000088a00000| Untracked 
| 139|0x0000000088b00000, 0x0000000088b00000, 0x0000000088c00000|  0%| F|  |TAMS 0x0000000088b00000, 0x0000000088b00000| Untracked 
| 140|0x0000000088c00000, 0x0000000088c00000, 0x0000000088d00000|  0%| F|  |TAMS 0x0000000088c00000, 0x0000000088c00000| Untracked 
| 141|0x0000000088d00000, 0x0000000088d00000, 0x0000000088e00000|  0%| F|  |TAMS 0x0000000088d00000, 0x0000000088d00000| Untracked 
| 142|0x0000000088e00000, 0x0000000088e00000, 0x0000000088f00000|  0%| F|  |TAMS 0x0000000088e00000, 0x0000000088e00000| Untracked 
| 143|0x0000000088f00000, 0x0000000088f00000, 0x0000000089000000|  0%| F|  |TAMS 0x0000000088f00000, 0x0000000088f00000| Untracked 
| 144|0x0000000089000000, 0x0000000089000000, 0x0000000089100000|  0%| F|  |TAMS 0x0000000089000000, 0x0000000089000000| Untracked 
| 145|0x0000000089100000, 0x0000000089100000, 0x0000000089200000|  0%| F|  |TAMS 0x0000000089100000, 0x0000000089100000| Untracked 
| 146|0x0000000089200000, 0x0000000089200000, 0x0000000089300000|  0%| F|  |TAMS 0x0000000089200000, 0x0000000089200000| Untracked 
| 147|0x0000000089300000, 0x0000000089300000, 0x0000000089400000|  0%| F|  |TAMS 0x0000000089300000, 0x0000000089300000| Untracked 
| 148|0x0000000089400000, 0x0000000089400000, 0x0000000089500000|  0%| F|  |TAMS 0x0000000089400000, 0x0000000089400000| Untracked 
| 149|0x0000000089500000, 0x0000000089500000, 0x0000000089600000|  0%| F|  |TAMS 0x0000000089500000, 0x0000000089500000| Untracked 
| 150|0x0000000089600000, 0x0000000089600000, 0x0000000089700000|  0%| F|  |TAMS 0x0000000089600000, 0x0000000089600000| Untracked 
| 151|0x0000000089700000, 0x0000000089700000, 0x0000000089800000|  0%| F|  |TAMS 0x0000000089700000, 0x0000000089700000| Untracked 
| 152|0x0000000089800000, 0x0000000089800000, 0x0000000089900000|  0%| F|  |TAMS 0x0000000089800000, 0x0000000089800000| Untracked 
| 153|0x0000000089900000, 0x0000000089900000, 0x0000000089a00000|  0%| F|  |TAMS 0x0000000089900000, 0x0000000089900000| Untracked 
| 154|0x0000000089a00000, 0x0000000089a00000, 0x0000000089b00000|  0%| F|  |TAMS 0x0000000089a00000, 0x0000000089a00000| Untracked 
| 155|0x0000000089b00000, 0x0000000089b00000, 0x0000000089c00000|  0%| F|  |TAMS 0x0000000089b00000, 0x0000000089b00000| Untracked 
| 156|0x0000000089c00000, 0x0000000089c00000, 0x0000000089d00000|  0%| F|  |TAMS 0x0000000089c00000, 0x0000000089c00000| Untracked 
| 157|0x0000000089d00000, 0x0000000089d00000, 0x0000000089e00000|  0%| F|  |TAMS 0x0000000089d00000, 0x0000000089d00000| Untracked 
| 158|0x0000000089e00000, 0x0000000089e00000, 0x0000000089f00000|  0%| F|  |TAMS 0x0000000089e00000, 0x0000000089e00000| Untracked 
| 159|0x0000000089f00000, 0x0000000089f00000, 0x000000008a000000|  0%| F|  |TAMS 0x0000000089f00000, 0x0000000089f00000| Untracked 
| 160|0x000000008a000000, 0x000000008a000000, 0x000000008a100000|  0%| F|  |TAMS 0x000000008a000000, 0x000000008a000000| Untracked 
| 161|0x000000008a100000, 0x000000008a100000, 0x000000008a200000|  0%| F|  |TAMS 0x000000008a100000, 0x000000008a100000| Untracked 
| 162|0x000000008a200000, 0x000000008a200000, 0x000000008a300000|  0%| F|  |TAMS 0x000000008a200000, 0x000000008a200000| Untracked 
| 163|0x000000008a300000, 0x000000008a300000, 0x000000008a400000|  0%| F|  |TAMS 0x000000008a300000, 0x000000008a300000| Untracked 
| 164|0x000000008a400000, 0x000000008a400000, 0x000000008a500000|  0%| F|  |TAMS 0x000000008a400000, 0x000000008a400000| Untracked 
| 165|0x000000008a500000, 0x000000008a500000, 0x000000008a600000|  0%| F|  |TAMS 0x000000008a500000, 0x000000008a500000| Untracked 
| 166|0x000000008a600000, 0x000000008a600000, 0x000000008a700000|  0%| F|  |TAMS 0x000000008a600000, 0x000000008a600000| Untracked 
| 167|0x000000008a700000, 0x000000008a700000, 0x000000008a800000|  0%| F|  |TAMS 0x000000008a700000, 0x000000008a700000| Untracked 
| 168|0x000000008a800000, 0x000000008a800000, 0x000000008a900000|  0%| F|  |TAMS 0x000000008a800000, 0x000000008a800000| Untracked 
| 169|0x000000008a900000, 0x000000008a900000, 0x000000008aa00000|  0%| F|  |TAMS 0x000000008a900000, 0x000000008a900000| Untracked 
| 170|0x000000008aa00000, 0x000000008aa00000, 0x000000008ab00000|  0%| F|  |TAMS 0x000000008aa00000, 0x000000008aa00000| Untracked 
| 171|0x000000008ab00000, 0x000000008ab00000, 0x000000008ac00000|  0%| F|  |TAMS 0x000000008ab00000, 0x000000008ab00000| Untracked 
| 172|0x000000008ac00000, 0x000000008ac00000, 0x000000008ad00000|  0%| F|  |TAMS 0x000000008ac00000, 0x000000008ac00000| Untracked 
| 173|0x000000008ad00000, 0x000000008ad00000, 0x000000008ae00000|  0%| F|  |TAMS 0x000000008ad00000, 0x000000008ad00000| Untracked 
| 174|0x000000008ae00000, 0x000000008ae00000, 0x000000008af00000|  0%| F|  |TAMS 0x000000008ae00000, 0x000000008ae00000| Untracked 
| 175|0x000000008af00000, 0x000000008af00000, 0x000000008b000000|  0%| F|  |TAMS 0x000000008af00000, 0x000000008af00000| Untracked 
| 176|0x000000008b000000, 0x000000008b000000, 0x000000008b100000|  0%| F|  |TAMS 0x000000008b000000, 0x000000008b000000| Untracked 
| 177|0x000000008b100000, 0x000000008b100000, 0x000000008b200000|  0%| F|  |TAMS 0x000000008b100000, 0x000000008b100000| Untracked 
| 178|0x000000008b200000, 0x000000008b200000, 0x000000008b300000|  0%| F|  |TAMS 0x000000008b200000, 0x000000008b200000| Untracked 
| 179|0x000000008b300000, 0x000000008b300000, 0x000000008b400000|  0%| F|  |TAMS 0x000000008b300000, 0x000000008b300000| Untracked 
| 180|0x000000008b400000, 0x000000008b400000, 0x000000008b500000|  0%| F|  |TAMS 0x000000008b400000, 0x000000008b400000| Untracked 
| 181|0x000000008b500000, 0x000000008b500000, 0x000000008b600000|  0%| F|  |TAMS 0x000000008b500000, 0x000000008b500000| Untracked 
| 182|0x000000008b600000, 0x000000008b600000, 0x000000008b700000|  0%| F|  |TAMS 0x000000008b600000, 0x000000008b600000| Untracked 
| 183|0x000000008b700000, 0x000000008b700000, 0x000000008b800000|  0%| F|  |TAMS 0x000000008b700000, 0x000000008b700000| Untracked 
| 184|0x000000008b800000, 0x000000008b800000, 0x000000008b900000|  0%| F|  |TAMS 0x000000008b800000, 0x000000008b800000| Untracked 
| 185|0x000000008b900000, 0x000000008b900000, 0x000000008ba00000|  0%| F|  |TAMS 0x000000008b900000, 0x000000008b900000| Untracked 
| 186|0x000000008ba00000, 0x000000008ba00000, 0x000000008bb00000|  0%| F|  |TAMS 0x000000008ba00000, 0x000000008ba00000| Untracked 
| 187|0x000000008bb00000, 0x000000008bb00000, 0x000000008bc00000|  0%| F|  |TAMS 0x000000008bb00000, 0x000000008bb00000| Untracked 
| 188|0x000000008bc00000, 0x000000008bc00000, 0x000000008bd00000|  0%| F|  |TAMS 0x000000008bc00000, 0x000000008bc00000| Untracked 
| 189|0x000000008bd00000, 0x000000008bd00000, 0x000000008be00000|  0%| F|  |TAMS 0x000000008bd00000, 0x000000008bd00000| Untracked 
| 190|0x000000008be00000, 0x000000008be00000, 0x000000008bf00000|  0%| F|  |TAMS 0x000000008be00000, 0x000000008be00000| Untracked 
| 191|0x000000008bf00000, 0x000000008bf00000, 0x000000008c000000|  0%| F|  |TAMS 0x000000008bf00000, 0x000000008bf00000| Untracked 
| 192|0x000000008c000000, 0x000000008c000000, 0x000000008c100000|  0%| F|  |TAMS 0x000000008c000000, 0x000000008c000000| Untracked 
| 193|0x000000008c100000, 0x000000008c100000, 0x000000008c200000|  0%| F|  |TAMS 0x000000008c100000, 0x000000008c100000| Untracked 
| 194|0x000000008c200000, 0x000000008c200000, 0x000000008c300000|  0%| F|  |TAMS 0x000000008c200000, 0x000000008c200000| Untracked 
| 195|0x000000008c300000, 0x000000008c300000, 0x000000008c400000|  0%| F|  |TAMS 0x000000008c300000, 0x000000008c300000| Untracked 
| 196|0x000000008c400000, 0x000000008c400000, 0x000000008c500000|  0%| F|  |TAMS 0x000000008c400000, 0x000000008c400000| Untracked 
| 197|0x000000008c500000, 0x000000008c500000, 0x000000008c600000|  0%| F|  |TAMS 0x000000008c500000, 0x000000008c500000| Untracked 
| 198|0x000000008c600000, 0x000000008c600000, 0x000000008c700000|  0%| F|  |TAMS 0x000000008c600000, 0x000000008c600000| Untracked 
| 199|0x000000008c700000, 0x000000008c700000, 0x000000008c800000|  0%| F|  |TAMS 0x000000008c700000, 0x000000008c700000| Untracked 
| 200|0x000000008c800000, 0x000000008c800000, 0x000000008c900000|  0%| F|  |TAMS 0x000000008c800000, 0x000000008c800000| Untracked 
| 201|0x000000008c900000, 0x000000008c900000, 0x000000008ca00000|  0%| F|  |TAMS 0x000000008c900000, 0x000000008c900000| Untracked 
| 202|0x000000008ca00000, 0x000000008ca00000, 0x000000008cb00000|  0%| F|  |TAMS 0x000000008ca00000, 0x000000008ca00000| Untracked 
| 203|0x000000008cb00000, 0x000000008cb00000, 0x000000008cc00000|  0%| F|  |TAMS 0x000000008cb00000, 0x000000008cb00000| Untracked 
| 204|0x000000008cc00000, 0x000000008cc00000, 0x000000008cd00000|  0%| F|  |TAMS 0x000000008cc00000, 0x000000008cc00000| Untracked 
| 205|0x000000008cd00000, 0x000000008cd00000, 0x000000008ce00000|  0%| F|  |TAMS 0x000000008cd00000, 0x000000008cd00000| Untracked 
| 206|0x000000008ce00000, 0x000000008ce00000, 0x000000008cf00000|  0%| F|  |TAMS 0x000000008ce00000, 0x000000008ce00000| Untracked 
| 207|0x000000008cf00000, 0x000000008cf00000, 0x000000008d000000|  0%| F|  |TAMS 0x000000008cf00000, 0x000000008cf00000| Untracked 
| 208|0x000000008d000000, 0x000000008d000000, 0x000000008d100000|  0%| F|  |TAMS 0x000000008d000000, 0x000000008d000000| Untracked 
| 209|0x000000008d100000, 0x000000008d100000, 0x000000008d200000|  0%| F|  |TAMS 0x000000008d100000, 0x000000008d100000| Untracked 
| 210|0x000000008d200000, 0x000000008d200000, 0x000000008d300000|  0%| F|  |TAMS 0x000000008d200000, 0x000000008d200000| Untracked 
| 211|0x000000008d300000, 0x000000008d300000, 0x000000008d400000|  0%| F|  |TAMS 0x000000008d300000, 0x000000008d300000| Untracked 
| 212|0x000000008d400000, 0x000000008d400000, 0x000000008d500000|  0%| F|  |TAMS 0x000000008d400000, 0x000000008d400000| Untracked 
| 213|0x000000008d500000, 0x000000008d500000, 0x000000008d600000|  0%| F|  |TAMS 0x000000008d500000, 0x000000008d500000| Untracked 
| 214|0x000000008d600000, 0x000000008d600000, 0x000000008d700000|  0%| F|  |TAMS 0x000000008d600000, 0x000000008d600000| Untracked 
| 215|0x000000008d700000, 0x000000008d700000, 0x000000008d800000|  0%| F|  |TAMS 0x000000008d700000, 0x000000008d700000| Untracked 
| 216|0x000000008d800000, 0x000000008d800000, 0x000000008d900000|  0%| F|  |TAMS 0x000000008d800000, 0x000000008d800000| Untracked 
| 217|0x000000008d900000, 0x000000008d900000, 0x000000008da00000|  0%| F|  |TAMS 0x000000008d900000, 0x000000008d900000| Untracked 
| 218|0x000000008da00000, 0x000000008da00000, 0x000000008db00000|  0%| F|  |TAMS 0x000000008da00000, 0x000000008da00000| Untracked 
| 219|0x000000008db00000, 0x000000008db00000, 0x000000008dc00000|  0%| F|  |TAMS 0x000000008db00000, 0x000000008db00000| Untracked 
| 220|0x000000008dc00000, 0x000000008dc00000, 0x000000008dd00000|  0%| F|  |TAMS 0x000000008dc00000, 0x000000008dc00000| Untracked 
| 221|0x000000008dd00000, 0x000000008dd00000, 0x000000008de00000|  0%| F|  |TAMS 0x000000008dd00000, 0x000000008dd00000| Untracked 
| 222|0x000000008de00000, 0x000000008de00000, 0x000000008df00000|  0%| F|  |TAMS 0x000000008de00000, 0x000000008de00000| Untracked 
| 223|0x000000008df00000, 0x000000008df00000, 0x000000008e000000|  0%| F|  |TAMS 0x000000008df00000, 0x000000008df00000| Untracked 
| 224|0x000000008e000000, 0x000000008e000000, 0x000000008e100000|  0%| F|  |TAMS 0x000000008e000000, 0x000000008e000000| Untracked 
| 225|0x000000008e100000, 0x000000008e100000, 0x000000008e200000|  0%| F|  |TAMS 0x000000008e100000, 0x000000008e100000| Untracked 
| 226|0x000000008e200000, 0x000000008e200000, 0x000000008e300000|  0%| F|  |TAMS 0x000000008e200000, 0x000000008e200000| Untracked 
| 227|0x000000008e300000, 0x000000008e300000, 0x000000008e400000|  0%| F|  |TAMS 0x000000008e300000, 0x000000008e300000| Untracked 
| 228|0x000000008e400000, 0x000000008e500000, 0x000000008e500000|100%| E|  |TAMS 0x000000008e400000, 0x000000008e400000| Complete 
| 229|0x000000008e500000, 0x000000008e600000, 0x000000008e600000|100%| E|CS|TAMS 0x000000008e500000, 0x000000008e500000| Complete 
| 230|0x000000008e600000, 0x000000008e700000, 0x000000008e700000|100%| E|CS|TAMS 0x000000008e600000, 0x000000008e600000| Complete 
| 231|0x000000008e700000, 0x000000008e800000, 0x000000008e800000|100%| E|CS|TAMS 0x000000008e700000, 0x000000008e700000| Complete 
| 232|0x000000008e800000, 0x000000008e900000, 0x000000008e900000|100%| E|CS|TAMS 0x000000008e800000, 0x000000008e800000| Complete 
| 233|0x000000008e900000, 0x000000008ea00000, 0x000000008ea00000|100%| E|CS|TAMS 0x000000008e900000, 0x000000008e900000| Complete 
| 234|0x000000008ea00000, 0x000000008eb00000, 0x000000008eb00000|100%| E|CS|TAMS 0x000000008ea00000, 0x000000008ea00000| Complete 
| 235|0x000000008eb00000, 0x000000008ec00000, 0x000000008ec00000|100%| E|CS|TAMS 0x000000008eb00000, 0x000000008eb00000| Complete 
| 236|0x000000008ec00000, 0x000000008ed00000, 0x000000008ed00000|100%| E|CS|TAMS 0x000000008ec00000, 0x000000008ec00000| Complete 
| 237|0x000000008ed00000, 0x000000008ee00000, 0x000000008ee00000|100%| E|CS|TAMS 0x000000008ed00000, 0x000000008ed00000| Complete 
| 238|0x000000008ee00000, 0x000000008ef00000, 0x000000008ef00000|100%| E|CS|TAMS 0x000000008ee00000, 0x000000008ee00000| Complete 
| 239|0x000000008ef00000, 0x000000008f000000, 0x000000008f000000|100%| E|CS|TAMS 0x000000008ef00000, 0x000000008ef00000| Complete 
| 240|0x000000008f000000, 0x000000008f100000, 0x000000008f100000|100%| E|CS|TAMS 0x000000008f000000, 0x000000008f000000| Complete 
| 241|0x000000008f100000, 0x000000008f200000, 0x000000008f200000|100%| E|CS|TAMS 0x000000008f100000, 0x000000008f100000| Complete 
| 242|0x000000008f200000, 0x000000008f300000, 0x000000008f300000|100%| E|CS|TAMS 0x000000008f200000, 0x000000008f200000| Complete 
| 243|0x000000008f300000, 0x000000008f400000, 0x000000008f400000|100%| E|CS|TAMS 0x000000008f300000, 0x000000008f300000| Complete 
| 244|0x000000008f400000, 0x000000008f500000, 0x000000008f500000|100%| E|CS|TAMS 0x000000008f400000, 0x000000008f400000| Complete 
| 245|0x000000008f500000, 0x000000008f600000, 0x000000008f600000|100%| E|CS|TAMS 0x000000008f500000, 0x000000008f500000| Complete 
| 246|0x000000008f600000, 0x000000008f700000, 0x000000008f700000|100%| E|CS|TAMS 0x000000008f600000, 0x000000008f600000| Complete 
| 247|0x000000008f700000, 0x000000008f800000, 0x000000008f800000|100%| E|CS|TAMS 0x000000008f700000, 0x000000008f700000| Complete 
| 248|0x000000008f800000, 0x000000008f900000, 0x000000008f900000|100%| E|CS|TAMS 0x000000008f800000, 0x000000008f800000| Complete 
| 249|0x000000008f900000, 0x000000008fa00000, 0x000000008fa00000|100%| E|CS|TAMS 0x000000008f900000, 0x000000008f900000| Complete 
| 250|0x000000008fa00000, 0x000000008fb00000, 0x000000008fb00000|100%| E|CS|TAMS 0x000000008fa00000, 0x000000008fa00000| Complete 
| 251|0x000000008fb00000, 0x000000008fc00000, 0x000000008fc00000|100%| E|CS|TAMS 0x000000008fb00000, 0x000000008fb00000| Complete 
| 252|0x000000008fc00000, 0x000000008fd00000, 0x000000008fd00000|100%| E|CS|TAMS 0x000000008fc00000, 0x000000008fc00000| Complete 
| 253|0x000000008fd00000, 0x000000008fe00000, 0x000000008fe00000|100%| E|CS|TAMS 0x000000008fd00000, 0x000000008fd00000| Complete 
| 254|0x000000008fe00000, 0x000000008ff00000, 0x000000008ff00000|100%| E|CS|TAMS 0x000000008fe00000, 0x000000008fe00000| Complete 
| 255|0x000000008ff00000, 0x0000000090000000, 0x0000000090000000|100%| E|CS|TAMS 0x000000008ff00000, 0x000000008ff00000| Complete 
| 256|0x0000000090000000, 0x0000000090100000, 0x0000000090100000|100%| E|CS|TAMS 0x0000000090000000, 0x0000000090000000| Complete 
| 257|0x0000000090100000, 0x0000000090200000, 0x0000000090200000|100%| E|CS|TAMS 0x0000000090100000, 0x0000000090100000| Complete 
| 258|0x0000000090200000, 0x0000000090300000, 0x0000000090300000|100%| E|CS|TAMS 0x0000000090200000, 0x0000000090200000| Complete 
| 259|0x0000000090300000, 0x0000000090400000, 0x0000000090400000|100%| E|CS|TAMS 0x0000000090300000, 0x0000000090300000| Complete 
| 260|0x0000000090400000, 0x0000000090500000, 0x0000000090500000|100%| E|CS|TAMS 0x0000000090400000, 0x0000000090400000| Complete 
| 261|0x0000000090500000, 0x0000000090600000, 0x0000000090600000|100%| E|CS|TAMS 0x0000000090500000, 0x0000000090500000| Complete 
| 262|0x0000000090600000, 0x0000000090700000, 0x0000000090700000|100%| E|CS|TAMS 0x0000000090600000, 0x0000000090600000| Complete 
| 263|0x0000000090700000, 0x0000000090800000, 0x0000000090800000|100%| E|CS|TAMS 0x0000000090700000, 0x0000000090700000| Complete 
| 264|0x0000000090800000, 0x0000000090900000, 0x0000000090900000|100%| E|CS|TAMS 0x0000000090800000, 0x0000000090800000| Complete 
| 265|0x0000000090900000, 0x0000000090a00000, 0x0000000090a00000|100%| E|CS|TAMS 0x0000000090900000, 0x0000000090900000| Complete 
| 266|0x0000000090a00000, 0x0000000090b00000, 0x0000000090b00000|100%| E|CS|TAMS 0x0000000090a00000, 0x0000000090a00000| Complete 
| 267|0x0000000090b00000, 0x0000000090c00000, 0x0000000090c00000|100%| E|CS|TAMS 0x0000000090b00000, 0x0000000090b00000| Complete 
| 268|0x0000000090c00000, 0x0000000090d00000, 0x0000000090d00000|100%| E|CS|TAMS 0x0000000090c00000, 0x0000000090c00000| Complete 
| 269|0x0000000090d00000, 0x0000000090e00000, 0x0000000090e00000|100%| E|CS|TAMS 0x0000000090d00000, 0x0000000090d00000| Complete 
| 270|0x0000000090e00000, 0x0000000090f00000, 0x0000000090f00000|100%| E|CS|TAMS 0x0000000090e00000, 0x0000000090e00000| Complete 
| 271|0x0000000090f00000, 0x0000000091000000, 0x0000000091000000|100%| E|CS|TAMS 0x0000000090f00000, 0x0000000090f00000| Complete 
| 272|0x0000000091000000, 0x0000000091100000, 0x0000000091100000|100%| E|CS|TAMS 0x0000000091000000, 0x0000000091000000| Complete 
| 273|0x0000000091100000, 0x0000000091200000, 0x0000000091200000|100%| E|CS|TAMS 0x0000000091100000, 0x0000000091100000| Complete 

Card table byte_map: [0x00000169d3680000,0x00000169d3a80000] _byte_map_base: 0x00000169d3280000

Marking Bits (Prev, Next): (CMBitMap*) 0x00000169c07c9b08, (CMBitMap*) 0x00000169c07c9b40
 Prev Bits: [0x00000169d3e80000, 0x00000169d5e80000)
 Next Bits: [0x00000169d5e80000, 0x00000169d7e80000)

Polling page: 0x00000169bff70000

Metaspace:

Usage:
  Non-class:     41.02 MB capacity,    40.26 MB ( 98%) used,   654.91 KB (  2%) free+waste,   121.00 KB ( <1%) overhead. 
      Class:      6.27 MB capacity,     5.86 MB ( 93%) used,   362.16 KB (  6%) free+waste,    57.13 KB ( <1%) overhead. 
       Both:     47.28 MB capacity,    46.12 MB ( 98%) used,  1017.07 KB (  2%) free+waste,   178.13 KB ( <1%) overhead. 

Virtual space:
  Non-class space:       42.00 MB reserved,      41.12 MB ( 98%) committed 
      Class space:        1.00 GB reserved,       6.38 MB ( <1%) committed 
             Both:        1.04 GB reserved,      47.50 MB (  4%) committed 

Chunk freelists:
   Non-Class:  43.00 KB
       Class:  0 bytes
        Both:  43.00 KB

MaxMetaspaceSize: 17179869184.00 GB
CompressedClassSpaceSize: 1.00 GB

CodeHeap 'non-profiled nmethods': size=120064Kb used=2287Kb max_used=2287Kb free=117776Kb
 bounds [0x00000169cbd40000, 0x00000169cbfb0000, 0x00000169d3280000]
CodeHeap 'profiled nmethods': size=120000Kb used=10272Kb max_used=10272Kb free=109727Kb
 bounds [0x00000169c4810000, 0x00000169c5220000, 0x00000169cbd40000]
CodeHeap 'non-nmethods': size=5696Kb used=2215Kb max_used=2258Kb free=3480Kb
 bounds [0x00000169c4280000, 0x00000169c44f0000, 0x00000169c4810000]
 total_blobs=5720 nmethods=4934 adapters=697
 compilation: enabled
              stopped_count=0, restarted_count=0
 full_count=0

Compilation events (20 events):
Event: 6.797 Thread 0x00000169da93e000 4930   !   3       sun.nio.fs.WindowsPath::getPathForWin32Calls (138 bytes)
Event: 6.798 Thread 0x00000169da93e000 nmethod 4930 0x00000169c5205490 code [0x00000169c52057a0, 0x00000169c5206918]
Event: 6.798 Thread 0x00000169da93e000 4931   !   3       java.util.zip.ZipFile$Source::<init> (153 bytes)
Event: 6.799 Thread 0x00000169da93e000 nmethod 4931 0x00000169c5206f10 code [0x00000169c52072c0, 0x00000169c5208c98]
Event: 6.803 Thread 0x00000169da93e000 4932       3       sun.nio.fs.WindowsPath::checkRead (17 bytes)
Event: 6.803 Thread 0x00000169da93e000 nmethod 4932 0x00000169c5209610 code [0x00000169c5209820, 0x00000169c5209ec8]
Event: 6.805 Thread 0x00000169da93e000 4933       3       sun.nio.fs.WindowsFileSystemProvider::getFileAttributeView (132 bytes)
Event: 6.806 Thread 0x00000169da93e000 nmethod 4933 0x00000169c520a110 code [0x00000169c520a440, 0x00000169c520b868]
Event: 6.806 Thread 0x00000169da93e000 4934       3       sun.nio.fs.WindowsFileAttributes::fromFileAttributeData (104 bytes)
Event: 6.806 Thread 0x00000169da93e000 nmethod 4934 0x00000169c520be90 code [0x00000169c520c080, 0x00000169c520c528]
Event: 6.806 Thread 0x00000169da93e000 4935   !   3       sun.nio.fs.WindowsFileAttributes::get (214 bytes)
Event: 6.808 Thread 0x00000169da93e000 nmethod 4935 0x00000169c520c790 code [0x00000169c520cca0, 0x00000169c520ede8]
Event: 6.809 Thread 0x00000169da93e000 4936   !   3       sun.nio.fs.WindowsFileAttributeViews$Basic::readAttributes (30 bytes)
Event: 6.809 Thread 0x00000169da93e000 nmethod 4936 0x00000169c5210090 code [0x00000169c52102e0, 0x00000169c5210b28]
Event: 6.810 Thread 0x00000169da93e000 4937       3       sun.nio.fs.WindowsFileAttributeViews$Basic::readAttributes (5 bytes)
Event: 6.810 Thread 0x00000169da93e000 nmethod 4937 0x00000169c5210e10 code [0x00000169c5210fc0, 0x00000169c5211168]
Event: 6.811 Thread 0x00000169da93e000 4938       3       java.util.zip.ZipFile$Source$Key::hashCode (29 bytes)
Event: 6.812 Thread 0x00000169da93e000 nmethod 4938 0x00000169c5211210 code [0x00000169c5211420, 0x00000169c52117b8]
Event: 6.812 Thread 0x00000169da93e000 4939       3       java.util.LinkedHashMap::<init> (11 bytes)
Event: 6.812 Thread 0x00000169da93e000 nmethod 4939 0x00000169c5211a10 code [0x00000169c5211c00, 0x00000169c5211da8]

GC Heap History (20 events):
Event: 0.880 GC heap before
{Heap before GC invocations=1 (full 0):
 garbage-first heap   total 233472K, used 14063K [0x0000000080000000, 0x0000000100000000)
  region size 1024K, 11 young (11264K), 2 survivors (2048K)
 Metaspace       used 9402K, capacity 9633K, committed 9728K, reserved 1058816K
  class space    used 945K, capacity 1004K, committed 1024K, reserved 1048576K
}
Event: 0.884 GC heap after
{Heap after GC invocations=2 (full 0):
 garbage-first heap   total 233472K, used 9137K [0x0000000080000000, 0x0000000100000000)
  region size 1024K, 2 young (2048K), 2 survivors (2048K)
 Metaspace       used 9402K, capacity 9633K, committed 9728K, reserved 1058816K
  class space    used 945K, capacity 1004K, committed 1024K, reserved 1048576K
}
Event: 1.102 GC heap before
{Heap before GC invocations=2 (full 0):
 garbage-first heap   total 233472K, used 17329K [0x0000000080000000, 0x0000000100000000)
  region size 1024K, 11 young (11264K), 2 survivors (2048K)
 Metaspace       used 10310K, capacity 10534K, committed 10624K, reserved 1058816K
  class space    used 1073K, capacity 1134K, committed 1152K, reserved 1048576K
}
Event: 1.105 GC heap after
{Heap after GC invocations=3 (full 0):
 garbage-first heap   total 233472K, used 9526K [0x0000000080000000, 0x0000000100000000)
  region size 1024K, 1 young (1024K), 1 survivors (1024K)
 Metaspace       used 10310K, capacity 10534K, committed 10624K, reserved 1058816K
  class space    used 1073K, capacity 1134K, committed 1152K, reserved 1048576K
}
Event: 1.352 GC heap before
{Heap before GC invocations=3 (full 0):
 garbage-first heap   total 233472K, used 24886K [0x0000000080000000, 0x0000000100000000)
  region size 1024K, 16 young (16384K), 1 survivors (1024K)
 Metaspace       used 10760K, capacity 11007K, committed 11264K, reserved 1058816K
  class space    used 1123K, capacity 1206K, committed 1280K, reserved 1048576K
}
Event: 1.355 GC heap after
{Heap after GC invocations=4 (full 0):
 garbage-first heap   total 233472K, used 9886K [0x0000000080000000, 0x0000000100000000)
  region size 1024K, 1 young (1024K), 1 survivors (1024K)
 Metaspace       used 10760K, capacity 11007K, committed 11264K, reserved 1058816K
  class space    used 1123K, capacity 1206K, committed 1280K, reserved 1048576K
}
Event: 1.627 GC heap before
{Heap before GC invocations=4 (full 0):
 garbage-first heap   total 233472K, used 34462K [0x0000000080000000, 0x0000000100000000)
  region size 1024K, 25 young (25600K), 1 survivors (1024K)
 Metaspace       used 11118K, capacity 11351K, committed 11520K, reserved 1058816K
  class space    used 1194K, capacity 1278K, committed 1280K, reserved 1048576K
}
Event: 1.631 GC heap after
{Heap after GC invocations=5 (full 0):
 garbage-first heap   total 233472K, used 13869K [0x0000000080000000, 0x0000000100000000)
  region size 1024K, 4 young (4096K), 4 survivors (4096K)
 Metaspace       used 11118K, capacity 11351K, committed 11520K, reserved 1058816K
  class space    used 1194K, capacity 1278K, committed 1280K, reserved 1048576K
}
Event: 2.515 GC heap before
{Heap before GC invocations=5 (full 0):
 garbage-first heap   total 233472K, used 44589K [0x0000000080000000, 0x0000000100000000)
  region size 1024K, 34 young (34816K), 4 survivors (4096K)
 Metaspace       used 18323K, capacity 18773K, committed 19072K, reserved 1067008K
  class space    used 2176K, capacity 2336K, committed 2432K, reserved 1048576K
}
Event: 2.521 GC heap after
{Heap after GC invocations=6 (full 0):
 garbage-first heap   total 233472K, used 16411K [0x0000000080000000, 0x0000000100000000)
  region size 1024K, 3 young (3072K), 3 survivors (3072K)
 Metaspace       used 18323K, capacity 18773K, committed 19072K, reserved 1067008K
  class space    used 2176K, capacity 2336K, committed 2432K, reserved 1048576K
}
Event: 2.710 GC heap before
{Heap before GC invocations=6 (full 0):
 garbage-first heap   total 233472K, used 33819K [0x0000000080000000, 0x0000000100000000)
  region size 1024K, 21 young (21504K), 3 survivors (3072K)
 Metaspace       used 20650K, capacity 21154K, committed 21296K, reserved 1069056K
  class space    used 2511K, capacity 2688K, committed 2688K, reserved 1048576K
}
Event: 2.714 GC heap after
{Heap after GC invocations=7 (full 0):
 garbage-first heap   total 233472K, used 16797K [0x0000000080000000, 0x0000000100000000)
  region size 1024K, 3 young (3072K), 3 survivors (3072K)
 Metaspace       used 20650K, capacity 21154K, committed 21296K, reserved 1069056K
  class space    used 2511K, capacity 2688K, committed 2688K, reserved 1048576K
}
Event: 3.210 GC heap before
{Heap before GC invocations=8 (full 0):
 garbage-first heap   total 233472K, used 58781K [0x0000000080000000, 0x0000000100000000)
  region size 1024K, 44 young (45056K), 3 survivors (3072K)
 Metaspace       used 25012K, capacity 25575K, committed 25648K, reserved 1071104K
  class space    used 3227K, capacity 3421K, committed 3456K, reserved 1048576K
}
Event: 3.226 GC heap after
{Heap after GC invocations=9 (full 0):
 garbage-first heap   total 233472K, used 18239K [0x0000000080000000, 0x0000000100000000)
  region size 1024K, 5 young (5120K), 5 survivors (5120K)
 Metaspace       used 25012K, capacity 25575K, committed 25648K, reserved 1071104K
  class space    used 3227K, capacity 3421K, committed 3456K, reserved 1048576K
}
Event: 4.322 GC heap before
{Heap before GC invocations=9 (full 0):
 garbage-first heap   total 233472K, used 78655K [0x0000000080000000, 0x0000000100000000)
  region size 1024K, 64 young (65536K), 5 survivors (5120K)
 Metaspace       used 34010K, capacity 34867K, committed 35120K, reserved 1079296K
  class space    used 4410K, capacity 4712K, committed 4736K, reserved 1048576K
}
Event: 4.333 GC heap after
{Heap after GC invocations=10 (full 0):
 garbage-first heap   total 233472K, used 21992K [0x0000000080000000, 0x0000000100000000)
  region size 1024K, 6 young (6144K), 6 survivors (6144K)
 Metaspace       used 34010K, capacity 34867K, committed 35120K, reserved 1079296K
  class space    used 4410K, capacity 4712K, committed 4736K, reserved 1048576K
}
Event: 4.423 GC heap before
{Heap before GC invocations=10 (full 0):
 garbage-first heap   total 233472K, used 26088K [0x0000000080000000, 0x0000000100000000)
  region size 1024K, 11 young (11264K), 6 survivors (6144K)
 Metaspace       used 34802K, capacity 35610K, committed 35708K, reserved 1081344K
  class space    used 4528K, capacity 4832K, committed 4864K, reserved 1048576K
}
Event: 4.431 GC heap after
{Heap after GC invocations=11 (full 0):
 garbage-first heap   total 233472K, used 22207K [0x0000000080000000, 0x0000000100000000)
  region size 1024K, 6 young (6144K), 6 survivors (6144K)
 Metaspace       used 34802K, capacity 35610K, committed 35708K, reserved 1081344K
  class space    used 4528K, capacity 4832K, committed 4864K, reserved 1048576K
}
Event: 5.869 GC heap before
{Heap before GC invocations=12 (full 0):
 garbage-first heap   total 233472K, used 146111K [0x0000000080000000, 0x0000000100000000)
  region size 1024K, 124 young (126976K), 6 survivors (6144K)
 Metaspace       used 44858K, capacity 45971K, committed 46332K, reserved 1089536K
  class space    used 5748K, capacity 6145K, committed 6272K, reserved 1048576K
}
Event: 5.888 GC heap after
{Heap after GC invocations=13 (full 0):
 garbage-first heap   total 280576K, used 28851K [0x0000000080000000, 0x0000000100000000)
  region size 1024K, 13 young (13312K), 13 survivors (13312K)
 Metaspace       used 44858K, capacity 45971K, committed 46332K, reserved 1089536K
  class space    used 5748K, capacity 6145K, committed 6272K, reserved 1048576K
}

Deoptimization events (20 events):
Event: 6.264 Thread 0x00000169dbddc000 Uncommon trap: trap_request=0xffffffc6 fr.pc=0x00000169cbe77818 relative=0x0000000000000498
Event: 6.264 Thread 0x00000169dbddc000 Uncommon trap: reason=bimorphic_or_optimized_type_check action=maybe_recompile pc=0x00000169cbe77818 method=java.util.Spliterators$IteratorSpliterator.tryAdvance(Ljava/util/function/Consumer;)Z @ 50 c2
Event: 6.264 Thread 0x00000169dbddc000 DEOPT PACKING pc=0x00000169cbe77818 sp=0x00000025027f83b0
Event: 6.264 Thread 0x00000169dbddc000 DEOPT UNPACKING pc=0x00000169c42a78af sp=0x00000025027f8350 mode 2
Event: 6.583 Thread 0x00000169dcb1d800 DEOPT PACKING pc=0x00000169c502e76e sp=0x0000002502bfe5c0
Event: 6.583 Thread 0x00000169dcb1d800 DEOPT UNPACKING pc=0x00000169c42a76ce sp=0x0000002502bfda60 mode 0
Event: 6.604 Thread 0x00000169dbddc000 Uncommon trap: trap_request=0xffffffcc fr.pc=0x00000169cbf687fc relative=0x00000000000010bc
Event: 6.604 Thread 0x00000169dbddc000 Uncommon trap: reason=intrinsic_or_type_checked_inlining action=make_not_entrant pc=0x00000169cbf687fc method=java.util.ArrayList.toArray([Ljava/lang/Object;)[Ljava/lang/Object; @ 36 c2
Event: 6.604 Thread 0x00000169dbddc000 DEOPT PACKING pc=0x00000169cbf687fc sp=0x00000025027fa230
Event: 6.604 Thread 0x00000169dbddc000 DEOPT UNPACKING pc=0x00000169c42a78af sp=0x00000025027fa188 mode 2
Event: 6.736 Thread 0x00000169dcb1d800 DEOPT PACKING pc=0x00000169c4b5e27a sp=0x0000002502bfe540
Event: 6.736 Thread 0x00000169dcb1d800 DEOPT UNPACKING pc=0x00000169c42a76ce sp=0x0000002502bfd978 mode 0
Event: 6.758 Thread 0x00000169dbddc000 DEOPT PACKING pc=0x00000169c48a8db4 sp=0x00000025027f9b60
Event: 6.758 Thread 0x00000169dbddc000 DEOPT UNPACKING pc=0x00000169c42a76ce sp=0x00000025027f90b0 mode 0
Event: 6.760 Thread 0x00000169dbddc000 DEOPT PACKING pc=0x00000169c5002671 sp=0x00000025027f9b20
Event: 6.760 Thread 0x00000169dbddc000 DEOPT UNPACKING pc=0x00000169c42a76ce sp=0x00000025027f9018 mode 0
Event: 6.783 Thread 0x00000169dbddc000 DEOPT PACKING pc=0x00000169c5203214 sp=0x00000025027f1df0
Event: 6.783 Thread 0x00000169dbddc000 DEOPT UNPACKING pc=0x00000169c42a76ce sp=0x00000025027f13e0 mode 0
Event: 6.787 Thread 0x00000169dbddc000 DEOPT PACKING pc=0x00000169c5203214 sp=0x00000025027f1df0
Event: 6.787 Thread 0x00000169dbddc000 DEOPT UNPACKING pc=0x00000169c42a76ce sp=0x00000025027f13e0 mode 0

Classes redefined (0 events):
No events

Internal exceptions (20 events):
Event: 6.795 Thread 0x00000169dbddc000 Exception <a 'java/security/PrivilegedActionException'{0x000000008e887b48}> (0x000000008e887b48) thrown at [./src/hotspot/share/prims/jvm.cpp, line 1306]
Event: 6.795 Thread 0x00000169dbddc000 Exception <a 'java/security/PrivilegedActionException'{0x000000008e888b60}> (0x000000008e888b60) thrown at [./src/hotspot/share/prims/jvm.cpp, line 1306]
Event: 6.795 Thread 0x00000169dbddc000 Exception <a 'java/security/PrivilegedActionException'{0x000000008e88b538}> (0x000000008e88b538) thrown at [./src/hotspot/share/prims/jvm.cpp, line 1306]
Event: 6.795 Thread 0x00000169dbddc000 Exception <a 'java/security/PrivilegedActionException'{0x000000008e88c550}> (0x000000008e88c550) thrown at [./src/hotspot/share/prims/jvm.cpp, line 1306]
Event: 6.795 Thread 0x00000169dbddc000 Exception <a 'java/security/PrivilegedActionException'{0x000000008e88ef30}> (0x000000008e88ef30) thrown at [./src/hotspot/share/prims/jvm.cpp, line 1306]
Event: 6.795 Thread 0x00000169dbddc000 Exception <a 'java/security/PrivilegedActionException'{0x000000008e88ff48}> (0x000000008e88ff48) thrown at [./src/hotspot/share/prims/jvm.cpp, line 1306]
Event: 6.795 Thread 0x00000169dbddc000 Exception <a 'java/security/PrivilegedActionException'{0x000000008e8928c8}> (0x000000008e8928c8) thrown at [./src/hotspot/share/prims/jvm.cpp, line 1306]
Event: 6.795 Thread 0x00000169dbddc000 Exception <a 'java/security/PrivilegedActionException'{0x000000008e8938e0}> (0x000000008e8938e0) thrown at [./src/hotspot/share/prims/jvm.cpp, line 1306]
Event: 6.814 Thread 0x00000169dbddc000 Exception <a 'java/security/PrivilegedActionException'{0x000000008e7594a0}> (0x000000008e7594a0) thrown at [./src/hotspot/share/prims/jvm.cpp, line 1306]
Event: 6.814 Thread 0x00000169dbddc000 Exception <a 'java/security/PrivilegedActionException'{0x000000008e75a4b8}> (0x000000008e75a4b8) thrown at [./src/hotspot/share/prims/jvm.cpp, line 1306]
Event: 6.815 Thread 0x00000169dbddc000 Exception <a 'java/security/PrivilegedActionException'{0x000000008e75ce38}> (0x000000008e75ce38) thrown at [./src/hotspot/share/prims/jvm.cpp, line 1306]
Event: 6.815 Thread 0x00000169dbddc000 Exception <a 'java/security/PrivilegedActionException'{0x000000008e75de50}> (0x000000008e75de50) thrown at [./src/hotspot/share/prims/jvm.cpp, line 1306]
Event: 6.815 Thread 0x00000169dbddc000 Exception <a 'java/security/PrivilegedActionException'{0x000000008e760880}> (0x000000008e760880) thrown at [./src/hotspot/share/prims/jvm.cpp, line 1306]
Event: 6.815 Thread 0x00000169dbddc000 Exception <a 'java/security/PrivilegedActionException'{0x000000008e761898}> (0x000000008e761898) thrown at [./src/hotspot/share/prims/jvm.cpp, line 1306]
Event: 6.815 Thread 0x00000169dbddc000 Exception <a 'java/security/PrivilegedActionException'{0x000000008e764220}> (0x000000008e764220) thrown at [./src/hotspot/share/prims/jvm.cpp, line 1306]
Event: 6.815 Thread 0x00000169dbddc000 Exception <a 'java/security/PrivilegedActionException'{0x000000008e765238}> (0x000000008e765238) thrown at [./src/hotspot/share/prims/jvm.cpp, line 1306]
Event: 6.815 Thread 0x00000169dbddc000 Exception <a 'java/security/PrivilegedActionException'{0x000000008e767c10}> (0x000000008e767c10) thrown at [./src/hotspot/share/prims/jvm.cpp, line 1306]
Event: 6.815 Thread 0x00000169dbddc000 Exception <a 'java/security/PrivilegedActionException'{0x000000008e768c28}> (0x000000008e768c28) thrown at [./src/hotspot/share/prims/jvm.cpp, line 1306]
Event: 6.815 Thread 0x00000169dbddc000 Exception <a 'java/security/PrivilegedActionException'{0x000000008e76b658}> (0x000000008e76b658) thrown at [./src/hotspot/share/prims/jvm.cpp, line 1306]
Event: 6.815 Thread 0x00000169dbddc000 Exception <a 'java/security/PrivilegedActionException'{0x000000008e76c670}> (0x000000008e76c670) thrown at [./src/hotspot/share/prims/jvm.cpp, line 1306]

Events (20 events):
Event: 6.770 loading class build_55c192qgtbge72ixjw9274g4lBeanInfo
Event: 6.770 loading class build_55c192qgtbge72ixjw9274g4lBeanInfo done
Event: 6.770 loading class build_55c192qgtbge72ixjw9274g4lCustomizer
Event: 6.770 loading class build_55c192qgtbge72ixjw9274g4lCustomizer done
Event: 6.770 loading class build_55c192qgtbge72ixjw9274g4lCustomizer
Event: 6.770 loading class build_55c192qgtbge72ixjw9274g4lCustomizer done
Event: 6.772 loading class org/gradle/api/tasks/Delete
Event: 6.772 loading class org/gradle/api/tasks/Delete done
Event: 6.772 loading class org/gradle/api/tasks/Delete
Event: 6.772 loading class org/gradle/api/tasks/Delete done
Event: 6.773 loading class groovy/runtime/metaclass/build_55c192qgtbge72ixjw9274g4l$_run_closure1MetaClass
Event: 6.773 loading class groovy/runtime/metaclass/build_55c192qgtbge72ixjw9274g4l$_run_closure1MetaClass done
Event: 6.774 loading class groovy/runtime/metaclass/org/gradle/api/internal/project/DefaultProject_DecoratedMetaClass
Event: 6.774 loading class groovy/runtime/metaclass/org/gradle/api/internal/project/DefaultProject_DecoratedMetaClass done
Event: 6.778 loading class org/gradle/api/internal/project/DefaultProject_DecoratedBeanInfo
Event: 6.778 loading class org/gradle/api/internal/project/DefaultProject_DecoratedBeanInfo done
Event: 6.778 loading class org/gradle/api/internal/project/DefaultProject_DecoratedBeanInfo
Event: 6.778 loading class org/gradle/api/internal/project/DefaultProject_DecoratedBeanInfo done
Event: 6.778 loading class org/gradle/api/internal/project/DefaultProject_DecoratedBeanInfo
Event: 6.778 loading class org/gradle/api/internal/project/DefaultProject_DecoratedBeanInfo done


Dynamic libraries:
0x00007ff6d3b70000 - 0x00007ff6d3b7a000 	E:\Android Studio\jre\bin\java.exe
0x00007ffdfe610000 - 0x00007ffdfe805000 	C:\WINDOWS\SYSTEM32\ntdll.dll
0x00007ffdfd050000 - 0x00007ffdfd10e000 	C:\WINDOWS\System32\KERNEL32.DLL
0x00007ffdfbfb0000 - 0x00007ffdfc278000 	C:\WINDOWS\System32\KERNELBASE.dll
0x00007ffdfbd80000 - 0x00007ffdfbe80000 	C:\WINDOWS\System32\ucrtbase.dll
0x00007ffdf1830000 - 0x00007ffdf1847000 	E:\Android Studio\jre\bin\VCRUNTIME140.dll
0x00007ffdf6e90000 - 0x00007ffdf6ea9000 	E:\Android Studio\jre\bin\jli.dll
0x00007ffdfe300000 - 0x00007ffdfe4a0000 	C:\WINDOWS\System32\USER32.dll
0x00007ffdfc610000 - 0x00007ffdfc632000 	C:\WINDOWS\System32\win32u.dll
0x00007ffdfd020000 - 0x00007ffdfd04b000 	C:\WINDOWS\System32\GDI32.dll
0x00007ffdefb00000 - 0x00007ffdefd9a000 	C:\WINDOWS\WinSxS\amd64_microsoft.windows.common-controls_6595b64144ccf1df_6.0.19041.1110_none_60b5254171f9507e\COMCTL32.dll
0x00007ffdfc280000 - 0x00007ffdfc38b000 	C:\WINDOWS\System32\gdi32full.dll
0x00007ffdfcb90000 - 0x00007ffdfcc2e000 	C:\WINDOWS\System32\msvcrt.dll
0x00007ffdfbe80000 - 0x00007ffdfbf1d000 	C:\WINDOWS\System32\msvcp_win.dll
0x00007ffdfce00000 - 0x00007ffdfce30000 	C:\WINDOWS\System32\IMM32.DLL
0x00007ffdd67b0000 - 0x00007ffdd684d000 	E:\Android Studio\jre\bin\msvcp140.dll
0x00007ffd78ca0000 - 0x00007ffd7976f000 	E:\Android Studio\jre\bin\server\jvm.dll
0x00007ffdfd230000 - 0x00007ffdfd2de000 	C:\WINDOWS\System32\ADVAPI32.dll
0x00007ffdfce30000 - 0x00007ffdfcecc000 	C:\WINDOWS\System32\sechost.dll
0x00007ffdfe4a0000 - 0x00007ffdfe5c5000 	C:\WINDOWS\System32\RPCRT4.dll
0x00007ffdfd470000 - 0x00007ffdfd478000 	C:\WINDOWS\System32\PSAPI.DLL
0x00007ffdf6ef0000 - 0x00007ffdf6ef9000 	C:\WINDOWS\SYSTEM32\WSOCK32.dll
0x00007ffde4800000 - 0x00007ffde4827000 	C:\WINDOWS\SYSTEM32\WINMM.dll
0x00007ffdfcfb0000 - 0x00007ffdfd01b000 	C:\WINDOWS\System32\WS2_32.dll
0x00007ffdf4770000 - 0x00007ffdf477a000 	C:\WINDOWS\SYSTEM32\VERSION.dll
0x00007ffdf9b80000 - 0x00007ffdf9b92000 	C:\WINDOWS\SYSTEM32\kernel.appcore.dll
0x00007ffdecba0000 - 0x00007ffdecbb1000 	E:\Android Studio\jre\bin\verify.dll
0x00007ffdf3520000 - 0x00007ffdf3704000 	C:\WINDOWS\SYSTEM32\DBGHELP.DLL
0x00007ffdf3780000 - 0x00007ffdf37ac000 	C:\WINDOWS\SYSTEM32\dbgcore.DLL
0x00007ffdfbf20000 - 0x00007ffdfbfa2000 	C:\WINDOWS\System32\bcryptPrimitives.dll
0x00007ffdeae50000 - 0x00007ffdeae79000 	E:\Android Studio\jre\bin\java.dll
0x00007ffdf6ee0000 - 0x00007ffdf6eeb000 	E:\Android Studio\jre\bin\jimage.dll
0x00007ffde8540000 - 0x00007ffde8558000 	E:\Android Studio\jre\bin\zip.dll
0x00007ffdfd5c0000 - 0x00007ffdfdd04000 	C:\WINDOWS\System32\SHELL32.dll
0x00007ffdf9e60000 - 0x00007ffdfa5f4000 	C:\WINDOWS\SYSTEM32\windows.storage.dll
0x00007ffdfdd90000 - 0x00007ffdfe0e4000 	C:\WINDOWS\System32\combase.dll
0x00007ffdfb6c0000 - 0x00007ffdfb6ec000 	C:\WINDOWS\SYSTEM32\Wldp.dll
0x00007ffdfc670000 - 0x00007ffdfc71d000 	C:\WINDOWS\System32\SHCORE.dll
0x00007ffdfcf50000 - 0x00007ffdfcfa5000 	C:\WINDOWS\System32\shlwapi.dll
0x00007ffdfbc70000 - 0x00007ffdfbc8f000 	C:\WINDOWS\SYSTEM32\profapi.dll
0x00007ffde8520000 - 0x00007ffde853a000 	E:\Android Studio\jre\bin\net.dll
0x00007ffdf1870000 - 0x00007ffdf1979000 	C:\WINDOWS\SYSTEM32\WINHTTP.dll
0x00007ffdfb420000 - 0x00007ffdfb48a000 	C:\WINDOWS\system32\mswsock.dll
0x00007ffde80f0000 - 0x00007ffde8104000 	E:\Android Studio\jre\bin\nio.dll
0x00007ffde8400000 - 0x00007ffde8427000 	C:\Users\Jaen\.gradle\native\8bec1ad78214c89d9ad589b4d07fe93259594b29d510b10fafb7a158f7737e5d\windows-amd64\native-platform.dll
0x00007ffdd5fb0000 - 0x00007ffdd60ed000 	C:\Users\Jaen\.gradle\native\53dbd7edfb1c66fb8903c78663c9afc45aea4f116125fa6feffd364cf09443e8\windows-amd64\native-platform-file-events.dll
0x00007ffdee400000 - 0x00007ffdee40a000 	E:\Android Studio\jre\bin\management.dll
0x00007ffded4f0000 - 0x00007ffded4fc000 	E:\Android Studio\jre\bin\management_ext.dll
0x00007ffdfb610000 - 0x00007ffdfb628000 	C:\WINDOWS\SYSTEM32\CRYPTSP.dll
0x00007ffdfada0000 - 0x00007ffdfadd4000 	C:\WINDOWS\system32\rsaenh.dll
0x00007ffdfc640000 - 0x00007ffdfc667000 	C:\WINDOWS\System32\bcrypt.dll
0x00007ffdfbc30000 - 0x00007ffdfbc5e000 	C:\WINDOWS\SYSTEM32\USERENV.dll
0x00007ffdfb630000 - 0x00007ffdfb63c000 	C:\WINDOWS\SYSTEM32\CRYPTBASE.dll
0x00007ffdfb110000 - 0x00007ffdfb14b000 	C:\WINDOWS\SYSTEM32\IPHLPAPI.DLL
0x00007ffdfd5b0000 - 0x00007ffdfd5b8000 	C:\WINDOWS\System32\NSI.dll
0x00007ffdf49c0000 - 0x00007ffdf49d7000 	C:\WINDOWS\SYSTEM32\dhcpcsvc6.DLL
0x00007ffdf4940000 - 0x00007ffdf495d000 	C:\WINDOWS\SYSTEM32\dhcpcsvc.DLL
0x00007ffdfb150000 - 0x00007ffdfb21a000 	C:\WINDOWS\SYSTEM32\DNSAPI.dll

dbghelp: loaded successfully - version: 4.0.5 - missing functions: none
symbol engine: initialized successfully - sym options: 0x614 - pdb path: .;E:\Android Studio\jre\bin;C:\WINDOWS\SYSTEM32;C:\WINDOWS\WinSxS\amd64_microsoft.windows.common-controls_6595b64144ccf1df_6.0.19041.1110_none_60b5254171f9507e;E:\Android Studio\jre\bin\server;C:\Users\Jaen\.gradle\native\8bec1ad78214c89d9ad589b4d07fe93259594b29d510b10fafb7a158f7737e5d\windows-amd64;C:\Users\Jaen\.gradle\native\53dbd7edfb1c66fb8903c78663c9afc45aea4f116125fa6feffd364cf09443e8\windows-amd64

VM Arguments:
jvm_args: --add-opens=java.base/java.util=ALL-UNNAMED --add-opens=java.base/java.lang=ALL-UNNAMED --add-opens=java.base/java.lang.invoke=ALL-UNNAMED --add-opens=java.base/java.util=ALL-UNNAMED --add-opens=java.prefs/java.util.prefs=ALL-UNNAMED --add-opens=java.prefs/java.util.prefs=ALL-UNNAMED --add-opens=java.base/java.nio.charset=ALL-UNNAMED --add-opens=java.base/java.net=ALL-UNNAMED --add-opens=java.base/java.util.concurrent.atomic=ALL-UNNAMED -Xmx2048m -Dfile.encoding=UTF-8 -Duser.country=US -Duser.language=en -Duser.variant 
java_command: org.gradle.launcher.daemon.bootstrap.GradleDaemon 7.0.2
java_class_path (initial): C:\Users\Jaen\.gradle\wrapper\dists\gradle-7.0.2-bin\857tjihv64xamwrf0h14cai3r\gradle-7.0.2\lib\gradle-launcher-7.0.2.jar
Launcher Type: SUN_STANDARD

[Global flags]
     intx CICompilerCount                          = 2                                         {product} {ergonomic}
     uint ConcGCThreads                            = 1                                         {product} {ergonomic}
     uint G1ConcRefinementThreads                  = 2                                         {product} {ergonomic}
   size_t G1HeapRegionSize                         = 1048576                                   {product} {ergonomic}
    uintx GCDrainStackTargetSize                   = 64                                        {product} {ergonomic}
   size_t InitialHeapSize                          = 239075328                                 {product} {ergonomic}
   size_t MarkStackSize                            = 4194304                                   {product} {ergonomic}
   size_t MaxHeapSize                              = 2147483648                                {product} {command line}
   size_t MaxNewSize                               = 1287651328                                {product} {ergonomic}
   size_t MinHeapDeltaBytes                        = 1048576                                   {product} {ergonomic}
    uintx NonNMethodCodeHeapSize                   = 5825164                                {pd product} {ergonomic}
    uintx NonProfiledCodeHeapSize                  = 122916538                              {pd product} {ergonomic}
    uintx ProfiledCodeHeapSize                     = 122916538                              {pd product} {ergonomic}
    uintx ReservedCodeCacheSize                    = 251658240                              {pd product} {ergonomic}
     bool SegmentedCodeCache                       = true                                      {product} {ergonomic}
     bool UseCompressedClassPointers               = true                                 {lp64_product} {ergonomic}
     bool UseCompressedOops                        = true                                 {lp64_product} {ergonomic}
     bool UseG1GC                                  = true                                      {product} {ergonomic}
     bool UseLargePagesIndividualAllocation        = false                                  {pd product} {ergonomic}

Logging:
Log output configuration:
 #0: stdout all=warning uptime,level,tags
 #1: stderr all=off uptime,level,tags

Environment Variables:
PATH=C:\ProgramData\Oracle\Java\javapath;C:\Program Files\Common Files\Oracle\Java\javapath;C:\Program Files (x86)\Common Files\Oracle\Java\javapath;C:\Windows\system32;C:\Windows;C:\Windows\System32\Wbem;C:\Windows\System32\WindowsPowerShell\v1.0\;C:\Program Files (x86)\NVIDIA Corporation\PhysX\Common;C:\WINDOWS\system32;C:\WINDOWS;C:\WINDOWS\System32\Wbem;C:\WINDOWS\System32\WindowsPowerShell\v1.0\;C:\WINDOWS\System32\OpenSSH\;C:\ffmpeg\bin;E:\ffmpeg-20210804-65fdc0e589-win64-static;C:\Program Files\Git\cmd;E:\Program Files\NVIDIA Corporation\NVIDIA NvDLISR;C:\Users\Jaen\AppData\Local\Programs\Python\Python38-32\Scripts\;C:\Users\Jaen\AppData\Local\Programs\Python\Python38-32\;C:\Users\Jaen\AppData\Local\Microsoft\WindowsApps;
USERNAME=Jaen
OS=Windows_NT
PROCESSOR_IDENTIFIER=Intel64 Family 6 Model 158 Stepping 11, GenuineIntel



---------------  S Y S T E M  ---------------

OS: Windows 10 , 64 bit Build 19041 (10.0.19041.1566)
OS uptime: 8 days 13:24 hours

CPU:total 2 (initial active 2) (4 cores per cpu, 1 threads per core) family 6 model 158 stepping 11 microcode 0xb4, cmov, cx8, fxsr, mmx, sse, sse2, sse3, ssse3, sse4.1, sse4.2, popcnt, avx, avx2, aes, clmul, erms, 3dnowpref, lzcnt, tsc, tscinvbit, bmi1, bmi2, adx, fma

Memory: 4k page, system-wide physical 14540M (1851M free)
TotalPageFile size 14540M (AvailPageFile size 5M)
current process WorkingSet (physical memory assigned to process): 358M, peak: 358M
current process commit charge ("private bytes"): 456M, peak: 456M

vm_info: OpenJDK 64-Bit Server VM (11.0.10+0-b96-7249189) for windows-amd64 JRE (11.0.10+0-b96-7249189), built on Mar 31 2021 21:44:00 by "builder" with MS VC++ 14.0 (VS2015)

END.
