#
# There is insufficient memory for the Java Runtime Environment to continue.
# Native memory allocation (mmap) failed to map 48234496 bytes for Failed to commit area from 0x000000008e400000 to 0x0000000091200000 of length 48234496.
# Possible reasons:
#   The system is out of physical RAM or swap space
#   The process is running with CompressedOops enabled, and the Java Heap may be blocking the growth of the native heap
# Possible solutions:
#   Reduce memory load on the system
#   Increase physical memory or swap space
#   Check if swap backing store is full
#   Decrease Java heap size (-Xmx/-Xms)
#   Decrease number of Java threads
#   Decrease Java thread stack sizes (-Xss)
#   Set larger code cache with -XX:ReservedCodeCacheSize=
#   JVM is running with Unscaled Compressed Oops mode in which the Java heap is
#     placed in the first 4GB address space. The Java Heap base address is the
#     maximum limit for the native heap growth. Please use -XX:HeapBaseMinAddress
#     to set the Java Heap base and to place the Java Heap above 4GB virtual address.
# This output file may be truncated or incomplete.
#
#  Out of Memory Error (./src/hotspot/os/windows/os_windows.cpp:3301), pid=15020, tid=6268
#
# JRE version: OpenJDK Runtime Environment (11.0.10) (build 11.0.10+0-b96-7249189)
# Java VM: OpenJDK 64-Bit Server VM (11.0.10+0-b96-7249189, mixed mode, tiered, compressed oops, g1 gc, windows-amd64)
# No core dump will be written. Minidumps are not enabled by default on client versions of Windows
#

---------------  S U M M A R Y ------------

Command Line: --add-opens=java.base/java.util=ALL-UNNAMED --add-opens=java.base/java.lang=ALL-UNNAMED --add-opens=java.base/java.lang.invoke=ALL-UNNAMED --add-opens=java.base/java.util=ALL-UNNAMED --add-opens=java.prefs/java.util.prefs=ALL-UNNAMED --add-opens=java.prefs/java.util.prefs=ALL-UNNAMED --add-opens=java.base/java.nio.charset=ALL-UNNAMED --add-opens=java.base/java.net=ALL-UNNAMED --add-opens=java.base/java.util.concurrent.atomic=ALL-UNNAMED -Xmx2048m -Dfile.encoding=UTF-8 -Duser.country=US -Duser.language=en -Duser.variant org.gradle.launcher.daemon.bootstrap.GradleDaemon 7.0.2

Host: Intel(R) Core(TM) i3-8100 CPU @ 3.60GHz, 2 cores, 14G,  Windows 10 , 64 bit Build 19041 (10.0.19041.1566)
Time: Fri Mar 18 23:04:11 2022 Malay Peninsula Standard Time elapsed time: 6.634295 seconds (0d 0h 0m 6s)

---------------  T H R E A D  ---------------

Current thread (0x000001c26bb25800):  VMThread "VM Thread" [stack: 0x000000647d300000,0x000000647d400000] [id=6268]

Stack: [0x000000647d300000,0x000000647d400000]
[error occurred during error reporting (printing stack bounds), id 0xc0000005, EXCEPTION_ACCESS_VIOLATION (0xc0000005) at pc=0x000001c255710f2d]

Native frames: (J=compiled Java code, j=interpreted, Vv=VM code, C=native code)
V  [jvm.dll+0x5ecfaa]
V  [jvm.dll+0x722bd5]
V  [jvm.dll+0x72412d]
V  [jvm.dll+0x724745]
V  [jvm.dll+0x7246fb]
V  [jvm.dll+0x5ec348]
V  [jvm.dll+0x5ecad8]
C  [ntdll.dll+0xa20cf]
C  [ntdll.dll+0x51454]
C  [ntdll.dll+0xa0bfe]
C  0x000001c255710f2d

VM_Operation (0x000000647e5f3b40): G1CollectForAllocation, mode: safepoint, requested by thread 0x000001c26da39000


---------------  P R O C E S S  ---------------

Threads class SMR info:
_java_thread_list=0x000001c26cee52c0, length=37, elements={
0x000001c251c18800, 0x000001c26bb28800, 0x000001c26bb2d800, 0x000001c26c389800,
0x000001c26c38d000, 0x000001c26c390000, 0x000001c26c391000, 0x000001c26c392000,
0x000001c26c3ab000, 0x000001c26c4fa000, 0x000001c26d32b800, 0x000001c26dfcd000,
0x000001c26dcf8800, 0x000001c26d752800, 0x000001c26d753000, 0x000001c26dda0000,
0x000001c26da39000, 0x000001c26e8a5800, 0x000001c26e888800, 0x000001c26e8b4800,
0x000001c26e8b2800, 0x000001c26e8b5000, 0x000001c26e8b3800, 0x000001c26e8b6000,
0x000001c26e8b7000, 0x000001c26e8b2000, 0x000001c26e8b1000, 0x000001c26e8b7800,
0x000001c26ebad800, 0x000001c26ebae800, 0x000001c26ebb0000, 0x000001c26ebad000,
0x000001c26ebb1000, 0x000001c26ebac000, 0x000001c26ebb6000, 0x000001c26ebb3800,
0x000001c26ebb4000
}

Java Threads: ( => current thread )
  0x000001c251c18800 JavaThread "main" [_thread_blocked, id=15412, stack(0x000000647cd00000,0x000000647ce00000)]
  0x000001c26bb28800 JavaThread "Reference Handler" daemon [_thread_blocked, id=13956, stack(0x000000647d400000,0x000000647d500000)]
  0x000001c26bb2d800 JavaThread "Finalizer" daemon [_thread_blocked, id=6140, stack(0x000000647d500000,0x000000647d600000)]
  0x000001c26c389800 JavaThread "Signal Dispatcher" daemon [_thread_blocked, id=3480, stack(0x000000647d600000,0x000000647d700000)]
  0x000001c26c38d000 JavaThread "Attach Listener" daemon [_thread_blocked, id=16156, stack(0x000000647d700000,0x000000647d800000)]
  0x000001c26c390000 JavaThread "Service Thread" daemon [_thread_blocked, id=15304, stack(0x000000647d800000,0x000000647d900000)]
  0x000001c26c391000 JavaThread "C2 CompilerThread0" daemon [_thread_in_native, id=14496, stack(0x000000647d900000,0x000000647da00000)]
  0x000001c26c392000 JavaThread "C1 CompilerThread0" daemon [_thread_blocked, id=7804, stack(0x000000647da00000,0x000000647db00000)]
  0x000001c26c3ab000 JavaThread "Sweeper thread" daemon [_thread_blocked, id=16152, stack(0x000000647db00000,0x000000647dc00000)]
  0x000001c26c4fa000 JavaThread "Common-Cleaner" daemon [_thread_blocked, id=16336, stack(0x000000647dc00000,0x000000647dd00000)]
  0x000001c26d32b800 JavaThread "Daemon health stats" [_thread_blocked, id=6080, stack(0x000000647df00000,0x000000647e000000)]
  0x000001c26dfcd000 JavaThread "Incoming local TCP Connector on port 54882" [_thread_in_native, id=8068, stack(0x000000647e000000,0x000000647e100000)]
  0x000001c26dcf8800 JavaThread "Daemon" [_thread_blocked, id=1508, stack(0x000000647e100000,0x000000647e200000)]
  0x000001c26d752800 JavaThread "Daemon periodic checks" [_thread_blocked, id=6904, stack(0x000000647e200000,0x000000647e300000)]
  0x000001c26d753000 JavaThread "Handler for socket connection from /127.0.0.1:54882 to /127.0.0.1:54883" [_thread_in_native, id=3452, stack(0x000000647e300000,0x000000647e400000)]
  0x000001c26dda0000 JavaThread "Cancel handler" [_thread_blocked, id=1208, stack(0x000000647e400000,0x000000647e500000)]
  0x000001c26da39000 JavaThread "Daemon worker" [_thread_blocked, id=12572, stack(0x000000647e500000,0x000000647e600000)]
  0x000001c26e8a5800 JavaThread "Asynchronous log dispatcher for DefaultDaemonConnection: socket connection from /127.0.0.1:54882 to /127.0.0.1:54883" [_thread_blocked, id=16028, stack(0x000000647e600000,0x000000647e700000)]
  0x000001c26e888800 JavaThread "Stdin handler" [_thread_blocked, id=3140, stack(0x000000647e700000,0x000000647e800000)]
  0x000001c26e8b4800 JavaThread "Daemon client event forwarder" [_thread_blocked, id=1756, stack(0x000000647e800000,0x000000647e900000)]
  0x000001c26e8b2800 JavaThread "Cache worker for file hash cache (C:\Users\Jaen\.gradle\caches\7.0.2\fileHashes)" [_thread_blocked, id=12520, stack(0x000000647e900000,0x000000647ea00000)]
  0x000001c26e8b5000 JavaThread "File lock request listener" [_thread_in_native, id=12352, stack(0x000000647ea00000,0x000000647eb00000)]
  0x000001c26e8b3800 JavaThread "Cache worker for journal cache (C:\Users\Jaen\.gradle\caches\journal-1)" [_thread_blocked, id=16540, stack(0x000000647eb00000,0x000000647ec00000)]
  0x000001c26e8b6000 JavaThread "Cache worker for file hash cache (C:\Users\Jaen\AndroidStudioProjects\Toyoda_TurnBasedGame\.gradle\7.0.2\fileHashes)" [_thread_blocked, id=3636, stack(0x000000647ec00000,0x000000647ed00000)]
  0x000001c26e8b7000 JavaThread "File watcher server" daemon [_thread_in_native, id=13764, stack(0x000000647ed00000,0x000000647ee00000)]
  0x000001c26e8b2000 JavaThread "File watcher consumer" daemon [_thread_blocked, id=16416, stack(0x000000647ee00000,0x000000647ef00000)]
  0x000001c26e8b1000 JavaThread "Cache worker for checksums cache (C:\Users\Jaen\AndroidStudioProjects\Toyoda_TurnBasedGame\.gradle\checksums)" [_thread_blocked, id=12300, stack(0x000000647ef00000,0x000000647f000000)]
  0x000001c26e8b7800 JavaThread "Cache worker for cache directory md-supplier (C:\Users\Jaen\.gradle\caches\7.0.2\md-supplier)" [_thread_blocked, id=6200, stack(0x000000647f000000,0x000000647f100000)]
  0x000001c26ebad800 JavaThread "Cache worker for cache directory md-rule (C:\Users\Jaen\.gradle\caches\7.0.2\md-rule)" [_thread_blocked, id=7668, stack(0x000000647f100000,0x000000647f200000)]
  0x000001c26ebae800 JavaThread "Cache worker for execution history cache (C:\Users\Jaen\.gradle\caches\7.0.2\executionHistory)" [_thread_blocked, id=11732, stack(0x000000647f200000,0x000000647f300000)]
  0x000001c26ebb0000 JavaThread "jar transforms" [_thread_blocked, id=6244, stack(0x000000647f300000,0x000000647f400000)]
  0x000001c26ebad000 JavaThread "jar transforms Thread 2" [_thread_blocked, id=2764, stack(0x000000647f400000,0x000000647f500000)]
  0x000001c26ebb1000 JavaThread "Cache worker for file content cache (C:\Users\Jaen\.gradle\caches\7.0.2\fileContent)" [_thread_blocked, id=12788, stack(0x000000647f500000,0x000000647f600000)]
  0x000001c26ebac000 JavaThread "Cache worker for dependencies-accessors (C:\Users\Jaen\AndroidStudioProjects\Toyoda_TurnBasedGame\.gradle\7.0.2\dependencies-accessors)" [_thread_blocked, id=5540, stack(0x000000647f600000,0x000000647f700000)]
  0x000001c26ebb6000 JavaThread "Cache worker for Build Output Cleanup Cache (C:\Users\Jaen\AndroidStudioProjects\Toyoda_TurnBasedGame\.gradle\buildOutputCleanup)" [_thread_blocked, id=15336, stack(0x000000647f700000,0x000000647f800000)]
  0x000001c26ebb3800 JavaThread "Build operations" [_thread_blocked, id=688, stack(0x000000647f800000,0x000000647f900000)]
  0x000001c26ebb4000 JavaThread "Build operations Thread 2" [_thread_blocked, id=15788, stack(0x000000647f900000,0x000000647fa00000)]

Other Threads:
=>0x000001c26bb25800 VMThread "VM Thread" [stack: 0x000000647d300000,0x000000647d400000] [id=6268]
  0x000001c26c529000 WatcherThread [stack: 0x000000647dd00000,0x000000647de00000] [id=3828]
  0x000001c251c33000 GCTaskThread "GC Thread#0" [stack: 0x000000647ce00000,0x000000647cf00000] [id=2992]
  0x000001c26c9f0800 GCTaskThread "GC Thread#1" [stack: 0x000000647de00000,0x000000647df00000] [id=17264]
  0x000001c251c66800 ConcurrentGCThread "G1 Main Marker" [stack: 0x000000647cf00000,0x000000647d000000] [id=7648]
  0x000001c251c67800 ConcurrentGCThread "G1 Conc#0" [stack: 0x000000647d000000,0x000000647d100000] [id=800]
  0x000001c251cfe800 ConcurrentGCThread "G1 Refine#0" [stack: 0x000000647d100000,0x000000647d200000] [id=296]
  0x000001c26b979000 ConcurrentGCThread "G1 Young RemSet Sampling" [stack: 0x000000647d200000,0x000000647d300000] [id=5672]

Threads with active compile tasks:
C2 CompilerThread0   6655 5143       4       java.lang.invoke.LambdaForm$Name::replaceNames (174 bytes)

VM state:at safepoint (normal execution)

VM Mutex/Monitor currently owned by a thread:  ([mutex/lock_event])
[0x000001c251c16b30] Threads_lock - owner thread: 0x000001c26bb25800
[0x000001c251c17dc0] Heap_lock - owner thread: 0x000001c26da39000

Heap address: 0x0000000080000000, size: 2048 MB, Compressed Oops mode: 32-bit
Narrow klass base: 0x0000000000000000, Narrow klass shift: 3
Compressed class space size: 1073741824 Address: 0x0000000100000000

Heap:
 garbage-first heap   total 280576K, used 40718K [0x0000000080000000, 0x0000000100000000)
  region size 1024K, 17 young (17408K), 17 survivors (17408K)
 Metaspace       used 51964K, capacity 53308K, committed 53628K, reserved 1095680K
  class space    used 6594K, capacity 7056K, committed 7168K, reserved 1048576K
Heap Regions: E=young(eden), S=young(survivor), O=old, HS=humongous(starts), HC=humongous(continues), CS=collection set, F=free, A=archive, TAMS=top-at-mark-start (previous, next)
|   0|0x0000000080000000, 0x0000000080100000, 0x0000000080100000|100%|HS|  |TAMS 0x0000000080100000, 0x0000000080000000| Complete 
|   1|0x0000000080100000, 0x0000000080200000, 0x0000000080200000|100%|HC|  |TAMS 0x0000000080200000, 0x0000000080100000| Complete 
|   2|0x0000000080200000, 0x0000000080300000, 0x0000000080300000|100%|HC|  |TAMS 0x0000000080300000, 0x0000000080200000| Complete 
|   3|0x0000000080300000, 0x0000000080400000, 0x0000000080400000|100%| O|  |TAMS 0x0000000080400000, 0x0000000080300000| Untracked 
|   4|0x0000000080400000, 0x0000000080500000, 0x0000000080500000|100%| O|  |TAMS 0x0000000080500000, 0x0000000080400000| Untracked 
|   5|0x0000000080500000, 0x0000000080600000, 0x0000000080600000|100%| O|  |TAMS 0x0000000080600000, 0x0000000080500000| Untracked 
|   6|0x0000000080600000, 0x0000000080700000, 0x0000000080700000|100%| O|  |TAMS 0x0000000080700000, 0x0000000080600000| Untracked 
|   7|0x0000000080700000, 0x0000000080800000, 0x0000000080800000|100%| O|  |TAMS 0x0000000080800000, 0x0000000080700000| Untracked 
|   8|0x0000000080800000, 0x0000000080900000, 0x0000000080900000|100%| O|  |TAMS 0x0000000080900000, 0x0000000080800000| Untracked 
|   9|0x0000000080900000, 0x0000000080a00000, 0x0000000080a00000|100%| O|  |TAMS 0x0000000080a00000, 0x0000000080900000| Untracked 
|  10|0x0000000080a00000, 0x0000000080b00000, 0x0000000080b00000|100%| O|  |TAMS 0x0000000080b00000, 0x0000000080a00000| Untracked 
|  11|0x0000000080b00000, 0x0000000080c00000, 0x0000000080c00000|100%| O|  |TAMS 0x0000000080c00000, 0x0000000080b00000| Untracked 
|  12|0x0000000080c00000, 0x0000000080d00000, 0x0000000080d00000|100%| O|  |TAMS 0x0000000080d00000, 0x0000000080c00000| Untracked 
|  13|0x0000000080d00000, 0x0000000080e00000, 0x0000000080e00000|100%| O|  |TAMS 0x0000000080e00000, 0x0000000080d00000| Untracked 
|  14|0x0000000080e00000, 0x0000000080f00000, 0x0000000080f00000|100%| O|  |TAMS 0x0000000080f00000, 0x0000000080e00000| Untracked 
|  15|0x0000000080f00000, 0x0000000081000000, 0x0000000081000000|100%| O|  |TAMS 0x0000000081000000, 0x0000000080f00000| Untracked 
|  16|0x0000000081000000, 0x0000000081100000, 0x0000000081100000|100%| O|  |TAMS 0x0000000081002e00, 0x0000000081000000| Untracked 
|  17|0x0000000081100000, 0x0000000081100000, 0x0000000081200000|  0%| F|  |TAMS 0x0000000081100000, 0x0000000081100000| Untracked 
|  18|0x0000000081200000, 0x0000000081300000, 0x0000000081300000|100%|HS|  |TAMS 0x0000000081200000, 0x0000000081200000| Complete 
|  19|0x0000000081300000, 0x0000000081400000, 0x0000000081400000|100%|HS|  |TAMS 0x0000000081300000, 0x0000000081300000| Complete 
|  20|0x0000000081400000, 0x0000000081500000, 0x0000000081500000|100%|HS|  |TAMS 0x0000000081400000, 0x0000000081400000| Complete 
|  21|0x0000000081500000, 0x0000000081600000, 0x0000000081600000|100%|HC|  |TAMS 0x0000000081500000, 0x0000000081500000| Complete 
|  22|0x0000000081600000, 0x0000000081700000, 0x0000000081700000|100%| O|  |TAMS 0x0000000081600000, 0x0000000081600000| Untracked 
|  23|0x0000000081700000, 0x00000000817c3a00, 0x0000000081800000| 76%| O|  |TAMS 0x0000000081700000, 0x0000000081700000| Untracked 
|  24|0x0000000081800000, 0x0000000081800000, 0x0000000081900000|  0%| F|  |TAMS 0x0000000081800000, 0x0000000081800000| Untracked 
|  25|0x0000000081900000, 0x0000000081900000, 0x0000000081a00000|  0%| F|  |TAMS 0x0000000081900000, 0x0000000081900000| Untracked 
|  26|0x0000000081a00000, 0x0000000081a00000, 0x0000000081b00000|  0%| F|  |TAMS 0x0000000081a00000, 0x0000000081a00000| Untracked 
|  27|0x0000000081b00000, 0x0000000081b00000, 0x0000000081c00000|  0%| F|  |TAMS 0x0000000081b00000, 0x0000000081b00000| Untracked 
|  28|0x0000000081c00000, 0x0000000081c00000, 0x0000000081d00000|  0%| F|  |TAMS 0x0000000081c00000, 0x0000000081c00000| Untracked 
|  29|0x0000000081d00000, 0x0000000081d00000, 0x0000000081e00000|  0%| F|  |TAMS 0x0000000081d00000, 0x0000000081d00000| Untracked 
|  30|0x0000000081e00000, 0x0000000081e00000, 0x0000000081f00000|  0%| F|  |TAMS 0x0000000081e00000, 0x0000000081e00000| Untracked 
|  31|0x0000000081f00000, 0x0000000081f00000, 0x0000000082000000|  0%| F|  |TAMS 0x0000000081f00000, 0x0000000081f00000| Untracked 
|  32|0x0000000082000000, 0x0000000082000000, 0x0000000082100000|  0%| F|  |TAMS 0x0000000082000000, 0x0000000082000000| Untracked 
|  33|0x0000000082100000, 0x0000000082100000, 0x0000000082200000|  0%| F|  |TAMS 0x0000000082100000, 0x0000000082100000| Untracked 
|  34|0x0000000082200000, 0x0000000082200000, 0x0000000082300000|  0%| F|  |TAMS 0x0000000082200000, 0x0000000082200000| Untracked 
|  35|0x0000000082300000, 0x0000000082300000, 0x0000000082400000|  0%| F|  |TAMS 0x0000000082300000, 0x0000000082300000| Untracked 
|  36|0x0000000082400000, 0x0000000082400000, 0x0000000082500000|  0%| F|  |TAMS 0x0000000082400000, 0x0000000082400000| Untracked 
|  37|0x0000000082500000, 0x0000000082500000, 0x0000000082600000|  0%| F|  |TAMS 0x0000000082500000, 0x0000000082500000| Untracked 
|  38|0x0000000082600000, 0x0000000082600000, 0x0000000082700000|  0%| F|  |TAMS 0x0000000082600000, 0x0000000082600000| Untracked 
|  39|0x0000000082700000, 0x0000000082700000, 0x0000000082800000|  0%| F|  |TAMS 0x0000000082700000, 0x0000000082700000| Untracked 
|  40|0x0000000082800000, 0x0000000082800000, 0x0000000082900000|  0%| F|  |TAMS 0x0000000082800000, 0x0000000082800000| Untracked 
|  41|0x0000000082900000, 0x0000000082900000, 0x0000000082a00000|  0%| F|  |TAMS 0x0000000082900000, 0x0000000082900000| Untracked 
|  42|0x0000000082a00000, 0x0000000082a00000, 0x0000000082b00000|  0%| F|  |TAMS 0x0000000082a00000, 0x0000000082a00000| Untracked 
|  43|0x0000000082b00000, 0x0000000082b00000, 0x0000000082c00000|  0%| F|  |TAMS 0x0000000082b00000, 0x0000000082b00000| Untracked 
|  44|0x0000000082c00000, 0x0000000082c00000, 0x0000000082d00000|  0%| F|  |TAMS 0x0000000082c00000, 0x0000000082c00000| Untracked 
|  45|0x0000000082d00000, 0x0000000082d00000, 0x0000000082e00000|  0%| F|  |TAMS 0x0000000082d00000, 0x0000000082d00000| Untracked 
|  46|0x0000000082e00000, 0x0000000082e00000, 0x0000000082f00000|  0%| F|  |TAMS 0x0000000082e00000, 0x0000000082e00000| Untracked 
|  47|0x0000000082f00000, 0x0000000082f00000, 0x0000000083000000|  0%| F|  |TAMS 0x0000000082f00000, 0x0000000082f00000| Untracked 
|  48|0x0000000083000000, 0x0000000083000000, 0x0000000083100000|  0%| F|  |TAMS 0x0000000083000000, 0x0000000083000000| Untracked 
|  49|0x0000000083100000, 0x0000000083100000, 0x0000000083200000|  0%| F|  |TAMS 0x0000000083100000, 0x0000000083100000| Untracked 
|  50|0x0000000083200000, 0x0000000083200000, 0x0000000083300000|  0%| F|  |TAMS 0x0000000083200000, 0x0000000083200000| Untracked 
|  51|0x0000000083300000, 0x0000000083300000, 0x0000000083400000|  0%| F|  |TAMS 0x0000000083300000, 0x0000000083300000| Untracked 
|  52|0x0000000083400000, 0x0000000083400000, 0x0000000083500000|  0%| F|  |TAMS 0x0000000083400000, 0x0000000083400000| Untracked 
|  53|0x0000000083500000, 0x0000000083500000, 0x0000000083600000|  0%| F|  |TAMS 0x0000000083500000, 0x0000000083500000| Untracked 
|  54|0x0000000083600000, 0x0000000083600000, 0x0000000083700000|  0%| F|  |TAMS 0x0000000083600000, 0x0000000083600000| Untracked 
|  55|0x0000000083700000, 0x0000000083700000, 0x0000000083800000|  0%| F|  |TAMS 0x0000000083700000, 0x0000000083700000| Untracked 
|  56|0x0000000083800000, 0x0000000083800000, 0x0000000083900000|  0%| F|  |TAMS 0x0000000083800000, 0x0000000083800000| Untracked 
|  57|0x0000000083900000, 0x0000000083900000, 0x0000000083a00000|  0%| F|  |TAMS 0x0000000083900000, 0x0000000083900000| Untracked 
|  58|0x0000000083a00000, 0x0000000083a00000, 0x0000000083b00000|  0%| F|  |TAMS 0x0000000083a00000, 0x0000000083a00000| Untracked 
|  59|0x0000000083b00000, 0x0000000083b00000, 0x0000000083c00000|  0%| F|  |TAMS 0x0000000083b00000, 0x0000000083b00000| Untracked 
|  60|0x0000000083c00000, 0x0000000083c00000, 0x0000000083d00000|  0%| F|  |TAMS 0x0000000083c00000, 0x0000000083c00000| Untracked 
|  61|0x0000000083d00000, 0x0000000083d00000, 0x0000000083e00000|  0%| F|  |TAMS 0x0000000083d00000, 0x0000000083d00000| Untracked 
|  62|0x0000000083e00000, 0x0000000083e00000, 0x0000000083f00000|  0%| F|  |TAMS 0x0000000083e00000, 0x0000000083e00000| Untracked 
|  63|0x0000000083f00000, 0x0000000083f00000, 0x0000000084000000|  0%| F|  |TAMS 0x0000000083f00000, 0x0000000083f00000| Untracked 
|  64|0x0000000084000000, 0x0000000084000000, 0x0000000084100000|  0%| F|  |TAMS 0x0000000084000000, 0x0000000084000000| Untracked 
|  65|0x0000000084100000, 0x0000000084100000, 0x0000000084200000|  0%| F|  |TAMS 0x0000000084100000, 0x0000000084100000| Untracked 
|  66|0x0000000084200000, 0x0000000084200000, 0x0000000084300000|  0%| F|  |TAMS 0x0000000084200000, 0x0000000084200000| Untracked 
|  67|0x0000000084300000, 0x0000000084300000, 0x0000000084400000|  0%| F|  |TAMS 0x0000000084300000, 0x0000000084300000| Untracked 
|  68|0x0000000084400000, 0x0000000084400000, 0x0000000084500000|  0%| F|  |TAMS 0x0000000084400000, 0x0000000084400000| Untracked 
|  69|0x0000000084500000, 0x0000000084500000, 0x0000000084600000|  0%| F|  |TAMS 0x0000000084500000, 0x0000000084500000| Untracked 
|  70|0x0000000084600000, 0x0000000084600000, 0x0000000084700000|  0%| F|  |TAMS 0x0000000084600000, 0x0000000084600000| Untracked 
|  71|0x0000000084700000, 0x0000000084700000, 0x0000000084800000|  0%| F|  |TAMS 0x0000000084700000, 0x0000000084700000| Untracked 
|  72|0x0000000084800000, 0x0000000084800000, 0x0000000084900000|  0%| F|  |TAMS 0x0000000084800000, 0x0000000084800000| Untracked 
|  73|0x0000000084900000, 0x0000000084900000, 0x0000000084a00000|  0%| F|  |TAMS 0x0000000084900000, 0x0000000084900000| Untracked 
|  74|0x0000000084a00000, 0x0000000084a00000, 0x0000000084b00000|  0%| F|  |TAMS 0x0000000084a00000, 0x0000000084a00000| Untracked 
|  75|0x0000000084b00000, 0x0000000084c00000, 0x0000000084c00000|100%| S|CS|TAMS 0x0000000084b00000, 0x0000000084b00000| Complete 
|  76|0x0000000084c00000, 0x0000000084d00000, 0x0000000084d00000|100%| S|CS|TAMS 0x0000000084c00000, 0x0000000084c00000| Complete 
|  77|0x0000000084d00000, 0x0000000084e00000, 0x0000000084e00000|100%| S|CS|TAMS 0x0000000084d00000, 0x0000000084d00000| Complete 
|  78|0x0000000084e00000, 0x0000000084f00000, 0x0000000084f00000|100%| S|CS|TAMS 0x0000000084e00000, 0x0000000084e00000| Complete 
|  79|0x0000000084f00000, 0x0000000085000000, 0x0000000085000000|100%| S|CS|TAMS 0x0000000084f00000, 0x0000000084f00000| Complete 
|  80|0x0000000085000000, 0x0000000085100000, 0x0000000085100000|100%| S|CS|TAMS 0x0000000085000000, 0x0000000085000000| Complete 
|  81|0x0000000085100000, 0x0000000085200000, 0x0000000085200000|100%| S|CS|TAMS 0x0000000085100000, 0x0000000085100000| Complete 
|  82|0x0000000085200000, 0x0000000085300000, 0x0000000085300000|100%| S|CS|TAMS 0x0000000085200000, 0x0000000085200000| Complete 
|  83|0x0000000085300000, 0x0000000085400000, 0x0000000085400000|100%| S|CS|TAMS 0x0000000085300000, 0x0000000085300000| Complete 
|  84|0x0000000085400000, 0x0000000085500000, 0x0000000085500000|100%| S|CS|TAMS 0x0000000085400000, 0x0000000085400000| Complete 
|  85|0x0000000085500000, 0x0000000085600000, 0x0000000085600000|100%| S|CS|TAMS 0x0000000085500000, 0x0000000085500000| Complete 
|  86|0x0000000085600000, 0x0000000085700000, 0x0000000085700000|100%| S|CS|TAMS 0x0000000085600000, 0x0000000085600000| Complete 
|  87|0x0000000085700000, 0x0000000085800000, 0x0000000085800000|100%| S|CS|TAMS 0x0000000085700000, 0x0000000085700000| Complete 
|  88|0x0000000085800000, 0x0000000085900000, 0x0000000085900000|100%| S|CS|TAMS 0x0000000085800000, 0x0000000085800000| Complete 
|  89|0x0000000085900000, 0x0000000085a00000, 0x0000000085a00000|100%| S|CS|TAMS 0x0000000085900000, 0x0000000085900000| Complete 
|  90|0x0000000085a00000, 0x0000000085b00000, 0x0000000085b00000|100%| S|CS|TAMS 0x0000000085a00000, 0x0000000085a00000| Complete 
|  91|0x0000000085b00000, 0x0000000085c00000, 0x0000000085c00000|100%| S|CS|TAMS 0x0000000085b00000, 0x0000000085b00000| Complete 
|  92|0x0000000085c00000, 0x0000000085c00000, 0x0000000085d00000|  0%| F|  |TAMS 0x0000000085c00000, 0x0000000085c00000| Untracked 
|  93|0x0000000085d00000, 0x0000000085d00000, 0x0000000085e00000|  0%| F|  |TAMS 0x0000000085d00000, 0x0000000085d00000| Untracked 
|  94|0x0000000085e00000, 0x0000000085e00000, 0x0000000085f00000|  0%| F|  |TAMS 0x0000000085e00000, 0x0000000085e00000| Untracked 
|  95|0x0000000085f00000, 0x0000000085f00000, 0x0000000086000000|  0%| F|  |TAMS 0x0000000085f00000, 0x0000000085f00000| Untracked 
|  96|0x0000000086000000, 0x0000000086000000, 0x0000000086100000|  0%| F|  |TAMS 0x0000000086000000, 0x0000000086000000| Untracked 
|  97|0x0000000086100000, 0x0000000086100000, 0x0000000086200000|  0%| F|  |TAMS 0x0000000086100000, 0x0000000086100000| Untracked 
|  98|0x0000000086200000, 0x0000000086200000, 0x0000000086300000|  0%| F|  |TAMS 0x0000000086200000, 0x0000000086200000| Untracked 
|  99|0x0000000086300000, 0x0000000086300000, 0x0000000086400000|  0%| F|  |TAMS 0x0000000086300000, 0x0000000086300000| Untracked 
| 100|0x0000000086400000, 0x0000000086400000, 0x0000000086500000|  0%| F|  |TAMS 0x0000000086400000, 0x0000000086400000| Untracked 
| 101|0x0000000086500000, 0x0000000086500000, 0x0000000086600000|  0%| F|  |TAMS 0x0000000086500000, 0x0000000086500000| Untracked 
| 102|0x0000000086600000, 0x0000000086600000, 0x0000000086700000|  0%| F|  |TAMS 0x0000000086600000, 0x0000000086600000| Untracked 
| 103|0x0000000086700000, 0x0000000086700000, 0x0000000086800000|  0%| F|  |TAMS 0x0000000086700000, 0x0000000086700000| Untracked 
| 104|0x0000000086800000, 0x0000000086800000, 0x0000000086900000|  0%| F|  |TAMS 0x0000000086800000, 0x0000000086800000| Untracked 
| 105|0x0000000086900000, 0x0000000086900000, 0x0000000086a00000|  0%| F|  |TAMS 0x0000000086900000, 0x0000000086900000| Untracked 
| 106|0x0000000086a00000, 0x0000000086a00000, 0x0000000086b00000|  0%| F|  |TAMS 0x0000000086a00000, 0x0000000086a00000| Untracked 
| 107|0x0000000086b00000, 0x0000000086b00000, 0x0000000086c00000|  0%| F|  |TAMS 0x0000000086b00000, 0x0000000086b00000| Untracked 
| 108|0x0000000086c00000, 0x0000000086c00000, 0x0000000086d00000|  0%| F|  |TAMS 0x0000000086c00000, 0x0000000086c00000| Untracked 
| 109|0x0000000086d00000, 0x0000000086d00000, 0x0000000086e00000|  0%| F|  |TAMS 0x0000000086d00000, 0x0000000086d00000| Untracked 
| 110|0x0000000086e00000, 0x0000000086e00000, 0x0000000086f00000|  0%| F|  |TAMS 0x0000000086e00000, 0x0000000086e00000| Untracked 
| 111|0x0000000086f00000, 0x0000000086f00000, 0x0000000087000000|  0%| F|  |TAMS 0x0000000086f00000, 0x0000000086f00000| Untracked 
| 112|0x0000000087000000, 0x0000000087000000, 0x0000000087100000|  0%| F|  |TAMS 0x0000000087000000, 0x0000000087000000| Untracked 
| 113|0x0000000087100000, 0x0000000087100000, 0x0000000087200000|  0%| F|  |TAMS 0x0000000087100000, 0x0000000087100000| Untracked 
| 114|0x0000000087200000, 0x0000000087200000, 0x0000000087300000|  0%| F|  |TAMS 0x0000000087200000, 0x0000000087200000| Untracked 
| 115|0x0000000087300000, 0x0000000087300000, 0x0000000087400000|  0%| F|  |TAMS 0x0000000087300000, 0x0000000087300000| Untracked 
| 116|0x0000000087400000, 0x0000000087400000, 0x0000000087500000|  0%| F|  |TAMS 0x0000000087400000, 0x0000000087400000| Untracked 
| 117|0x0000000087500000, 0x0000000087500000, 0x0000000087600000|  0%| F|  |TAMS 0x0000000087500000, 0x0000000087500000| Untracked 
| 118|0x0000000087600000, 0x0000000087600000, 0x0000000087700000|  0%| F|  |TAMS 0x0000000087600000, 0x0000000087600000| Untracked 
| 119|0x0000000087700000, 0x0000000087700000, 0x0000000087800000|  0%| F|  |TAMS 0x0000000087700000, 0x0000000087700000| Untracked 
| 120|0x0000000087800000, 0x0000000087800000, 0x0000000087900000|  0%| F|  |TAMS 0x0000000087800000, 0x0000000087800000| Untracked 
| 121|0x0000000087900000, 0x0000000087900000, 0x0000000087a00000|  0%| F|  |TAMS 0x0000000087900000, 0x0000000087900000| Untracked 
| 122|0x0000000087a00000, 0x0000000087a00000, 0x0000000087b00000|  0%| F|  |TAMS 0x0000000087a00000, 0x0000000087a00000| Untracked 
| 123|0x0000000087b00000, 0x0000000087b00000, 0x0000000087c00000|  0%| F|  |TAMS 0x0000000087b00000, 0x0000000087b00000| Untracked 
| 124|0x0000000087c00000, 0x0000000087c00000, 0x0000000087d00000|  0%| F|  |TAMS 0x0000000087c00000, 0x0000000087c00000| Untracked 
| 125|0x0000000087d00000, 0x0000000087d00000, 0x0000000087e00000|  0%| F|  |TAMS 0x0000000087d00000, 0x0000000087d00000| Untracked 
| 126|0x0000000087e00000, 0x0000000087e00000, 0x0000000087f00000|  0%| F|  |TAMS 0x0000000087e00000, 0x0000000087e00000| Untracked 
| 127|0x0000000087f00000, 0x0000000087f00000, 0x0000000088000000|  0%| F|  |TAMS 0x0000000087f00000, 0x0000000087f00000| Untracked 
| 128|0x0000000088000000, 0x0000000088000000, 0x0000000088100000|  0%| F|  |TAMS 0x0000000088000000, 0x0000000088000000| Untracked 
| 129|0x0000000088100000, 0x0000000088100000, 0x0000000088200000|  0%| F|  |TAMS 0x0000000088100000, 0x0000000088100000| Untracked 
| 130|0x0000000088200000, 0x0000000088200000, 0x0000000088300000|  0%| F|  |TAMS 0x0000000088200000, 0x0000000088200000| Untracked 
| 131|0x0000000088300000, 0x0000000088300000, 0x0000000088400000|  0%| F|  |TAMS 0x0000000088300000, 0x0000000088300000| Untracked 
| 132|0x0000000088400000, 0x0000000088400000, 0x0000000088500000|  0%| F|  |TAMS 0x0000000088400000, 0x0000000088400000| Untracked 
| 133|0x0000000088500000, 0x0000000088500000, 0x0000000088600000|  0%| F|  |TAMS 0x0000000088500000, 0x0000000088500000| Untracked 
| 134|0x0000000088600000, 0x0000000088600000, 0x0000000088700000|  0%| F|  |TAMS 0x0000000088600000, 0x0000000088600000| Untracked 
| 135|0x0000000088700000, 0x0000000088700000, 0x0000000088800000|  0%| F|  |TAMS 0x0000000088700000, 0x0000000088700000| Untracked 
| 136|0x0000000088800000, 0x0000000088800000, 0x0000000088900000|  0%| F|  |TAMS 0x0000000088800000, 0x0000000088800000| Untracked 
| 137|0x0000000088900000, 0x0000000088900000, 0x0000000088a00000|  0%| F|  |TAMS 0x0000000088900000, 0x0000000088900000| Untracked 
| 138|0x0000000088a00000, 0x0000000088a00000, 0x0000000088b00000|  0%| F|  |TAMS 0x0000000088a00000, 0x0000000088a00000| Untracked 
| 139|0x0000000088b00000, 0x0000000088b00000, 0x0000000088c00000|  0%| F|  |TAMS 0x0000000088b00000, 0x0000000088b00000| Untracked 
| 140|0x0000000088c00000, 0x0000000088c00000, 0x0000000088d00000|  0%| F|  |TAMS 0x0000000088c00000, 0x0000000088c00000| Untracked 
| 141|0x0000000088d00000, 0x0000000088d00000, 0x0000000088e00000|  0%| F|  |TAMS 0x0000000088d00000, 0x0000000088d00000| Untracked 
| 142|0x0000000088e00000, 0x0000000088e00000, 0x0000000088f00000|  0%| F|  |TAMS 0x0000000088e00000, 0x0000000088e00000| Untracked 
| 143|0x0000000088f00000, 0x0000000088f00000, 0x0000000089000000|  0%| F|  |TAMS 0x0000000088f00000, 0x0000000088f00000| Untracked 
| 144|0x0000000089000000, 0x0000000089000000, 0x0000000089100000|  0%| F|  |TAMS 0x0000000089000000, 0x0000000089000000| Untracked 
| 145|0x0000000089100000, 0x0000000089100000, 0x0000000089200000|  0%| F|  |TAMS 0x0000000089100000, 0x0000000089100000| Untracked 
| 146|0x0000000089200000, 0x0000000089200000, 0x0000000089300000|  0%| F|  |TAMS 0x0000000089200000, 0x0000000089200000| Untracked 
| 147|0x0000000089300000, 0x0000000089300000, 0x0000000089400000|  0%| F|  |TAMS 0x0000000089300000, 0x0000000089300000| Untracked 
| 148|0x0000000089400000, 0x0000000089400000, 0x0000000089500000|  0%| F|  |TAMS 0x0000000089400000, 0x0000000089400000| Untracked 
| 149|0x0000000089500000, 0x0000000089500000, 0x0000000089600000|  0%| F|  |TAMS 0x0000000089500000, 0x0000000089500000| Untracked 
| 150|0x0000000089600000, 0x0000000089600000, 0x0000000089700000|  0%| F|  |TAMS 0x0000000089600000, 0x0000000089600000| Untracked 
| 151|0x0000000089700000, 0x0000000089700000, 0x0000000089800000|  0%| F|  |TAMS 0x0000000089700000, 0x0000000089700000| Untracked 
| 152|0x0000000089800000, 0x0000000089800000, 0x0000000089900000|  0%| F|  |TAMS 0x0000000089800000, 0x0000000089800000| Untracked 
| 153|0x0000000089900000, 0x0000000089900000, 0x0000000089a00000|  0%| F|  |TAMS 0x0000000089900000, 0x0000000089900000| Untracked 
| 154|0x0000000089a00000, 0x0000000089a00000, 0x0000000089b00000|  0%| F|  |TAMS 0x0000000089a00000, 0x0000000089a00000| Untracked 
| 155|0x0000000089b00000, 0x0000000089b00000, 0x0000000089c00000|  0%| F|  |TAMS 0x0000000089b00000, 0x0000000089b00000| Untracked 
| 156|0x0000000089c00000, 0x0000000089c00000, 0x0000000089d00000|  0%| F|  |TAMS 0x0000000089c00000, 0x0000000089c00000| Untracked 
| 157|0x0000000089d00000, 0x0000000089d00000, 0x0000000089e00000|  0%| F|  |TAMS 0x0000000089d00000, 0x0000000089d00000| Untracked 
| 158|0x0000000089e00000, 0x0000000089e00000, 0x0000000089f00000|  0%| F|  |TAMS 0x0000000089e00000, 0x0000000089e00000| Untracked 
| 159|0x0000000089f00000, 0x0000000089f00000, 0x000000008a000000|  0%| F|  |TAMS 0x0000000089f00000, 0x0000000089f00000| Untracked 
| 160|0x000000008a000000, 0x000000008a000000, 0x000000008a100000|  0%| F|  |TAMS 0x000000008a000000, 0x000000008a000000| Untracked 
| 161|0x000000008a100000, 0x000000008a100000, 0x000000008a200000|  0%| F|  |TAMS 0x000000008a100000, 0x000000008a100000| Untracked 
| 162|0x000000008a200000, 0x000000008a200000, 0x000000008a300000|  0%| F|  |TAMS 0x000000008a200000, 0x000000008a200000| Untracked 
| 163|0x000000008a300000, 0x000000008a300000, 0x000000008a400000|  0%| F|  |TAMS 0x000000008a300000, 0x000000008a300000| Untracked 
| 164|0x000000008a400000, 0x000000008a400000, 0x000000008a500000|  0%| F|  |TAMS 0x000000008a400000, 0x000000008a400000| Untracked 
| 165|0x000000008a500000, 0x000000008a500000, 0x000000008a600000|  0%| F|  |TAMS 0x000000008a500000, 0x000000008a500000| Untracked 
| 166|0x000000008a600000, 0x000000008a600000, 0x000000008a700000|  0%| F|  |TAMS 0x000000008a600000, 0x000000008a600000| Untracked 
| 167|0x000000008a700000, 0x000000008a700000, 0x000000008a800000|  0%| F|  |TAMS 0x000000008a700000, 0x000000008a700000| Untracked 
| 168|0x000000008a800000, 0x000000008a800000, 0x000000008a900000|  0%| F|  |TAMS 0x000000008a800000, 0x000000008a800000| Untracked 
| 169|0x000000008a900000, 0x000000008a900000, 0x000000008aa00000|  0%| F|  |TAMS 0x000000008a900000, 0x000000008a900000| Untracked 
| 170|0x000000008aa00000, 0x000000008aa00000, 0x000000008ab00000|  0%| F|  |TAMS 0x000000008aa00000, 0x000000008aa00000| Untracked 
| 171|0x000000008ab00000, 0x000000008ab00000, 0x000000008ac00000|  0%| F|  |TAMS 0x000000008ab00000, 0x000000008ab00000| Untracked 
| 172|0x000000008ac00000, 0x000000008ac00000, 0x000000008ad00000|  0%| F|  |TAMS 0x000000008ac00000, 0x000000008ac00000| Untracked 
| 173|0x000000008ad00000, 0x000000008ad00000, 0x000000008ae00000|  0%| F|  |TAMS 0x000000008ad00000, 0x000000008ad00000| Untracked 
| 174|0x000000008ae00000, 0x000000008ae00000, 0x000000008af00000|  0%| F|  |TAMS 0x000000008ae00000, 0x000000008ae00000| Untracked 
| 175|0x000000008af00000, 0x000000008af00000, 0x000000008b000000|  0%| F|  |TAMS 0x000000008af00000, 0x000000008af00000| Untracked 
| 176|0x000000008b000000, 0x000000008b000000, 0x000000008b100000|  0%| F|  |TAMS 0x000000008b000000, 0x000000008b000000| Untracked 
| 177|0x000000008b100000, 0x000000008b100000, 0x000000008b200000|  0%| F|  |TAMS 0x000000008b100000, 0x000000008b100000| Untracked 
| 178|0x000000008b200000, 0x000000008b200000, 0x000000008b300000|  0%| F|  |TAMS 0x000000008b200000, 0x000000008b200000| Untracked 
| 179|0x000000008b300000, 0x000000008b300000, 0x000000008b400000|  0%| F|  |TAMS 0x000000008b300000, 0x000000008b300000| Untracked 
| 180|0x000000008b400000, 0x000000008b400000, 0x000000008b500000|  0%| F|  |TAMS 0x000000008b400000, 0x000000008b400000| Untracked 
| 181|0x000000008b500000, 0x000000008b500000, 0x000000008b600000|  0%| F|  |TAMS 0x000000008b500000, 0x000000008b500000| Untracked 
| 182|0x000000008b600000, 0x000000008b600000, 0x000000008b700000|  0%| F|  |TAMS 0x000000008b600000, 0x000000008b600000| Untracked 
| 183|0x000000008b700000, 0x000000008b700000, 0x000000008b800000|  0%| F|  |TAMS 0x000000008b700000, 0x000000008b700000| Untracked 
| 184|0x000000008b800000, 0x000000008b800000, 0x000000008b900000|  0%| F|  |TAMS 0x000000008b800000, 0x000000008b800000| Untracked 
| 185|0x000000008b900000, 0x000000008b900000, 0x000000008ba00000|  0%| F|  |TAMS 0x000000008b900000, 0x000000008b900000| Untracked 
| 186|0x000000008ba00000, 0x000000008ba00000, 0x000000008bb00000|  0%| F|  |TAMS 0x000000008ba00000, 0x000000008ba00000| Untracked 
| 187|0x000000008bb00000, 0x000000008bb00000, 0x000000008bc00000|  0%| F|  |TAMS 0x000000008bb00000, 0x000000008bb00000| Untracked 
| 188|0x000000008bc00000, 0x000000008bc00000, 0x000000008bd00000|  0%| F|  |TAMS 0x000000008bc00000, 0x000000008bc00000| Untracked 
| 189|0x000000008bd00000, 0x000000008bd00000, 0x000000008be00000|  0%| F|  |TAMS 0x000000008bd00000, 0x000000008bd00000| Untracked 
| 190|0x000000008be00000, 0x000000008be00000, 0x000000008bf00000|  0%| F|  |TAMS 0x000000008be00000, 0x000000008be00000| Untracked 
| 191|0x000000008bf00000, 0x000000008bf00000, 0x000000008c000000|  0%| F|  |TAMS 0x000000008bf00000, 0x000000008bf00000| Untracked 
| 192|0x000000008c000000, 0x000000008c000000, 0x000000008c100000|  0%| F|  |TAMS 0x000000008c000000, 0x000000008c000000| Untracked 
| 193|0x000000008c100000, 0x000000008c100000, 0x000000008c200000|  0%| F|  |TAMS 0x000000008c100000, 0x000000008c100000| Untracked 
| 194|0x000000008c200000, 0x000000008c200000, 0x000000008c300000|  0%| F|  |TAMS 0x000000008c200000, 0x000000008c200000| Untracked 
| 195|0x000000008c300000, 0x000000008c300000, 0x000000008c400000|  0%| F|  |TAMS 0x000000008c300000, 0x000000008c300000| Untracked 
| 196|0x000000008c400000, 0x000000008c400000, 0x000000008c500000|  0%| F|  |TAMS 0x000000008c400000, 0x000000008c400000| Untracked 
| 197|0x000000008c500000, 0x000000008c500000, 0x000000008c600000|  0%| F|  |TAMS 0x000000008c500000, 0x000000008c500000| Untracked 
| 198|0x000000008c600000, 0x000000008c600000, 0x000000008c700000|  0%| F|  |TAMS 0x000000008c600000, 0x000000008c600000| Untracked 
| 199|0x000000008c700000, 0x000000008c700000, 0x000000008c800000|  0%| F|  |TAMS 0x000000008c700000, 0x000000008c700000| Untracked 
| 200|0x000000008c800000, 0x000000008c800000, 0x000000008c900000|  0%| F|  |TAMS 0x000000008c800000, 0x000000008c800000| Untracked 
| 201|0x000000008c900000, 0x000000008c900000, 0x000000008ca00000|  0%| F|  |TAMS 0x000000008c900000, 0x000000008c900000| Untracked 
| 202|0x000000008ca00000, 0x000000008ca00000, 0x000000008cb00000|  0%| F|  |TAMS 0x000000008ca00000, 0x000000008ca00000| Untracked 
| 203|0x000000008cb00000, 0x000000008cb00000, 0x000000008cc00000|  0%| F|  |TAMS 0x000000008cb00000, 0x000000008cb00000| Untracked 
| 204|0x000000008cc00000, 0x000000008cc00000, 0x000000008cd00000|  0%| F|  |TAMS 0x000000008cc00000, 0x000000008cc00000| Untracked 
| 205|0x000000008cd00000, 0x000000008cd00000, 0x000000008ce00000|  0%| F|  |TAMS 0x000000008cd00000, 0x000000008cd00000| Untracked 
| 206|0x000000008ce00000, 0x000000008ce00000, 0x000000008cf00000|  0%| F|  |TAMS 0x000000008ce00000, 0x000000008ce00000| Untracked 
| 207|0x000000008cf00000, 0x000000008cf00000, 0x000000008d000000|  0%| F|  |TAMS 0x000000008cf00000, 0x000000008cf00000| Untracked 
| 208|0x000000008d000000, 0x000000008d000000, 0x000000008d100000|  0%| F|  |TAMS 0x000000008d000000, 0x000000008d000000| Untracked 
| 209|0x000000008d100000, 0x000000008d100000, 0x000000008d200000|  0%| F|  |TAMS 0x000000008d100000, 0x000000008d100000| Untracked 
| 210|0x000000008d200000, 0x000000008d200000, 0x000000008d300000|  0%| F|  |TAMS 0x000000008d200000, 0x000000008d200000| Untracked 
| 211|0x000000008d300000, 0x000000008d300000, 0x000000008d400000|  0%| F|  |TAMS 0x000000008d300000, 0x000000008d300000| Untracked 
| 212|0x000000008d400000, 0x000000008d400000, 0x000000008d500000|  0%| F|  |TAMS 0x000000008d400000, 0x000000008d400000| Untracked 
| 213|0x000000008d500000, 0x000000008d500000, 0x000000008d600000|  0%| F|  |TAMS 0x000000008d500000, 0x000000008d500000| Untracked 
| 214|0x000000008d600000, 0x000000008d600000, 0x000000008d700000|  0%| F|  |TAMS 0x000000008d600000, 0x000000008d600000| Untracked 
| 215|0x000000008d700000, 0x000000008d700000, 0x000000008d800000|  0%| F|  |TAMS 0x000000008d700000, 0x000000008d700000| Untracked 
| 216|0x000000008d800000, 0x000000008d800000, 0x000000008d900000|  0%| F|  |TAMS 0x000000008d800000, 0x000000008d800000| Untracked 
| 217|0x000000008d900000, 0x000000008d900000, 0x000000008da00000|  0%| F|  |TAMS 0x000000008d900000, 0x000000008d900000| Untracked 
| 218|0x000000008da00000, 0x000000008da00000, 0x000000008db00000|  0%| F|  |TAMS 0x000000008da00000, 0x000000008da00000| Untracked 
| 219|0x000000008db00000, 0x000000008db00000, 0x000000008dc00000|  0%| F|  |TAMS 0x000000008db00000, 0x000000008db00000| Untracked 
| 220|0x000000008dc00000, 0x000000008dc00000, 0x000000008dd00000|  0%| F|  |TAMS 0x000000008dc00000, 0x000000008dc00000| Untracked 
| 221|0x000000008dd00000, 0x000000008dd00000, 0x000000008de00000|  0%| F|  |TAMS 0x000000008dd00000, 0x000000008dd00000| Untracked 
| 222|0x000000008de00000, 0x000000008de00000, 0x000000008df00000|  0%| F|  |TAMS 0x000000008de00000, 0x000000008de00000| Untracked 
| 223|0x000000008df00000, 0x000000008df00000, 0x000000008e000000|  0%| F|  |TAMS 0x000000008df00000, 0x000000008df00000| Untracked 
| 224|0x000000008e000000, 0x000000008e000000, 0x000000008e100000|  0%| F|  |TAMS 0x000000008e000000, 0x000000008e000000| Untracked 
| 225|0x000000008e100000, 0x000000008e100000, 0x000000008e200000|  0%| F|  |TAMS 0x000000008e100000, 0x000000008e100000| Untracked 
| 226|0x000000008e200000, 0x000000008e200000, 0x000000008e300000|  0%| F|  |TAMS 0x000000008e200000, 0x000000008e200000| Untracked 
| 227|0x000000008e300000, 0x000000008e300000, 0x000000008e400000|  0%| F|  |TAMS 0x000000008e300000, 0x000000008e300000| Untracked 

Card table byte_map: [0x000001c264f10000,0x000001c265310000] _byte_map_base: 0x000001c264b10000

Marking Bits (Prev, Next): (CMBitMap*) 0x000001c251c5d668, (CMBitMap*) 0x000001c251c5d6a0
 Prev Bits: [0x000001c265710000, 0x000001c267710000)
 Next Bits: [0x000001c267710000, 0x000001c269710000)

Polling page: 0x000001c250240000

Metaspace:

Usage:
  Non-class:     45.17 MB capacity,    44.31 MB ( 98%) used,   747.98 KB (  2%) free+waste,   134.31 KB ( <1%) overhead. 
      Class:      6.89 MB capacity,     6.44 MB ( 93%) used,   397.41 KB (  6%) free+waste,    63.75 KB ( <1%) overhead. 
       Both:     52.06 MB capacity,    50.75 MB ( 97%) used,     1.12 MB (  2%) free+waste,   198.06 KB ( <1%) overhead. 

Virtual space:
  Non-class space:       46.00 MB reserved,      45.37 MB ( 99%) committed 
      Class space:        1.00 GB reserved,       7.00 MB ( <1%) committed 
             Both:        1.04 GB reserved,      52.37 MB (  5%) committed 

Chunk freelists:
   Non-Class:  16.00 KB
       Class:  16.00 KB
        Both:  32.00 KB

MaxMetaspaceSize: 17179869184.00 GB
CompressedClassSpaceSize: 1.00 GB

CodeHeap 'non-profiled nmethods': size=120064Kb used=2394Kb max_used=2394Kb free=117669Kb
 bounds [0x000001c25d1d0000, 0x000001c25d440000, 0x000001c264710000]
CodeHeap 'profiled nmethods': size=120000Kb used=10937Kb max_used=10937Kb free=109062Kb
 bounds [0x000001c255ca0000, 0x000001c256750000, 0x000001c25d1d0000]
CodeHeap 'non-nmethods': size=5696Kb used=2225Kb max_used=2260Kb free=3471Kb
 bounds [0x000001c255710000, 0x000001c255980000, 0x000001c255ca0000]
 total_blobs=5958 nmethods=5157 adapters=712
 compilation: enabled
              stopped_count=0, restarted_count=0
 full_count=0

Compilation events (20 events):
Event: 6.567 Thread 0x000001c26c392000 5141       3       java.lang.invoke.LambdaFormBuffer::indexOf (25 bytes)
Event: 6.567 Thread 0x000001c26c392000 nmethod 5141 0x000001c256748390 code [0x000001c256748540, 0x000001c256748738]
Event: 6.568 Thread 0x000001c26c391000 nmethod 5139 0x000001c25d425390 code [0x000001c25d425520, 0x000001c25d4255f8]
Event: 6.568 Thread 0x000001c26c391000 5143       4       java.lang.invoke.LambdaForm$Name::replaceNames (174 bytes)
Event: 6.570 Thread 0x000001c26c392000 5146       3       java.lang.invoke.ClassSpecializer$Factory$1Var::nextIndex (18 bytes)
Event: 6.570 Thread 0x000001c26c392000 nmethod 5146 0x000001c256748810 code [0x000001c2567489e0, 0x000001c256748c98]
Event: 6.571 Thread 0x000001c26c392000 5149       3       java.lang.invoke.ClassSpecializer$Factory$1Var::<init> (146 bytes)
Event: 6.572 Thread 0x000001c26c392000 nmethod 5149 0x000001c256748e10 code [0x000001c256749220, 0x000001c25674ab18]
Event: 6.573 Thread 0x000001c26c392000 5152       3       java.util.Arrays$ArrayList::size (6 bytes)
Event: 6.573 Thread 0x000001c26c392000 nmethod 5152 0x000001c25674b510 code [0x000001c25674b6c0, 0x000001c25674b7d8]
Event: 6.573 Thread 0x000001c26c392000 5155       3       java.lang.invoke.DirectMethodHandle::preparedFieldLambdaForm (183 bytes)
Event: 6.574 Thread 0x000001c26c392000 nmethod 5155 0x000001c25674b890 code [0x000001c25674bb00, 0x000001c25674c258]
Event: 6.574 Thread 0x000001c26c392000 5156       3       java.util.ImmutableCollections$AbstractImmutableList::<init> (5 bytes)
Event: 6.574 Thread 0x000001c26c392000 nmethod 5156 0x000001c25674c590 code [0x000001c25674c760, 0x000001c25674c978]
Event: 6.574 Thread 0x000001c26c392000 5158       3       java.lang.invoke.ClassSpecializer$Factory$1Var::emitVarInstruction (73 bytes)
Event: 6.575 Thread 0x000001c26c392000 nmethod 5158 0x000001c25674ca90 code [0x000001c25674cd40, 0x000001c25674d878]
Event: 6.577 Thread 0x000001c26c392000 5161       3       java.util.LinkedHashMap::<init> (11 bytes)
Event: 6.577 Thread 0x000001c26c392000 nmethod 5161 0x000001c25674dd10 code [0x000001c25674df00, 0x000001c25674e0a8]
Event: 6.579 Thread 0x000001c26c392000 5162       3       java.util.Hashtable::<init> (9 bytes)
Event: 6.579 Thread 0x000001c26c392000 nmethod 5162 0x000001c25674e190 code [0x000001c25674e360, 0x000001c25674e4a8]

GC Heap History (17 events):
Event: 0.355 GC heap before
{Heap before GC invocations=0 (full 0):
 garbage-first heap   total 233472K, used 13312K [0x0000000080000000, 0x0000000100000000)
  region size 1024K, 11 young (11264K), 0 survivors (0K)
 Metaspace       used 6670K, capacity 6827K, committed 7040K, reserved 1056768K
  class space    used 577K, capacity 616K, committed 640K, reserved 1048576K
}
Event: 0.357 GC heap after
{Heap after GC invocations=1 (full 0):
 garbage-first heap   total 233472K, used 3029K [0x0000000080000000, 0x0000000100000000)
  region size 1024K, 2 young (2048K), 2 survivors (2048K)
 Metaspace       used 6670K, capacity 6827K, committed 7040K, reserved 1056768K
  class space    used 577K, capacity 616K, committed 640K, reserved 1048576K
}
Event: 0.669 GC heap before
{Heap before GC invocations=1 (full 0):
 garbage-first heap   total 233472K, used 14293K [0x0000000080000000, 0x0000000100000000)
  region size 1024K, 11 young (11264K), 2 survivors (2048K)
 Metaspace       used 9415K, capacity 9633K, committed 9728K, reserved 1058816K
  class space    used 944K, capacity 1004K, committed 1024K, reserved 1048576K
}
Event: 0.674 GC heap after
{Heap after GC invocations=2 (full 0):
 garbage-first heap   total 233472K, used 8684K [0x0000000080000000, 0x0000000100000000)
  region size 1024K, 2 young (2048K), 2 survivors (2048K)
 Metaspace       used 9415K, capacity 9633K, committed 9728K, reserved 1058816K
  class space    used 944K, capacity 1004K, committed 1024K, reserved 1048576K
}
Event: 0.870 GC heap before
{Heap before GC invocations=2 (full 0):
 garbage-first heap   total 233472K, used 16876K [0x0000000080000000, 0x0000000100000000)
  region size 1024K, 11 young (11264K), 2 survivors (2048K)
 Metaspace       used 10282K, capacity 10470K, committed 10624K, reserved 1058816K
  class space    used 1072K, capacity 1134K, committed 1152K, reserved 1048576K
}
Event: 0.873 GC heap after
{Heap after GC invocations=3 (full 0):
 garbage-first heap   total 233472K, used 9448K [0x0000000080000000, 0x0000000100000000)
  region size 1024K, 1 young (1024K), 1 survivors (1024K)
 Metaspace       used 10282K, capacity 10470K, committed 10624K, reserved 1058816K
  class space    used 1072K, capacity 1134K, committed 1152K, reserved 1048576K
}
Event: 1.114 GC heap before
{Heap before GC invocations=3 (full 0):
 garbage-first heap   total 233472K, used 22760K [0x0000000080000000, 0x0000000100000000)
  region size 1024K, 15 young (15360K), 1 survivors (1024K)
 Metaspace       used 10759K, capacity 11007K, committed 11264K, reserved 1058816K
  class space    used 1123K, capacity 1206K, committed 1280K, reserved 1048576K
}
Event: 1.116 GC heap after
{Heap after GC invocations=4 (full 0):
 garbage-first heap   total 233472K, used 9792K [0x0000000080000000, 0x0000000100000000)
  region size 1024K, 1 young (1024K), 1 survivors (1024K)
 Metaspace       used 10759K, capacity 11007K, committed 11264K, reserved 1058816K
  class space    used 1123K, capacity 1206K, committed 1280K, reserved 1048576K
}
Event: 2.319 GC heap before
{Heap before GC invocations=4 (full 0):
 garbage-first heap   total 233472K, used 85568K [0x0000000080000000, 0x0000000100000000)
  region size 1024K, 76 young (77824K), 1 survivors (1024K)
 Metaspace       used 20632K, capacity 21154K, committed 21296K, reserved 1069056K
  class space    used 2511K, capacity 2688K, committed 2688K, reserved 1048576K
}
Event: 2.331 GC heap after
{Heap after GC invocations=5 (full 0):
 garbage-first heap   total 233472K, used 16619K [0x0000000080000000, 0x0000000100000000)
  region size 1024K, 8 young (8192K), 8 survivors (8192K)
 Metaspace       used 20632K, capacity 21154K, committed 21296K, reserved 1069056K
  class space    used 2511K, capacity 2688K, committed 2688K, reserved 1048576K
}
Event: 3.120 GC heap before
{Heap before GC invocations=6 (full 0):
 garbage-first heap   total 233472K, used 80107K [0x0000000080000000, 0x0000000100000000)
  region size 1024K, 70 young (71680K), 8 survivors (8192K)
 Metaspace       used 26756K, capacity 27440K, committed 27568K, reserved 1073152K
  class space    used 3525K, capacity 3790K, committed 3840K, reserved 1048576K
}
Event: 3.131 GC heap after
{Heap after GC invocations=7 (full 0):
 garbage-first heap   total 233472K, used 19215K [0x0000000080000000, 0x0000000100000000)
  region size 1024K, 3 young (3072K), 3 survivors (3072K)
 Metaspace       used 26756K, capacity 27440K, committed 27568K, reserved 1073152K
  class space    used 3525K, capacity 3790K, committed 3840K, reserved 1048576K
}
Event: 3.732 GC heap before
{Heap before GC invocations=7 (full 0):
 garbage-first heap   total 233472K, used 61199K [0x0000000080000000, 0x0000000100000000)
  region size 1024K, 45 young (46080K), 3 survivors (3072K)
 Metaspace       used 34807K, capacity 35610K, committed 35708K, reserved 1081344K
  class space    used 4528K, capacity 4832K, committed 4864K, reserved 1048576K
}
Event: 3.740 GC heap after
{Heap after GC invocations=8 (full 0):
 garbage-first heap   total 233472K, used 21776K [0x0000000080000000, 0x0000000100000000)
  region size 1024K, 6 young (6144K), 6 survivors (6144K)
 Metaspace       used 34807K, capacity 35610K, committed 35708K, reserved 1081344K
  class space    used 4528K, capacity 4832K, committed 4864K, reserved 1048576K
}
Event: 4.747 GC heap before
{Heap before GC invocations=9 (full 0):
 garbage-first heap   total 233472K, used 103696K [0x0000000080000000, 0x0000000100000000)
  region size 1024K, 84 young (86016K), 6 survivors (6144K)
 Metaspace       used 41249K, capacity 42208K, committed 42492K, reserved 1085440K
  class space    used 5307K, capacity 5634K, committed 5760K, reserved 1048576K
}
Event: 4.771 GC heap after
{Heap after GC invocations=10 (full 0):
 garbage-first heap   total 233472K, used 27102K [0x0000000080000000, 0x0000000100000000)
  region size 1024K, 11 young (11264K), 11 survivors (11264K)
 Metaspace       used 41249K, capacity 42208K, committed 42492K, reserved 1085440K
  class space    used 5307K, capacity 5634K, committed 5760K, reserved 1048576K
}
Event: 6.609 GC heap before
{Heap before GC invocations=10 (full 0):
 garbage-first heap   total 233472K, used 159198K [0x0000000080000000, 0x0000000100000000)
  region size 1024K, 136 young (139264K), 11 survivors (11264K)
 Metaspace       used 51964K, capacity 53308K, committed 53628K, reserved 1095680K
  class space    used 6594K, capacity 7056K, committed 7168K, reserved 1048576K
}

Deoptimization events (20 events):
Event: 6.381 Thread 0x000001c26da39000 Uncommon trap: trap_request=0xffffff4d fr.pc=0x000001c25d3c96a0 relative=0x0000000000000920
Event: 6.381 Thread 0x000001c26da39000 Uncommon trap: reason=unstable_if action=reinterpret pc=0x000001c25d3c96a0 method=java.io.BufferedInputStream.read([BII)I @ 56 c2
Event: 6.381 Thread 0x000001c26da39000 DEOPT PACKING pc=0x000001c25d3c96a0 sp=0x000000647e5f77e0
Event: 6.381 Thread 0x000001c26da39000 DEOPT UNPACKING pc=0x000001c2557378af sp=0x000000647e5f7798 mode 2
Event: 6.383 Thread 0x000001c26da39000 Uncommon trap: trap_request=0xffffff4d fr.pc=0x000001c25d398ff4 relative=0x0000000000000054
Event: 6.383 Thread 0x000001c26da39000 Uncommon trap: reason=unstable_if action=reinterpret pc=0x000001c25d398ff4 method=java.util.regex.Pattern.has(I)Z @ 6 c2
Event: 6.383 Thread 0x000001c26da39000 DEOPT PACKING pc=0x000001c25d398ff4 sp=0x000000647e5f67d0
Event: 6.383 Thread 0x000001c26da39000 DEOPT UNPACKING pc=0x000001c2557378af sp=0x000000647e5f6760 mode 2
Event: 6.397 Thread 0x000001c26da39000 Uncommon trap: trap_request=0xffffff45 fr.pc=0x000001c25d360a9c relative=0x0000000000000d5c
Event: 6.397 Thread 0x000001c26da39000 Uncommon trap: reason=unstable_fused_if action=reinterpret pc=0x000001c25d360a9c method=org.objectweb.asm.ByteVector.putUTF8(Ljava/lang/String;)Lorg/objectweb/asm/ByteVector; @ 93 c2
Event: 6.397 Thread 0x000001c26da39000 DEOPT PACKING pc=0x000001c25d360a9c sp=0x000000647e5f8280
Event: 6.397 Thread 0x000001c26da39000 DEOPT UNPACKING pc=0x000001c2557378af sp=0x000000647e5f81d8 mode 2
Event: 6.398 Thread 0x000001c26da39000 Uncommon trap: trap_request=0xffffff4d fr.pc=0x000001c25d389008 relative=0x00000000000059a8
Event: 6.398 Thread 0x000001c26da39000 Uncommon trap: reason=unstable_if action=reinterpret pc=0x000001c25d389008 method=org.objectweb.asm.Frame.execute(IILorg/objectweb/asm/Symbol;Lorg/objectweb/asm/SymbolTable;)V @ 1 c2
Event: 6.398 Thread 0x000001c26da39000 DEOPT PACKING pc=0x000001c25d389008 sp=0x000000647e5f8470
Event: 6.398 Thread 0x000001c26da39000 DEOPT UNPACKING pc=0x000001c2557378af sp=0x000000647e5f8418 mode 2
Event: 6.417 Thread 0x000001c26da39000 Uncommon trap: trap_request=0xffffff45 fr.pc=0x000001c25d2e6d74 relative=0x0000000000000214
Event: 6.417 Thread 0x000001c26da39000 Uncommon trap: reason=unstable_fused_if action=reinterpret pc=0x000001c25d2e6d74 method=org.objectweb.asm.ByteVector.putUTF8(Ljava/lang/String;)Lorg/objectweb/asm/ByteVector; @ 93 c2
Event: 6.417 Thread 0x000001c26da39000 DEOPT PACKING pc=0x000001c25d2e6d74 sp=0x000000647e5f85b0
Event: 6.417 Thread 0x000001c26da39000 DEOPT UNPACKING pc=0x000001c2557378af sp=0x000000647e5f8530 mode 2

Classes redefined (0 events):
No events

Internal exceptions (20 events):
Event: 6.189 Thread 0x000001c26da39000 Exception <a 'java/lang/NoSuchMethodError'{0x0000000087c81fd0}: 'long java.lang.invoke.DirectMethodHandle$Holder.invokeVirtual(java.lang.Object, java.lang.Object)'> (0x0000000087c81fd0) thrown at [./src/hotspot/share/interpreter/linkResolver.cpp, line 773]
Event: 6.203 Thread 0x000001c26e8b4800 Exception <a 'java/lang/NoSuchMethodError'{0x000000008e388928}: <clinit>> (0x000000008e388928) thrown at [./src/hotspot/share/prims/jni.cpp, line 1362]
Event: 6.205 Thread 0x000001c26e8b4800 Exception <a 'java/lang/NoSuchMethodError'{0x0000000087b171d0}: <clinit>> (0x0000000087b171d0) thrown at [./src/hotspot/share/prims/jni.cpp, line 1362]
Event: 6.207 Thread 0x000001c26e8b4800 Exception <a 'java/lang/NoSuchMethodError'{0x0000000087b182e0}: <clinit>> (0x0000000087b182e0) thrown at [./src/hotspot/share/prims/jni.cpp, line 1362]
Event: 6.207 Thread 0x000001c26e8b4800 Exception <a 'java/lang/NoSuchMethodError'{0x0000000087b195e8}: <clinit>> (0x0000000087b195e8) thrown at [./src/hotspot/share/prims/jni.cpp, line 1362]
Event: 6.207 Thread 0x000001c26e8b4800 Exception <a 'java/lang/NoSuchMethodError'{0x0000000087b1a608}: <clinit>> (0x0000000087b1a608) thrown at [./src/hotspot/share/prims/jni.cpp, line 1362]
Event: 6.208 Thread 0x000001c26e8b4800 Exception <a 'java/lang/NoSuchMethodError'{0x0000000087b24430}: <clinit>> (0x0000000087b24430) thrown at [./src/hotspot/share/prims/jni.cpp, line 1362]
Event: 6.208 Thread 0x000001c26e8b4800 Exception <a 'java/lang/NoSuchMethodError'{0x0000000087b2e648}: <clinit>> (0x0000000087b2e648) thrown at [./src/hotspot/share/prims/jni.cpp, line 1362]
Event: 6.211 Thread 0x000001c26e8b4800 Exception <a 'java/lang/NoSuchMethodError'{0x0000000087b42138}: <clinit>> (0x0000000087b42138) thrown at [./src/hotspot/share/prims/jni.cpp, line 1362]
Event: 6.219 Thread 0x000001c26da39000 Exception <a 'java/lang/ClassNotFoundException'{0x0000000087ba9988}: build_4550ehbuctiu69a42gd1ocacxBeanInfo> (0x0000000087ba9988) thrown at [./src/hotspot/share/classfile/systemDictionary.cpp, line 231]
Event: 6.219 Thread 0x000001c26da39000 Exception <a 'java/lang/ClassNotFoundException'{0x0000000087bb48b0}: build_4550ehbuctiu69a42gd1ocacxCustomizer> (0x0000000087bb48b0) thrown at [./src/hotspot/share/classfile/systemDictionary.cpp, line 231]
Event: 6.230 Thread 0x000001c26da39000 Exception <a 'java/lang/ClassNotFoundException'{0x0000000087a35188}: org/gradle/plugin/use/internal/PluginRequestCollector$PluginDependenciesSpecImplBeanInfo> (0x0000000087a35188) thrown at [./src/hotspot/share/classfile/systemDictionary.cpp, line 231]
Event: 6.231 Thread 0x000001c26da39000 Exception <a 'java/lang/ClassNotFoundException'{0x0000000087a63038}: org/gradle/plugin/use/internal/PluginRequestCollector$PluginDependenciesSpecImplCustomizer> (0x0000000087a63038) thrown at [./src/hotspot/share/classfile/systemDictionary.cpp, line 231]
Event: 6.272 Thread 0x000001c26da39000 Exception <a 'java/lang/ClassNotFoundException'{0x00000000878e0020}: org/gradle/api/internal/plugins/DefaultObjectConfigurationActionBeanInfo> (0x00000000878e0020) thrown at [./src/hotspot/share/classfile/systemDictionary.cpp, line 231]
Event: 6.272 Thread 0x000001c26da39000 Exception <a 'java/lang/ClassNotFoundException'{0x0000000087713870}: org/gradle/api/internal/plugins/DefaultObjectConfigurationActionCustomizer> (0x0000000087713870) thrown at [./src/hotspot/share/classfile/systemDictionary.cpp, line 231]
Event: 6.391 Thread 0x000001c26da39000 Exception <a 'java/lang/NoSuchMethodError'{0x0000000086edba70}: 'java.lang.Object java.lang.invoke.DirectMethodHandle$Holder.invokeStatic(java.lang.Object, java.lang.Object, java.lang.Object, java.lang.Object, int)'> (0x0000000086edba70) thrown at [./src/hotspot/share/interpreter/linkResolver.cpp, line 773]
Event: 6.391 Thread 0x000001c26da39000 Exception <a 'java/lang/NoSuchMethodError'{0x0000000086ee0468}: 'java.lang.Object java.lang.invoke.DirectMethodHandle$Holder.invokeSpecial(java.lang.Object, java.lang.Object, java.lang.Object, java.lang.Object, java.lang.Object, int)'> (0x0000000086ee0468) thrown at [./src/hotspot/share/interpreter/linkResolver.cpp, line 773]
Event: 6.391 Thread 0x000001c26da39000 Exception <a 'java/lang/NoSuchMethodError'{0x0000000086ee4aa8}: 'java.lang.Object java.lang.invoke.Invokers$Holder.linkToTargetMethod(java.lang.Object, java.lang.Object, java.lang.Object, int, java.lang.Object)'> (0x0000000086ee4aa8) thrown at [./src/hotspot/share/interpreter/linkResolver.cpp, line 773]
Event: 6.569 Thread 0x000001c26da39000 Exception <a 'java/lang/NoSuchMethodError'{0x0000000085f2bd88}: 'java.lang.Object java.lang.invoke.DirectMethodHandle$Holder.invokeSpecial(java.lang.Object, java.lang.Object, int, int, java.lang.Object, java.lang.Object, java.lang.Object)'> (0x0000000085f2bd88) thrown at [./src/hotspot/share/interpreter/linkResolver.cpp, line 773]
Event: 6.569 Thread 0x000001c26da39000 Exception <a 'java/lang/NoSuchMethodError'{0x0000000085f30308}: 'java.lang.Object java.lang.invoke.DelegatingMethodHandle$Holder.reinvoke_L(java.lang.Object, int, int, java.lang.Object, java.lang.Object, java.lang.Object)'> (0x0000000085f30308) thrown at [./src/hotspot/share/interpreter/linkResolver.cpp, line 773]

Events (20 events):
Event: 6.606 loading class org/apache/xerces/impl/XMLEntityManager$1 done
Event: 6.606 loading class java/util/Stack
Event: 6.607 loading class java/util/Stack done
Event: 6.607 loading class org/apache/xerces/util/XMLResourceIdentifierImpl
Event: 6.607 loading class org/apache/xerces/util/XMLResourceIdentifierImpl done
Event: 6.607 loading class org/apache/xerces/util/AugmentationsImpl
Event: 6.607 loading class org/apache/xerces/util/AugmentationsImpl done
Event: 6.607 loading class org/apache/xerces/util/AugmentationsImpl$AugmentationsItemsContainer
Event: 6.607 loading class org/apache/xerces/util/AugmentationsImpl$AugmentationsItemsContainer done
Event: 6.607 loading class org/apache/xerces/util/AugmentationsImpl$SmallContainer
Event: 6.607 loading class org/apache/xerces/util/AugmentationsImpl$SmallContainer done
Event: 6.608 loading class org/apache/xerces/util/AugmentationsImpl$LargeContainer
Event: 6.608 loading class org/apache/xerces/util/AugmentationsImpl$LargeContainer done
Event: 6.608 loading class org/apache/xerces/impl/XMLEntityManager$ByteBufferPool
Event: 6.608 loading class org/apache/xerces/impl/XMLEntityManager$ByteBufferPool done
Event: 6.608 loading class org/apache/xerces/impl/XMLEntityManager$CharacterBufferPool
Event: 6.608 loading class org/apache/xerces/impl/XMLEntityManager$CharacterBufferPool done
Event: 6.609 loading class org/apache/xerces/impl/XMLEntityManager$CharacterBuffer
Event: 6.609 loading class org/apache/xerces/impl/XMLEntityManager$CharacterBuffer done
Event: 6.609 Executing VM operation: G1CollectForAllocation


Dynamic libraries:
0x00007ff6d3b70000 - 0x00007ff6d3b7a000 	E:\Android Studio\jre\bin\java.exe
0x00007ffdfe610000 - 0x00007ffdfe805000 	C:\WINDOWS\SYSTEM32\ntdll.dll
0x00007ffdfd050000 - 0x00007ffdfd10e000 	C:\WINDOWS\System32\KERNEL32.DLL
0x00007ffdfbfb0000 - 0x00007ffdfc278000 	C:\WINDOWS\System32\KERNELBASE.dll
0x00007ffdfbd80000 - 0x00007ffdfbe80000 	C:\WINDOWS\System32\ucrtbase.dll
0x00007ffdf6e90000 - 0x00007ffdf6ea7000 	E:\Android Studio\jre\bin\VCRUNTIME140.dll
0x00007ffdf1830000 - 0x00007ffdf1849000 	E:\Android Studio\jre\bin\jli.dll
0x00007ffdfe300000 - 0x00007ffdfe4a0000 	C:\WINDOWS\System32\USER32.dll
0x00007ffdfc610000 - 0x00007ffdfc632000 	C:\WINDOWS\System32\win32u.dll
0x00007ffdfd020000 - 0x00007ffdfd04b000 	C:\WINDOWS\System32\GDI32.dll
0x00007ffdefb00000 - 0x00007ffdefd9a000 	C:\WINDOWS\WinSxS\amd64_microsoft.windows.common-controls_6595b64144ccf1df_6.0.19041.1110_none_60b5254171f9507e\COMCTL32.dll
0x00007ffdfc280000 - 0x00007ffdfc38b000 	C:\WINDOWS\System32\gdi32full.dll
0x00007ffdfcb90000 - 0x00007ffdfcc2e000 	C:\WINDOWS\System32\msvcrt.dll
0x00007ffdfbe80000 - 0x00007ffdfbf1d000 	C:\WINDOWS\System32\msvcp_win.dll
0x00007ffdfce00000 - 0x00007ffdfce30000 	C:\WINDOWS\System32\IMM32.DLL
0x00007ffdcf140000 - 0x00007ffdcf1dd000 	E:\Android Studio\jre\bin\msvcp140.dll
0x00007ffd78ca0000 - 0x00007ffd7976f000 	E:\Android Studio\jre\bin\server\jvm.dll
0x00007ffdfd230000 - 0x00007ffdfd2de000 	C:\WINDOWS\System32\ADVAPI32.dll
0x00007ffdfce30000 - 0x00007ffdfcecc000 	C:\WINDOWS\System32\sechost.dll
0x00007ffdfe4a0000 - 0x00007ffdfe5c5000 	C:\WINDOWS\System32\RPCRT4.dll
0x00007ffdfd470000 - 0x00007ffdfd478000 	C:\WINDOWS\System32\PSAPI.DLL
0x00007ffdf6ef0000 - 0x00007ffdf6ef9000 	C:\WINDOWS\SYSTEM32\WSOCK32.dll
0x00007ffde4800000 - 0x00007ffde4827000 	C:\WINDOWS\SYSTEM32\WINMM.dll
0x00007ffdfcfb0000 - 0x00007ffdfd01b000 	C:\WINDOWS\System32\WS2_32.dll
0x00007ffdf4770000 - 0x00007ffdf477a000 	C:\WINDOWS\SYSTEM32\VERSION.dll
0x00007ffdf9b80000 - 0x00007ffdf9b92000 	C:\WINDOWS\SYSTEM32\kernel.appcore.dll
0x00007ffdecba0000 - 0x00007ffdecbb1000 	E:\Android Studio\jre\bin\verify.dll
0x00007ffdf3520000 - 0x00007ffdf3704000 	C:\WINDOWS\SYSTEM32\DBGHELP.DLL
0x00007ffdf3780000 - 0x00007ffdf37ac000 	C:\WINDOWS\SYSTEM32\dbgcore.DLL
0x00007ffdfbf20000 - 0x00007ffdfbfa2000 	C:\WINDOWS\System32\bcryptPrimitives.dll
0x00007ffdeae50000 - 0x00007ffdeae79000 	E:\Android Studio\jre\bin\java.dll
0x00007ffdf6ee0000 - 0x00007ffdf6eeb000 	E:\Android Studio\jre\bin\jimage.dll
0x00007ffde8540000 - 0x00007ffde8558000 	E:\Android Studio\jre\bin\zip.dll
0x00007ffdfd5c0000 - 0x00007ffdfdd04000 	C:\WINDOWS\System32\SHELL32.dll
0x00007ffdf9e60000 - 0x00007ffdfa5f4000 	C:\WINDOWS\SYSTEM32\windows.storage.dll
0x00007ffdfdd90000 - 0x00007ffdfe0e4000 	C:\WINDOWS\System32\combase.dll
0x00007ffdfb6c0000 - 0x00007ffdfb6ec000 	C:\WINDOWS\SYSTEM32\Wldp.dll
0x00007ffdfc670000 - 0x00007ffdfc71d000 	C:\WINDOWS\System32\SHCORE.dll
0x00007ffdfcf50000 - 0x00007ffdfcfa5000 	C:\WINDOWS\System32\shlwapi.dll
0x00007ffdfbc70000 - 0x00007ffdfbc8f000 	C:\WINDOWS\SYSTEM32\profapi.dll
0x00007ffde8520000 - 0x00007ffde853a000 	E:\Android Studio\jre\bin\net.dll
0x00007ffdf1870000 - 0x00007ffdf1979000 	C:\WINDOWS\SYSTEM32\WINHTTP.dll
0x00007ffdfb420000 - 0x00007ffdfb48a000 	C:\WINDOWS\system32\mswsock.dll
0x00007ffde80f0000 - 0x00007ffde8104000 	E:\Android Studio\jre\bin\nio.dll
0x00007ffde8400000 - 0x00007ffde8427000 	C:\Users\Jaen\.gradle\native\8bec1ad78214c89d9ad589b4d07fe93259594b29d510b10fafb7a158f7737e5d\windows-amd64\native-platform.dll
0x00007ffdd5fb0000 - 0x00007ffdd60ed000 	C:\Users\Jaen\.gradle\native\53dbd7edfb1c66fb8903c78663c9afc45aea4f116125fa6feffd364cf09443e8\windows-amd64\native-platform-file-events.dll
0x00007ffdee400000 - 0x00007ffdee40a000 	E:\Android Studio\jre\bin\management.dll
0x00007ffded4f0000 - 0x00007ffded4fc000 	E:\Android Studio\jre\bin\management_ext.dll
0x00007ffdfb610000 - 0x00007ffdfb628000 	C:\WINDOWS\SYSTEM32\CRYPTSP.dll
0x00007ffdfada0000 - 0x00007ffdfadd4000 	C:\WINDOWS\system32\rsaenh.dll
0x00007ffdfc640000 - 0x00007ffdfc667000 	C:\WINDOWS\System32\bcrypt.dll
0x00007ffdfbc30000 - 0x00007ffdfbc5e000 	C:\WINDOWS\SYSTEM32\USERENV.dll
0x00007ffdfb630000 - 0x00007ffdfb63c000 	C:\WINDOWS\SYSTEM32\CRYPTBASE.dll
0x00007ffdfb110000 - 0x00007ffdfb14b000 	C:\WINDOWS\SYSTEM32\IPHLPAPI.DLL
0x00007ffdfd5b0000 - 0x00007ffdfd5b8000 	C:\WINDOWS\System32\NSI.dll
0x00007ffdf49c0000 - 0x00007ffdf49d7000 	C:\WINDOWS\SYSTEM32\dhcpcsvc6.DLL
0x00007ffdf4940000 - 0x00007ffdf495d000 	C:\WINDOWS\SYSTEM32\dhcpcsvc.DLL
0x00007ffdfb150000 - 0x00007ffdfb21a000 	C:\WINDOWS\SYSTEM32\DNSAPI.dll

dbghelp: loaded successfully - version: 4.0.5 - missing functions: none
symbol engine: initialized successfully - sym options: 0x614 - pdb path: .;E:\Android Studio\jre\bin;C:\WINDOWS\SYSTEM32;C:\WINDOWS\WinSxS\amd64_microsoft.windows.common-controls_6595b64144ccf1df_6.0.19041.1110_none_60b5254171f9507e;E:\Android Studio\jre\bin\server;C:\Users\Jaen\.gradle\native\8bec1ad78214c89d9ad589b4d07fe93259594b29d510b10fafb7a158f7737e5d\windows-amd64;C:\Users\Jaen\.gradle\native\53dbd7edfb1c66fb8903c78663c9afc45aea4f116125fa6feffd364cf09443e8\windows-amd64

VM Arguments:
jvm_args: --add-opens=java.base/java.util=ALL-UNNAMED --add-opens=java.base/java.lang=ALL-UNNAMED --add-opens=java.base/java.lang.invoke=ALL-UNNAMED --add-opens=java.base/java.util=ALL-UNNAMED --add-opens=java.prefs/java.util.prefs=ALL-UNNAMED --add-opens=java.prefs/java.util.prefs=ALL-UNNAMED --add-opens=java.base/java.nio.charset=ALL-UNNAMED --add-opens=java.base/java.net=ALL-UNNAMED --add-opens=java.base/java.util.concurrent.atomic=ALL-UNNAMED -Xmx2048m -Dfile.encoding=UTF-8 -Duser.country=US -Duser.language=en -Duser.variant 
java_command: org.gradle.launcher.daemon.bootstrap.GradleDaemon 7.0.2
java_class_path (initial): C:\Users\Jaen\.gradle\wrapper\dists\gradle-7.0.2-bin\857tjihv64xamwrf0h14cai3r\gradle-7.0.2\lib\gradle-launcher-7.0.2.jar
Launcher Type: SUN_STANDARD

[Global flags]
     intx CICompilerCount                          = 2                                         {product} {ergonomic}
     uint ConcGCThreads                            = 1                                         {product} {ergonomic}
     uint G1ConcRefinementThreads                  = 2                                         {product} {ergonomic}
   size_t G1HeapRegionSize                         = 1048576                                   {product} {ergonomic}
    uintx GCDrainStackTargetSize                   = 64                                        {product} {ergonomic}
   size_t InitialHeapSize                          = 239075328                                 {product} {ergonomic}
   size_t MarkStackSize                            = 4194304                                   {product} {ergonomic}
   size_t MaxHeapSize                              = 2147483648                                {product} {command line}
   size_t MaxNewSize                               = 1287651328                                {product} {ergonomic}
   size_t MinHeapDeltaBytes                        = 1048576                                   {product} {ergonomic}
    uintx NonNMethodCodeHeapSize                   = 5825164                                {pd product} {ergonomic}
    uintx NonProfiledCodeHeapSize                  = 122916538                              {pd product} {ergonomic}
    uintx ProfiledCodeHeapSize                     = 122916538                              {pd product} {ergonomic}
    uintx ReservedCodeCacheSize                    = 251658240                              {pd product} {ergonomic}
     bool SegmentedCodeCache                       = true                                      {product} {ergonomic}
     bool UseCompressedClassPointers               = true                                 {lp64_product} {ergonomic}
     bool UseCompressedOops                        = true                                 {lp64_product} {ergonomic}
     bool UseG1GC                                  = true                                      {product} {ergonomic}
     bool UseLargePagesIndividualAllocation        = false                                  {pd product} {ergonomic}

Logging:
Log output configuration:
 #0: stdout all=warning uptime,level,tags
 #1: stderr all=off uptime,level,tags

Environment Variables:
PATH=C:\ProgramData\Oracle\Java\javapath;C:\Program Files\Common Files\Oracle\Java\javapath;C:\Program Files (x86)\Common Files\Oracle\Java\javapath;C:\Windows\system32;C:\Windows;C:\Windows\System32\Wbem;C:\Windows\System32\WindowsPowerShell\v1.0\;C:\Program Files (x86)\NVIDIA Corporation\PhysX\Common;C:\WINDOWS\system32;C:\WINDOWS;C:\WINDOWS\System32\Wbem;C:\WINDOWS\System32\WindowsPowerShell\v1.0\;C:\WINDOWS\System32\OpenSSH\;C:\ffmpeg\bin;E:\ffmpeg-20210804-65fdc0e589-win64-static;C:\Program Files\Git\cmd;E:\Program Files\NVIDIA Corporation\NVIDIA NvDLISR;C:\Users\Jaen\AppData\Local\Programs\Python\Python38-32\Scripts\;C:\Users\Jaen\AppData\Local\Programs\Python\Python38-32\;C:\Users\Jaen\AppData\Local\Microsoft\WindowsApps;
USERNAME=Jaen
OS=Windows_NT
PROCESSOR_IDENTIFIER=Intel64 Family 6 Model 158 Stepping 11, GenuineIntel



---------------  S Y S T E M  ---------------

OS: Windows 10 , 64 bit Build 19041 (10.0.19041.1566)
OS uptime: 8 days 13:25 hours

CPU:total 2 (initial active 2) (4 cores per cpu, 1 threads per core) family 6 model 158 stepping 11 microcode 0xb4, cmov, cx8, fxsr, mmx, sse, sse2, sse3, ssse3, sse4.1, sse4.2, popcnt, avx, avx2, aes, clmul, erms, 3dnowpref, lzcnt, tsc, tscinvbit, bmi1, bmi2, adx, fma

Memory: 4k page, system-wide physical 14540M (1847M free)
TotalPageFile size 14540M (AvailPageFile size 21M)
current process WorkingSet (physical memory assigned to process): 342M, peak: 344M
current process commit charge ("private bytes"): 418M, peak: 463M

vm_info: OpenJDK 64-Bit Server VM (11.0.10+0-b96-7249189) for windows-amd64 JRE (11.0.10+0-b96-7249189), built on Mar 31 2021 21:44:00 by "builder" with MS VC++ 14.0 (VS2015)

END.
