#
# There is insufficient memory for the Java Runtime Environment to continue.
# Native memory allocation (malloc) failed to allocate 32744 bytes for ChunkPool::allocate
# Possible reasons:
#   The system is out of physical RAM or swap space
#   The process is running with CompressedOops enabled, and the Java Heap may be blocking the growth of the native heap
# Possible solutions:
#   Reduce memory load on the system
#   Increase physical memory or swap space
#   Check if swap backing store is full
#   Decrease Java heap size (-Xmx/-Xms)
#   Decrease number of Java threads
#   Decrease Java thread stack sizes (-Xss)
#   Set larger code cache with -XX:ReservedCodeCacheSize=
#   JVM is running with Unscaled Compressed Oops mode in which the Java heap is
#     placed in the first 4GB address space. The Java Heap base address is the
#     maximum limit for the native heap growth. Please use -XX:HeapBaseMinAddress
#     to set the Java Heap base and to place the Java Heap above 4GB virtual address.
# This output file may be truncated or incomplete.
#
#  Out of Memory Error (./src/hotspot/share/memory/arena.cpp:81), pid=13076, tid=17236
#
# JRE version: OpenJDK Runtime Environment (11.0.10) (build 11.0.10+0-b96-7249189)
# Java VM: OpenJDK 64-Bit Server VM (11.0.10+0-b96-7249189, mixed mode, tiered, compressed oops, g1 gc, windows-amd64)
# No core dump will be written. Minidumps are not enabled by default on client versions of Windows
#

---------------  S U M M A R Y ------------

Command Line: --add-opens=java.base/java.util=ALL-UNNAMED --add-opens=java.base/java.lang=ALL-UNNAMED --add-opens=java.base/java.lang.invoke=ALL-UNNAMED --add-opens=java.base/java.util=ALL-UNNAMED --add-opens=java.prefs/java.util.prefs=ALL-UNNAMED --add-opens=java.prefs/java.util.prefs=ALL-UNNAMED --add-opens=java.base/java.nio.charset=ALL-UNNAMED --add-opens=java.base/java.net=ALL-UNNAMED --add-opens=java.base/java.util.concurrent.atomic=ALL-UNNAMED -Xmx2048m -Dfile.encoding=UTF-8 -Duser.country=US -Duser.language=en -Duser.variant org.gradle.launcher.daemon.bootstrap.GradleDaemon 7.0.2

Host: Intel(R) Core(TM) i3-8100 CPU @ 3.60GHz, 2 cores, 14G,  Windows 10 , 64 bit Build 19041 (10.0.19041.1566)
Time: Fri Mar 18 21:51:36 2022 Malay Peninsula Standard Time elapsed time: 21.308594 seconds (0d 0h 0m 21s)

---------------  T H R E A D  ---------------

Current thread (0x000001eb1e604000):  JavaThread "C2 CompilerThread0" daemon [_thread_in_native, id=17236, stack(0x0000006ca7300000,0x0000006ca7400000)]


Current CompileTask:
C2:  21308 7510       4       java.lang.String::split (324 bytes)

Stack: [0x0000006ca7300000,0x0000006ca7400000]
Native frames: (J=compiled Java code, j=interpreted, Vv=VM code, C=native code)
V  [jvm.dll+0x5ecfaa]
V  [jvm.dll+0x722bd5]
V  [jvm.dll+0x72412d]
V  [jvm.dll+0x7247e3]
V  [jvm.dll+0x242928]
V  [jvm.dll+0xbc75b]
V  [jvm.dll+0xbca0c]
V  [jvm.dll+0x61a2c1]
V  [jvm.dll+0x61aa21]
V  [jvm.dll+0x61972d]
V  [jvm.dll+0x5067d8]
V  [jvm.dll+0x1fcbde]
V  [jvm.dll+0x1fa77f]
V  [jvm.dll+0x18354c]
V  [jvm.dll+0x208ee7]
V  [jvm.dll+0x207731]
V  [jvm.dll+0x6eb1cf]
V  [jvm.dll+0x6e3d45]
V  [jvm.dll+0x5ebe96]
C  [ucrtbase.dll+0x21bb2]
C  [KERNEL32.DLL+0x17034]
C  [ntdll.dll+0x52651]


---------------  P R O C E S S  ---------------

Threads class SMR info:
_java_thread_list=0x000001eb23189f10, length=43, elements={
0x000001eb03e86800, 0x000001eb1dd8a000, 0x000001eb1dd8d800, 0x000001eb1e5fb800,
0x000001eb1e5ff800, 0x000001eb1e601000, 0x000001eb1e604000, 0x000001eb1e605800,
0x000001eb1e673000, 0x000001eb1e764000, 0x000001eb1ff4d800, 0x000001eb1f95d000,
0x000001eb1f73f000, 0x000001eb1f571800, 0x000001eb206c1000, 0x000001eb2069b800,
0x000001eb1f856000, 0x000001eb204ec800, 0x000001eb2015f000, 0x000001eb20140800,
0x000001eb2013e000, 0x000001eb2013f000, 0x000001eb2013f800, 0x000001eb20141800,
0x000001eb2013d800, 0x000001eb20142000, 0x000001eb20143000, 0x000001eb20144000,
0x000001eb21306000, 0x000001eb21300800, 0x000001eb21301800, 0x000001eb21304800,
0x000001eb21302000, 0x000001eb21308800, 0x000001eb21303000, 0x000001eb21309800,
0x000001eb21304000, 0x000001eb2130a800, 0x000001eb2130b000, 0x000001eb21305800,
0x000001eb2130c000, 0x000001eb2130d800, 0x000001eb2130d000
}

Java Threads: ( => current thread )
  0x000001eb03e86800 JavaThread "main" [_thread_blocked, id=15272, stack(0x0000006ca6700000,0x0000006ca6800000)]
  0x000001eb1dd8a000 JavaThread "Reference Handler" daemon [_thread_blocked, id=328, stack(0x0000006ca6e00000,0x0000006ca6f00000)]
  0x000001eb1dd8d800 JavaThread "Finalizer" daemon [_thread_blocked, id=8124, stack(0x0000006ca6f00000,0x0000006ca7000000)]
  0x000001eb1e5fb800 JavaThread "Signal Dispatcher" daemon [_thread_blocked, id=13140, stack(0x0000006ca7000000,0x0000006ca7100000)]
  0x000001eb1e5ff800 JavaThread "Attach Listener" daemon [_thread_blocked, id=8220, stack(0x0000006ca7100000,0x0000006ca7200000)]
  0x000001eb1e601000 JavaThread "Service Thread" daemon [_thread_blocked, id=2648, stack(0x0000006ca7200000,0x0000006ca7300000)]
=>0x000001eb1e604000 JavaThread "C2 CompilerThread0" daemon [_thread_in_native, id=17236, stack(0x0000006ca7300000,0x0000006ca7400000)]
  0x000001eb1e605800 JavaThread "C1 CompilerThread0" daemon [_thread_blocked, id=11180, stack(0x0000006ca7400000,0x0000006ca7500000)]
  0x000001eb1e673000 JavaThread "Sweeper thread" daemon [_thread_blocked, id=8148, stack(0x0000006ca7500000,0x0000006ca7600000)]
  0x000001eb1e764000 JavaThread "Common-Cleaner" daemon [_thread_blocked, id=9320, stack(0x0000006ca7600000,0x0000006ca7700000)]
  0x000001eb1ff4d800 JavaThread "Daemon health stats" [_thread_blocked, id=17292, stack(0x0000006ca7900000,0x0000006ca7a00000)]
  0x000001eb1f95d000 JavaThread "Incoming local TCP Connector on port 63639" [_thread_in_native, id=924, stack(0x0000006ca7a00000,0x0000006ca7b00000)]
  0x000001eb1f73f000 JavaThread "Daemon periodic checks" [_thread_blocked, id=11988, stack(0x0000006ca7b00000,0x0000006ca7c00000)]
  0x000001eb1f571800 JavaThread "Daemon" [_thread_blocked, id=14156, stack(0x0000006ca7c00000,0x0000006ca7d00000)]
  0x000001eb206c1000 JavaThread "Handler for socket connection from /127.0.0.1:63639 to /127.0.0.1:63643" [_thread_in_native, id=8160, stack(0x0000006ca7d00000,0x0000006ca7e00000)]
  0x000001eb2069b800 JavaThread "Cancel handler" [_thread_blocked, id=4048, stack(0x0000006ca7e00000,0x0000006ca7f00000)]
  0x000001eb1f856000 JavaThread "Daemon worker" [_thread_blocked, id=16572, stack(0x0000006ca7f00000,0x0000006ca8000000)]
  0x000001eb204ec800 JavaThread "Asynchronous log dispatcher for DefaultDaemonConnection: socket connection from /127.0.0.1:63639 to /127.0.0.1:63643" [_thread_blocked, id=9552, stack(0x0000006ca8000000,0x0000006ca8100000)]
  0x000001eb2015f000 JavaThread "Stdin handler" [_thread_blocked, id=5064, stack(0x0000006ca8100000,0x0000006ca8200000)]
  0x000001eb20140800 JavaThread "Daemon client event forwarder" [_thread_blocked, id=15248, stack(0x0000006ca8200000,0x0000006ca8300000)]
  0x000001eb2013e000 JavaThread "Cache worker for file hash cache (C:\Users\Jaen\.gradle\caches\7.0.2\fileHashes)" [_thread_blocked, id=9952, stack(0x0000006ca8300000,0x0000006ca8400000)]
  0x000001eb2013f000 JavaThread "File lock request listener" [_thread_in_native, id=1552, stack(0x0000006ca8400000,0x0000006ca8500000)]
  0x000001eb2013f800 JavaThread "Cache worker for journal cache (C:\Users\Jaen\.gradle\caches\journal-1)" [_thread_blocked, id=3776, stack(0x0000006ca8500000,0x0000006ca8600000)]
  0x000001eb20141800 JavaThread "Cache worker for file hash cache (C:\Users\Jaen\AndroidStudioProjects\Toyoda_TurnBasedGame\.gradle\7.0.2\fileHashes)" [_thread_blocked, id=14492, stack(0x0000006ca8600000,0x0000006ca8700000)]
  0x000001eb2013d800 JavaThread "File watcher server" daemon [_thread_blocked, id=2336, stack(0x0000006ca8700000,0x0000006ca8800000)]
  0x000001eb20142000 JavaThread "File watcher consumer" daemon [_thread_blocked, id=9848, stack(0x0000006ca8800000,0x0000006ca8900000)]
  0x000001eb20143000 JavaThread "Cache worker for checksums cache (C:\Users\Jaen\AndroidStudioProjects\Toyoda_TurnBasedGame\.gradle\checksums)" [_thread_blocked, id=13948, stack(0x0000006ca8900000,0x0000006ca8a00000)]
  0x000001eb20144000 JavaThread "Cache worker for cache directory md-supplier (C:\Users\Jaen\.gradle\caches\7.0.2\md-supplier)" [_thread_blocked, id=9516, stack(0x0000006ca8a00000,0x0000006ca8b00000)]
  0x000001eb21306000 JavaThread "Cache worker for cache directory md-rule (C:\Users\Jaen\.gradle\caches\7.0.2\md-rule)" [_thread_blocked, id=5016, stack(0x0000006ca8b00000,0x0000006ca8c00000)]
  0x000001eb21300800 JavaThread "Cache worker for execution history cache (C:\Users\Jaen\.gradle\caches\7.0.2\executionHistory)" [_thread_blocked, id=17300, stack(0x0000006ca8c00000,0x0000006ca8d00000)]
  0x000001eb21301800 JavaThread "jar transforms" [_thread_blocked, id=296, stack(0x0000006ca8d00000,0x0000006ca8e00000)]
  0x000001eb21304800 JavaThread "jar transforms Thread 2" [_thread_blocked, id=9056, stack(0x0000006ca8e00000,0x0000006ca8f00000)]
  0x000001eb21302000 JavaThread "Cache worker for file content cache (C:\Users\Jaen\.gradle\caches\7.0.2\fileContent)" [_thread_blocked, id=17112, stack(0x0000006ca8f00000,0x0000006ca9000000)]
  0x000001eb21308800 JavaThread "Cache worker for dependencies-accessors (C:\Users\Jaen\AndroidStudioProjects\Toyoda_TurnBasedGame\.gradle\7.0.2\dependencies-accessors)" [_thread_blocked, id=5112, stack(0x0000006ca9000000,0x0000006ca9100000)]
  0x000001eb21303000 JavaThread "Cache worker for Build Output Cleanup Cache (C:\Users\Jaen\AndroidStudioProjects\Toyoda_TurnBasedGame\.gradle\buildOutputCleanup)" [_thread_blocked, id=10696, stack(0x0000006ca9100000,0x0000006ca9200000)]
  0x000001eb21309800 JavaThread "Build operations" [_thread_blocked, id=9132, stack(0x0000006ca9200000,0x0000006ca9300000)]
  0x000001eb21304000 JavaThread "Build operations Thread 2" [_thread_blocked, id=2540, stack(0x0000006ca9300000,0x0000006ca9400000)]
  0x000001eb2130a800 JavaThread "Memory manager" [_thread_blocked, id=6832, stack(0x0000006ca9400000,0x0000006ca9500000)]
  0x000001eb2130b000 JavaThread "build event listener" [_thread_blocked, id=13268, stack(0x0000006ca9500000,0x0000006ca9600000)]
  0x000001eb21305800 JavaThread "pool-3-thread-1" [_thread_blocked, id=15236, stack(0x0000006ca9600000,0x0000006ca9700000)]
  0x000001eb2130c000 JavaThread "build event listener" [_thread_blocked, id=15256, stack(0x0000006ca9700000,0x0000006ca9800000)]
  0x000001eb2130d800 JavaThread "Execution worker for ':'" [_thread_blocked, id=6888, stack(0x0000006ca9800000,0x0000006ca9900000)]
  0x000001eb2130d000 JavaThread "Cache worker for execution history cache (C:\Users\Jaen\AndroidStudioProjects\Toyoda_TurnBasedGame\.gradle\7.0.2\executionHistory)" [_thread_in_vm, id=13540, stack(0x0000006ca9900000,0x0000006ca9a00000)]

Other Threads:
  0x000001eb1e5a5800 VMThread "VM Thread" [stack: 0x0000006ca6d00000,0x0000006ca6e00000] [id=14724]
  0x000001eb1e7ba000 WatcherThread [stack: 0x0000006ca7700000,0x0000006ca7800000] [id=10624]
  0x000001eb03ea0000 GCTaskThread "GC Thread#0" [stack: 0x0000006ca6800000,0x0000006ca6900000] [id=10356]
  0x000001eb1eae0800 GCTaskThread "GC Thread#1" [stack: 0x0000006ca7800000,0x0000006ca7900000] [id=15340]
  0x000001eb03ed2000 ConcurrentGCThread "G1 Main Marker" [stack: 0x0000006ca6900000,0x0000006ca6a00000] [id=13756]
  0x000001eb03ed4800 ConcurrentGCThread "G1 Conc#0" [stack: 0x0000006ca6a00000,0x0000006ca6b00000] [id=17340]
  0x000001eb03f6e800 ConcurrentGCThread "G1 Refine#0" [stack: 0x0000006ca6b00000,0x0000006ca6c00000] [id=5556]
  0x000001eb1dbdf000 ConcurrentGCThread "G1 Young RemSet Sampling" [stack: 0x0000006ca6c00000,0x0000006ca6d00000] [id=4312]

Threads with active compile tasks:
C2 CompilerThread0  21401 7510       4       java.lang.String::split (324 bytes)

VM state:synchronizing (normal execution)

VM Mutex/Monitor currently owned by a thread:  ([mutex/lock_event])
[0x000001eb03e83df0] Threads_lock - owner thread: 0x000001eb1e5a5800

Heap address: 0x0000000080000000, size: 2048 MB, Compressed Oops mode: 32-bit
Narrow klass base: 0x0000000000000000, Narrow klass shift: 3
Compressed class space size: 1073741824 Address: 0x0000000100000000

Heap:
 garbage-first heap   total 233472K, used 85243K [0x0000000080000000, 0x0000000100000000)
  region size 1024K, 34 young (34816K), 6 survivors (6144K)
 Metaspace       used 80524K, capacity 82489K, committed 82596K, reserved 1120256K
  class space    used 10391K, capacity 11108K, committed 11136K, reserved 1048576K
Heap Regions: E=young(eden), S=young(survivor), O=old, HS=humongous(starts), HC=humongous(continues), CS=collection set, F=free, A=archive, TAMS=top-at-mark-start (previous, next)
|   0|0x0000000080000000, 0x0000000080100000, 0x0000000080100000|100%|HS|  |TAMS 0x0000000080100000, 0x0000000080000000| Complete 
|   1|0x0000000080100000, 0x0000000080200000, 0x0000000080200000|100%|HC|  |TAMS 0x0000000080200000, 0x0000000080100000| Complete 
|   2|0x0000000080200000, 0x0000000080300000, 0x0000000080300000|100%|HC|  |TAMS 0x0000000080300000, 0x0000000080200000| Complete 
|   3|0x0000000080300000, 0x0000000080400000, 0x0000000080400000|100%| O|  |TAMS 0x0000000080400000, 0x0000000080300000| Untracked 
|   4|0x0000000080400000, 0x0000000080500000, 0x0000000080500000|100%| O|  |TAMS 0x0000000080500000, 0x0000000080400000| Untracked 
|   5|0x0000000080500000, 0x0000000080600000, 0x0000000080600000|100%| O|  |TAMS 0x0000000080600000, 0x0000000080500000| Untracked 
|   6|0x0000000080600000, 0x0000000080700000, 0x0000000080700000|100%| O|  |TAMS 0x0000000080700000, 0x0000000080600000| Untracked 
|   7|0x0000000080700000, 0x0000000080800000, 0x0000000080800000|100%| O|  |TAMS 0x0000000080800000, 0x0000000080700000| Untracked 
|   8|0x0000000080800000, 0x0000000080900000, 0x0000000080900000|100%| O|  |TAMS 0x0000000080900000, 0x0000000080800000| Untracked 
|   9|0x0000000080900000, 0x0000000080a00000, 0x0000000080a00000|100%| O|  |TAMS 0x0000000080a00000, 0x0000000080900000| Untracked 
|  10|0x0000000080a00000, 0x0000000080b00000, 0x0000000080b00000|100%| O|  |TAMS 0x0000000080b00000, 0x0000000080a00000| Untracked 
|  11|0x0000000080b00000, 0x0000000080c00000, 0x0000000080c00000|100%| O|  |TAMS 0x0000000080c00000, 0x0000000080b00000| Untracked 
|  12|0x0000000080c00000, 0x0000000080d00000, 0x0000000080d00000|100%| O|  |TAMS 0x0000000080d00000, 0x0000000080c00000| Untracked 
|  13|0x0000000080d00000, 0x0000000080e00000, 0x0000000080e00000|100%| O|  |TAMS 0x0000000080e00000, 0x0000000080d00000| Untracked 
|  14|0x0000000080e00000, 0x0000000080f00000, 0x0000000080f00000|100%| O|  |TAMS 0x0000000080f00000, 0x0000000080e00000| Untracked 
|  15|0x0000000080f00000, 0x0000000081000000, 0x0000000081000000|100%| O|  |TAMS 0x0000000081000000, 0x0000000080f00000| Untracked 
|  16|0x0000000081000000, 0x0000000081100000, 0x0000000081100000|100%| O|  |TAMS 0x0000000081100000, 0x0000000081000000| Untracked 
|  17|0x0000000081100000, 0x0000000081200000, 0x0000000081200000|100%|HS|  |TAMS 0x0000000081200000, 0x0000000081100000| Complete 
|  18|0x0000000081200000, 0x0000000081300000, 0x0000000081300000|100%|HS|  |TAMS 0x0000000081300000, 0x0000000081200000| Complete 
|  19|0x0000000081300000, 0x0000000081400000, 0x0000000081400000|100%| O|  |TAMS 0x0000000081400000, 0x0000000081300000| Untracked 
|  20|0x0000000081400000, 0x0000000081500000, 0x0000000081500000|100%| O|  |TAMS 0x0000000081500000, 0x0000000081400000| Untracked 
|  21|0x0000000081500000, 0x0000000081600000, 0x0000000081600000|100%|HS|  |TAMS 0x0000000081600000, 0x0000000081500000| Complete 
|  22|0x0000000081600000, 0x0000000081700000, 0x0000000081700000|100%|HC|  |TAMS 0x0000000081700000, 0x0000000081600000| Complete 
|  23|0x0000000081700000, 0x0000000081800000, 0x0000000081800000|100%| O|  |TAMS 0x0000000081800000, 0x0000000081700000| Untracked 
|  24|0x0000000081800000, 0x0000000081900000, 0x0000000081900000|100%| O|  |TAMS 0x0000000081900000, 0x0000000081800000| Untracked 
|  25|0x0000000081900000, 0x0000000081a00000, 0x0000000081a00000|100%| O|  |TAMS 0x0000000081a00000, 0x0000000081900000| Untracked 
|  26|0x0000000081a00000, 0x0000000081b00000, 0x0000000081b00000|100%| O|  |TAMS 0x0000000081b00000, 0x0000000081a00000| Untracked 
|  27|0x0000000081b00000, 0x0000000081c00000, 0x0000000081c00000|100%| O|  |TAMS 0x0000000081c00000, 0x0000000081b00000| Untracked 
|  28|0x0000000081c00000, 0x0000000081d00000, 0x0000000081d00000|100%| O|  |TAMS 0x0000000081d00000, 0x0000000081c00000| Untracked 
|  29|0x0000000081d00000, 0x0000000081e00000, 0x0000000081e00000|100%| O|  |TAMS 0x0000000081e00000, 0x0000000081d00000| Untracked 
|  30|0x0000000081e00000, 0x0000000081f00000, 0x0000000081f00000|100%| O|  |TAMS 0x0000000081f00000, 0x0000000081e00000| Untracked 
|  31|0x0000000081f00000, 0x0000000082000000, 0x0000000082000000|100%| O|  |TAMS 0x0000000082000000, 0x0000000081f00000| Untracked 
|  32|0x0000000082000000, 0x0000000082100000, 0x0000000082100000|100%| O|  |TAMS 0x0000000082100000, 0x0000000082000000| Untracked 
|  33|0x0000000082100000, 0x0000000082200000, 0x0000000082200000|100%| O|  |TAMS 0x0000000082200000, 0x0000000082100000| Untracked 
|  34|0x0000000082200000, 0x0000000082300000, 0x0000000082300000|100%| O|  |TAMS 0x0000000082300000, 0x0000000082200000| Untracked 
|  35|0x0000000082300000, 0x0000000082400000, 0x0000000082400000|100%| O|  |TAMS 0x0000000082400000, 0x0000000082300000| Untracked 
|  36|0x0000000082400000, 0x0000000082500000, 0x0000000082500000|100%| O|  |TAMS 0x0000000082500000, 0x0000000082400000| Untracked 
|  37|0x0000000082500000, 0x0000000082600000, 0x0000000082600000|100%| O|  |TAMS 0x0000000082600000, 0x0000000082500000| Untracked 
|  38|0x0000000082600000, 0x0000000082700000, 0x0000000082700000|100%| O|  |TAMS 0x0000000082700000, 0x0000000082600000| Untracked 
|  39|0x0000000082700000, 0x0000000082800000, 0x0000000082800000|100%| O|  |TAMS 0x0000000082800000, 0x0000000082700000| Untracked 
|  40|0x0000000082800000, 0x0000000082900000, 0x0000000082900000|100%| O|  |TAMS 0x0000000082800000, 0x0000000082800000| Untracked 
|  41|0x0000000082900000, 0x0000000082a00000, 0x0000000082a00000|100%| O|  |TAMS 0x0000000082900000, 0x0000000082900000| Untracked 
|  42|0x0000000082a00000, 0x0000000082b00000, 0x0000000082b00000|100%| O|  |TAMS 0x0000000082a00000, 0x0000000082a00000| Untracked 
|  43|0x0000000082b00000, 0x0000000082c00000, 0x0000000082c00000|100%| O|  |TAMS 0x0000000082b00000, 0x0000000082b00000| Untracked 
|  44|0x0000000082c00000, 0x0000000082d00000, 0x0000000082d00000|100%| O|  |TAMS 0x0000000082c00000, 0x0000000082c00000| Untracked 
|  45|0x0000000082d00000, 0x0000000082e00000, 0x0000000082e00000|100%| O|  |TAMS 0x0000000082d00000, 0x0000000082d00000| Untracked 
|  46|0x0000000082e00000, 0x0000000082f00000, 0x0000000082f00000|100%| O|  |TAMS 0x0000000082e00000, 0x0000000082e00000| Untracked 
|  47|0x0000000082f00000, 0x0000000083000000, 0x0000000083000000|100%| O|  |TAMS 0x0000000082f00000, 0x0000000082f00000| Untracked 
|  48|0x0000000083000000, 0x0000000083100000, 0x0000000083100000|100%| O|  |TAMS 0x0000000083000000, 0x0000000083000000| Untracked 
|  49|0x0000000083100000, 0x0000000083200000, 0x0000000083200000|100%| O|  |TAMS 0x0000000083100000, 0x0000000083100000| Untracked 
|  50|0x0000000083200000, 0x000000008323ec00, 0x0000000083300000| 24%| O|  |TAMS 0x0000000083200000, 0x0000000083200000| Untracked 
|  51|0x0000000083300000, 0x0000000083300000, 0x0000000083400000|  0%| F|  |TAMS 0x0000000083300000, 0x0000000083300000| Untracked 
|  52|0x0000000083400000, 0x0000000083400000, 0x0000000083500000|  0%| F|  |TAMS 0x0000000083400000, 0x0000000083400000| Untracked 
|  53|0x0000000083500000, 0x0000000083500000, 0x0000000083600000|  0%| F|  |TAMS 0x0000000083500000, 0x0000000083500000| Untracked 
|  54|0x0000000083600000, 0x0000000083600000, 0x0000000083700000|  0%| F|  |TAMS 0x0000000083600000, 0x0000000083600000| Untracked 
|  55|0x0000000083700000, 0x0000000083700000, 0x0000000083800000|  0%| F|  |TAMS 0x0000000083700000, 0x0000000083700000| Untracked 
|  56|0x0000000083800000, 0x0000000083800000, 0x0000000083900000|  0%| F|  |TAMS 0x0000000083800000, 0x0000000083800000| Untracked 
|  57|0x0000000083900000, 0x0000000083900000, 0x0000000083a00000|  0%| F|  |TAMS 0x0000000083900000, 0x0000000083900000| Untracked 
|  58|0x0000000083a00000, 0x0000000083a00000, 0x0000000083b00000|  0%| F|  |TAMS 0x0000000083a00000, 0x0000000083a00000| Untracked 
|  59|0x0000000083b00000, 0x0000000083b00000, 0x0000000083c00000|  0%| F|  |TAMS 0x0000000083b00000, 0x0000000083b00000| Untracked 
|  60|0x0000000083c00000, 0x0000000083c00000, 0x0000000083d00000|  0%| F|  |TAMS 0x0000000083c00000, 0x0000000083c00000| Untracked 
|  61|0x0000000083d00000, 0x0000000083d00000, 0x0000000083e00000|  0%| F|  |TAMS 0x0000000083d00000, 0x0000000083d00000| Untracked 
|  62|0x0000000083e00000, 0x0000000083e00000, 0x0000000083f00000|  0%| F|  |TAMS 0x0000000083e00000, 0x0000000083e00000| Untracked 
|  63|0x0000000083f00000, 0x0000000083f00000, 0x0000000084000000|  0%| F|  |TAMS 0x0000000083f00000, 0x0000000083f00000| Untracked 
|  64|0x0000000084000000, 0x0000000084000000, 0x0000000084100000|  0%| F|  |TAMS 0x0000000084000000, 0x0000000084000000| Untracked 
|  65|0x0000000084100000, 0x0000000084100000, 0x0000000084200000|  0%| F|  |TAMS 0x0000000084100000, 0x0000000084100000| Untracked 
|  66|0x0000000084200000, 0x0000000084200000, 0x0000000084300000|  0%| F|  |TAMS 0x0000000084200000, 0x0000000084200000| Untracked 
|  67|0x0000000084300000, 0x0000000084300000, 0x0000000084400000|  0%| F|  |TAMS 0x0000000084300000, 0x0000000084300000| Untracked 
|  68|0x0000000084400000, 0x0000000084400000, 0x0000000084500000|  0%| F|  |TAMS 0x0000000084400000, 0x0000000084400000| Untracked 
|  69|0x0000000084500000, 0x0000000084500000, 0x0000000084600000|  0%| F|  |TAMS 0x0000000084500000, 0x0000000084500000| Untracked 
|  70|0x0000000084600000, 0x0000000084600000, 0x0000000084700000|  0%| F|  |TAMS 0x0000000084600000, 0x0000000084600000| Untracked 
|  71|0x0000000084700000, 0x0000000084700000, 0x0000000084800000|  0%| F|  |TAMS 0x0000000084700000, 0x0000000084700000| Untracked 
|  72|0x0000000084800000, 0x0000000084800000, 0x0000000084900000|  0%| F|  |TAMS 0x0000000084800000, 0x0000000084800000| Untracked 
|  73|0x0000000084900000, 0x0000000084900000, 0x0000000084a00000|  0%| F|  |TAMS 0x0000000084900000, 0x0000000084900000| Untracked 
|  74|0x0000000084a00000, 0x0000000084a00000, 0x0000000084b00000|  0%| F|  |TAMS 0x0000000084a00000, 0x0000000084a00000| Untracked 
|  75|0x0000000084b00000, 0x0000000084b00000, 0x0000000084c00000|  0%| F|  |TAMS 0x0000000084b00000, 0x0000000084b00000| Untracked 
|  76|0x0000000084c00000, 0x0000000084c00000, 0x0000000084d00000|  0%| F|  |TAMS 0x0000000084c00000, 0x0000000084c00000| Untracked 
|  77|0x0000000084d00000, 0x0000000084d00000, 0x0000000084e00000|  0%| F|  |TAMS 0x0000000084d00000, 0x0000000084d00000| Untracked 
|  78|0x0000000084e00000, 0x0000000084e00000, 0x0000000084f00000|  0%| F|  |TAMS 0x0000000084e00000, 0x0000000084e00000| Untracked 
|  79|0x0000000084f00000, 0x0000000084f00000, 0x0000000085000000|  0%| F|  |TAMS 0x0000000084f00000, 0x0000000084f00000| Untracked 
|  80|0x0000000085000000, 0x0000000085000000, 0x0000000085100000|  0%| F|  |TAMS 0x0000000085000000, 0x0000000085000000| Untracked 
|  81|0x0000000085100000, 0x0000000085100000, 0x0000000085200000|  0%| F|  |TAMS 0x0000000085100000, 0x0000000085100000| Untracked 
|  82|0x0000000085200000, 0x0000000085200000, 0x0000000085300000|  0%| F|  |TAMS 0x0000000085200000, 0x0000000085200000| Untracked 
|  83|0x0000000085300000, 0x0000000085300000, 0x0000000085400000|  0%| F|  |TAMS 0x0000000085300000, 0x0000000085300000| Untracked 
|  84|0x0000000085400000, 0x0000000085400000, 0x0000000085500000|  0%| F|  |TAMS 0x0000000085400000, 0x0000000085400000| Untracked 
|  85|0x0000000085500000, 0x0000000085500000, 0x0000000085600000|  0%| F|  |TAMS 0x0000000085500000, 0x0000000085500000| Untracked 
|  86|0x0000000085600000, 0x0000000085600000, 0x0000000085700000|  0%| F|  |TAMS 0x0000000085600000, 0x0000000085600000| Untracked 
|  87|0x0000000085700000, 0x0000000085700000, 0x0000000085800000|  0%| F|  |TAMS 0x0000000085700000, 0x0000000085700000| Untracked 
|  88|0x0000000085800000, 0x0000000085800000, 0x0000000085900000|  0%| F|  |TAMS 0x0000000085800000, 0x0000000085800000| Untracked 
|  89|0x0000000085900000, 0x0000000085900000, 0x0000000085a00000|  0%| F|  |TAMS 0x0000000085900000, 0x0000000085900000| Untracked 
|  90|0x0000000085a00000, 0x0000000085a00000, 0x0000000085b00000|  0%| F|  |TAMS 0x0000000085a00000, 0x0000000085a00000| Untracked 
|  91|0x0000000085b00000, 0x0000000085b00000, 0x0000000085c00000|  0%| F|  |TAMS 0x0000000085b00000, 0x0000000085b00000| Untracked 
|  92|0x0000000085c00000, 0x0000000085c00000, 0x0000000085d00000|  0%| F|  |TAMS 0x0000000085c00000, 0x0000000085c00000| Untracked 
|  93|0x0000000085d00000, 0x0000000085d00000, 0x0000000085e00000|  0%| F|  |TAMS 0x0000000085d00000, 0x0000000085d00000| Untracked 
|  94|0x0000000085e00000, 0x0000000085e00000, 0x0000000085f00000|  0%| F|  |TAMS 0x0000000085e00000, 0x0000000085e00000| Untracked 
|  95|0x0000000085f00000, 0x0000000085f00000, 0x0000000086000000|  0%| F|  |TAMS 0x0000000085f00000, 0x0000000085f00000| Untracked 
|  96|0x0000000086000000, 0x0000000086000000, 0x0000000086100000|  0%| F|  |TAMS 0x0000000086000000, 0x0000000086000000| Untracked 
|  97|0x0000000086100000, 0x0000000086100000, 0x0000000086200000|  0%| F|  |TAMS 0x0000000086100000, 0x0000000086100000| Untracked 
|  98|0x0000000086200000, 0x0000000086200000, 0x0000000086300000|  0%| F|  |TAMS 0x0000000086200000, 0x0000000086200000| Untracked 
|  99|0x0000000086300000, 0x0000000086300000, 0x0000000086400000|  0%| F|  |TAMS 0x0000000086300000, 0x0000000086300000| Untracked 
| 100|0x0000000086400000, 0x0000000086400000, 0x0000000086500000|  0%| F|  |TAMS 0x0000000086400000, 0x0000000086400000| Untracked 
| 101|0x0000000086500000, 0x0000000086500000, 0x0000000086600000|  0%| F|  |TAMS 0x0000000086500000, 0x0000000086500000| Untracked 
| 102|0x0000000086600000, 0x0000000086600000, 0x0000000086700000|  0%| F|  |TAMS 0x0000000086600000, 0x0000000086600000| Untracked 
| 103|0x0000000086700000, 0x0000000086700000, 0x0000000086800000|  0%| F|  |TAMS 0x0000000086700000, 0x0000000086700000| Untracked 
| 104|0x0000000086800000, 0x0000000086800000, 0x0000000086900000|  0%| F|  |TAMS 0x0000000086800000, 0x0000000086800000| Untracked 
| 105|0x0000000086900000, 0x0000000086900000, 0x0000000086a00000|  0%| F|  |TAMS 0x0000000086900000, 0x0000000086900000| Untracked 
| 106|0x0000000086a00000, 0x0000000086a00000, 0x0000000086b00000|  0%| F|  |TAMS 0x0000000086a00000, 0x0000000086a00000| Untracked 
| 107|0x0000000086b00000, 0x0000000086b00000, 0x0000000086c00000|  0%| F|  |TAMS 0x0000000086b00000, 0x0000000086b00000| Untracked 
| 108|0x0000000086c00000, 0x0000000086c00000, 0x0000000086d00000|  0%| F|  |TAMS 0x0000000086c00000, 0x0000000086c00000| Untracked 
| 109|0x0000000086d00000, 0x0000000086d00000, 0x0000000086e00000|  0%| F|  |TAMS 0x0000000086d00000, 0x0000000086d00000| Untracked 
| 110|0x0000000086e00000, 0x0000000086e00000, 0x0000000086f00000|  0%| F|  |TAMS 0x0000000086e00000, 0x0000000086e00000| Untracked 
| 111|0x0000000086f00000, 0x0000000086f00000, 0x0000000087000000|  0%| F|  |TAMS 0x0000000086f00000, 0x0000000086f00000| Untracked 
| 112|0x0000000087000000, 0x0000000087000000, 0x0000000087100000|  0%| F|  |TAMS 0x0000000087000000, 0x0000000087000000| Untracked 
| 113|0x0000000087100000, 0x0000000087200000, 0x0000000087200000|100%| S|CS|TAMS 0x0000000087100000, 0x0000000087100000| Complete 
| 114|0x0000000087200000, 0x0000000087300000, 0x0000000087300000|100%| S|CS|TAMS 0x0000000087200000, 0x0000000087200000| Complete 
| 115|0x0000000087300000, 0x0000000087400000, 0x0000000087400000|100%| S|CS|TAMS 0x0000000087300000, 0x0000000087300000| Complete 
| 116|0x0000000087400000, 0x0000000087500000, 0x0000000087500000|100%| S|CS|TAMS 0x0000000087400000, 0x0000000087400000| Complete 
| 117|0x0000000087500000, 0x0000000087600000, 0x0000000087600000|100%| S|CS|TAMS 0x0000000087500000, 0x0000000087500000| Complete 
| 118|0x0000000087600000, 0x0000000087600000, 0x0000000087700000|  0%| F|  |TAMS 0x0000000087600000, 0x0000000087600000| Untracked 
| 119|0x0000000087700000, 0x0000000087700000, 0x0000000087800000|  0%| F|  |TAMS 0x0000000087700000, 0x0000000087700000| Untracked 
| 120|0x0000000087800000, 0x0000000087800000, 0x0000000087900000|  0%| F|  |TAMS 0x0000000087800000, 0x0000000087800000| Untracked 
| 121|0x0000000087900000, 0x0000000087900000, 0x0000000087a00000|  0%| F|  |TAMS 0x0000000087900000, 0x0000000087900000| Untracked 
| 122|0x0000000087a00000, 0x0000000087a00000, 0x0000000087b00000|  0%| F|  |TAMS 0x0000000087a00000, 0x0000000087a00000| Untracked 
| 123|0x0000000087b00000, 0x0000000087b00000, 0x0000000087c00000|  0%| F|  |TAMS 0x0000000087b00000, 0x0000000087b00000| Untracked 
| 124|0x0000000087c00000, 0x0000000087c00000, 0x0000000087d00000|  0%| F|  |TAMS 0x0000000087c00000, 0x0000000087c00000| Untracked 
| 125|0x0000000087d00000, 0x0000000087d00000, 0x0000000087e00000|  0%| F|  |TAMS 0x0000000087d00000, 0x0000000087d00000| Untracked 
| 126|0x0000000087e00000, 0x0000000087e00000, 0x0000000087f00000|  0%| F|  |TAMS 0x0000000087e00000, 0x0000000087e00000| Untracked 
| 127|0x0000000087f00000, 0x0000000087f00000, 0x0000000088000000|  0%| F|  |TAMS 0x0000000087f00000, 0x0000000087f00000| Untracked 
| 128|0x0000000088000000, 0x0000000088000000, 0x0000000088100000|  0%| F|  |TAMS 0x0000000088000000, 0x0000000088000000| Untracked 
| 129|0x0000000088100000, 0x0000000088200000, 0x0000000088200000|100%| S|CS|TAMS 0x0000000088100000, 0x0000000088100000| Complete 
| 130|0x0000000088200000, 0x0000000088200000, 0x0000000088300000|  0%| F|  |TAMS 0x0000000088200000, 0x0000000088200000| Untracked 
| 131|0x0000000088300000, 0x0000000088300000, 0x0000000088400000|  0%| F|  |TAMS 0x0000000088300000, 0x0000000088300000| Untracked 
| 132|0x0000000088400000, 0x0000000088400000, 0x0000000088500000|  0%| F|  |TAMS 0x0000000088400000, 0x0000000088400000| Untracked 
| 133|0x0000000088500000, 0x0000000088500000, 0x0000000088600000|  0%| F|  |TAMS 0x0000000088500000, 0x0000000088500000| Untracked 
| 134|0x0000000088600000, 0x0000000088600000, 0x0000000088700000|  0%| F|  |TAMS 0x0000000088600000, 0x0000000088600000| Untracked 
| 135|0x0000000088700000, 0x0000000088700000, 0x0000000088800000|  0%| F|  |TAMS 0x0000000088700000, 0x0000000088700000| Untracked 
| 136|0x0000000088800000, 0x0000000088800000, 0x0000000088900000|  0%| F|  |TAMS 0x0000000088800000, 0x0000000088800000| Untracked 
| 137|0x0000000088900000, 0x0000000088900000, 0x0000000088a00000|  0%| F|  |TAMS 0x0000000088900000, 0x0000000088900000| Untracked 
| 138|0x0000000088a00000, 0x0000000088a00000, 0x0000000088b00000|  0%| F|  |TAMS 0x0000000088a00000, 0x0000000088a00000| Untracked 
| 139|0x0000000088b00000, 0x0000000088b00000, 0x0000000088c00000|  0%| F|  |TAMS 0x0000000088b00000, 0x0000000088b00000| Untracked 
| 140|0x0000000088c00000, 0x0000000088c00000, 0x0000000088d00000|  0%| F|  |TAMS 0x0000000088c00000, 0x0000000088c00000| Untracked 
| 141|0x0000000088d00000, 0x0000000088d00000, 0x0000000088e00000|  0%| F|  |TAMS 0x0000000088d00000, 0x0000000088d00000| Untracked 
| 142|0x0000000088e00000, 0x0000000088e00000, 0x0000000088f00000|  0%| F|  |TAMS 0x0000000088e00000, 0x0000000088e00000| Untracked 
| 143|0x0000000088f00000, 0x0000000088f00000, 0x0000000089000000|  0%| F|  |TAMS 0x0000000088f00000, 0x0000000088f00000| Untracked 
| 144|0x0000000089000000, 0x0000000089000000, 0x0000000089100000|  0%| F|  |TAMS 0x0000000089000000, 0x0000000089000000| Untracked 
| 145|0x0000000089100000, 0x0000000089100000, 0x0000000089200000|  0%| F|  |TAMS 0x0000000089100000, 0x0000000089100000| Untracked 
| 146|0x0000000089200000, 0x0000000089200000, 0x0000000089300000|  0%| F|  |TAMS 0x0000000089200000, 0x0000000089200000| Untracked 
| 147|0x0000000089300000, 0x0000000089300000, 0x0000000089400000|  0%| F|  |TAMS 0x0000000089300000, 0x0000000089300000| Untracked 
| 148|0x0000000089400000, 0x0000000089400000, 0x0000000089500000|  0%| F|  |TAMS 0x0000000089400000, 0x0000000089400000| Untracked 
| 149|0x0000000089500000, 0x0000000089500000, 0x0000000089600000|  0%| F|  |TAMS 0x0000000089500000, 0x0000000089500000| Untracked 
| 150|0x0000000089600000, 0x0000000089600000, 0x0000000089700000|  0%| F|  |TAMS 0x0000000089600000, 0x0000000089600000| Untracked 
| 151|0x0000000089700000, 0x0000000089700000, 0x0000000089800000|  0%| F|  |TAMS 0x0000000089700000, 0x0000000089700000| Untracked 
| 152|0x0000000089800000, 0x0000000089800000, 0x0000000089900000|  0%| F|  |TAMS 0x0000000089800000, 0x0000000089800000| Untracked 
| 153|0x0000000089900000, 0x0000000089900000, 0x0000000089a00000|  0%| F|  |TAMS 0x0000000089900000, 0x0000000089900000| Untracked 
| 154|0x0000000089a00000, 0x0000000089a00000, 0x0000000089b00000|  0%| F|  |TAMS 0x0000000089a00000, 0x0000000089a00000| Untracked 
| 155|0x0000000089b00000, 0x0000000089b00000, 0x0000000089c00000|  0%| F|  |TAMS 0x0000000089b00000, 0x0000000089b00000| Untracked 
| 156|0x0000000089c00000, 0x0000000089c00000, 0x0000000089d00000|  0%| F|  |TAMS 0x0000000089c00000, 0x0000000089c00000| Untracked 
| 157|0x0000000089d00000, 0x0000000089d00000, 0x0000000089e00000|  0%| F|  |TAMS 0x0000000089d00000, 0x0000000089d00000| Untracked 
| 158|0x0000000089e00000, 0x0000000089e00000, 0x0000000089f00000|  0%| F|  |TAMS 0x0000000089e00000, 0x0000000089e00000| Untracked 
| 159|0x0000000089f00000, 0x0000000089f00000, 0x000000008a000000|  0%| F|  |TAMS 0x0000000089f00000, 0x0000000089f00000| Untracked 
| 160|0x000000008a000000, 0x000000008a000000, 0x000000008a100000|  0%| F|  |TAMS 0x000000008a000000, 0x000000008a000000| Untracked 
| 161|0x000000008a100000, 0x000000008a100000, 0x000000008a200000|  0%| F|  |TAMS 0x000000008a100000, 0x000000008a100000| Untracked 
| 162|0x000000008a200000, 0x000000008a200000, 0x000000008a300000|  0%| F|  |TAMS 0x000000008a200000, 0x000000008a200000| Untracked 
| 163|0x000000008a300000, 0x000000008a300000, 0x000000008a400000|  0%| F|  |TAMS 0x000000008a300000, 0x000000008a300000| Untracked 
| 164|0x000000008a400000, 0x000000008a400000, 0x000000008a500000|  0%| F|  |TAMS 0x000000008a400000, 0x000000008a400000| Untracked 
| 165|0x000000008a500000, 0x000000008a500000, 0x000000008a600000|  0%| F|  |TAMS 0x000000008a500000, 0x000000008a500000| Untracked 
| 166|0x000000008a600000, 0x000000008a600000, 0x000000008a700000|  0%| F|  |TAMS 0x000000008a600000, 0x000000008a600000| Untracked 
| 167|0x000000008a700000, 0x000000008a700000, 0x000000008a800000|  0%| F|  |TAMS 0x000000008a700000, 0x000000008a700000| Untracked 
| 168|0x000000008a800000, 0x000000008a800000, 0x000000008a900000|  0%| F|  |TAMS 0x000000008a800000, 0x000000008a800000| Untracked 
| 169|0x000000008a900000, 0x000000008a900000, 0x000000008aa00000|  0%| F|  |TAMS 0x000000008a900000, 0x000000008a900000| Untracked 
| 170|0x000000008aa00000, 0x000000008aa00000, 0x000000008ab00000|  0%| F|  |TAMS 0x000000008aa00000, 0x000000008aa00000| Untracked 
| 171|0x000000008ab00000, 0x000000008ab00000, 0x000000008ac00000|  0%| F|  |TAMS 0x000000008ab00000, 0x000000008ab00000| Untracked 
| 172|0x000000008ac00000, 0x000000008ac00000, 0x000000008ad00000|  0%| F|  |TAMS 0x000000008ac00000, 0x000000008ac00000| Untracked 
| 173|0x000000008ad00000, 0x000000008ad00000, 0x000000008ae00000|  0%| F|  |TAMS 0x000000008ad00000, 0x000000008ad00000| Untracked 
| 174|0x000000008ae00000, 0x000000008ae00000, 0x000000008af00000|  0%| F|  |TAMS 0x000000008ae00000, 0x000000008ae00000| Untracked 
| 175|0x000000008af00000, 0x000000008af00000, 0x000000008b000000|  0%| F|  |TAMS 0x000000008af00000, 0x000000008af00000| Untracked 
| 176|0x000000008b000000, 0x000000008b000000, 0x000000008b100000|  0%| F|  |TAMS 0x000000008b000000, 0x000000008b000000| Untracked 
| 177|0x000000008b100000, 0x000000008b100000, 0x000000008b200000|  0%| F|  |TAMS 0x000000008b100000, 0x000000008b100000| Untracked 
| 178|0x000000008b200000, 0x000000008b200000, 0x000000008b300000|  0%| F|  |TAMS 0x000000008b200000, 0x000000008b200000| Untracked 
| 179|0x000000008b300000, 0x000000008b300000, 0x000000008b400000|  0%| F|  |TAMS 0x000000008b300000, 0x000000008b300000| Untracked 
| 180|0x000000008b400000, 0x000000008b400000, 0x000000008b500000|  0%| F|  |TAMS 0x000000008b400000, 0x000000008b400000| Untracked 
| 181|0x000000008b500000, 0x000000008b500000, 0x000000008b600000|  0%| F|  |TAMS 0x000000008b500000, 0x000000008b500000| Untracked 
| 182|0x000000008b600000, 0x000000008b600000, 0x000000008b700000|  0%| F|  |TAMS 0x000000008b600000, 0x000000008b600000| Untracked 
| 183|0x000000008b700000, 0x000000008b700000, 0x000000008b800000|  0%| F|  |TAMS 0x000000008b700000, 0x000000008b700000| Untracked 
| 184|0x000000008b800000, 0x000000008b800000, 0x000000008b900000|  0%| F|  |TAMS 0x000000008b800000, 0x000000008b800000| Untracked 
| 185|0x000000008b900000, 0x000000008b900000, 0x000000008ba00000|  0%| F|  |TAMS 0x000000008b900000, 0x000000008b900000| Untracked 
| 186|0x000000008ba00000, 0x000000008ba00000, 0x000000008bb00000|  0%| F|  |TAMS 0x000000008ba00000, 0x000000008ba00000| Untracked 
| 187|0x000000008bb00000, 0x000000008bb00000, 0x000000008bc00000|  0%| F|  |TAMS 0x000000008bb00000, 0x000000008bb00000| Untracked 
| 188|0x000000008bc00000, 0x000000008bc00000, 0x000000008bd00000|  0%| F|  |TAMS 0x000000008bc00000, 0x000000008bc00000| Untracked 
| 189|0x000000008bd00000, 0x000000008bd00000, 0x000000008be00000|  0%| F|  |TAMS 0x000000008bd00000, 0x000000008bd00000| Untracked 
| 190|0x000000008be00000, 0x000000008be00000, 0x000000008bf00000|  0%| F|  |TAMS 0x000000008be00000, 0x000000008be00000| Untracked 
| 191|0x000000008bf00000, 0x000000008bf00000, 0x000000008c000000|  0%| F|  |TAMS 0x000000008bf00000, 0x000000008bf00000| Untracked 
| 192|0x000000008c000000, 0x000000008c000000, 0x000000008c100000|  0%| F|  |TAMS 0x000000008c000000, 0x000000008c000000| Untracked 
| 193|0x000000008c100000, 0x000000008c100000, 0x000000008c200000|  0%| F|  |TAMS 0x000000008c100000, 0x000000008c100000| Untracked 
| 194|0x000000008c200000, 0x000000008c200000, 0x000000008c300000|  0%| F|  |TAMS 0x000000008c200000, 0x000000008c200000| Untracked 
| 195|0x000000008c300000, 0x000000008c300000, 0x000000008c400000|  0%| F|  |TAMS 0x000000008c300000, 0x000000008c300000| Untracked 
| 196|0x000000008c400000, 0x000000008c400000, 0x000000008c500000|  0%| F|  |TAMS 0x000000008c400000, 0x000000008c400000| Untracked 
| 197|0x000000008c500000, 0x000000008c500000, 0x000000008c600000|  0%| F|  |TAMS 0x000000008c500000, 0x000000008c500000| Untracked 
| 198|0x000000008c600000, 0x000000008c600000, 0x000000008c700000|  0%| F|  |TAMS 0x000000008c600000, 0x000000008c600000| Untracked 
| 199|0x000000008c700000, 0x000000008c700000, 0x000000008c800000|  0%| F|  |TAMS 0x000000008c700000, 0x000000008c700000| Untracked 
| 200|0x000000008c800000, 0x000000008c878848, 0x000000008c900000| 47%| E|  |TAMS 0x000000008c800000, 0x000000008c800000| Complete 
| 201|0x000000008c900000, 0x000000008ca00000, 0x000000008ca00000|100%| E|CS|TAMS 0x000000008c900000, 0x000000008c900000| Complete 
| 202|0x000000008ca00000, 0x000000008cb00000, 0x000000008cb00000|100%| E|CS|TAMS 0x000000008ca00000, 0x000000008ca00000| Complete 
| 203|0x000000008cb00000, 0x000000008cc00000, 0x000000008cc00000|100%| E|CS|TAMS 0x000000008cb00000, 0x000000008cb00000| Complete 
| 204|0x000000008cc00000, 0x000000008cd00000, 0x000000008cd00000|100%| E|CS|TAMS 0x000000008cc00000, 0x000000008cc00000| Complete 
| 205|0x000000008cd00000, 0x000000008ce00000, 0x000000008ce00000|100%| E|CS|TAMS 0x000000008cd00000, 0x000000008cd00000| Complete 
| 206|0x000000008ce00000, 0x000000008cf00000, 0x000000008cf00000|100%| E|CS|TAMS 0x000000008ce00000, 0x000000008ce00000| Complete 
| 207|0x000000008cf00000, 0x000000008d000000, 0x000000008d000000|100%| E|CS|TAMS 0x000000008cf00000, 0x000000008cf00000| Complete 
| 208|0x000000008d000000, 0x000000008d100000, 0x000000008d100000|100%| E|CS|TAMS 0x000000008d000000, 0x000000008d000000| Complete 
| 209|0x000000008d100000, 0x000000008d200000, 0x000000008d200000|100%| E|CS|TAMS 0x000000008d100000, 0x000000008d100000| Complete 
| 210|0x000000008d200000, 0x000000008d300000, 0x000000008d300000|100%| E|CS|TAMS 0x000000008d200000, 0x000000008d200000| Complete 
| 211|0x000000008d300000, 0x000000008d400000, 0x000000008d400000|100%| E|CS|TAMS 0x000000008d300000, 0x000000008d300000| Complete 
| 212|0x000000008d400000, 0x000000008d500000, 0x000000008d500000|100%| E|CS|TAMS 0x000000008d400000, 0x000000008d400000| Complete 
| 213|0x000000008d500000, 0x000000008d600000, 0x000000008d600000|100%| E|CS|TAMS 0x000000008d500000, 0x000000008d500000| Complete 
| 214|0x000000008d600000, 0x000000008d700000, 0x000000008d700000|100%| E|CS|TAMS 0x000000008d600000, 0x000000008d600000| Complete 
| 215|0x000000008d700000, 0x000000008d800000, 0x000000008d800000|100%| E|CS|TAMS 0x000000008d700000, 0x000000008d700000| Complete 
| 216|0x000000008d800000, 0x000000008d900000, 0x000000008d900000|100%| E|CS|TAMS 0x000000008d800000, 0x000000008d800000| Complete 
| 217|0x000000008d900000, 0x000000008da00000, 0x000000008da00000|100%| E|CS|TAMS 0x000000008d900000, 0x000000008d900000| Complete 
| 218|0x000000008da00000, 0x000000008db00000, 0x000000008db00000|100%| E|CS|TAMS 0x000000008da00000, 0x000000008da00000| Complete 
| 219|0x000000008db00000, 0x000000008dc00000, 0x000000008dc00000|100%| E|CS|TAMS 0x000000008db00000, 0x000000008db00000| Complete 
| 220|0x000000008dc00000, 0x000000008dd00000, 0x000000008dd00000|100%| E|CS|TAMS 0x000000008dc00000, 0x000000008dc00000| Complete 
| 221|0x000000008dd00000, 0x000000008de00000, 0x000000008de00000|100%| E|CS|TAMS 0x000000008dd00000, 0x000000008dd00000| Complete 
| 222|0x000000008de00000, 0x000000008df00000, 0x000000008df00000|100%| E|CS|TAMS 0x000000008de00000, 0x000000008de00000| Complete 
| 223|0x000000008df00000, 0x000000008e000000, 0x000000008e000000|100%| E|CS|TAMS 0x000000008df00000, 0x000000008df00000| Complete 
| 224|0x000000008e000000, 0x000000008e100000, 0x000000008e100000|100%| E|CS|TAMS 0x000000008e000000, 0x000000008e000000| Complete 
| 225|0x000000008e100000, 0x000000008e200000, 0x000000008e200000|100%| E|CS|TAMS 0x000000008e100000, 0x000000008e100000| Complete 
| 226|0x000000008e200000, 0x000000008e300000, 0x000000008e300000|100%| E|CS|TAMS 0x000000008e200000, 0x000000008e200000| Complete 
| 227|0x000000008e300000, 0x000000008e400000, 0x000000008e400000|100%| E|CS|TAMS 0x000000008e300000, 0x000000008e300000| Complete 

Card table byte_map: [0x000001eb17180000,0x000001eb17580000] _byte_map_base: 0x000001eb16d80000

Marking Bits (Prev, Next): (CMBitMap*) 0x000001eb03ec9630, (CMBitMap*) 0x000001eb03ec95f8
 Prev Bits: [0x000001eb19980000, 0x000001eb1b980000)
 Next Bits: [0x000001eb17980000, 0x000001eb19980000)

Polling page: 0x000001eb025e0000

Metaspace:

Usage:
  Non-class:     69.71 MB capacity,    68.49 MB ( 98%) used,     1.02 MB (  1%) free+waste,   207.31 KB ( <1%) overhead. 
      Class:     10.85 MB capacity,    10.15 MB ( 94%) used,   620.41 KB (  6%) free+waste,    95.81 KB ( <1%) overhead. 
       Both:     80.56 MB capacity,    78.64 MB ( 98%) used,     1.62 MB (  2%) free+waste,   303.13 KB ( <1%) overhead. 

Virtual space:
  Non-class space:       70.00 MB reserved,      69.79 MB (>99%) committed 
      Class space:        1.00 GB reserved,      10.88 MB (  1%) committed 
             Both:        1.07 GB reserved,      80.66 MB (  7%) committed 

Chunk freelists:
   Non-Class:  15.00 KB
       Class:  0 bytes
        Both:  15.00 KB

MaxMetaspaceSize: 17179869184.00 GB
CompressedClassSpaceSize: 1.00 GB

CodeHeap 'non-profiled nmethods': size=120064Kb used=4318Kb max_used=4318Kb free=115745Kb
 bounds [0x000001eb0f440000, 0x000001eb0f880000, 0x000001eb16980000]
CodeHeap 'profiled nmethods': size=120000Kb used=16496Kb max_used=16496Kb free=103503Kb
 bounds [0x000001eb07f10000, 0x000001eb08f30000, 0x000001eb0f440000]
CodeHeap 'non-nmethods': size=5696Kb used=2273Kb max_used=2328Kb free=3422Kb
 bounds [0x000001eb07980000, 0x000001eb07bf0000, 0x000001eb07f10000]
 total_blobs=8395 nmethods=7521 adapters=783
 compilation: enabled
              stopped_count=0, restarted_count=0
 full_count=0

Compilation events (20 events):
Event: 21.256 Thread 0x000001eb1e605800 7524       3       org.gradle.api.internal.changedetection.state.CachingFileHasher$FileInfoSerializer::read (6 bytes)
Event: 21.256 Thread 0x000001eb1e605800 nmethod 7524 0x000001eb08f24610 code [0x000001eb08f247c0, 0x000001eb08f24908]
Event: 21.256 Thread 0x000001eb1e605800 7525       3       org.gradle.api.internal.changedetection.state.CachingFileHasher$FileInfo::<init> (21 bytes)
Event: 21.257 Thread 0x000001eb1e605800 nmethod 7525 0x000001eb08f24990 code [0x000001eb08f24b40, 0x000001eb08f24cf8]
Event: 21.257 Thread 0x000001eb1e605800 7526       3       java.util.ArrayDeque$DeqSpliterator::getFence (35 bytes)
Event: 21.257 Thread 0x000001eb1e605800 nmethod 7526 0x000001eb08f24e10 code [0x000001eb08f24fc0, 0x000001eb08f25118]
Event: 21.259 Thread 0x000001eb1e605800 7527       3       com.google.common.collect.RegularImmutableSortedSet::size (8 bytes)
Event: 21.259 Thread 0x000001eb1e605800 nmethod 7527 0x000001eb08f25210 code [0x000001eb08f253c0, 0x000001eb08f25588]
Event: 21.260 Thread 0x000001eb1e605800 7528       3       java.util.AbstractList$RandomAccessSpliterator::estimateSize (11 bytes)
Event: 21.260 Thread 0x000001eb1e605800 nmethod 7528 0x000001eb08f25690 code [0x000001eb08f25840, 0x000001eb08f25988]
Event: 21.260 Thread 0x000001eb1e605800 7529       3       java.util.AbstractList$RandomAccessSpliterator::checkAbstractListModCount (21 bytes)
Event: 21.260 Thread 0x000001eb1e605800 nmethod 7529 0x000001eb08f25a10 code [0x000001eb08f25be0, 0x000001eb08f25e08]
Event: 21.261 Thread 0x000001eb1e605800 7531   !   3       java.util.concurrent.LinkedBlockingQueue::take (91 bytes)
Event: 21.262 Thread 0x000001eb1e605800 nmethod 7531 0x000001eb08f25f10 code [0x000001eb08f262a0, 0x000001eb08f27908]
Event: 21.262 Thread 0x000001eb1e605800 7532       3       java.util.concurrent.locks.AbstractQueuedSynchronizer$ConditionObject::await (98 bytes)
Event: 21.263 Thread 0x000001eb1e605800 nmethod 7532 0x000001eb08f28390 code [0x000001eb08f286c0, 0x000001eb08f29898]
Event: 21.282 Thread 0x000001eb1e605800 7533       3       com.google.common.util.concurrent.AbstractFuture::get (167 bytes)
Event: 21.284 Thread 0x000001eb1e605800 nmethod 7533 0x000001eb08f29f90 code [0x000001eb08f2a2c0, 0x000001eb08f2b7c8]
Event: 21.284 Thread 0x000001eb1e605800 7534       3       com.google.common.base.Stopwatch::elapsedNanos (32 bytes)
Event: 21.284 Thread 0x000001eb1e605800 nmethod 7534 0x000001eb08f2bd90 code [0x000001eb08f2bf60, 0x000001eb08f2c1a8]

GC Heap History (20 events):
Event: 3.883 GC heap before
{Heap before GC invocations=5 (full 0):
 garbage-first heap   total 233472K, used 43595K [0x0000000080000000, 0x0000000100000000)
  region size 1024K, 33 young (33792K), 4 survivors (4096K)
 Metaspace       used 18221K, capacity 18603K, committed 18688K, reserved 1064960K
  class space    used 2164K, capacity 2302K, committed 2304K, reserved 1048576K
}
Event: 3.891 GC heap after
{Heap after GC invocations=6 (full 0):
 garbage-first heap   total 233472K, used 16424K [0x0000000080000000, 0x0000000100000000)
  region size 1024K, 3 young (3072K), 3 survivors (3072K)
 Metaspace       used 18221K, capacity 18603K, committed 18688K, reserved 1064960K
  class space    used 2164K, capacity 2302K, committed 2304K, reserved 1048576K
}
Event: 4.207 GC heap before
{Heap before GC invocations=6 (full 0):
 garbage-first heap   total 233472K, used 34856K [0x0000000080000000, 0x0000000100000000)
  region size 1024K, 22 young (22528K), 3 survivors (3072K)
 Metaspace       used 20663K, capacity 21150K, committed 21296K, reserved 1069056K
  class space    used 2513K, capacity 2688K, committed 2688K, reserved 1048576K
}
Event: 4.213 GC heap after
{Heap after GC invocations=7 (full 0):
 garbage-first heap   total 233472K, used 16991K [0x0000000080000000, 0x0000000100000000)
  region size 1024K, 3 young (3072K), 3 survivors (3072K)
 Metaspace       used 20663K, capacity 21150K, committed 21296K, reserved 1069056K
  class space    used 2513K, capacity 2688K, committed 2688K, reserved 1048576K
}
Event: 5.310 GC heap before
{Heap before GC invocations=8 (full 0):
 garbage-first heap   total 233472K, used 57951K [0x0000000080000000, 0x0000000100000000)
  region size 1024K, 43 young (44032K), 3 survivors (3072K)
 Metaspace       used 24876K, capacity 25434K, committed 25648K, reserved 1071104K
  class space    used 3210K, capacity 3418K, committed 3456K, reserved 1048576K
}
Event: 5.317 GC heap after
{Heap after GC invocations=9 (full 0):
 garbage-first heap   total 233472K, used 18280K [0x0000000080000000, 0x0000000100000000)
  region size 1024K, 5 young (5120K), 5 survivors (5120K)
 Metaspace       used 24876K, capacity 25434K, committed 25648K, reserved 1071104K
  class space    used 3210K, capacity 3418K, committed 3456K, reserved 1048576K
}
Event: 6.864 GC heap before
{Heap before GC invocations=9 (full 0):
 garbage-first heap   total 233472K, used 77672K [0x0000000080000000, 0x0000000100000000)
  region size 1024K, 63 young (64512K), 5 survivors (5120K)
 Metaspace       used 32419K, capacity 33176K, committed 33456K, reserved 1079296K
  class space    used 4222K, capacity 4510K, committed 4608K, reserved 1048576K
}
Event: 6.875 GC heap after
{Heap after GC invocations=10 (full 0):
 garbage-first heap   total 233472K, used 21241K [0x0000000080000000, 0x0000000100000000)
  region size 1024K, 5 young (5120K), 5 survivors (5120K)
 Metaspace       used 32419K, capacity 33176K, committed 33456K, reserved 1079296K
  class space    used 4222K, capacity 4510K, committed 4608K, reserved 1048576K
}
Event: 7.066 GC heap before
{Heap before GC invocations=10 (full 0):
 garbage-first heap   total 233472K, used 27385K [0x0000000080000000, 0x0000000100000000)
  region size 1024K, 13 young (13312K), 5 survivors (5120K)
 Metaspace       used 34838K, capacity 35606K, committed 35708K, reserved 1081344K
  class space    used 4528K, capacity 4832K, committed 4864K, reserved 1048576K
}
Event: 7.074 GC heap after
{Heap after GC invocations=11 (full 0):
 garbage-first heap   total 233472K, used 23189K [0x0000000080000000, 0x0000000100000000)
  region size 1024K, 7 young (7168K), 7 survivors (7168K)
 Metaspace       used 34838K, capacity 35606K, committed 35708K, reserved 1081344K
  class space    used 4528K, capacity 4832K, committed 4864K, reserved 1048576K
}
Event: 9.332 GC heap before
{Heap before GC invocations=12 (full 0):
 garbage-first heap   total 233472K, used 104085K [0x0000000080000000, 0x0000000100000000)
  region size 1024K, 84 young (86016K), 7 survivors (7168K)
 Metaspace       used 41132K, capacity 42141K, committed 42492K, reserved 1085440K
  class space    used 5295K, capacity 5634K, committed 5760K, reserved 1048576K
}
Event: 9.351 GC heap after
{Heap after GC invocations=13 (full 0):
 garbage-first heap   total 233472K, used 27357K [0x0000000080000000, 0x0000000100000000)
  region size 1024K, 9 young (9216K), 9 survivors (9216K)
 Metaspace       used 41132K, capacity 42141K, committed 42492K, reserved 1085440K
  class space    used 5295K, capacity 5634K, committed 5760K, reserved 1048576K
}
Event: 12.502 GC heap before
{Heap before GC invocations=13 (full 0):
 garbage-first heap   total 233472K, used 139997K [0x0000000080000000, 0x0000000100000000)
  region size 1024K, 115 young (117760K), 9 survivors (9216K)
 Metaspace       used 49154K, capacity 50487K, committed 50684K, reserved 1093632K
  class space    used 6257K, capacity 6714K, committed 6784K, reserved 1048576K
}
Event: 12.527 GC heap after
{Heap after GC invocations=14 (full 0):
 garbage-first heap   total 233472K, used 40960K [0x0000000080000000, 0x0000000100000000)
  region size 1024K, 15 young (15360K), 15 survivors (15360K)
 Metaspace       used 49154K, capacity 50487K, committed 50684K, reserved 1093632K
  class space    used 6257K, capacity 6714K, committed 6784K, reserved 1048576K
}
Event: 14.086 GC heap before
{Heap before GC invocations=14 (full 0):
 garbage-first heap   total 233472K, used 99328K [0x0000000080000000, 0x0000000100000000)
  region size 1024K, 73 young (74752K), 15 survivors (15360K)
 Metaspace       used 58441K, capacity 59832K, committed 59940K, reserved 1101824K
  class space    used 7349K, capacity 7863K, committed 7936K, reserved 1048576K
}
Event: 14.109 GC heap after
{Heap after GC invocations=15 (full 0):
 garbage-first heap   total 233472K, used 43520K [0x0000000080000000, 0x0000000100000000)
  region size 1024K, 3 young (3072K), 3 survivors (3072K)
 Metaspace       used 58441K, capacity 59832K, committed 59940K, reserved 1101824K
  class space    used 7349K, capacity 7863K, committed 7936K, reserved 1048576K
}
Event: 16.894 GC heap before
{Heap before GC invocations=16 (full 0):
 garbage-first heap   total 233472K, used 141824K [0x0000000080000000, 0x0000000100000000)
  region size 1024K, 99 young (101376K), 3 survivors (3072K)
 Metaspace       used 66674K, capacity 68239K, committed 68516K, reserved 1110016K
  class space    used 8432K, capacity 8986K, committed 9088K, reserved 1048576K
}
Event: 16.912 GC heap after
{Heap after GC invocations=17 (full 0):
 garbage-first heap   total 233472K, used 51664K [0x0000000080000000, 0x0000000100000000)
  region size 1024K, 11 young (11264K), 11 survivors (11264K)
 Metaspace       used 66674K, capacity 68239K, committed 68516K, reserved 1110016K
  class space    used 8432K, capacity 8986K, committed 9088K, reserved 1048576K
}
Event: 19.947 GC heap before
{Heap before GC invocations=17 (full 0):
 garbage-first heap   total 233472K, used 152016K [0x0000000080000000, 0x0000000100000000)
  region size 1024K, 109 young (111616K), 11 survivors (11264K)
 Metaspace       used 77514K, capacity 79365K, committed 79652K, reserved 1118208K
  class space    used 10012K, capacity 10699K, committed 10752K, reserved 1048576K
}
Event: 19.973 GC heap after
{Heap after GC invocations=18 (full 0):
 garbage-first heap   total 233472K, used 57595K [0x0000000080000000, 0x0000000100000000)
  region size 1024K, 6 young (6144K), 6 survivors (6144K)
 Metaspace       used 77514K, capacity 79365K, committed 79652K, reserved 1118208K
  class space    used 10012K, capacity 10699K, committed 10752K, reserved 1048576K
}

Deoptimization events (20 events):
Event: 21.082 Thread 0x000001eb2130d000 DEOPT PACKING pc=0x000001eb0f72aeb8 sp=0x0000006ca99fe3d0
Event: 21.082 Thread 0x000001eb2130d000 DEOPT UNPACKING pc=0x000001eb079a78af sp=0x0000006ca99fe350 mode 2
Event: 21.082 Thread 0x000001eb2130d000 Uncommon trap: trap_request=0xffffffc6 fr.pc=0x000001eb0f72aeb8 relative=0x0000000000000798
Event: 21.082 Thread 0x000001eb2130d000 Uncommon trap: reason=bimorphic_or_optimized_type_check action=maybe_recompile pc=0x000001eb0f72aeb8 method=java.util.Arrays.binarySearch0([Ljava/lang/Object;IILjava/lang/Object;Ljava/util/Comparator;)I @ 48 c2
Event: 21.082 Thread 0x000001eb2130d000 DEOPT PACKING pc=0x000001eb0f72aeb8 sp=0x0000006ca99fe3d0
Event: 21.082 Thread 0x000001eb2130d000 DEOPT UNPACKING pc=0x000001eb079a78af sp=0x0000006ca99fe350 mode 2
Event: 21.115 Thread 0x000001eb204ec800 Uncommon trap: trap_request=0xffffff4d fr.pc=0x000001eb0f6a1604 relative=0x00000000000001c4
Event: 21.115 Thread 0x000001eb204ec800 Uncommon trap: reason=unstable_if action=reinterpret pc=0x000001eb0f6a1604 method=java.util.concurrent.locks.ReentrantLock$Sync.nonfairTryAcquire(I)Z @ 34 c2
Event: 21.115 Thread 0x000001eb204ec800 DEOPT PACKING pc=0x000001eb0f6a1604 sp=0x0000006ca80ff1a0
Event: 21.115 Thread 0x000001eb204ec800 DEOPT UNPACKING pc=0x000001eb079a78af sp=0x0000006ca80ff018 mode 2
Event: 21.115 Thread 0x000001eb204ec800 Uncommon trap: trap_request=0xffffff4d fr.pc=0x000001eb0f69bd28 relative=0x0000000000000188
Event: 21.115 Thread 0x000001eb204ec800 Uncommon trap: reason=unstable_if action=reinterpret pc=0x000001eb0f69bd28 method=java.util.concurrent.locks.ReentrantLock$Sync.nonfairTryAcquire(I)Z @ 34 c2
Event: 21.115 Thread 0x000001eb204ec800 DEOPT PACKING pc=0x000001eb0f69bd28 sp=0x0000006ca80fefe0
Event: 21.115 Thread 0x000001eb204ec800 DEOPT UNPACKING pc=0x000001eb079a78af sp=0x0000006ca80fef18 mode 2
Event: 21.115 Thread 0x000001eb204ec800 Uncommon trap: trap_request=0xffffff4d fr.pc=0x000001eb0f698528 relative=0x0000000000000188
Event: 21.115 Thread 0x000001eb204ec800 Uncommon trap: reason=unstable_if action=reinterpret pc=0x000001eb0f698528 method=java.util.concurrent.locks.ReentrantLock$Sync.nonfairTryAcquire(I)Z @ 34 c2
Event: 21.115 Thread 0x000001eb204ec800 DEOPT PACKING pc=0x000001eb0f698528 sp=0x0000006ca80fef50
Event: 21.115 Thread 0x000001eb204ec800 DEOPT UNPACKING pc=0x000001eb079a78af sp=0x0000006ca80fef00 mode 2
Event: 21.261 Thread 0x000001eb2130d800 DEOPT PACKING pc=0x000001eb08e0b8ba sp=0x0000006ca98fdb00
Event: 21.261 Thread 0x000001eb2130d800 DEOPT UNPACKING pc=0x000001eb079a76ce sp=0x0000006ca98fd048 mode 0

Classes redefined (0 events):
No events

Internal exceptions (20 events):
Event: 18.954 Thread 0x000001eb1f856000 Exception <a 'sun/nio/fs/WindowsException'{0x000000008a376590}> (0x000000008a376590) thrown at [./src/hotspot/share/prims/jni.cpp, line 615]
Event: 18.954 Thread 0x000001eb1f856000 Exception <a 'sun/nio/fs/WindowsException'{0x000000008a377660}> (0x000000008a377660) thrown at [./src/hotspot/share/prims/jni.cpp, line 615]
Event: 18.954 Thread 0x000001eb1f856000 Exception <a 'sun/nio/fs/WindowsException'{0x000000008a378780}> (0x000000008a378780) thrown at [./src/hotspot/share/prims/jni.cpp, line 615]
Event: 18.954 Thread 0x000001eb1f856000 Exception <a 'sun/nio/fs/WindowsException'{0x000000008a3798a0}> (0x000000008a3798a0) thrown at [./src/hotspot/share/prims/jni.cpp, line 615]
Event: 19.600 Thread 0x000001eb1f856000 Exception <a 'java/lang/NoSuchMethodError'{0x0000000088c07180}: 'java.lang.Object java.lang.invoke.Invokers$Holder.linkToTargetMethod(java.lang.Object, int, int, java.lang.Object)'> (0x0000000088c07180) thrown at [./src/hotspot/share/interpreter/linkResolver.cpp, line 773]
Event: 20.300 Thread 0x000001eb1f856000 Exception <a 'java/lang/NoSuchMethodError'{0x000000008daf8a48}: <clinit>> (0x000000008daf8a48) thrown at [./src/hotspot/share/prims/jni.cpp, line 1362]
Event: 20.305 Thread 0x000001eb1f856000 Exception <a 'java/lang/NoSuchMethodError'{0x000000008d92f128}: <clinit>> (0x000000008d92f128) thrown at [./src/hotspot/share/prims/jni.cpp, line 1362]
Event: 20.406 Thread 0x000001eb1f856000 Exception <a 'sun/nio/fs/WindowsException'{0x000000008d736b80}> (0x000000008d736b80) thrown at [./src/hotspot/share/prims/jni.cpp, line 615]
Event: 20.766 Thread 0x000001eb20140800 Exception <a 'java/lang/NoSuchMethodError'{0x000000008d303368}: <clinit>> (0x000000008d303368) thrown at [./src/hotspot/share/prims/jni.cpp, line 1362]
Event: 20.767 Thread 0x000001eb20140800 Exception <a 'java/lang/NoSuchMethodError'{0x000000008d30cc18}: <clinit>> (0x000000008d30cc18) thrown at [./src/hotspot/share/prims/jni.cpp, line 1362]
Event: 20.783 Thread 0x000001eb20140800 Exception <a 'java/lang/NoSuchMethodError'{0x000000008d397740}: <clinit>> (0x000000008d397740) thrown at [./src/hotspot/share/prims/jni.cpp, line 1362]
Event: 20.785 Thread 0x000001eb20140800 Exception <a 'java/lang/NoSuchMethodError'{0x000000008d3c7cc0}: <clinit>> (0x000000008d3c7cc0) thrown at [./src/hotspot/share/prims/jni.cpp, line 1362]
Event: 20.785 Thread 0x000001eb20140800 Exception <a 'java/lang/NoSuchMethodError'{0x000000008d3c8fb0}: <clinit>> (0x000000008d3c8fb0) thrown at [./src/hotspot/share/prims/jni.cpp, line 1362]
Event: 20.823 Thread 0x000001eb2130b000 Exception <a 'java/lang/NoSuchMethodError'{0x000000008d1c8188}: <clinit>> (0x000000008d1c8188) thrown at [./src/hotspot/share/prims/jni.cpp, line 1362]
Event: 20.825 Thread 0x000001eb2130b000 Exception <a 'java/lang/NoSuchMethodError'{0x000000008d1dc558}: <clinit>> (0x000000008d1dc558) thrown at [./src/hotspot/share/prims/jni.cpp, line 1362]
Event: 20.827 Thread 0x000001eb2130b000 Exception <a 'java/lang/NoSuchMethodError'{0x000000008d1f57e0}: <clinit>> (0x000000008d1f57e0) thrown at [./src/hotspot/share/prims/jni.cpp, line 1362]
Event: 21.105 Thread 0x000001eb20140800 Exception <a 'java/lang/NoSuchMethodError'{0x000000008cd88f68}: <clinit>> (0x000000008cd88f68) thrown at [./src/hotspot/share/prims/jni.cpp, line 1362]
Event: 21.136 Thread 0x000001eb1f856000 Exception <a 'java/lang/NoSuchMethodError'{0x000000008cd530c8}: 'java.lang.Object java.lang.invoke.Invokers$Holder.linkToTargetMethod(java.lang.Object, java.lang.Object, java.lang.Object, int, java.lang.Object, java.lang.Object)'> (0x000000008cd530c8) thrown at [./src/hotspot/share/interpreter/linkResolver.cpp, line 773]
Event: 21.153 Thread 0x000001eb1f856000 Exception <a 'java/lang/IncompatibleClassChangeError'{0x000000008cdcdaa0}: Found class java.lang.Object, but interface was expected> (0x000000008cdcdaa0) thrown at [./src/hotspot/share/interpreter/linkResolver.cpp, line 839]
Event: 21.197 Thread 0x000001eb1f856000 Exception <a 'java/lang/NoSuchMethodError'{0x000000008cbd6cb0}: 'int java.lang.invoke.DirectMethodHandle$Holder.invokeStaticInit(java.lang.Object, java.lang.Object, java.lang.Object, java.lang.Object, java.lang.Object)'> (0x000000008cbd6cb0) thrown at [./src/hotspot/share/interpreter/linkResolver.cpp, line 773]

Events (20 events):
Event: 21.244 loading class org/gradle/api/internal/artifacts/ivyservice/dependencysubstitution/ArtifactSelectionDetailsInternal
Event: 21.244 loading class org/gradle/api/internal/artifacts/ivyservice/dependencysubstitution/ArtifactSelectionDetailsInternal done
Event: 21.245 loading class org/gradle/api/artifacts/ArtifactSelectionDetails
Event: 21.245 loading class org/gradle/api/artifacts/ArtifactSelectionDetails done
Event: 21.245 loading class org/gradle/api/internal/artifacts/ivyservice/dependencysubstitution/DefaultDependencySubstitutions$ModuleMatchDependencySubstitutionAction
Event: 21.245 loading class org/gradle/api/internal/artifacts/ivyservice/dependencysubstitution/DefaultDependencySubstitutions$ModuleMatchDependencySubstitutionAction done
Event: 21.245 loading class org/gradle/api/internal/artifacts/ivyservice/dependencysubstitution/DefaultDependencySubstitutions$AbstractDependencySubstitutionAction
Event: 21.245 loading class org/gradle/api/internal/artifacts/ivyservice/dependencysubstitution/DefaultDependencySubstitutions$AbstractDependencySubstitutionAction done
Event: 21.245 loading class org/gradle/api/Action
Event: 21.245 loading class org/gradle/api/Action done
Event: 21.245 loading class org/gradle/api/Action
Event: 21.245 loading class org/gradle/api/Action done
Event: 21.245 loading class org/gradle/api/internal/artifacts/ivyservice/dependencysubstitution/DefaultDependencySubstitutions$1
Event: 21.245 loading class org/gradle/api/internal/artifacts/ivyservice/dependencysubstitution/DefaultDependencySubstitutions$1 done
Event: 21.254 Executing VM operation: RevokeBias
Event: 21.254 Executing VM operation: RevokeBias done
Event: 21.257 loading class org/gradle/internal/snapshot/FileSystemNode
Event: 21.257 loading class org/gradle/internal/snapshot/FileSystemNode done
Event: 21.290 loading class org/gradle/internal/execution/history/impl/FingerprintMapSerializer$1
Event: 21.290 loading class org/gradle/internal/execution/history/impl/FingerprintMapSerializer$1 done


Dynamic libraries:
0x00007ff6d3b70000 - 0x00007ff6d3b7a000 	E:\Android Studio\jre\bin\java.exe
0x00007ffdfe610000 - 0x00007ffdfe805000 	C:\WINDOWS\SYSTEM32\ntdll.dll
0x00007ffdfd050000 - 0x00007ffdfd10e000 	C:\WINDOWS\System32\KERNEL32.DLL
0x00007ffdfbfb0000 - 0x00007ffdfc278000 	C:\WINDOWS\System32\KERNELBASE.dll
0x00007ffdfbd80000 - 0x00007ffdfbe80000 	C:\WINDOWS\System32\ucrtbase.dll
0x00007ffde83b0000 - 0x00007ffde83c9000 	E:\Android Studio\jre\bin\jli.dll
0x00007ffdfe300000 - 0x00007ffdfe4a0000 	C:\WINDOWS\System32\USER32.dll
0x00007ffdfc610000 - 0x00007ffdfc632000 	C:\WINDOWS\System32\win32u.dll
0x00007ffdfd020000 - 0x00007ffdfd04b000 	C:\WINDOWS\System32\GDI32.dll
0x00007ffdfc280000 - 0x00007ffdfc38b000 	C:\WINDOWS\System32\gdi32full.dll
0x00007ffdfbe80000 - 0x00007ffdfbf1d000 	C:\WINDOWS\System32\msvcp_win.dll
0x00007ffde16c0000 - 0x00007ffde16d7000 	E:\Android Studio\jre\bin\VCRUNTIME140.dll
0x00007ffdefb00000 - 0x00007ffdefd9a000 	C:\WINDOWS\WinSxS\amd64_microsoft.windows.common-controls_6595b64144ccf1df_6.0.19041.1110_none_60b5254171f9507e\COMCTL32.dll
0x00007ffdfcb90000 - 0x00007ffdfcc2e000 	C:\WINDOWS\System32\msvcrt.dll
0x00007ffdfce00000 - 0x00007ffdfce30000 	C:\WINDOWS\System32\IMM32.DLL
0x00007ffdcd400000 - 0x00007ffdcd49d000 	E:\Android Studio\jre\bin\msvcp140.dll
0x00007ffd78ca0000 - 0x00007ffd7976f000 	E:\Android Studio\jre\bin\server\jvm.dll
0x00007ffdfd230000 - 0x00007ffdfd2de000 	C:\WINDOWS\System32\ADVAPI32.dll
0x00007ffdfce30000 - 0x00007ffdfcecc000 	C:\WINDOWS\System32\sechost.dll
0x00007ffdfe4a0000 - 0x00007ffdfe5c5000 	C:\WINDOWS\System32\RPCRT4.dll
0x00007ffdfd470000 - 0x00007ffdfd478000 	C:\WINDOWS\System32\PSAPI.DLL
0x00007ffdf6ef0000 - 0x00007ffdf6ef9000 	C:\WINDOWS\SYSTEM32\WSOCK32.dll
0x00007ffde4800000 - 0x00007ffde4827000 	C:\WINDOWS\SYSTEM32\WINMM.dll
0x00007ffdf4770000 - 0x00007ffdf477a000 	C:\WINDOWS\SYSTEM32\VERSION.dll
0x00007ffdfcfb0000 - 0x00007ffdfd01b000 	C:\WINDOWS\System32\WS2_32.dll
0x00007ffdf9b80000 - 0x00007ffdf9b92000 	C:\WINDOWS\SYSTEM32\kernel.appcore.dll
0x00007ffdecba0000 - 0x00007ffdecbb1000 	E:\Android Studio\jre\bin\verify.dll
0x00007ffdf3520000 - 0x00007ffdf3704000 	C:\WINDOWS\SYSTEM32\DBGHELP.DLL
0x00007ffdf3780000 - 0x00007ffdf37ac000 	C:\WINDOWS\SYSTEM32\dbgcore.DLL
0x00007ffdfbf20000 - 0x00007ffdfbfa2000 	C:\WINDOWS\System32\bcryptPrimitives.dll
0x00007ffdeae50000 - 0x00007ffdeae79000 	E:\Android Studio\jre\bin\java.dll
0x00007ffdf6ee0000 - 0x00007ffdf6eeb000 	E:\Android Studio\jre\bin\jimage.dll
0x00007ffde8540000 - 0x00007ffde8558000 	E:\Android Studio\jre\bin\zip.dll
0x00007ffdfd5c0000 - 0x00007ffdfdd04000 	C:\WINDOWS\System32\SHELL32.dll
0x00007ffdf9e60000 - 0x00007ffdfa5f4000 	C:\WINDOWS\SYSTEM32\windows.storage.dll
0x00007ffdfdd90000 - 0x00007ffdfe0e4000 	C:\WINDOWS\System32\combase.dll
0x00007ffdfb6c0000 - 0x00007ffdfb6ec000 	C:\WINDOWS\SYSTEM32\Wldp.dll
0x00007ffdfc670000 - 0x00007ffdfc71d000 	C:\WINDOWS\System32\SHCORE.dll
0x00007ffdfcf50000 - 0x00007ffdfcfa5000 	C:\WINDOWS\System32\shlwapi.dll
0x00007ffdfbc70000 - 0x00007ffdfbc8f000 	C:\WINDOWS\SYSTEM32\profapi.dll
0x00007ffde8520000 - 0x00007ffde853a000 	E:\Android Studio\jre\bin\net.dll
0x00007ffdf1870000 - 0x00007ffdf1979000 	C:\WINDOWS\SYSTEM32\WINHTTP.dll
0x00007ffdfb420000 - 0x00007ffdfb48a000 	C:\WINDOWS\system32\mswsock.dll
0x00007ffde80f0000 - 0x00007ffde8104000 	E:\Android Studio\jre\bin\nio.dll
0x00007ffdd2650000 - 0x00007ffdd2677000 	C:\Users\Jaen\.gradle\native\8bec1ad78214c89d9ad589b4d07fe93259594b29d510b10fafb7a158f7737e5d\windows-amd64\native-platform.dll
0x00007ffdc8e80000 - 0x00007ffdc8fbd000 	C:\Users\Jaen\.gradle\native\53dbd7edfb1c66fb8903c78663c9afc45aea4f116125fa6feffd364cf09443e8\windows-amd64\native-platform-file-events.dll
0x00007ffdee400000 - 0x00007ffdee40a000 	E:\Android Studio\jre\bin\management.dll
0x00007ffded4f0000 - 0x00007ffded4fc000 	E:\Android Studio\jre\bin\management_ext.dll
0x00007ffdfb610000 - 0x00007ffdfb628000 	C:\WINDOWS\SYSTEM32\CRYPTSP.dll
0x00007ffdfada0000 - 0x00007ffdfadd4000 	C:\WINDOWS\system32\rsaenh.dll
0x00007ffdfc640000 - 0x00007ffdfc667000 	C:\WINDOWS\System32\bcrypt.dll
0x00007ffdfbc30000 - 0x00007ffdfbc5e000 	C:\WINDOWS\SYSTEM32\USERENV.dll
0x00007ffdfb630000 - 0x00007ffdfb63c000 	C:\WINDOWS\SYSTEM32\CRYPTBASE.dll
0x00007ffdfb110000 - 0x00007ffdfb14b000 	C:\WINDOWS\SYSTEM32\IPHLPAPI.DLL
0x00007ffdfd5b0000 - 0x00007ffdfd5b8000 	C:\WINDOWS\System32\NSI.dll
0x00007ffdf49c0000 - 0x00007ffdf49d7000 	C:\WINDOWS\SYSTEM32\dhcpcsvc6.DLL
0x00007ffdf4940000 - 0x00007ffdf495d000 	C:\WINDOWS\SYSTEM32\dhcpcsvc.DLL
0x00007ffdfb150000 - 0x00007ffdfb21a000 	C:\WINDOWS\SYSTEM32\DNSAPI.dll

dbghelp: loaded successfully - version: 4.0.5 - missing functions: none
symbol engine: initialized successfully - sym options: 0x614 - pdb path: .;E:\Android Studio\jre\bin;C:\WINDOWS\SYSTEM32;C:\WINDOWS\WinSxS\amd64_microsoft.windows.common-controls_6595b64144ccf1df_6.0.19041.1110_none_60b5254171f9507e;E:\Android Studio\jre\bin\server;C:\Users\Jaen\.gradle\native\8bec1ad78214c89d9ad589b4d07fe93259594b29d510b10fafb7a158f7737e5d\windows-amd64;C:\Users\Jaen\.gradle\native\53dbd7edfb1c66fb8903c78663c9afc45aea4f116125fa6feffd364cf09443e8\windows-amd64

VM Arguments:
jvm_args: --add-opens=java.base/java.util=ALL-UNNAMED --add-opens=java.base/java.lang=ALL-UNNAMED --add-opens=java.base/java.lang.invoke=ALL-UNNAMED --add-opens=java.base/java.util=ALL-UNNAMED --add-opens=java.prefs/java.util.prefs=ALL-UNNAMED --add-opens=java.prefs/java.util.prefs=ALL-UNNAMED --add-opens=java.base/java.nio.charset=ALL-UNNAMED --add-opens=java.base/java.net=ALL-UNNAMED --add-opens=java.base/java.util.concurrent.atomic=ALL-UNNAMED -Xmx2048m -Dfile.encoding=UTF-8 -Duser.country=US -Duser.language=en -Duser.variant 
java_command: org.gradle.launcher.daemon.bootstrap.GradleDaemon 7.0.2
java_class_path (initial): C:\Users\Jaen\.gradle\wrapper\dists\gradle-7.0.2-bin\857tjihv64xamwrf0h14cai3r\gradle-7.0.2\lib\gradle-launcher-7.0.2.jar
Launcher Type: SUN_STANDARD

[Global flags]
     intx CICompilerCount                          = 2                                         {product} {ergonomic}
     uint ConcGCThreads                            = 1                                         {product} {ergonomic}
     uint G1ConcRefinementThreads                  = 2                                         {product} {ergonomic}
   size_t G1HeapRegionSize                         = 1048576                                   {product} {ergonomic}
    uintx GCDrainStackTargetSize                   = 64                                        {product} {ergonomic}
   size_t InitialHeapSize                          = 239075328                                 {product} {ergonomic}
   size_t MarkStackSize                            = 4194304                                   {product} {ergonomic}
   size_t MaxHeapSize                              = 2147483648                                {product} {command line}
   size_t MaxNewSize                               = 1287651328                                {product} {ergonomic}
   size_t MinHeapDeltaBytes                        = 1048576                                   {product} {ergonomic}
    uintx NonNMethodCodeHeapSize                   = 5825164                                {pd product} {ergonomic}
    uintx NonProfiledCodeHeapSize                  = 122916538                              {pd product} {ergonomic}
    uintx ProfiledCodeHeapSize                     = 122916538                              {pd product} {ergonomic}
    uintx ReservedCodeCacheSize                    = 251658240                              {pd product} {ergonomic}
     bool SegmentedCodeCache                       = true                                      {product} {ergonomic}
     bool UseCompressedClassPointers               = true                                 {lp64_product} {ergonomic}
     bool UseCompressedOops                        = true                                 {lp64_product} {ergonomic}
     bool UseG1GC                                  = true                                      {product} {ergonomic}
     bool UseLargePagesIndividualAllocation        = false                                  {pd product} {ergonomic}

Logging:
Log output configuration:
 #0: stdout all=warning uptime,level,tags
 #1: stderr all=off uptime,level,tags

Environment Variables:
PATH=C:\ProgramData\Oracle\Java\javapath;C:\Program Files\Common Files\Oracle\Java\javapath;C:\Program Files (x86)\Common Files\Oracle\Java\javapath;C:\Windows\system32;C:\Windows;C:\Windows\System32\Wbem;C:\Windows\System32\WindowsPowerShell\v1.0\;C:\Program Files (x86)\NVIDIA Corporation\PhysX\Common;C:\WINDOWS\system32;C:\WINDOWS;C:\WINDOWS\System32\Wbem;C:\WINDOWS\System32\WindowsPowerShell\v1.0\;C:\WINDOWS\System32\OpenSSH\;C:\ffmpeg\bin;E:\ffmpeg-20210804-65fdc0e589-win64-static;C:\Program Files\Git\cmd;E:\Program Files\NVIDIA Corporation\NVIDIA NvDLISR;C:\Users\Jaen\AppData\Local\Programs\Python\Python38-32\Scripts\;C:\Users\Jaen\AppData\Local\Programs\Python\Python38-32\;C:\Users\Jaen\AppData\Local\Microsoft\WindowsApps;
USERNAME=Jaen
OS=Windows_NT
PROCESSOR_IDENTIFIER=Intel64 Family 6 Model 158 Stepping 11, GenuineIntel



---------------  S Y S T E M  ---------------

OS: Windows 10 , 64 bit Build 19041 (10.0.19041.1566)
OS uptime: 8 days 12:12 hours

CPU:total 2 (initial active 2) (4 cores per cpu, 1 threads per core) family 6 model 158 stepping 11 microcode 0xb4, cmov, cx8, fxsr, mmx, sse, sse2, sse3, ssse3, sse4.1, sse4.2, popcnt, avx, avx2, aes, clmul, erms, 3dnowpref, lzcnt, tsc, tscinvbit, bmi1, bmi2, adx, fma

Memory: 4k page, system-wide physical 14540M (2110M free)
TotalPageFile size 14540M (AvailPageFile size 5M)
current process WorkingSet (physical memory assigned to process): 389M, peak: 402M
current process commit charge ("private bytes"): 464M, peak: 475M

vm_info: OpenJDK 64-Bit Server VM (11.0.10+0-b96-7249189) for windows-amd64 JRE (11.0.10+0-b96-7249189), built on Mar 31 2021 21:44:00 by "builder" with MS VC++ 14.0 (VS2015)

END.
